[2022-03-26 01:05:56,613] {scheduler_job.py:182} INFO - Started process (PID=1772) to work on /opt/airflow/dags/JobCuratedVendasMensal_0.1/lib/advancedPersistentLookupLib-1.3.jar
[2022-03-26 01:05:56,742] {scheduler_job.py:629} INFO - Processing file /opt/airflow/dags/JobCuratedVendasMensal_0.1/lib/advancedPersistentLookupLib-1.3.jar for tasks to queue
[2022-03-26 01:05:56,776] {logging_mixin.py:104} INFO - [2022-03-26 01:05:56,776] {dagbag.py:448} INFO - Filling up the DagBag from /opt/airflow/dags/JobCuratedVendasMensal_0.1/lib/advancedPersistentLookupLib-1.3.jar
[2022-03-26 01:05:57,007] {scheduler_job.py:641} WARNING - No viable dags retrieved from /opt/airflow/dags/JobCuratedVendasMensal_0.1/lib/advancedPersistentLookupLib-1.3.jar
[2022-03-26 01:05:57,644] {scheduler_job.py:190} INFO - Processing /opt/airflow/dags/JobCuratedVendasMensal_0.1/lib/advancedPersistentLookupLib-1.3.jar took 1.216 seconds
[2022-03-26 01:06:01,326] {scheduler_job.py:182} INFO - Started process (PID=1894) to work on /opt/airflow/dags/JobCuratedVendasMensal_0.1/lib/advancedPersistentLookupLib-1.3.jar
[2022-03-26 01:06:01,338] {scheduler_job.py:629} INFO - Processing file /opt/airflow/dags/JobCuratedVendasMensal_0.1/lib/advancedPersistentLookupLib-1.3.jar for tasks to queue
[2022-03-26 01:06:01,342] {logging_mixin.py:104} INFO - [2022-03-26 01:06:01,342] {dagbag.py:448} INFO - Filling up the DagBag from /opt/airflow/dags/JobCuratedVendasMensal_0.1/lib/advancedPersistentLookupLib-1.3.jar
[2022-03-26 01:06:01,441] {scheduler_job.py:641} WARNING - No viable dags retrieved from /opt/airflow/dags/JobCuratedVendasMensal_0.1/lib/advancedPersistentLookupLib-1.3.jar
[2022-03-26 01:06:01,618] {scheduler_job.py:190} INFO - Processing /opt/airflow/dags/JobCuratedVendasMensal_0.1/lib/advancedPersistentLookupLib-1.3.jar took 0.429 seconds
[2022-03-26 01:06:57,901] {scheduler_job.py:182} INFO - Started process (PID=1985) to work on /opt/airflow/dags/JobCuratedVendasMensal_0.1/lib/advancedPersistentLookupLib-1.3.jar
[2022-03-26 01:06:57,918] {scheduler_job.py:629} INFO - Processing file /opt/airflow/dags/JobCuratedVendasMensal_0.1/lib/advancedPersistentLookupLib-1.3.jar for tasks to queue
[2022-03-26 01:06:57,933] {logging_mixin.py:104} INFO - [2022-03-26 01:06:57,929] {dagbag.py:448} INFO - Filling up the DagBag from /opt/airflow/dags/JobCuratedVendasMensal_0.1/lib/advancedPersistentLookupLib-1.3.jar
[2022-03-26 01:06:57,999] {scheduler_job.py:641} WARNING - No viable dags retrieved from /opt/airflow/dags/JobCuratedVendasMensal_0.1/lib/advancedPersistentLookupLib-1.3.jar
[2022-03-26 01:06:58,058] {scheduler_job.py:190} INFO - Processing /opt/airflow/dags/JobCuratedVendasMensal_0.1/lib/advancedPersistentLookupLib-1.3.jar took 0.200 seconds
[2022-03-26 01:07:33,193] {scheduler_job.py:182} INFO - Started process (PID=1943) to work on /opt/airflow/dags/JobCuratedVendasMensal_0.1/lib/advancedPersistentLookupLib-1.3.jar
[2022-03-26 01:07:33,225] {scheduler_job.py:629} INFO - Processing file /opt/airflow/dags/JobCuratedVendasMensal_0.1/lib/advancedPersistentLookupLib-1.3.jar for tasks to queue
[2022-03-26 01:07:33,242] {logging_mixin.py:104} INFO - [2022-03-26 01:07:33,241] {dagbag.py:448} INFO - Filling up the DagBag from /opt/airflow/dags/JobCuratedVendasMensal_0.1/lib/advancedPersistentLookupLib-1.3.jar
[2022-03-26 01:07:33,332] {scheduler_job.py:641} WARNING - No viable dags retrieved from /opt/airflow/dags/JobCuratedVendasMensal_0.1/lib/advancedPersistentLookupLib-1.3.jar
[2022-03-26 01:07:33,654] {scheduler_job.py:190} INFO - Processing /opt/airflow/dags/JobCuratedVendasMensal_0.1/lib/advancedPersistentLookupLib-1.3.jar took 0.499 seconds
[2022-03-26 01:07:38,071] {scheduler_job.py:182} INFO - Started process (PID=2068) to work on /opt/airflow/dags/JobCuratedVendasMensal_0.1/lib/advancedPersistentLookupLib-1.3.jar
[2022-03-26 01:07:38,127] {scheduler_job.py:629} INFO - Processing file /opt/airflow/dags/JobCuratedVendasMensal_0.1/lib/advancedPersistentLookupLib-1.3.jar for tasks to queue
[2022-03-26 01:07:38,136] {logging_mixin.py:104} INFO - [2022-03-26 01:07:38,136] {dagbag.py:448} INFO - Filling up the DagBag from /opt/airflow/dags/JobCuratedVendasMensal_0.1/lib/advancedPersistentLookupLib-1.3.jar
[2022-03-26 01:07:38,182] {scheduler_job.py:641} WARNING - No viable dags retrieved from /opt/airflow/dags/JobCuratedVendasMensal_0.1/lib/advancedPersistentLookupLib-1.3.jar
[2022-03-26 01:07:38,415] {scheduler_job.py:190} INFO - Processing /opt/airflow/dags/JobCuratedVendasMensal_0.1/lib/advancedPersistentLookupLib-1.3.jar took 0.508 seconds
[2022-03-26 01:08:29,566] {scheduler_job.py:182} INFO - Started process (PID=2160) to work on /opt/airflow/dags/JobCuratedVendasMensal_0.1/lib/advancedPersistentLookupLib-1.3.jar
[2022-03-26 01:08:29,649] {scheduler_job.py:629} INFO - Processing file /opt/airflow/dags/JobCuratedVendasMensal_0.1/lib/advancedPersistentLookupLib-1.3.jar for tasks to queue
[2022-03-26 01:08:29,710] {logging_mixin.py:104} INFO - [2022-03-26 01:08:29,709] {dagbag.py:448} INFO - Filling up the DagBag from /opt/airflow/dags/JobCuratedVendasMensal_0.1/lib/advancedPersistentLookupLib-1.3.jar
[2022-03-26 01:08:29,817] {scheduler_job.py:641} WARNING - No viable dags retrieved from /opt/airflow/dags/JobCuratedVendasMensal_0.1/lib/advancedPersistentLookupLib-1.3.jar
[2022-03-26 01:08:30,040] {scheduler_job.py:190} INFO - Processing /opt/airflow/dags/JobCuratedVendasMensal_0.1/lib/advancedPersistentLookupLib-1.3.jar took 0.585 seconds
[2022-03-26 01:08:54,982] {scheduler_job.py:182} INFO - Started process (PID=2099) to work on /opt/airflow/dags/JobCuratedVendasMensal_0.1/lib/advancedPersistentLookupLib-1.3.jar
[2022-03-26 01:08:55,001] {scheduler_job.py:629} INFO - Processing file /opt/airflow/dags/JobCuratedVendasMensal_0.1/lib/advancedPersistentLookupLib-1.3.jar for tasks to queue
[2022-03-26 01:08:55,020] {logging_mixin.py:104} INFO - [2022-03-26 01:08:55,019] {dagbag.py:448} INFO - Filling up the DagBag from /opt/airflow/dags/JobCuratedVendasMensal_0.1/lib/advancedPersistentLookupLib-1.3.jar
[2022-03-26 01:08:55,143] {scheduler_job.py:641} WARNING - No viable dags retrieved from /opt/airflow/dags/JobCuratedVendasMensal_0.1/lib/advancedPersistentLookupLib-1.3.jar
[2022-03-26 01:08:55,413] {scheduler_job.py:190} INFO - Processing /opt/airflow/dags/JobCuratedVendasMensal_0.1/lib/advancedPersistentLookupLib-1.3.jar took 0.502 seconds
[2022-03-26 01:09:07,233] {scheduler_job.py:182} INFO - Started process (PID=2232) to work on /opt/airflow/dags/JobCuratedVendasMensal_0.1/lib/advancedPersistentLookupLib-1.3.jar
[2022-03-26 01:09:07,249] {scheduler_job.py:629} INFO - Processing file /opt/airflow/dags/JobCuratedVendasMensal_0.1/lib/advancedPersistentLookupLib-1.3.jar for tasks to queue
[2022-03-26 01:09:07,267] {logging_mixin.py:104} INFO - [2022-03-26 01:09:07,259] {dagbag.py:448} INFO - Filling up the DagBag from /opt/airflow/dags/JobCuratedVendasMensal_0.1/lib/advancedPersistentLookupLib-1.3.jar
[2022-03-26 01:09:07,306] {scheduler_job.py:641} WARNING - No viable dags retrieved from /opt/airflow/dags/JobCuratedVendasMensal_0.1/lib/advancedPersistentLookupLib-1.3.jar
[2022-03-26 01:09:07,431] {scheduler_job.py:190} INFO - Processing /opt/airflow/dags/JobCuratedVendasMensal_0.1/lib/advancedPersistentLookupLib-1.3.jar took 0.247 seconds
[2022-03-26 01:09:59,076] {scheduler_job.py:182} INFO - Started process (PID=2317) to work on /opt/airflow/dags/JobCuratedVendasMensal_0.1/lib/advancedPersistentLookupLib-1.3.jar
[2022-03-26 01:09:59,093] {scheduler_job.py:629} INFO - Processing file /opt/airflow/dags/JobCuratedVendasMensal_0.1/lib/advancedPersistentLookupLib-1.3.jar for tasks to queue
[2022-03-26 01:09:59,109] {logging_mixin.py:104} INFO - [2022-03-26 01:09:59,108] {dagbag.py:448} INFO - Filling up the DagBag from /opt/airflow/dags/JobCuratedVendasMensal_0.1/lib/advancedPersistentLookupLib-1.3.jar
[2022-03-26 01:09:59,179] {scheduler_job.py:641} WARNING - No viable dags retrieved from /opt/airflow/dags/JobCuratedVendasMensal_0.1/lib/advancedPersistentLookupLib-1.3.jar
[2022-03-26 01:09:59,332] {scheduler_job.py:190} INFO - Processing /opt/airflow/dags/JobCuratedVendasMensal_0.1/lib/advancedPersistentLookupLib-1.3.jar took 0.302 seconds
[2022-03-26 01:10:14,045] {scheduler_job.py:182} INFO - Started process (PID=2245) to work on /opt/airflow/dags/JobCuratedVendasMensal_0.1/lib/advancedPersistentLookupLib-1.3.jar
[2022-03-26 01:10:14,056] {scheduler_job.py:629} INFO - Processing file /opt/airflow/dags/JobCuratedVendasMensal_0.1/lib/advancedPersistentLookupLib-1.3.jar for tasks to queue
[2022-03-26 01:10:14,082] {logging_mixin.py:104} INFO - [2022-03-26 01:10:14,081] {dagbag.py:448} INFO - Filling up the DagBag from /opt/airflow/dags/JobCuratedVendasMensal_0.1/lib/advancedPersistentLookupLib-1.3.jar
[2022-03-26 01:10:14,131] {scheduler_job.py:641} WARNING - No viable dags retrieved from /opt/airflow/dags/JobCuratedVendasMensal_0.1/lib/advancedPersistentLookupLib-1.3.jar
[2022-03-26 01:10:14,486] {scheduler_job.py:190} INFO - Processing /opt/airflow/dags/JobCuratedVendasMensal_0.1/lib/advancedPersistentLookupLib-1.3.jar took 0.485 seconds
[2022-03-26 01:10:52,809] {scheduler_job.py:182} INFO - Started process (PID=2395) to work on /opt/airflow/dags/JobCuratedVendasMensal_0.1/lib/advancedPersistentLookupLib-1.3.jar
[2022-03-26 01:10:52,869] {scheduler_job.py:629} INFO - Processing file /opt/airflow/dags/JobCuratedVendasMensal_0.1/lib/advancedPersistentLookupLib-1.3.jar for tasks to queue
[2022-03-26 01:10:52,900] {logging_mixin.py:104} INFO - [2022-03-26 01:10:52,899] {dagbag.py:448} INFO - Filling up the DagBag from /opt/airflow/dags/JobCuratedVendasMensal_0.1/lib/advancedPersistentLookupLib-1.3.jar
[2022-03-26 01:10:53,008] {scheduler_job.py:641} WARNING - No viable dags retrieved from /opt/airflow/dags/JobCuratedVendasMensal_0.1/lib/advancedPersistentLookupLib-1.3.jar
[2022-03-26 01:10:53,340] {scheduler_job.py:190} INFO - Processing /opt/airflow/dags/JobCuratedVendasMensal_0.1/lib/advancedPersistentLookupLib-1.3.jar took 0.602 seconds
[2022-03-26 01:11:38,249] {scheduler_job.py:182} INFO - Started process (PID=2483) to work on /opt/airflow/dags/JobCuratedVendasMensal_0.1/lib/advancedPersistentLookupLib-1.3.jar
[2022-03-26 01:11:38,265] {scheduler_job.py:629} INFO - Processing file /opt/airflow/dags/JobCuratedVendasMensal_0.1/lib/advancedPersistentLookupLib-1.3.jar for tasks to queue
[2022-03-26 01:11:38,274] {logging_mixin.py:104} INFO - [2022-03-26 01:11:38,274] {dagbag.py:448} INFO - Filling up the DagBag from /opt/airflow/dags/JobCuratedVendasMensal_0.1/lib/advancedPersistentLookupLib-1.3.jar
[2022-03-26 01:11:38,329] {scheduler_job.py:641} WARNING - No viable dags retrieved from /opt/airflow/dags/JobCuratedVendasMensal_0.1/lib/advancedPersistentLookupLib-1.3.jar
[2022-03-26 01:11:38,556] {scheduler_job.py:190} INFO - Processing /opt/airflow/dags/JobCuratedVendasMensal_0.1/lib/advancedPersistentLookupLib-1.3.jar took 0.409 seconds
[2022-03-26 01:11:58,610] {scheduler_job.py:182} INFO - Started process (PID=2419) to work on /opt/airflow/dags/JobCuratedVendasMensal_0.1/lib/advancedPersistentLookupLib-1.3.jar
[2022-03-26 01:11:58,716] {scheduler_job.py:629} INFO - Processing file /opt/airflow/dags/JobCuratedVendasMensal_0.1/lib/advancedPersistentLookupLib-1.3.jar for tasks to queue
[2022-03-26 01:11:58,769] {logging_mixin.py:104} INFO - [2022-03-26 01:11:58,768] {dagbag.py:448} INFO - Filling up the DagBag from /opt/airflow/dags/JobCuratedVendasMensal_0.1/lib/advancedPersistentLookupLib-1.3.jar
[2022-03-26 01:11:59,035] {scheduler_job.py:641} WARNING - No viable dags retrieved from /opt/airflow/dags/JobCuratedVendasMensal_0.1/lib/advancedPersistentLookupLib-1.3.jar
[2022-03-26 01:11:59,693] {scheduler_job.py:190} INFO - Processing /opt/airflow/dags/JobCuratedVendasMensal_0.1/lib/advancedPersistentLookupLib-1.3.jar took 1.233 seconds
[2022-03-26 01:12:17,133] {scheduler_job.py:182} INFO - Started process (PID=2555) to work on /opt/airflow/dags/JobCuratedVendasMensal_0.1/lib/advancedPersistentLookupLib-1.3.jar
[2022-03-26 01:12:17,172] {scheduler_job.py:629} INFO - Processing file /opt/airflow/dags/JobCuratedVendasMensal_0.1/lib/advancedPersistentLookupLib-1.3.jar for tasks to queue
[2022-03-26 01:12:17,186] {logging_mixin.py:104} INFO - [2022-03-26 01:12:17,185] {dagbag.py:448} INFO - Filling up the DagBag from /opt/airflow/dags/JobCuratedVendasMensal_0.1/lib/advancedPersistentLookupLib-1.3.jar
[2022-03-26 01:12:17,252] {scheduler_job.py:641} WARNING - No viable dags retrieved from /opt/airflow/dags/JobCuratedVendasMensal_0.1/lib/advancedPersistentLookupLib-1.3.jar
[2022-03-26 01:12:17,417] {scheduler_job.py:190} INFO - Processing /opt/airflow/dags/JobCuratedVendasMensal_0.1/lib/advancedPersistentLookupLib-1.3.jar took 0.348 seconds
[2022-03-26 01:13:08,714] {scheduler_job.py:182} INFO - Started process (PID=2657) to work on /opt/airflow/dags/JobCuratedVendasMensal_0.1/lib/advancedPersistentLookupLib-1.3.jar
[2022-03-26 01:13:08,736] {scheduler_job.py:629} INFO - Processing file /opt/airflow/dags/JobCuratedVendasMensal_0.1/lib/advancedPersistentLookupLib-1.3.jar for tasks to queue
[2022-03-26 01:13:08,757] {logging_mixin.py:104} INFO - [2022-03-26 01:13:08,756] {dagbag.py:448} INFO - Filling up the DagBag from /opt/airflow/dags/JobCuratedVendasMensal_0.1/lib/advancedPersistentLookupLib-1.3.jar
[2022-03-26 01:13:08,833] {scheduler_job.py:641} WARNING - No viable dags retrieved from /opt/airflow/dags/JobCuratedVendasMensal_0.1/lib/advancedPersistentLookupLib-1.3.jar
[2022-03-26 01:13:09,374] {scheduler_job.py:190} INFO - Processing /opt/airflow/dags/JobCuratedVendasMensal_0.1/lib/advancedPersistentLookupLib-1.3.jar took 0.712 seconds
[2022-03-26 01:13:15,557] {scheduler_job.py:182} INFO - Started process (PID=2569) to work on /opt/airflow/dags/JobCuratedVendasMensal_0.1/lib/advancedPersistentLookupLib-1.3.jar
[2022-03-26 01:13:15,579] {scheduler_job.py:629} INFO - Processing file /opt/airflow/dags/JobCuratedVendasMensal_0.1/lib/advancedPersistentLookupLib-1.3.jar for tasks to queue
[2022-03-26 01:13:15,623] {logging_mixin.py:104} INFO - [2022-03-26 01:13:15,622] {dagbag.py:448} INFO - Filling up the DagBag from /opt/airflow/dags/JobCuratedVendasMensal_0.1/lib/advancedPersistentLookupLib-1.3.jar
[2022-03-26 01:13:15,774] {scheduler_job.py:641} WARNING - No viable dags retrieved from /opt/airflow/dags/JobCuratedVendasMensal_0.1/lib/advancedPersistentLookupLib-1.3.jar
[2022-03-26 01:13:15,942] {scheduler_job.py:190} INFO - Processing /opt/airflow/dags/JobCuratedVendasMensal_0.1/lib/advancedPersistentLookupLib-1.3.jar took 0.478 seconds
[2022-03-26 01:14:08,980] {scheduler_job.py:182} INFO - Started process (PID=2755) to work on /opt/airflow/dags/JobCuratedVendasMensal_0.1/lib/advancedPersistentLookupLib-1.3.jar
[2022-03-26 01:14:09,006] {scheduler_job.py:629} INFO - Processing file /opt/airflow/dags/JobCuratedVendasMensal_0.1/lib/advancedPersistentLookupLib-1.3.jar for tasks to queue
[2022-03-26 01:14:09,030] {logging_mixin.py:104} INFO - [2022-03-26 01:14:09,029] {dagbag.py:448} INFO - Filling up the DagBag from /opt/airflow/dags/JobCuratedVendasMensal_0.1/lib/advancedPersistentLookupLib-1.3.jar
[2022-03-26 01:14:09,136] {scheduler_job.py:641} WARNING - No viable dags retrieved from /opt/airflow/dags/JobCuratedVendasMensal_0.1/lib/advancedPersistentLookupLib-1.3.jar
[2022-03-26 01:14:09,428] {scheduler_job.py:190} INFO - Processing /opt/airflow/dags/JobCuratedVendasMensal_0.1/lib/advancedPersistentLookupLib-1.3.jar took 0.554 seconds
[2022-03-26 01:14:56,705] {scheduler_job.py:182} INFO - Started process (PID=2847) to work on /opt/airflow/dags/JobCuratedVendasMensal_0.1/lib/advancedPersistentLookupLib-1.3.jar
[2022-03-26 01:14:56,727] {scheduler_job.py:629} INFO - Processing file /opt/airflow/dags/JobCuratedVendasMensal_0.1/lib/advancedPersistentLookupLib-1.3.jar for tasks to queue
[2022-03-26 01:14:56,738] {logging_mixin.py:104} INFO - [2022-03-26 01:14:56,738] {dagbag.py:448} INFO - Filling up the DagBag from /opt/airflow/dags/JobCuratedVendasMensal_0.1/lib/advancedPersistentLookupLib-1.3.jar
[2022-03-26 01:14:56,809] {scheduler_job.py:641} WARNING - No viable dags retrieved from /opt/airflow/dags/JobCuratedVendasMensal_0.1/lib/advancedPersistentLookupLib-1.3.jar
[2022-03-26 01:14:56,950] {scheduler_job.py:190} INFO - Processing /opt/airflow/dags/JobCuratedVendasMensal_0.1/lib/advancedPersistentLookupLib-1.3.jar took 0.312 seconds
[2022-03-26 01:14:59,073] {scheduler_job.py:182} INFO - Started process (PID=2772) to work on /opt/airflow/dags/JobCuratedVendasMensal_0.1/lib/advancedPersistentLookupLib-1.3.jar
[2022-03-26 01:14:59,088] {scheduler_job.py:629} INFO - Processing file /opt/airflow/dags/JobCuratedVendasMensal_0.1/lib/advancedPersistentLookupLib-1.3.jar for tasks to queue
[2022-03-26 01:14:59,118] {logging_mixin.py:104} INFO - [2022-03-26 01:14:59,100] {dagbag.py:448} INFO - Filling up the DagBag from /opt/airflow/dags/JobCuratedVendasMensal_0.1/lib/advancedPersistentLookupLib-1.3.jar
[2022-03-26 01:14:59,249] {scheduler_job.py:641} WARNING - No viable dags retrieved from /opt/airflow/dags/JobCuratedVendasMensal_0.1/lib/advancedPersistentLookupLib-1.3.jar
[2022-03-26 01:14:59,596] {scheduler_job.py:190} INFO - Processing /opt/airflow/dags/JobCuratedVendasMensal_0.1/lib/advancedPersistentLookupLib-1.3.jar took 0.699 seconds
