[2022-03-26 01:05:38,989] {scheduler_job.py:182} INFO - Started process (PID=1729) to work on /opt/airflow/dags/JobCuratedVendasMensal_0.1/lib/log4j-1.2-api-2.13.2.jar
[2022-03-26 01:05:39,019] {scheduler_job.py:629} INFO - Processing file /opt/airflow/dags/JobCuratedVendasMensal_0.1/lib/log4j-1.2-api-2.13.2.jar for tasks to queue
[2022-03-26 01:05:39,045] {logging_mixin.py:104} INFO - [2022-03-26 01:05:39,045] {dagbag.py:448} INFO - Filling up the DagBag from /opt/airflow/dags/JobCuratedVendasMensal_0.1/lib/log4j-1.2-api-2.13.2.jar
[2022-03-26 01:05:39,098] {scheduler_job.py:641} WARNING - No viable dags retrieved from /opt/airflow/dags/JobCuratedVendasMensal_0.1/lib/log4j-1.2-api-2.13.2.jar
[2022-03-26 01:05:39,285] {scheduler_job.py:190} INFO - Processing /opt/airflow/dags/JobCuratedVendasMensal_0.1/lib/log4j-1.2-api-2.13.2.jar took 0.323 seconds
[2022-03-26 01:06:01,911] {scheduler_job.py:182} INFO - Started process (PID=1896) to work on /opt/airflow/dags/JobCuratedVendasMensal_0.1/lib/log4j-1.2-api-2.13.2.jar
[2022-03-26 01:06:01,951] {scheduler_job.py:629} INFO - Processing file /opt/airflow/dags/JobCuratedVendasMensal_0.1/lib/log4j-1.2-api-2.13.2.jar for tasks to queue
[2022-03-26 01:06:01,977] {logging_mixin.py:104} INFO - [2022-03-26 01:06:01,974] {dagbag.py:448} INFO - Filling up the DagBag from /opt/airflow/dags/JobCuratedVendasMensal_0.1/lib/log4j-1.2-api-2.13.2.jar
[2022-03-26 01:06:02,097] {scheduler_job.py:641} WARNING - No viable dags retrieved from /opt/airflow/dags/JobCuratedVendasMensal_0.1/lib/log4j-1.2-api-2.13.2.jar
[2022-03-26 01:06:02,363] {scheduler_job.py:190} INFO - Processing /opt/airflow/dags/JobCuratedVendasMensal_0.1/lib/log4j-1.2-api-2.13.2.jar took 0.486 seconds
[2022-03-26 01:06:58,285] {scheduler_job.py:182} INFO - Started process (PID=1987) to work on /opt/airflow/dags/JobCuratedVendasMensal_0.1/lib/log4j-1.2-api-2.13.2.jar
[2022-03-26 01:06:58,291] {scheduler_job.py:629} INFO - Processing file /opt/airflow/dags/JobCuratedVendasMensal_0.1/lib/log4j-1.2-api-2.13.2.jar for tasks to queue
[2022-03-26 01:06:58,295] {logging_mixin.py:104} INFO - [2022-03-26 01:06:58,295] {dagbag.py:448} INFO - Filling up the DagBag from /opt/airflow/dags/JobCuratedVendasMensal_0.1/lib/log4j-1.2-api-2.13.2.jar
[2022-03-26 01:06:58,401] {scheduler_job.py:641} WARNING - No viable dags retrieved from /opt/airflow/dags/JobCuratedVendasMensal_0.1/lib/log4j-1.2-api-2.13.2.jar
[2022-03-26 01:06:58,594] {scheduler_job.py:190} INFO - Processing /opt/airflow/dags/JobCuratedVendasMensal_0.1/lib/log4j-1.2-api-2.13.2.jar took 0.330 seconds
[2022-03-26 01:07:02,165] {scheduler_job.py:182} INFO - Started process (PID=1881) to work on /opt/airflow/dags/JobCuratedVendasMensal_0.1/lib/log4j-1.2-api-2.13.2.jar
[2022-03-26 01:07:02,222] {scheduler_job.py:629} INFO - Processing file /opt/airflow/dags/JobCuratedVendasMensal_0.1/lib/log4j-1.2-api-2.13.2.jar for tasks to queue
[2022-03-26 01:07:02,238] {logging_mixin.py:104} INFO - [2022-03-26 01:07:02,237] {dagbag.py:448} INFO - Filling up the DagBag from /opt/airflow/dags/JobCuratedVendasMensal_0.1/lib/log4j-1.2-api-2.13.2.jar
[2022-03-26 01:07:02,396] {scheduler_job.py:641} WARNING - No viable dags retrieved from /opt/airflow/dags/JobCuratedVendasMensal_0.1/lib/log4j-1.2-api-2.13.2.jar
[2022-03-26 01:07:03,108] {scheduler_job.py:190} INFO - Processing /opt/airflow/dags/JobCuratedVendasMensal_0.1/lib/log4j-1.2-api-2.13.2.jar took 0.959 seconds
[2022-03-26 01:07:38,687] {scheduler_job.py:182} INFO - Started process (PID=2070) to work on /opt/airflow/dags/JobCuratedVendasMensal_0.1/lib/log4j-1.2-api-2.13.2.jar
[2022-03-26 01:07:38,706] {scheduler_job.py:629} INFO - Processing file /opt/airflow/dags/JobCuratedVendasMensal_0.1/lib/log4j-1.2-api-2.13.2.jar for tasks to queue
[2022-03-26 01:07:38,722] {logging_mixin.py:104} INFO - [2022-03-26 01:07:38,719] {dagbag.py:448} INFO - Filling up the DagBag from /opt/airflow/dags/JobCuratedVendasMensal_0.1/lib/log4j-1.2-api-2.13.2.jar
[2022-03-26 01:07:38,807] {scheduler_job.py:641} WARNING - No viable dags retrieved from /opt/airflow/dags/JobCuratedVendasMensal_0.1/lib/log4j-1.2-api-2.13.2.jar
[2022-03-26 01:07:39,114] {scheduler_job.py:190} INFO - Processing /opt/airflow/dags/JobCuratedVendasMensal_0.1/lib/log4j-1.2-api-2.13.2.jar took 0.467 seconds
[2022-03-26 01:08:27,172] {scheduler_job.py:182} INFO - Started process (PID=2038) to work on /opt/airflow/dags/JobCuratedVendasMensal_0.1/lib/log4j-1.2-api-2.13.2.jar
[2022-03-26 01:08:27,207] {scheduler_job.py:629} INFO - Processing file /opt/airflow/dags/JobCuratedVendasMensal_0.1/lib/log4j-1.2-api-2.13.2.jar for tasks to queue
[2022-03-26 01:08:27,228] {logging_mixin.py:104} INFO - [2022-03-26 01:08:27,227] {dagbag.py:448} INFO - Filling up the DagBag from /opt/airflow/dags/JobCuratedVendasMensal_0.1/lib/log4j-1.2-api-2.13.2.jar
[2022-03-26 01:08:27,363] {scheduler_job.py:641} WARNING - No viable dags retrieved from /opt/airflow/dags/JobCuratedVendasMensal_0.1/lib/log4j-1.2-api-2.13.2.jar
[2022-03-26 01:08:27,670] {scheduler_job.py:190} INFO - Processing /opt/airflow/dags/JobCuratedVendasMensal_0.1/lib/log4j-1.2-api-2.13.2.jar took 0.590 seconds
[2022-03-26 01:08:30,485] {scheduler_job.py:182} INFO - Started process (PID=2162) to work on /opt/airflow/dags/JobCuratedVendasMensal_0.1/lib/log4j-1.2-api-2.13.2.jar
[2022-03-26 01:08:30,518] {scheduler_job.py:629} INFO - Processing file /opt/airflow/dags/JobCuratedVendasMensal_0.1/lib/log4j-1.2-api-2.13.2.jar for tasks to queue
[2022-03-26 01:08:30,535] {logging_mixin.py:104} INFO - [2022-03-26 01:08:30,529] {dagbag.py:448} INFO - Filling up the DagBag from /opt/airflow/dags/JobCuratedVendasMensal_0.1/lib/log4j-1.2-api-2.13.2.jar
[2022-03-26 01:08:30,639] {scheduler_job.py:641} WARNING - No viable dags retrieved from /opt/airflow/dags/JobCuratedVendasMensal_0.1/lib/log4j-1.2-api-2.13.2.jar
[2022-03-26 01:08:30,896] {scheduler_job.py:190} INFO - Processing /opt/airflow/dags/JobCuratedVendasMensal_0.1/lib/log4j-1.2-api-2.13.2.jar took 0.481 seconds
[2022-03-26 01:09:24,069] {scheduler_job.py:182} INFO - Started process (PID=2268) to work on /opt/airflow/dags/JobCuratedVendasMensal_0.1/lib/log4j-1.2-api-2.13.2.jar
[2022-03-26 01:09:24,086] {scheduler_job.py:629} INFO - Processing file /opt/airflow/dags/JobCuratedVendasMensal_0.1/lib/log4j-1.2-api-2.13.2.jar for tasks to queue
[2022-03-26 01:09:24,091] {logging_mixin.py:104} INFO - [2022-03-26 01:09:24,091] {dagbag.py:448} INFO - Filling up the DagBag from /opt/airflow/dags/JobCuratedVendasMensal_0.1/lib/log4j-1.2-api-2.13.2.jar
[2022-03-26 01:09:24,166] {scheduler_job.py:641} WARNING - No viable dags retrieved from /opt/airflow/dags/JobCuratedVendasMensal_0.1/lib/log4j-1.2-api-2.13.2.jar
[2022-03-26 01:09:24,310] {scheduler_job.py:190} INFO - Processing /opt/airflow/dags/JobCuratedVendasMensal_0.1/lib/log4j-1.2-api-2.13.2.jar took 0.277 seconds
[2022-03-26 01:09:42,220] {scheduler_job.py:182} INFO - Started process (PID=2189) to work on /opt/airflow/dags/JobCuratedVendasMensal_0.1/lib/log4j-1.2-api-2.13.2.jar
[2022-03-26 01:09:42,255] {scheduler_job.py:629} INFO - Processing file /opt/airflow/dags/JobCuratedVendasMensal_0.1/lib/log4j-1.2-api-2.13.2.jar for tasks to queue
[2022-03-26 01:09:42,302] {logging_mixin.py:104} INFO - [2022-03-26 01:09:42,302] {dagbag.py:448} INFO - Filling up the DagBag from /opt/airflow/dags/JobCuratedVendasMensal_0.1/lib/log4j-1.2-api-2.13.2.jar
[2022-03-26 01:09:42,823] {scheduler_job.py:641} WARNING - No viable dags retrieved from /opt/airflow/dags/JobCuratedVendasMensal_0.1/lib/log4j-1.2-api-2.13.2.jar
[2022-03-26 01:09:43,260] {scheduler_job.py:190} INFO - Processing /opt/airflow/dags/JobCuratedVendasMensal_0.1/lib/log4j-1.2-api-2.13.2.jar took 1.135 seconds
[2022-03-26 01:10:10,751] {scheduler_job.py:182} INFO - Started process (PID=2343) to work on /opt/airflow/dags/JobCuratedVendasMensal_0.1/lib/log4j-1.2-api-2.13.2.jar
[2022-03-26 01:10:10,792] {scheduler_job.py:629} INFO - Processing file /opt/airflow/dags/JobCuratedVendasMensal_0.1/lib/log4j-1.2-api-2.13.2.jar for tasks to queue
[2022-03-26 01:10:10,807] {logging_mixin.py:104} INFO - [2022-03-26 01:10:10,806] {dagbag.py:448} INFO - Filling up the DagBag from /opt/airflow/dags/JobCuratedVendasMensal_0.1/lib/log4j-1.2-api-2.13.2.jar
[2022-03-26 01:10:10,946] {scheduler_job.py:641} WARNING - No viable dags retrieved from /opt/airflow/dags/JobCuratedVendasMensal_0.1/lib/log4j-1.2-api-2.13.2.jar
[2022-03-26 01:10:11,065] {scheduler_job.py:190} INFO - Processing /opt/airflow/dags/JobCuratedVendasMensal_0.1/lib/log4j-1.2-api-2.13.2.jar took 0.360 seconds
[2022-03-26 01:11:10,067] {scheduler_job.py:182} INFO - Started process (PID=2430) to work on /opt/airflow/dags/JobCuratedVendasMensal_0.1/lib/log4j-1.2-api-2.13.2.jar
[2022-03-26 01:11:10,100] {scheduler_job.py:629} INFO - Processing file /opt/airflow/dags/JobCuratedVendasMensal_0.1/lib/log4j-1.2-api-2.13.2.jar for tasks to queue
[2022-03-26 01:11:10,111] {logging_mixin.py:104} INFO - [2022-03-26 01:11:10,109] {dagbag.py:448} INFO - Filling up the DagBag from /opt/airflow/dags/JobCuratedVendasMensal_0.1/lib/log4j-1.2-api-2.13.2.jar
[2022-03-26 01:11:10,229] {scheduler_job.py:641} WARNING - No viable dags retrieved from /opt/airflow/dags/JobCuratedVendasMensal_0.1/lib/log4j-1.2-api-2.13.2.jar
[2022-03-26 01:11:10,422] {scheduler_job.py:190} INFO - Processing /opt/airflow/dags/JobCuratedVendasMensal_0.1/lib/log4j-1.2-api-2.13.2.jar took 0.429 seconds
[2022-03-26 01:11:26,877] {scheduler_job.py:182} INFO - Started process (PID=2359) to work on /opt/airflow/dags/JobCuratedVendasMensal_0.1/lib/log4j-1.2-api-2.13.2.jar
[2022-03-26 01:11:26,924] {scheduler_job.py:629} INFO - Processing file /opt/airflow/dags/JobCuratedVendasMensal_0.1/lib/log4j-1.2-api-2.13.2.jar for tasks to queue
[2022-03-26 01:11:26,931] {logging_mixin.py:104} INFO - [2022-03-26 01:11:26,931] {dagbag.py:448} INFO - Filling up the DagBag from /opt/airflow/dags/JobCuratedVendasMensal_0.1/lib/log4j-1.2-api-2.13.2.jar
[2022-03-26 01:11:27,064] {scheduler_job.py:641} WARNING - No viable dags retrieved from /opt/airflow/dags/JobCuratedVendasMensal_0.1/lib/log4j-1.2-api-2.13.2.jar
[2022-03-26 01:11:27,398] {scheduler_job.py:190} INFO - Processing /opt/airflow/dags/JobCuratedVendasMensal_0.1/lib/log4j-1.2-api-2.13.2.jar took 0.616 seconds
[2022-03-26 01:11:57,383] {scheduler_job.py:182} INFO - Started process (PID=2512) to work on /opt/airflow/dags/JobCuratedVendasMensal_0.1/lib/log4j-1.2-api-2.13.2.jar
[2022-03-26 01:11:57,409] {scheduler_job.py:629} INFO - Processing file /opt/airflow/dags/JobCuratedVendasMensal_0.1/lib/log4j-1.2-api-2.13.2.jar for tasks to queue
[2022-03-26 01:11:57,430] {logging_mixin.py:104} INFO - [2022-03-26 01:11:57,429] {dagbag.py:448} INFO - Filling up the DagBag from /opt/airflow/dags/JobCuratedVendasMensal_0.1/lib/log4j-1.2-api-2.13.2.jar
[2022-03-26 01:11:57,540] {scheduler_job.py:641} WARNING - No viable dags retrieved from /opt/airflow/dags/JobCuratedVendasMensal_0.1/lib/log4j-1.2-api-2.13.2.jar
[2022-03-26 01:11:57,729] {scheduler_job.py:190} INFO - Processing /opt/airflow/dags/JobCuratedVendasMensal_0.1/lib/log4j-1.2-api-2.13.2.jar took 0.368 seconds
[2022-03-26 01:12:34,441] {scheduler_job.py:182} INFO - Started process (PID=2590) to work on /opt/airflow/dags/JobCuratedVendasMensal_0.1/lib/log4j-1.2-api-2.13.2.jar
[2022-03-26 01:12:34,453] {scheduler_job.py:629} INFO - Processing file /opt/airflow/dags/JobCuratedVendasMensal_0.1/lib/log4j-1.2-api-2.13.2.jar for tasks to queue
[2022-03-26 01:12:34,459] {logging_mixin.py:104} INFO - [2022-03-26 01:12:34,458] {dagbag.py:448} INFO - Filling up the DagBag from /opt/airflow/dags/JobCuratedVendasMensal_0.1/lib/log4j-1.2-api-2.13.2.jar
[2022-03-26 01:12:34,511] {scheduler_job.py:641} WARNING - No viable dags retrieved from /opt/airflow/dags/JobCuratedVendasMensal_0.1/lib/log4j-1.2-api-2.13.2.jar
[2022-03-26 01:12:34,581] {scheduler_job.py:190} INFO - Processing /opt/airflow/dags/JobCuratedVendasMensal_0.1/lib/log4j-1.2-api-2.13.2.jar took 0.156 seconds
[2022-03-26 01:12:47,109] {scheduler_job.py:182} INFO - Started process (PID=2518) to work on /opt/airflow/dags/JobCuratedVendasMensal_0.1/lib/log4j-1.2-api-2.13.2.jar
[2022-03-26 01:12:47,125] {scheduler_job.py:629} INFO - Processing file /opt/airflow/dags/JobCuratedVendasMensal_0.1/lib/log4j-1.2-api-2.13.2.jar for tasks to queue
[2022-03-26 01:12:47,137] {logging_mixin.py:104} INFO - [2022-03-26 01:12:47,135] {dagbag.py:448} INFO - Filling up the DagBag from /opt/airflow/dags/JobCuratedVendasMensal_0.1/lib/log4j-1.2-api-2.13.2.jar
[2022-03-26 01:12:47,208] {scheduler_job.py:641} WARNING - No viable dags retrieved from /opt/airflow/dags/JobCuratedVendasMensal_0.1/lib/log4j-1.2-api-2.13.2.jar
[2022-03-26 01:12:47,319] {scheduler_job.py:190} INFO - Processing /opt/airflow/dags/JobCuratedVendasMensal_0.1/lib/log4j-1.2-api-2.13.2.jar took 0.239 seconds
[2022-03-26 01:13:21,940] {scheduler_job.py:182} INFO - Started process (PID=2676) to work on /opt/airflow/dags/JobCuratedVendasMensal_0.1/lib/log4j-1.2-api-2.13.2.jar
[2022-03-26 01:13:21,964] {scheduler_job.py:629} INFO - Processing file /opt/airflow/dags/JobCuratedVendasMensal_0.1/lib/log4j-1.2-api-2.13.2.jar for tasks to queue
[2022-03-26 01:13:21,981] {logging_mixin.py:104} INFO - [2022-03-26 01:13:21,977] {dagbag.py:448} INFO - Filling up the DagBag from /opt/airflow/dags/JobCuratedVendasMensal_0.1/lib/log4j-1.2-api-2.13.2.jar
[2022-03-26 01:13:22,049] {scheduler_job.py:641} WARNING - No viable dags retrieved from /opt/airflow/dags/JobCuratedVendasMensal_0.1/lib/log4j-1.2-api-2.13.2.jar
[2022-03-26 01:13:22,232] {scheduler_job.py:190} INFO - Processing /opt/airflow/dags/JobCuratedVendasMensal_0.1/lib/log4j-1.2-api-2.13.2.jar took 0.309 seconds
[2022-03-26 01:14:09,614] {scheduler_job.py:182} INFO - Started process (PID=2756) to work on /opt/airflow/dags/JobCuratedVendasMensal_0.1/lib/log4j-1.2-api-2.13.2.jar
[2022-03-26 01:14:09,623] {scheduler_job.py:629} INFO - Processing file /opt/airflow/dags/JobCuratedVendasMensal_0.1/lib/log4j-1.2-api-2.13.2.jar for tasks to queue
[2022-03-26 01:14:09,642] {logging_mixin.py:104} INFO - [2022-03-26 01:14:09,632] {dagbag.py:448} INFO - Filling up the DagBag from /opt/airflow/dags/JobCuratedVendasMensal_0.1/lib/log4j-1.2-api-2.13.2.jar
[2022-03-26 01:14:09,714] {scheduler_job.py:641} WARNING - No viable dags retrieved from /opt/airflow/dags/JobCuratedVendasMensal_0.1/lib/log4j-1.2-api-2.13.2.jar
[2022-03-26 01:14:09,850] {scheduler_job.py:190} INFO - Processing /opt/airflow/dags/JobCuratedVendasMensal_0.1/lib/log4j-1.2-api-2.13.2.jar took 0.281 seconds
[2022-03-26 01:14:15,709] {scheduler_job.py:182} INFO - Started process (PID=2673) to work on /opt/airflow/dags/JobCuratedVendasMensal_0.1/lib/log4j-1.2-api-2.13.2.jar
[2022-03-26 01:14:15,822] {scheduler_job.py:629} INFO - Processing file /opt/airflow/dags/JobCuratedVendasMensal_0.1/lib/log4j-1.2-api-2.13.2.jar for tasks to queue
[2022-03-26 01:14:15,830] {logging_mixin.py:104} INFO - [2022-03-26 01:14:15,830] {dagbag.py:448} INFO - Filling up the DagBag from /opt/airflow/dags/JobCuratedVendasMensal_0.1/lib/log4j-1.2-api-2.13.2.jar
[2022-03-26 01:14:15,921] {scheduler_job.py:641} WARNING - No viable dags retrieved from /opt/airflow/dags/JobCuratedVendasMensal_0.1/lib/log4j-1.2-api-2.13.2.jar
[2022-03-26 01:14:16,030] {scheduler_job.py:190} INFO - Processing /opt/airflow/dags/JobCuratedVendasMensal_0.1/lib/log4j-1.2-api-2.13.2.jar took 0.463 seconds
[2022-03-26 01:14:56,932] {scheduler_job.py:182} INFO - Started process (PID=2848) to work on /opt/airflow/dags/JobCuratedVendasMensal_0.1/lib/log4j-1.2-api-2.13.2.jar
[2022-03-26 01:14:56,947] {scheduler_job.py:629} INFO - Processing file /opt/airflow/dags/JobCuratedVendasMensal_0.1/lib/log4j-1.2-api-2.13.2.jar for tasks to queue
[2022-03-26 01:14:56,965] {logging_mixin.py:104} INFO - [2022-03-26 01:14:56,960] {dagbag.py:448} INFO - Filling up the DagBag from /opt/airflow/dags/JobCuratedVendasMensal_0.1/lib/log4j-1.2-api-2.13.2.jar
[2022-03-26 01:14:57,022] {scheduler_job.py:641} WARNING - No viable dags retrieved from /opt/airflow/dags/JobCuratedVendasMensal_0.1/lib/log4j-1.2-api-2.13.2.jar
[2022-03-26 01:14:57,154] {scheduler_job.py:190} INFO - Processing /opt/airflow/dags/JobCuratedVendasMensal_0.1/lib/log4j-1.2-api-2.13.2.jar took 0.250 seconds
