[2022-03-26 01:05:37,543] {scheduler_job.py:182} INFO - Started process (PID=1726) to work on /opt/airflow/dags/JobCuratedVendasSemanal_0.1/lib/dom4j-2.1.3.jar
[2022-03-26 01:05:37,585] {scheduler_job.py:629} INFO - Processing file /opt/airflow/dags/JobCuratedVendasSemanal_0.1/lib/dom4j-2.1.3.jar for tasks to queue
[2022-03-26 01:05:37,593] {logging_mixin.py:104} INFO - [2022-03-26 01:05:37,592] {dagbag.py:448} INFO - Filling up the DagBag from /opt/airflow/dags/JobCuratedVendasSemanal_0.1/lib/dom4j-2.1.3.jar
[2022-03-26 01:05:37,788] {scheduler_job.py:641} WARNING - No viable dags retrieved from /opt/airflow/dags/JobCuratedVendasSemanal_0.1/lib/dom4j-2.1.3.jar
[2022-03-26 01:05:38,089] {scheduler_job.py:190} INFO - Processing /opt/airflow/dags/JobCuratedVendasSemanal_0.1/lib/dom4j-2.1.3.jar took 0.622 seconds
[2022-03-26 01:05:59,328] {scheduler_job.py:182} INFO - Started process (PID=1890) to work on /opt/airflow/dags/JobCuratedVendasSemanal_0.1/lib/dom4j-2.1.3.jar
[2022-03-26 01:05:59,336] {scheduler_job.py:629} INFO - Processing file /opt/airflow/dags/JobCuratedVendasSemanal_0.1/lib/dom4j-2.1.3.jar for tasks to queue
[2022-03-26 01:05:59,344] {logging_mixin.py:104} INFO - [2022-03-26 01:05:59,343] {dagbag.py:448} INFO - Filling up the DagBag from /opt/airflow/dags/JobCuratedVendasSemanal_0.1/lib/dom4j-2.1.3.jar
[2022-03-26 01:05:59,452] {scheduler_job.py:641} WARNING - No viable dags retrieved from /opt/airflow/dags/JobCuratedVendasSemanal_0.1/lib/dom4j-2.1.3.jar
[2022-03-26 01:05:59,750] {scheduler_job.py:190} INFO - Processing /opt/airflow/dags/JobCuratedVendasSemanal_0.1/lib/dom4j-2.1.3.jar took 0.478 seconds
[2022-03-26 01:06:23,063] {scheduler_job.py:182} INFO - Started process (PID=1820) to work on /opt/airflow/dags/JobCuratedVendasSemanal_0.1/lib/dom4j-2.1.3.jar
[2022-03-26 01:06:23,092] {scheduler_job.py:629} INFO - Processing file /opt/airflow/dags/JobCuratedVendasSemanal_0.1/lib/dom4j-2.1.3.jar for tasks to queue
[2022-03-26 01:06:23,118] {logging_mixin.py:104} INFO - [2022-03-26 01:06:23,117] {dagbag.py:448} INFO - Filling up the DagBag from /opt/airflow/dags/JobCuratedVendasSemanal_0.1/lib/dom4j-2.1.3.jar
[2022-03-26 01:06:23,289] {scheduler_job.py:641} WARNING - No viable dags retrieved from /opt/airflow/dags/JobCuratedVendasSemanal_0.1/lib/dom4j-2.1.3.jar
[2022-03-26 01:06:23,622] {scheduler_job.py:190} INFO - Processing /opt/airflow/dags/JobCuratedVendasSemanal_0.1/lib/dom4j-2.1.3.jar took 0.699 seconds
[2022-03-26 01:06:55,830] {scheduler_job.py:182} INFO - Started process (PID=1981) to work on /opt/airflow/dags/JobCuratedVendasSemanal_0.1/lib/dom4j-2.1.3.jar
[2022-03-26 01:06:55,862] {scheduler_job.py:629} INFO - Processing file /opt/airflow/dags/JobCuratedVendasSemanal_0.1/lib/dom4j-2.1.3.jar for tasks to queue
[2022-03-26 01:06:55,880] {logging_mixin.py:104} INFO - [2022-03-26 01:06:55,879] {dagbag.py:448} INFO - Filling up the DagBag from /opt/airflow/dags/JobCuratedVendasSemanal_0.1/lib/dom4j-2.1.3.jar
[2022-03-26 01:06:56,234] {scheduler_job.py:641} WARNING - No viable dags retrieved from /opt/airflow/dags/JobCuratedVendasSemanal_0.1/lib/dom4j-2.1.3.jar
[2022-03-26 01:06:56,559] {scheduler_job.py:190} INFO - Processing /opt/airflow/dags/JobCuratedVendasSemanal_0.1/lib/dom4j-2.1.3.jar took 0.781 seconds
[2022-03-26 01:07:13,257] {scheduler_job.py:182} INFO - Started process (PID=1902) to work on /opt/airflow/dags/JobCuratedVendasSemanal_0.1/lib/dom4j-2.1.3.jar
[2022-03-26 01:07:13,275] {scheduler_job.py:629} INFO - Processing file /opt/airflow/dags/JobCuratedVendasSemanal_0.1/lib/dom4j-2.1.3.jar for tasks to queue
[2022-03-26 01:07:13,330] {logging_mixin.py:104} INFO - [2022-03-26 01:07:13,329] {dagbag.py:448} INFO - Filling up the DagBag from /opt/airflow/dags/JobCuratedVendasSemanal_0.1/lib/dom4j-2.1.3.jar
[2022-03-26 01:07:13,468] {scheduler_job.py:641} WARNING - No viable dags retrieved from /opt/airflow/dags/JobCuratedVendasSemanal_0.1/lib/dom4j-2.1.3.jar
[2022-03-26 01:07:13,840] {scheduler_job.py:190} INFO - Processing /opt/airflow/dags/JobCuratedVendasSemanal_0.1/lib/dom4j-2.1.3.jar took 0.702 seconds
[2022-03-26 01:07:36,446] {scheduler_job.py:182} INFO - Started process (PID=2064) to work on /opt/airflow/dags/JobCuratedVendasSemanal_0.1/lib/dom4j-2.1.3.jar
[2022-03-26 01:07:36,459] {scheduler_job.py:629} INFO - Processing file /opt/airflow/dags/JobCuratedVendasSemanal_0.1/lib/dom4j-2.1.3.jar for tasks to queue
[2022-03-26 01:07:36,485] {logging_mixin.py:104} INFO - [2022-03-26 01:07:36,484] {dagbag.py:448} INFO - Filling up the DagBag from /opt/airflow/dags/JobCuratedVendasSemanal_0.1/lib/dom4j-2.1.3.jar
[2022-03-26 01:07:36,578] {scheduler_job.py:641} WARNING - No viable dags retrieved from /opt/airflow/dags/JobCuratedVendasSemanal_0.1/lib/dom4j-2.1.3.jar
[2022-03-26 01:07:36,761] {scheduler_job.py:190} INFO - Processing /opt/airflow/dags/JobCuratedVendasSemanal_0.1/lib/dom4j-2.1.3.jar took 0.360 seconds
[2022-03-26 01:07:59,555] {scheduler_job.py:182} INFO - Started process (PID=1991) to work on /opt/airflow/dags/JobCuratedVendasSemanal_0.1/lib/dom4j-2.1.3.jar
[2022-03-26 01:07:59,608] {scheduler_job.py:629} INFO - Processing file /opt/airflow/dags/JobCuratedVendasSemanal_0.1/lib/dom4j-2.1.3.jar for tasks to queue
[2022-03-26 01:07:59,618] {logging_mixin.py:104} INFO - [2022-03-26 01:07:59,618] {dagbag.py:448} INFO - Filling up the DagBag from /opt/airflow/dags/JobCuratedVendasSemanal_0.1/lib/dom4j-2.1.3.jar
[2022-03-26 01:07:59,762] {scheduler_job.py:641} WARNING - No viable dags retrieved from /opt/airflow/dags/JobCuratedVendasSemanal_0.1/lib/dom4j-2.1.3.jar
[2022-03-26 01:07:59,977] {scheduler_job.py:190} INFO - Processing /opt/airflow/dags/JobCuratedVendasSemanal_0.1/lib/dom4j-2.1.3.jar took 0.513 seconds
[2022-03-26 01:08:27,350] {scheduler_job.py:182} INFO - Started process (PID=2156) to work on /opt/airflow/dags/JobCuratedVendasSemanal_0.1/lib/dom4j-2.1.3.jar
[2022-03-26 01:08:27,390] {scheduler_job.py:629} INFO - Processing file /opt/airflow/dags/JobCuratedVendasSemanal_0.1/lib/dom4j-2.1.3.jar for tasks to queue
[2022-03-26 01:08:27,400] {logging_mixin.py:104} INFO - [2022-03-26 01:08:27,399] {dagbag.py:448} INFO - Filling up the DagBag from /opt/airflow/dags/JobCuratedVendasSemanal_0.1/lib/dom4j-2.1.3.jar
[2022-03-26 01:08:27,512] {scheduler_job.py:641} WARNING - No viable dags retrieved from /opt/airflow/dags/JobCuratedVendasSemanal_0.1/lib/dom4j-2.1.3.jar
[2022-03-26 01:08:27,866] {scheduler_job.py:190} INFO - Processing /opt/airflow/dags/JobCuratedVendasSemanal_0.1/lib/dom4j-2.1.3.jar took 0.621 seconds
[2022-03-26 01:09:05,978] {scheduler_job.py:182} INFO - Started process (PID=2227) to work on /opt/airflow/dags/JobCuratedVendasSemanal_0.1/lib/dom4j-2.1.3.jar
[2022-03-26 01:09:06,017] {scheduler_job.py:629} INFO - Processing file /opt/airflow/dags/JobCuratedVendasSemanal_0.1/lib/dom4j-2.1.3.jar for tasks to queue
[2022-03-26 01:09:06,039] {logging_mixin.py:104} INFO - [2022-03-26 01:09:06,039] {dagbag.py:448} INFO - Filling up the DagBag from /opt/airflow/dags/JobCuratedVendasSemanal_0.1/lib/dom4j-2.1.3.jar
[2022-03-26 01:09:06,112] {scheduler_job.py:641} WARNING - No viable dags retrieved from /opt/airflow/dags/JobCuratedVendasSemanal_0.1/lib/dom4j-2.1.3.jar
[2022-03-26 01:09:06,206] {scheduler_job.py:190} INFO - Processing /opt/airflow/dags/JobCuratedVendasSemanal_0.1/lib/dom4j-2.1.3.jar took 0.262 seconds
[2022-03-26 01:09:12,623] {scheduler_job.py:182} INFO - Started process (PID=2134) to work on /opt/airflow/dags/JobCuratedVendasSemanal_0.1/lib/dom4j-2.1.3.jar
[2022-03-26 01:09:12,647] {scheduler_job.py:629} INFO - Processing file /opt/airflow/dags/JobCuratedVendasSemanal_0.1/lib/dom4j-2.1.3.jar for tasks to queue
[2022-03-26 01:09:12,675] {logging_mixin.py:104} INFO - [2022-03-26 01:09:12,672] {dagbag.py:448} INFO - Filling up the DagBag from /opt/airflow/dags/JobCuratedVendasSemanal_0.1/lib/dom4j-2.1.3.jar
[2022-03-26 01:09:13,230] {scheduler_job.py:641} WARNING - No viable dags retrieved from /opt/airflow/dags/JobCuratedVendasSemanal_0.1/lib/dom4j-2.1.3.jar
[2022-03-26 01:09:13,453] {scheduler_job.py:190} INFO - Processing /opt/airflow/dags/JobCuratedVendasSemanal_0.1/lib/dom4j-2.1.3.jar took 0.977 seconds
[2022-03-26 01:09:55,368] {scheduler_job.py:182} INFO - Started process (PID=2312) to work on /opt/airflow/dags/JobCuratedVendasSemanal_0.1/lib/dom4j-2.1.3.jar
[2022-03-26 01:09:55,411] {scheduler_job.py:629} INFO - Processing file /opt/airflow/dags/JobCuratedVendasSemanal_0.1/lib/dom4j-2.1.3.jar for tasks to queue
[2022-03-26 01:09:55,444] {logging_mixin.py:104} INFO - [2022-03-26 01:09:55,443] {dagbag.py:448} INFO - Filling up the DagBag from /opt/airflow/dags/JobCuratedVendasSemanal_0.1/lib/dom4j-2.1.3.jar
[2022-03-26 01:09:55,724] {scheduler_job.py:641} WARNING - No viable dags retrieved from /opt/airflow/dags/JobCuratedVendasSemanal_0.1/lib/dom4j-2.1.3.jar
[2022-03-26 01:09:56,249] {scheduler_job.py:190} INFO - Processing /opt/airflow/dags/JobCuratedVendasSemanal_0.1/lib/dom4j-2.1.3.jar took 1.082 seconds
[2022-03-26 01:10:46,108] {scheduler_job.py:182} INFO - Started process (PID=2390) to work on /opt/airflow/dags/JobCuratedVendasSemanal_0.1/lib/dom4j-2.1.3.jar
[2022-03-26 01:10:46,135] {scheduler_job.py:629} INFO - Processing file /opt/airflow/dags/JobCuratedVendasSemanal_0.1/lib/dom4j-2.1.3.jar for tasks to queue
[2022-03-26 01:10:46,157] {logging_mixin.py:104} INFO - [2022-03-26 01:10:46,157] {dagbag.py:448} INFO - Filling up the DagBag from /opt/airflow/dags/JobCuratedVendasSemanal_0.1/lib/dom4j-2.1.3.jar
[2022-03-26 01:10:46,508] {scheduler_job.py:641} WARNING - No viable dags retrieved from /opt/airflow/dags/JobCuratedVendasSemanal_0.1/lib/dom4j-2.1.3.jar
[2022-03-26 01:10:46,923] {scheduler_job.py:190} INFO - Processing /opt/airflow/dags/JobCuratedVendasSemanal_0.1/lib/dom4j-2.1.3.jar took 0.921 seconds
[2022-03-26 01:10:52,321] {scheduler_job.py:182} INFO - Started process (PID=2300) to work on /opt/airflow/dags/JobCuratedVendasSemanal_0.1/lib/dom4j-2.1.3.jar
[2022-03-26 01:10:52,445] {scheduler_job.py:629} INFO - Processing file /opt/airflow/dags/JobCuratedVendasSemanal_0.1/lib/dom4j-2.1.3.jar for tasks to queue
[2022-03-26 01:10:52,457] {logging_mixin.py:104} INFO - [2022-03-26 01:10:52,457] {dagbag.py:448} INFO - Filling up the DagBag from /opt/airflow/dags/JobCuratedVendasSemanal_0.1/lib/dom4j-2.1.3.jar
[2022-03-26 01:10:52,603] {scheduler_job.py:641} WARNING - No viable dags retrieved from /opt/airflow/dags/JobCuratedVendasSemanal_0.1/lib/dom4j-2.1.3.jar
[2022-03-26 01:10:52,774] {scheduler_job.py:190} INFO - Processing /opt/airflow/dags/JobCuratedVendasSemanal_0.1/lib/dom4j-2.1.3.jar took 0.588 seconds
[2022-03-26 01:11:35,652] {scheduler_job.py:182} INFO - Started process (PID=2478) to work on /opt/airflow/dags/JobCuratedVendasSemanal_0.1/lib/dom4j-2.1.3.jar
[2022-03-26 01:11:35,670] {scheduler_job.py:629} INFO - Processing file /opt/airflow/dags/JobCuratedVendasSemanal_0.1/lib/dom4j-2.1.3.jar for tasks to queue
[2022-03-26 01:11:35,686] {logging_mixin.py:104} INFO - [2022-03-26 01:11:35,685] {dagbag.py:448} INFO - Filling up the DagBag from /opt/airflow/dags/JobCuratedVendasSemanal_0.1/lib/dom4j-2.1.3.jar
[2022-03-26 01:11:36,067] {scheduler_job.py:641} WARNING - No viable dags retrieved from /opt/airflow/dags/JobCuratedVendasSemanal_0.1/lib/dom4j-2.1.3.jar
[2022-03-26 01:11:36,352] {scheduler_job.py:190} INFO - Processing /opt/airflow/dags/JobCuratedVendasSemanal_0.1/lib/dom4j-2.1.3.jar took 0.781 seconds
[2022-03-26 01:11:38,074] {scheduler_job.py:182} INFO - Started process (PID=2381) to work on /opt/airflow/dags/JobCuratedVendasSemanal_0.1/lib/dom4j-2.1.3.jar
[2022-03-26 01:11:38,310] {scheduler_job.py:629} INFO - Processing file /opt/airflow/dags/JobCuratedVendasSemanal_0.1/lib/dom4j-2.1.3.jar for tasks to queue
[2022-03-26 01:11:38,340] {logging_mixin.py:104} INFO - [2022-03-26 01:11:38,340] {dagbag.py:448} INFO - Filling up the DagBag from /opt/airflow/dags/JobCuratedVendasSemanal_0.1/lib/dom4j-2.1.3.jar
[2022-03-26 01:11:38,464] {scheduler_job.py:641} WARNING - No viable dags retrieved from /opt/airflow/dags/JobCuratedVendasSemanal_0.1/lib/dom4j-2.1.3.jar
[2022-03-26 01:11:38,626] {scheduler_job.py:190} INFO - Processing /opt/airflow/dags/JobCuratedVendasSemanal_0.1/lib/dom4j-2.1.3.jar took 0.740 seconds
[2022-03-26 01:12:15,101] {scheduler_job.py:182} INFO - Started process (PID=2550) to work on /opt/airflow/dags/JobCuratedVendasSemanal_0.1/lib/dom4j-2.1.3.jar
[2022-03-26 01:12:15,132] {scheduler_job.py:629} INFO - Processing file /opt/airflow/dags/JobCuratedVendasSemanal_0.1/lib/dom4j-2.1.3.jar for tasks to queue
[2022-03-26 01:12:15,142] {logging_mixin.py:104} INFO - [2022-03-26 01:12:15,141] {dagbag.py:448} INFO - Filling up the DagBag from /opt/airflow/dags/JobCuratedVendasSemanal_0.1/lib/dom4j-2.1.3.jar
[2022-03-26 01:12:15,226] {scheduler_job.py:641} WARNING - No viable dags retrieved from /opt/airflow/dags/JobCuratedVendasSemanal_0.1/lib/dom4j-2.1.3.jar
[2022-03-26 01:12:15,615] {scheduler_job.py:190} INFO - Processing /opt/airflow/dags/JobCuratedVendasSemanal_0.1/lib/dom4j-2.1.3.jar took 0.547 seconds
[2022-03-26 01:12:20,183] {scheduler_job.py:182} INFO - Started process (PID=2458) to work on /opt/airflow/dags/JobCuratedVendasSemanal_0.1/lib/dom4j-2.1.3.jar
[2022-03-26 01:12:20,245] {scheduler_job.py:629} INFO - Processing file /opt/airflow/dags/JobCuratedVendasSemanal_0.1/lib/dom4j-2.1.3.jar for tasks to queue
[2022-03-26 01:12:20,267] {logging_mixin.py:104} INFO - [2022-03-26 01:12:20,259] {dagbag.py:448} INFO - Filling up the DagBag from /opt/airflow/dags/JobCuratedVendasSemanal_0.1/lib/dom4j-2.1.3.jar
[2022-03-26 01:12:20,528] {scheduler_job.py:641} WARNING - No viable dags retrieved from /opt/airflow/dags/JobCuratedVendasSemanal_0.1/lib/dom4j-2.1.3.jar
[2022-03-26 01:12:20,853] {scheduler_job.py:190} INFO - Processing /opt/airflow/dags/JobCuratedVendasSemanal_0.1/lib/dom4j-2.1.3.jar took 0.851 seconds
[2022-03-26 01:13:03,992] {scheduler_job.py:182} INFO - Started process (PID=2647) to work on /opt/airflow/dags/JobCuratedVendasSemanal_0.1/lib/dom4j-2.1.3.jar
[2022-03-26 01:13:04,006] {scheduler_job.py:629} INFO - Processing file /opt/airflow/dags/JobCuratedVendasSemanal_0.1/lib/dom4j-2.1.3.jar for tasks to queue
[2022-03-26 01:13:04,019] {logging_mixin.py:104} INFO - [2022-03-26 01:13:04,017] {dagbag.py:448} INFO - Filling up the DagBag from /opt/airflow/dags/JobCuratedVendasSemanal_0.1/lib/dom4j-2.1.3.jar
[2022-03-26 01:13:04,166] {scheduler_job.py:641} WARNING - No viable dags retrieved from /opt/airflow/dags/JobCuratedVendasSemanal_0.1/lib/dom4j-2.1.3.jar
[2022-03-26 01:13:04,343] {scheduler_job.py:190} INFO - Processing /opt/airflow/dags/JobCuratedVendasSemanal_0.1/lib/dom4j-2.1.3.jar took 0.392 seconds
[2022-03-26 01:13:34,356] {scheduler_job.py:182} INFO - Started process (PID=2608) to work on /opt/airflow/dags/JobCuratedVendasSemanal_0.1/lib/dom4j-2.1.3.jar
[2022-03-26 01:13:34,410] {scheduler_job.py:629} INFO - Processing file /opt/airflow/dags/JobCuratedVendasSemanal_0.1/lib/dom4j-2.1.3.jar for tasks to queue
[2022-03-26 01:13:34,422] {logging_mixin.py:104} INFO - [2022-03-26 01:13:34,420] {dagbag.py:448} INFO - Filling up the DagBag from /opt/airflow/dags/JobCuratedVendasSemanal_0.1/lib/dom4j-2.1.3.jar
[2022-03-26 01:13:34,527] {scheduler_job.py:641} WARNING - No viable dags retrieved from /opt/airflow/dags/JobCuratedVendasSemanal_0.1/lib/dom4j-2.1.3.jar
[2022-03-26 01:13:34,726] {scheduler_job.py:190} INFO - Processing /opt/airflow/dags/JobCuratedVendasSemanal_0.1/lib/dom4j-2.1.3.jar took 0.566 seconds
[2022-03-26 01:14:07,028] {scheduler_job.py:182} INFO - Started process (PID=2750) to work on /opt/airflow/dags/JobCuratedVendasSemanal_0.1/lib/dom4j-2.1.3.jar
[2022-03-26 01:14:07,049] {scheduler_job.py:629} INFO - Processing file /opt/airflow/dags/JobCuratedVendasSemanal_0.1/lib/dom4j-2.1.3.jar for tasks to queue
[2022-03-26 01:14:07,079] {logging_mixin.py:104} INFO - [2022-03-26 01:14:07,079] {dagbag.py:448} INFO - Filling up the DagBag from /opt/airflow/dags/JobCuratedVendasSemanal_0.1/lib/dom4j-2.1.3.jar
[2022-03-26 01:14:07,171] {scheduler_job.py:641} WARNING - No viable dags retrieved from /opt/airflow/dags/JobCuratedVendasSemanal_0.1/lib/dom4j-2.1.3.jar
[2022-03-26 01:14:07,471] {scheduler_job.py:190} INFO - Processing /opt/airflow/dags/JobCuratedVendasSemanal_0.1/lib/dom4j-2.1.3.jar took 0.474 seconds
[2022-03-26 01:14:18,754] {scheduler_job.py:182} INFO - Started process (PID=2679) to work on /opt/airflow/dags/JobCuratedVendasSemanal_0.1/lib/dom4j-2.1.3.jar
[2022-03-26 01:14:18,851] {scheduler_job.py:629} INFO - Processing file /opt/airflow/dags/JobCuratedVendasSemanal_0.1/lib/dom4j-2.1.3.jar for tasks to queue
[2022-03-26 01:14:18,903] {logging_mixin.py:104} INFO - [2022-03-26 01:14:18,902] {dagbag.py:448} INFO - Filling up the DagBag from /opt/airflow/dags/JobCuratedVendasSemanal_0.1/lib/dom4j-2.1.3.jar
[2022-03-26 01:14:19,165] {scheduler_job.py:641} WARNING - No viable dags retrieved from /opt/airflow/dags/JobCuratedVendasSemanal_0.1/lib/dom4j-2.1.3.jar
[2022-03-26 01:14:19,584] {scheduler_job.py:190} INFO - Processing /opt/airflow/dags/JobCuratedVendasSemanal_0.1/lib/dom4j-2.1.3.jar took 0.937 seconds
[2022-03-26 01:14:53,792] {scheduler_job.py:182} INFO - Started process (PID=2838) to work on /opt/airflow/dags/JobCuratedVendasSemanal_0.1/lib/dom4j-2.1.3.jar
[2022-03-26 01:14:53,810] {scheduler_job.py:629} INFO - Processing file /opt/airflow/dags/JobCuratedVendasSemanal_0.1/lib/dom4j-2.1.3.jar for tasks to queue
[2022-03-26 01:14:53,834] {logging_mixin.py:104} INFO - [2022-03-26 01:14:53,834] {dagbag.py:448} INFO - Filling up the DagBag from /opt/airflow/dags/JobCuratedVendasSemanal_0.1/lib/dom4j-2.1.3.jar
[2022-03-26 01:14:53,929] {scheduler_job.py:641} WARNING - No viable dags retrieved from /opt/airflow/dags/JobCuratedVendasSemanal_0.1/lib/dom4j-2.1.3.jar
[2022-03-26 01:14:54,194] {scheduler_job.py:190} INFO - Processing /opt/airflow/dags/JobCuratedVendasSemanal_0.1/lib/dom4j-2.1.3.jar took 0.480 seconds
[2022-03-26 01:15:02,694] {scheduler_job.py:182} INFO - Started process (PID=2777) to work on /opt/airflow/dags/JobCuratedVendasSemanal_0.1/lib/dom4j-2.1.3.jar
[2022-03-26 01:15:02,716] {scheduler_job.py:629} INFO - Processing file /opt/airflow/dags/JobCuratedVendasSemanal_0.1/lib/dom4j-2.1.3.jar for tasks to queue
[2022-03-26 01:15:02,734] {logging_mixin.py:104} INFO - [2022-03-26 01:15:02,733] {dagbag.py:448} INFO - Filling up the DagBag from /opt/airflow/dags/JobCuratedVendasSemanal_0.1/lib/dom4j-2.1.3.jar
[2022-03-26 01:15:02,835] {scheduler_job.py:641} WARNING - No viable dags retrieved from /opt/airflow/dags/JobCuratedVendasSemanal_0.1/lib/dom4j-2.1.3.jar
[2022-03-26 01:15:03,032] {scheduler_job.py:190} INFO - Processing /opt/airflow/dags/JobCuratedVendasSemanal_0.1/lib/dom4j-2.1.3.jar took 0.394 seconds
