[2022-03-26 01:05:40,716] {scheduler_job.py:182} INFO - Started process (PID=1741) to work on /opt/airflow/dags/JobCuratedVendasSemanal_0.1/lib/talendcsv-1.0.0.jar
[2022-03-26 01:05:40,727] {scheduler_job.py:629} INFO - Processing file /opt/airflow/dags/JobCuratedVendasSemanal_0.1/lib/talendcsv-1.0.0.jar for tasks to queue
[2022-03-26 01:05:40,733] {logging_mixin.py:104} INFO - [2022-03-26 01:05:40,732] {dagbag.py:448} INFO - Filling up the DagBag from /opt/airflow/dags/JobCuratedVendasSemanal_0.1/lib/talendcsv-1.0.0.jar
[2022-03-26 01:05:40,832] {scheduler_job.py:641} WARNING - No viable dags retrieved from /opt/airflow/dags/JobCuratedVendasSemanal_0.1/lib/talendcsv-1.0.0.jar
[2022-03-26 01:05:40,913] {scheduler_job.py:190} INFO - Processing /opt/airflow/dags/JobCuratedVendasSemanal_0.1/lib/talendcsv-1.0.0.jar took 0.214 seconds
[2022-03-26 01:06:17,516] {scheduler_job.py:182} INFO - Started process (PID=1927) to work on /opt/airflow/dags/JobCuratedVendasSemanal_0.1/lib/talendcsv-1.0.0.jar
[2022-03-26 01:06:17,535] {scheduler_job.py:629} INFO - Processing file /opt/airflow/dags/JobCuratedVendasSemanal_0.1/lib/talendcsv-1.0.0.jar for tasks to queue
[2022-03-26 01:06:17,558] {logging_mixin.py:104} INFO - [2022-03-26 01:06:17,554] {dagbag.py:448} INFO - Filling up the DagBag from /opt/airflow/dags/JobCuratedVendasSemanal_0.1/lib/talendcsv-1.0.0.jar
[2022-03-26 01:06:17,645] {scheduler_job.py:641} WARNING - No viable dags retrieved from /opt/airflow/dags/JobCuratedVendasSemanal_0.1/lib/talendcsv-1.0.0.jar
[2022-03-26 01:06:18,011] {scheduler_job.py:190} INFO - Processing /opt/airflow/dags/JobCuratedVendasSemanal_0.1/lib/talendcsv-1.0.0.jar took 0.528 seconds
[2022-03-26 01:06:35,323] {scheduler_job.py:182} INFO - Started process (PID=1840) to work on /opt/airflow/dags/JobCuratedVendasSemanal_0.1/lib/talendcsv-1.0.0.jar
[2022-03-26 01:06:35,364] {scheduler_job.py:629} INFO - Processing file /opt/airflow/dags/JobCuratedVendasSemanal_0.1/lib/talendcsv-1.0.0.jar for tasks to queue
[2022-03-26 01:06:35,382] {logging_mixin.py:104} INFO - [2022-03-26 01:06:35,382] {dagbag.py:448} INFO - Filling up the DagBag from /opt/airflow/dags/JobCuratedVendasSemanal_0.1/lib/talendcsv-1.0.0.jar
[2022-03-26 01:06:35,498] {scheduler_job.py:641} WARNING - No viable dags retrieved from /opt/airflow/dags/JobCuratedVendasSemanal_0.1/lib/talendcsv-1.0.0.jar
[2022-03-26 01:06:35,777] {scheduler_job.py:190} INFO - Processing /opt/airflow/dags/JobCuratedVendasSemanal_0.1/lib/talendcsv-1.0.0.jar took 0.544 seconds
[2022-03-26 01:07:11,376] {scheduler_job.py:182} INFO - Started process (PID=2017) to work on /opt/airflow/dags/JobCuratedVendasSemanal_0.1/lib/talendcsv-1.0.0.jar
[2022-03-26 01:07:11,387] {scheduler_job.py:629} INFO - Processing file /opt/airflow/dags/JobCuratedVendasSemanal_0.1/lib/talendcsv-1.0.0.jar for tasks to queue
[2022-03-26 01:07:11,394] {logging_mixin.py:104} INFO - [2022-03-26 01:07:11,393] {dagbag.py:448} INFO - Filling up the DagBag from /opt/airflow/dags/JobCuratedVendasSemanal_0.1/lib/talendcsv-1.0.0.jar
[2022-03-26 01:07:11,443] {scheduler_job.py:641} WARNING - No viable dags retrieved from /opt/airflow/dags/JobCuratedVendasSemanal_0.1/lib/talendcsv-1.0.0.jar
[2022-03-26 01:07:11,579] {scheduler_job.py:190} INFO - Processing /opt/airflow/dags/JobCuratedVendasSemanal_0.1/lib/talendcsv-1.0.0.jar took 0.231 seconds
[2022-03-26 01:08:00,823] {scheduler_job.py:182} INFO - Started process (PID=2106) to work on /opt/airflow/dags/JobCuratedVendasSemanal_0.1/lib/talendcsv-1.0.0.jar
[2022-03-26 01:08:00,918] {scheduler_job.py:629} INFO - Processing file /opt/airflow/dags/JobCuratedVendasSemanal_0.1/lib/talendcsv-1.0.0.jar for tasks to queue
[2022-03-26 01:08:00,952] {logging_mixin.py:104} INFO - [2022-03-26 01:08:00,952] {dagbag.py:448} INFO - Filling up the DagBag from /opt/airflow/dags/JobCuratedVendasSemanal_0.1/lib/talendcsv-1.0.0.jar
[2022-03-26 01:08:01,062] {scheduler_job.py:641} WARNING - No viable dags retrieved from /opt/airflow/dags/JobCuratedVendasSemanal_0.1/lib/talendcsv-1.0.0.jar
[2022-03-26 01:08:01,460] {scheduler_job.py:190} INFO - Processing /opt/airflow/dags/JobCuratedVendasSemanal_0.1/lib/talendcsv-1.0.0.jar took 0.883 seconds
[2022-03-26 01:08:05,847] {scheduler_job.py:182} INFO - Started process (PID=2005) to work on /opt/airflow/dags/JobCuratedVendasSemanal_0.1/lib/talendcsv-1.0.0.jar
[2022-03-26 01:08:05,868] {scheduler_job.py:629} INFO - Processing file /opt/airflow/dags/JobCuratedVendasSemanal_0.1/lib/talendcsv-1.0.0.jar for tasks to queue
[2022-03-26 01:08:05,900] {logging_mixin.py:104} INFO - [2022-03-26 01:08:05,899] {dagbag.py:448} INFO - Filling up the DagBag from /opt/airflow/dags/JobCuratedVendasSemanal_0.1/lib/talendcsv-1.0.0.jar
[2022-03-26 01:08:05,993] {scheduler_job.py:641} WARNING - No viable dags retrieved from /opt/airflow/dags/JobCuratedVendasSemanal_0.1/lib/talendcsv-1.0.0.jar
[2022-03-26 01:08:06,352] {scheduler_job.py:190} INFO - Processing /opt/airflow/dags/JobCuratedVendasSemanal_0.1/lib/talendcsv-1.0.0.jar took 0.629 seconds
[2022-03-26 01:08:58,880] {scheduler_job.py:182} INFO - Started process (PID=2210) to work on /opt/airflow/dags/JobCuratedVendasSemanal_0.1/lib/talendcsv-1.0.0.jar
[2022-03-26 01:08:58,895] {scheduler_job.py:629} INFO - Processing file /opt/airflow/dags/JobCuratedVendasSemanal_0.1/lib/talendcsv-1.0.0.jar for tasks to queue
[2022-03-26 01:08:58,924] {logging_mixin.py:104} INFO - [2022-03-26 01:08:58,922] {dagbag.py:448} INFO - Filling up the DagBag from /opt/airflow/dags/JobCuratedVendasSemanal_0.1/lib/talendcsv-1.0.0.jar
[2022-03-26 01:08:59,084] {scheduler_job.py:641} WARNING - No viable dags retrieved from /opt/airflow/dags/JobCuratedVendasSemanal_0.1/lib/talendcsv-1.0.0.jar
[2022-03-26 01:08:59,286] {scheduler_job.py:190} INFO - Processing /opt/airflow/dags/JobCuratedVendasSemanal_0.1/lib/talendcsv-1.0.0.jar took 0.440 seconds
[2022-03-26 01:09:18,574] {scheduler_job.py:182} INFO - Started process (PID=2148) to work on /opt/airflow/dags/JobCuratedVendasSemanal_0.1/lib/talendcsv-1.0.0.jar
[2022-03-26 01:09:18,610] {scheduler_job.py:629} INFO - Processing file /opt/airflow/dags/JobCuratedVendasSemanal_0.1/lib/talendcsv-1.0.0.jar for tasks to queue
[2022-03-26 01:09:18,626] {logging_mixin.py:104} INFO - [2022-03-26 01:09:18,626] {dagbag.py:448} INFO - Filling up the DagBag from /opt/airflow/dags/JobCuratedVendasSemanal_0.1/lib/talendcsv-1.0.0.jar
[2022-03-26 01:09:18,689] {scheduler_job.py:641} WARNING - No viable dags retrieved from /opt/airflow/dags/JobCuratedVendasSemanal_0.1/lib/talendcsv-1.0.0.jar
[2022-03-26 01:09:18,831] {scheduler_job.py:190} INFO - Processing /opt/airflow/dags/JobCuratedVendasSemanal_0.1/lib/talendcsv-1.0.0.jar took 0.327 seconds
[2022-03-26 01:10:04,159] {scheduler_job.py:182} INFO - Started process (PID=2328) to work on /opt/airflow/dags/JobCuratedVendasSemanal_0.1/lib/talendcsv-1.0.0.jar
[2022-03-26 01:10:04,165] {scheduler_job.py:629} INFO - Processing file /opt/airflow/dags/JobCuratedVendasSemanal_0.1/lib/talendcsv-1.0.0.jar for tasks to queue
[2022-03-26 01:10:04,173] {logging_mixin.py:104} INFO - [2022-03-26 01:10:04,173] {dagbag.py:448} INFO - Filling up the DagBag from /opt/airflow/dags/JobCuratedVendasSemanal_0.1/lib/talendcsv-1.0.0.jar
[2022-03-26 01:10:04,215] {scheduler_job.py:641} WARNING - No viable dags retrieved from /opt/airflow/dags/JobCuratedVendasSemanal_0.1/lib/talendcsv-1.0.0.jar
[2022-03-26 01:10:04,303] {scheduler_job.py:190} INFO - Processing /opt/airflow/dags/JobCuratedVendasSemanal_0.1/lib/talendcsv-1.0.0.jar took 0.159 seconds
[2022-03-26 01:11:02,795] {scheduler_job.py:182} INFO - Started process (PID=2319) to work on /opt/airflow/dags/JobCuratedVendasSemanal_0.1/lib/talendcsv-1.0.0.jar
[2022-03-26 01:11:02,852] {scheduler_job.py:629} INFO - Processing file /opt/airflow/dags/JobCuratedVendasSemanal_0.1/lib/talendcsv-1.0.0.jar for tasks to queue
[2022-03-26 01:11:02,882] {logging_mixin.py:104} INFO - [2022-03-26 01:11:02,868] {dagbag.py:448} INFO - Filling up the DagBag from /opt/airflow/dags/JobCuratedVendasSemanal_0.1/lib/talendcsv-1.0.0.jar
[2022-03-26 01:11:02,982] {scheduler_job.py:641} WARNING - No viable dags retrieved from /opt/airflow/dags/JobCuratedVendasSemanal_0.1/lib/talendcsv-1.0.0.jar
[2022-03-26 01:11:03,200] {scheduler_job.py:190} INFO - Processing /opt/airflow/dags/JobCuratedVendasSemanal_0.1/lib/talendcsv-1.0.0.jar took 0.480 seconds
[2022-03-26 01:11:22,180] {scheduler_job.py:182} INFO - Started process (PID=2452) to work on /opt/airflow/dags/JobCuratedVendasSemanal_0.1/lib/talendcsv-1.0.0.jar
[2022-03-26 01:11:22,208] {scheduler_job.py:629} INFO - Processing file /opt/airflow/dags/JobCuratedVendasSemanal_0.1/lib/talendcsv-1.0.0.jar for tasks to queue
[2022-03-26 01:11:22,215] {logging_mixin.py:104} INFO - [2022-03-26 01:11:22,215] {dagbag.py:448} INFO - Filling up the DagBag from /opt/airflow/dags/JobCuratedVendasSemanal_0.1/lib/talendcsv-1.0.0.jar
[2022-03-26 01:11:22,306] {scheduler_job.py:641} WARNING - No viable dags retrieved from /opt/airflow/dags/JobCuratedVendasSemanal_0.1/lib/talendcsv-1.0.0.jar
[2022-03-26 01:11:22,812] {scheduler_job.py:190} INFO - Processing /opt/airflow/dags/JobCuratedVendasSemanal_0.1/lib/talendcsv-1.0.0.jar took 0.693 seconds
[2022-03-26 01:12:22,796] {scheduler_job.py:182} INFO - Started process (PID=2563) to work on /opt/airflow/dags/JobCuratedVendasSemanal_0.1/lib/talendcsv-1.0.0.jar
[2022-03-26 01:12:22,818] {scheduler_job.py:629} INFO - Processing file /opt/airflow/dags/JobCuratedVendasSemanal_0.1/lib/talendcsv-1.0.0.jar for tasks to queue
[2022-03-26 01:12:22,839] {logging_mixin.py:104} INFO - [2022-03-26 01:12:22,838] {dagbag.py:448} INFO - Filling up the DagBag from /opt/airflow/dags/JobCuratedVendasSemanal_0.1/lib/talendcsv-1.0.0.jar
[2022-03-26 01:12:22,943] {scheduler_job.py:641} WARNING - No viable dags retrieved from /opt/airflow/dags/JobCuratedVendasSemanal_0.1/lib/talendcsv-1.0.0.jar
[2022-03-26 01:12:23,155] {scheduler_job.py:190} INFO - Processing /opt/airflow/dags/JobCuratedVendasSemanal_0.1/lib/talendcsv-1.0.0.jar took 0.420 seconds
[2022-03-26 01:12:25,957] {scheduler_job.py:182} INFO - Started process (PID=2474) to work on /opt/airflow/dags/JobCuratedVendasSemanal_0.1/lib/talendcsv-1.0.0.jar
[2022-03-26 01:12:25,994] {scheduler_job.py:629} INFO - Processing file /opt/airflow/dags/JobCuratedVendasSemanal_0.1/lib/talendcsv-1.0.0.jar for tasks to queue
[2022-03-26 01:12:26,009] {logging_mixin.py:104} INFO - [2022-03-26 01:12:26,009] {dagbag.py:448} INFO - Filling up the DagBag from /opt/airflow/dags/JobCuratedVendasSemanal_0.1/lib/talendcsv-1.0.0.jar
[2022-03-26 01:12:26,180] {scheduler_job.py:641} WARNING - No viable dags retrieved from /opt/airflow/dags/JobCuratedVendasSemanal_0.1/lib/talendcsv-1.0.0.jar
[2022-03-26 01:12:26,409] {scheduler_job.py:190} INFO - Processing /opt/airflow/dags/JobCuratedVendasSemanal_0.1/lib/talendcsv-1.0.0.jar took 0.553 seconds
[2022-03-26 01:13:06,494] {scheduler_job.py:182} INFO - Started process (PID=2652) to work on /opt/airflow/dags/JobCuratedVendasSemanal_0.1/lib/talendcsv-1.0.0.jar
[2022-03-26 01:13:06,531] {scheduler_job.py:629} INFO - Processing file /opt/airflow/dags/JobCuratedVendasSemanal_0.1/lib/talendcsv-1.0.0.jar for tasks to queue
[2022-03-26 01:13:06,554] {logging_mixin.py:104} INFO - [2022-03-26 01:13:06,550] {dagbag.py:448} INFO - Filling up the DagBag from /opt/airflow/dags/JobCuratedVendasSemanal_0.1/lib/talendcsv-1.0.0.jar
[2022-03-26 01:13:06,620] {scheduler_job.py:641} WARNING - No viable dags retrieved from /opt/airflow/dags/JobCuratedVendasSemanal_0.1/lib/talendcsv-1.0.0.jar
[2022-03-26 01:13:06,844] {scheduler_job.py:190} INFO - Processing /opt/airflow/dags/JobCuratedVendasSemanal_0.1/lib/talendcsv-1.0.0.jar took 0.461 seconds
[2022-03-26 01:13:45,471] {scheduler_job.py:182} INFO - Started process (PID=2624) to work on /opt/airflow/dags/JobCuratedVendasSemanal_0.1/lib/talendcsv-1.0.0.jar
[2022-03-26 01:13:45,514] {scheduler_job.py:629} INFO - Processing file /opt/airflow/dags/JobCuratedVendasSemanal_0.1/lib/talendcsv-1.0.0.jar for tasks to queue
[2022-03-26 01:13:45,518] {logging_mixin.py:104} INFO - [2022-03-26 01:13:45,518] {dagbag.py:448} INFO - Filling up the DagBag from /opt/airflow/dags/JobCuratedVendasSemanal_0.1/lib/talendcsv-1.0.0.jar
[2022-03-26 01:13:45,619] {scheduler_job.py:641} WARNING - No viable dags retrieved from /opt/airflow/dags/JobCuratedVendasSemanal_0.1/lib/talendcsv-1.0.0.jar
[2022-03-26 01:13:45,806] {scheduler_job.py:190} INFO - Processing /opt/airflow/dags/JobCuratedVendasSemanal_0.1/lib/talendcsv-1.0.0.jar took 0.435 seconds
[2022-03-26 01:14:18,253] {scheduler_job.py:182} INFO - Started process (PID=2769) to work on /opt/airflow/dags/JobCuratedVendasSemanal_0.1/lib/talendcsv-1.0.0.jar
[2022-03-26 01:14:18,292] {scheduler_job.py:629} INFO - Processing file /opt/airflow/dags/JobCuratedVendasSemanal_0.1/lib/talendcsv-1.0.0.jar for tasks to queue
[2022-03-26 01:14:18,318] {logging_mixin.py:104} INFO - [2022-03-26 01:14:18,304] {dagbag.py:448} INFO - Filling up the DagBag from /opt/airflow/dags/JobCuratedVendasSemanal_0.1/lib/talendcsv-1.0.0.jar
[2022-03-26 01:14:18,436] {scheduler_job.py:641} WARNING - No viable dags retrieved from /opt/airflow/dags/JobCuratedVendasSemanal_0.1/lib/talendcsv-1.0.0.jar
[2022-03-26 01:14:18,621] {scheduler_job.py:190} INFO - Processing /opt/airflow/dags/JobCuratedVendasSemanal_0.1/lib/talendcsv-1.0.0.jar took 0.463 seconds
[2022-03-26 01:14:26,151] {scheduler_job.py:182} INFO - Started process (PID=2695) to work on /opt/airflow/dags/JobCuratedVendasSemanal_0.1/lib/talendcsv-1.0.0.jar
[2022-03-26 01:14:26,189] {scheduler_job.py:629} INFO - Processing file /opt/airflow/dags/JobCuratedVendasSemanal_0.1/lib/talendcsv-1.0.0.jar for tasks to queue
[2022-03-26 01:14:26,203] {logging_mixin.py:104} INFO - [2022-03-26 01:14:26,202] {dagbag.py:448} INFO - Filling up the DagBag from /opt/airflow/dags/JobCuratedVendasSemanal_0.1/lib/talendcsv-1.0.0.jar
[2022-03-26 01:14:26,327] {scheduler_job.py:641} WARNING - No viable dags retrieved from /opt/airflow/dags/JobCuratedVendasSemanal_0.1/lib/talendcsv-1.0.0.jar
[2022-03-26 01:14:26,645] {scheduler_job.py:190} INFO - Processing /opt/airflow/dags/JobCuratedVendasSemanal_0.1/lib/talendcsv-1.0.0.jar took 0.561 seconds
