[2022-03-26 00:35:52,846] {scheduler_job.py:182} INFO - Started process (PID=37) to work on /home/airflow/.local/lib/python3.6/site-packages/airflow/example_dags/example_complex.py
[2022-03-26 00:35:52,872] {scheduler_job.py:629} INFO - Processing file /home/airflow/.local/lib/python3.6/site-packages/airflow/example_dags/example_complex.py for tasks to queue
[2022-03-26 00:35:52,878] {logging_mixin.py:104} INFO - [2022-03-26 00:35:52,878] {dagbag.py:448} INFO - Filling up the DagBag from /home/airflow/.local/lib/python3.6/site-packages/airflow/example_dags/example_complex.py
[2022-03-26 00:35:53,134] {scheduler_job.py:639} INFO - DAG(s) dict_keys(['example_complex']) retrieved from /home/airflow/.local/lib/python3.6/site-packages/airflow/example_dags/example_complex.py
[2022-03-26 00:35:53,394] {logging_mixin.py:104} INFO - [2022-03-26 00:35:53,392] {dag.py:1818} INFO - Sync 1 DAGs
[2022-03-26 00:35:53,500] {logging_mixin.py:104} INFO - [2022-03-26 00:35:53,499] {dag.py:1837} INFO - Creating ORM DAG for example_complex
[2022-03-26 00:35:53,548] {logging_mixin.py:104} INFO - [2022-03-26 00:35:53,548] {dag.py:2273} INFO - Setting next_dagrun for example_complex to None
[2022-03-26 00:35:53,810] {scheduler_job.py:190} INFO - Processing /home/airflow/.local/lib/python3.6/site-packages/airflow/example_dags/example_complex.py took 1.027 seconds
[2022-03-26 00:36:24,151] {scheduler_job.py:182} INFO - Started process (PID=63) to work on /home/airflow/.local/lib/python3.6/site-packages/airflow/example_dags/example_complex.py
[2022-03-26 00:36:24,162] {scheduler_job.py:629} INFO - Processing file /home/airflow/.local/lib/python3.6/site-packages/airflow/example_dags/example_complex.py for tasks to queue
[2022-03-26 00:36:24,175] {logging_mixin.py:104} INFO - [2022-03-26 00:36:24,173] {dagbag.py:448} INFO - Filling up the DagBag from /home/airflow/.local/lib/python3.6/site-packages/airflow/example_dags/example_complex.py
[2022-03-26 00:36:24,313] {scheduler_job.py:639} INFO - DAG(s) dict_keys(['example_complex']) retrieved from /home/airflow/.local/lib/python3.6/site-packages/airflow/example_dags/example_complex.py
[2022-03-26 00:36:24,405] {logging_mixin.py:104} INFO - [2022-03-26 00:36:24,405] {dag.py:1818} INFO - Sync 1 DAGs
[2022-03-26 00:36:24,468] {logging_mixin.py:104} INFO - [2022-03-26 00:36:24,468] {dag.py:2273} INFO - Setting next_dagrun for example_complex to None
[2022-03-26 00:36:24,513] {scheduler_job.py:190} INFO - Processing /home/airflow/.local/lib/python3.6/site-packages/airflow/example_dags/example_complex.py took 0.389 seconds
[2022-03-26 00:36:54,745] {scheduler_job.py:182} INFO - Started process (PID=87) to work on /home/airflow/.local/lib/python3.6/site-packages/airflow/example_dags/example_complex.py
[2022-03-26 00:36:54,752] {scheduler_job.py:629} INFO - Processing file /home/airflow/.local/lib/python3.6/site-packages/airflow/example_dags/example_complex.py for tasks to queue
[2022-03-26 00:36:54,763] {logging_mixin.py:104} INFO - [2022-03-26 00:36:54,759] {dagbag.py:448} INFO - Filling up the DagBag from /home/airflow/.local/lib/python3.6/site-packages/airflow/example_dags/example_complex.py
[2022-03-26 00:36:54,884] {scheduler_job.py:639} INFO - DAG(s) dict_keys(['example_complex']) retrieved from /home/airflow/.local/lib/python3.6/site-packages/airflow/example_dags/example_complex.py
[2022-03-26 00:36:55,108] {logging_mixin.py:104} INFO - [2022-03-26 00:36:55,107] {dag.py:1818} INFO - Sync 1 DAGs
[2022-03-26 00:36:55,202] {logging_mixin.py:104} INFO - [2022-03-26 00:36:55,202] {dag.py:2273} INFO - Setting next_dagrun for example_complex to None
[2022-03-26 00:36:55,264] {scheduler_job.py:190} INFO - Processing /home/airflow/.local/lib/python3.6/site-packages/airflow/example_dags/example_complex.py took 0.551 seconds
[2022-03-26 00:37:25,447] {scheduler_job.py:182} INFO - Started process (PID=113) to work on /home/airflow/.local/lib/python3.6/site-packages/airflow/example_dags/example_complex.py
[2022-03-26 00:37:25,451] {scheduler_job.py:629} INFO - Processing file /home/airflow/.local/lib/python3.6/site-packages/airflow/example_dags/example_complex.py for tasks to queue
[2022-03-26 00:37:25,458] {logging_mixin.py:104} INFO - [2022-03-26 00:37:25,457] {dagbag.py:448} INFO - Filling up the DagBag from /home/airflow/.local/lib/python3.6/site-packages/airflow/example_dags/example_complex.py
[2022-03-26 00:37:25,529] {scheduler_job.py:639} INFO - DAG(s) dict_keys(['example_complex']) retrieved from /home/airflow/.local/lib/python3.6/site-packages/airflow/example_dags/example_complex.py
[2022-03-26 00:37:25,589] {logging_mixin.py:104} INFO - [2022-03-26 00:37:25,589] {dag.py:1818} INFO - Sync 1 DAGs
[2022-03-26 00:37:25,659] {logging_mixin.py:104} INFO - [2022-03-26 00:37:25,659] {dag.py:2273} INFO - Setting next_dagrun for example_complex to None
[2022-03-26 00:37:25,690] {scheduler_job.py:190} INFO - Processing /home/airflow/.local/lib/python3.6/site-packages/airflow/example_dags/example_complex.py took 0.260 seconds
[2022-03-26 00:37:57,086] {scheduler_job.py:182} INFO - Started process (PID=139) to work on /home/airflow/.local/lib/python3.6/site-packages/airflow/example_dags/example_complex.py
[2022-03-26 00:37:57,091] {scheduler_job.py:629} INFO - Processing file /home/airflow/.local/lib/python3.6/site-packages/airflow/example_dags/example_complex.py for tasks to queue
[2022-03-26 00:37:57,105] {logging_mixin.py:104} INFO - [2022-03-26 00:37:57,104] {dagbag.py:448} INFO - Filling up the DagBag from /home/airflow/.local/lib/python3.6/site-packages/airflow/example_dags/example_complex.py
[2022-03-26 00:37:57,269] {scheduler_job.py:639} INFO - DAG(s) dict_keys(['example_complex']) retrieved from /home/airflow/.local/lib/python3.6/site-packages/airflow/example_dags/example_complex.py
[2022-03-26 00:37:57,445] {logging_mixin.py:104} INFO - [2022-03-26 00:37:57,445] {dag.py:1818} INFO - Sync 1 DAGs
[2022-03-26 00:37:57,500] {logging_mixin.py:104} INFO - [2022-03-26 00:37:57,500] {dag.py:2273} INFO - Setting next_dagrun for example_complex to None
[2022-03-26 00:37:57,539] {scheduler_job.py:190} INFO - Processing /home/airflow/.local/lib/python3.6/site-packages/airflow/example_dags/example_complex.py took 0.479 seconds
[2022-03-26 00:38:29,032] {scheduler_job.py:182} INFO - Started process (PID=165) to work on /home/airflow/.local/lib/python3.6/site-packages/airflow/example_dags/example_complex.py
[2022-03-26 00:38:29,111] {scheduler_job.py:629} INFO - Processing file /home/airflow/.local/lib/python3.6/site-packages/airflow/example_dags/example_complex.py for tasks to queue
[2022-03-26 00:38:29,125] {logging_mixin.py:104} INFO - [2022-03-26 00:38:29,125] {dagbag.py:448} INFO - Filling up the DagBag from /home/airflow/.local/lib/python3.6/site-packages/airflow/example_dags/example_complex.py
[2022-03-26 00:38:29,579] {scheduler_job.py:639} INFO - DAG(s) dict_keys(['example_complex']) retrieved from /home/airflow/.local/lib/python3.6/site-packages/airflow/example_dags/example_complex.py
[2022-03-26 00:38:30,189] {logging_mixin.py:104} INFO - [2022-03-26 00:38:30,188] {dag.py:1818} INFO - Sync 1 DAGs
[2022-03-26 00:38:31,019] {logging_mixin.py:104} INFO - [2022-03-26 00:38:31,019] {dag.py:2273} INFO - Setting next_dagrun for example_complex to None
[2022-03-26 00:38:31,583] {scheduler_job.py:190} INFO - Processing /home/airflow/.local/lib/python3.6/site-packages/airflow/example_dags/example_complex.py took 2.566 seconds
[2022-03-26 00:39:02,740] {scheduler_job.py:182} INFO - Started process (PID=192) to work on /home/airflow/.local/lib/python3.6/site-packages/airflow/example_dags/example_complex.py
[2022-03-26 00:39:02,745] {scheduler_job.py:629} INFO - Processing file /home/airflow/.local/lib/python3.6/site-packages/airflow/example_dags/example_complex.py for tasks to queue
[2022-03-26 00:39:02,748] {logging_mixin.py:104} INFO - [2022-03-26 00:39:02,748] {dagbag.py:448} INFO - Filling up the DagBag from /home/airflow/.local/lib/python3.6/site-packages/airflow/example_dags/example_complex.py
[2022-03-26 00:39:02,859] {scheduler_job.py:639} INFO - DAG(s) dict_keys(['example_complex']) retrieved from /home/airflow/.local/lib/python3.6/site-packages/airflow/example_dags/example_complex.py
[2022-03-26 00:39:02,993] {logging_mixin.py:104} INFO - [2022-03-26 00:39:02,993] {dag.py:1818} INFO - Sync 1 DAGs
[2022-03-26 00:39:03,073] {logging_mixin.py:104} INFO - [2022-03-26 00:39:03,073] {dag.py:2273} INFO - Setting next_dagrun for example_complex to None
[2022-03-26 00:39:03,117] {scheduler_job.py:190} INFO - Processing /home/airflow/.local/lib/python3.6/site-packages/airflow/example_dags/example_complex.py took 0.389 seconds
[2022-03-26 00:39:34,022] {scheduler_job.py:182} INFO - Started process (PID=218) to work on /home/airflow/.local/lib/python3.6/site-packages/airflow/example_dags/example_complex.py
[2022-03-26 00:39:34,026] {scheduler_job.py:629} INFO - Processing file /home/airflow/.local/lib/python3.6/site-packages/airflow/example_dags/example_complex.py for tasks to queue
[2022-03-26 00:39:34,030] {logging_mixin.py:104} INFO - [2022-03-26 00:39:34,029] {dagbag.py:448} INFO - Filling up the DagBag from /home/airflow/.local/lib/python3.6/site-packages/airflow/example_dags/example_complex.py
[2022-03-26 00:39:34,139] {scheduler_job.py:639} INFO - DAG(s) dict_keys(['example_complex']) retrieved from /home/airflow/.local/lib/python3.6/site-packages/airflow/example_dags/example_complex.py
[2022-03-26 00:39:34,275] {logging_mixin.py:104} INFO - [2022-03-26 00:39:34,275] {dag.py:1818} INFO - Sync 1 DAGs
[2022-03-26 00:39:34,318] {logging_mixin.py:104} INFO - [2022-03-26 00:39:34,318] {dag.py:2273} INFO - Setting next_dagrun for example_complex to None
[2022-03-26 00:39:34,370] {scheduler_job.py:190} INFO - Processing /home/airflow/.local/lib/python3.6/site-packages/airflow/example_dags/example_complex.py took 0.374 seconds
[2022-03-26 00:40:04,693] {scheduler_job.py:182} INFO - Started process (PID=244) to work on /home/airflow/.local/lib/python3.6/site-packages/airflow/example_dags/example_complex.py
[2022-03-26 00:40:04,706] {scheduler_job.py:629} INFO - Processing file /home/airflow/.local/lib/python3.6/site-packages/airflow/example_dags/example_complex.py for tasks to queue
[2022-03-26 00:40:04,721] {logging_mixin.py:104} INFO - [2022-03-26 00:40:04,721] {dagbag.py:448} INFO - Filling up the DagBag from /home/airflow/.local/lib/python3.6/site-packages/airflow/example_dags/example_complex.py
[2022-03-26 00:40:04,928] {scheduler_job.py:639} INFO - DAG(s) dict_keys(['example_complex']) retrieved from /home/airflow/.local/lib/python3.6/site-packages/airflow/example_dags/example_complex.py
[2022-03-26 00:40:05,257] {logging_mixin.py:104} INFO - [2022-03-26 00:40:05,256] {dag.py:1818} INFO - Sync 1 DAGs
[2022-03-26 00:40:05,453] {logging_mixin.py:104} INFO - [2022-03-26 00:40:05,452] {dag.py:2273} INFO - Setting next_dagrun for example_complex to None
[2022-03-26 00:40:05,577] {scheduler_job.py:190} INFO - Processing /home/airflow/.local/lib/python3.6/site-packages/airflow/example_dags/example_complex.py took 0.902 seconds
[2022-03-26 00:40:36,416] {scheduler_job.py:182} INFO - Started process (PID=270) to work on /home/airflow/.local/lib/python3.6/site-packages/airflow/example_dags/example_complex.py
[2022-03-26 00:40:36,423] {scheduler_job.py:629} INFO - Processing file /home/airflow/.local/lib/python3.6/site-packages/airflow/example_dags/example_complex.py for tasks to queue
[2022-03-26 00:40:36,430] {logging_mixin.py:104} INFO - [2022-03-26 00:40:36,429] {dagbag.py:448} INFO - Filling up the DagBag from /home/airflow/.local/lib/python3.6/site-packages/airflow/example_dags/example_complex.py
[2022-03-26 00:40:36,497] {scheduler_job.py:639} INFO - DAG(s) dict_keys(['example_complex']) retrieved from /home/airflow/.local/lib/python3.6/site-packages/airflow/example_dags/example_complex.py
[2022-03-26 00:40:36,569] {logging_mixin.py:104} INFO - [2022-03-26 00:40:36,569] {dag.py:1818} INFO - Sync 1 DAGs
[2022-03-26 00:40:36,642] {logging_mixin.py:104} INFO - [2022-03-26 00:40:36,642] {dag.py:2273} INFO - Setting next_dagrun for example_complex to None
[2022-03-26 00:40:36,731] {scheduler_job.py:190} INFO - Processing /home/airflow/.local/lib/python3.6/site-packages/airflow/example_dags/example_complex.py took 0.333 seconds
[2022-03-26 00:41:06,841] {scheduler_job.py:182} INFO - Started process (PID=296) to work on /home/airflow/.local/lib/python3.6/site-packages/airflow/example_dags/example_complex.py
[2022-03-26 00:41:06,848] {scheduler_job.py:629} INFO - Processing file /home/airflow/.local/lib/python3.6/site-packages/airflow/example_dags/example_complex.py for tasks to queue
[2022-03-26 00:41:06,853] {logging_mixin.py:104} INFO - [2022-03-26 00:41:06,852] {dagbag.py:448} INFO - Filling up the DagBag from /home/airflow/.local/lib/python3.6/site-packages/airflow/example_dags/example_complex.py
[2022-03-26 00:41:06,900] {scheduler_job.py:639} INFO - DAG(s) dict_keys(['example_complex']) retrieved from /home/airflow/.local/lib/python3.6/site-packages/airflow/example_dags/example_complex.py
[2022-03-26 00:41:06,958] {logging_mixin.py:104} INFO - [2022-03-26 00:41:06,958] {dag.py:1818} INFO - Sync 1 DAGs
[2022-03-26 00:41:07,002] {logging_mixin.py:104} INFO - [2022-03-26 00:41:07,001] {dag.py:2273} INFO - Setting next_dagrun for example_complex to None
[2022-03-26 00:41:07,030] {scheduler_job.py:190} INFO - Processing /home/airflow/.local/lib/python3.6/site-packages/airflow/example_dags/example_complex.py took 0.201 seconds
[2022-03-26 00:41:37,861] {scheduler_job.py:182} INFO - Started process (PID=322) to work on /home/airflow/.local/lib/python3.6/site-packages/airflow/example_dags/example_complex.py
[2022-03-26 00:41:37,878] {scheduler_job.py:629} INFO - Processing file /home/airflow/.local/lib/python3.6/site-packages/airflow/example_dags/example_complex.py for tasks to queue
[2022-03-26 00:41:37,887] {logging_mixin.py:104} INFO - [2022-03-26 00:41:37,886] {dagbag.py:448} INFO - Filling up the DagBag from /home/airflow/.local/lib/python3.6/site-packages/airflow/example_dags/example_complex.py
[2022-03-26 00:41:37,999] {scheduler_job.py:639} INFO - DAG(s) dict_keys(['example_complex']) retrieved from /home/airflow/.local/lib/python3.6/site-packages/airflow/example_dags/example_complex.py
[2022-03-26 00:41:38,092] {logging_mixin.py:104} INFO - [2022-03-26 00:41:38,092] {dag.py:1818} INFO - Sync 1 DAGs
[2022-03-26 00:41:38,168] {logging_mixin.py:104} INFO - [2022-03-26 00:41:38,167] {dag.py:2273} INFO - Setting next_dagrun for example_complex to None
[2022-03-26 00:41:38,223] {scheduler_job.py:190} INFO - Processing /home/airflow/.local/lib/python3.6/site-packages/airflow/example_dags/example_complex.py took 0.394 seconds
[2022-03-26 00:42:08,387] {scheduler_job.py:182} INFO - Started process (PID=348) to work on /home/airflow/.local/lib/python3.6/site-packages/airflow/example_dags/example_complex.py
[2022-03-26 00:42:08,393] {scheduler_job.py:629} INFO - Processing file /home/airflow/.local/lib/python3.6/site-packages/airflow/example_dags/example_complex.py for tasks to queue
[2022-03-26 00:42:08,409] {logging_mixin.py:104} INFO - [2022-03-26 00:42:08,408] {dagbag.py:448} INFO - Filling up the DagBag from /home/airflow/.local/lib/python3.6/site-packages/airflow/example_dags/example_complex.py
[2022-03-26 00:42:08,509] {scheduler_job.py:639} INFO - DAG(s) dict_keys(['example_complex']) retrieved from /home/airflow/.local/lib/python3.6/site-packages/airflow/example_dags/example_complex.py
[2022-03-26 00:42:08,625] {logging_mixin.py:104} INFO - [2022-03-26 00:42:08,625] {dag.py:1818} INFO - Sync 1 DAGs
[2022-03-26 00:42:08,703] {logging_mixin.py:104} INFO - [2022-03-26 00:42:08,703] {dag.py:2273} INFO - Setting next_dagrun for example_complex to None
[2022-03-26 00:42:08,750] {scheduler_job.py:190} INFO - Processing /home/airflow/.local/lib/python3.6/site-packages/airflow/example_dags/example_complex.py took 0.390 seconds
[2022-03-26 00:42:38,960] {scheduler_job.py:182} INFO - Started process (PID=374) to work on /home/airflow/.local/lib/python3.6/site-packages/airflow/example_dags/example_complex.py
[2022-03-26 00:42:38,982] {scheduler_job.py:629} INFO - Processing file /home/airflow/.local/lib/python3.6/site-packages/airflow/example_dags/example_complex.py for tasks to queue
[2022-03-26 00:42:38,990] {logging_mixin.py:104} INFO - [2022-03-26 00:42:38,989] {dagbag.py:448} INFO - Filling up the DagBag from /home/airflow/.local/lib/python3.6/site-packages/airflow/example_dags/example_complex.py
[2022-03-26 00:42:39,164] {scheduler_job.py:639} INFO - DAG(s) dict_keys(['example_complex']) retrieved from /home/airflow/.local/lib/python3.6/site-packages/airflow/example_dags/example_complex.py
[2022-03-26 00:42:39,366] {logging_mixin.py:104} INFO - [2022-03-26 00:42:39,366] {dag.py:1818} INFO - Sync 1 DAGs
[2022-03-26 00:42:39,446] {logging_mixin.py:104} INFO - [2022-03-26 00:42:39,446] {dag.py:2273} INFO - Setting next_dagrun for example_complex to None
[2022-03-26 00:42:39,541] {scheduler_job.py:190} INFO - Processing /home/airflow/.local/lib/python3.6/site-packages/airflow/example_dags/example_complex.py took 0.596 seconds
[2022-03-26 00:43:10,189] {scheduler_job.py:182} INFO - Started process (PID=400) to work on /home/airflow/.local/lib/python3.6/site-packages/airflow/example_dags/example_complex.py
[2022-03-26 00:43:10,210] {scheduler_job.py:629} INFO - Processing file /home/airflow/.local/lib/python3.6/site-packages/airflow/example_dags/example_complex.py for tasks to queue
[2022-03-26 00:43:10,215] {logging_mixin.py:104} INFO - [2022-03-26 00:43:10,214] {dagbag.py:448} INFO - Filling up the DagBag from /home/airflow/.local/lib/python3.6/site-packages/airflow/example_dags/example_complex.py
[2022-03-26 00:43:10,302] {scheduler_job.py:639} INFO - DAG(s) dict_keys(['example_complex']) retrieved from /home/airflow/.local/lib/python3.6/site-packages/airflow/example_dags/example_complex.py
[2022-03-26 00:43:10,393] {logging_mixin.py:104} INFO - [2022-03-26 00:43:10,393] {dag.py:1818} INFO - Sync 1 DAGs
[2022-03-26 00:43:10,462] {logging_mixin.py:104} INFO - [2022-03-26 00:43:10,462] {dag.py:2273} INFO - Setting next_dagrun for example_complex to None
[2022-03-26 00:43:10,503] {scheduler_job.py:190} INFO - Processing /home/airflow/.local/lib/python3.6/site-packages/airflow/example_dags/example_complex.py took 0.349 seconds
[2022-03-26 00:43:41,265] {scheduler_job.py:182} INFO - Started process (PID=426) to work on /home/airflow/.local/lib/python3.6/site-packages/airflow/example_dags/example_complex.py
[2022-03-26 00:43:41,290] {scheduler_job.py:629} INFO - Processing file /home/airflow/.local/lib/python3.6/site-packages/airflow/example_dags/example_complex.py for tasks to queue
[2022-03-26 00:43:41,303] {logging_mixin.py:104} INFO - [2022-03-26 00:43:41,300] {dagbag.py:448} INFO - Filling up the DagBag from /home/airflow/.local/lib/python3.6/site-packages/airflow/example_dags/example_complex.py
[2022-03-26 00:43:41,413] {scheduler_job.py:639} INFO - DAG(s) dict_keys(['example_complex']) retrieved from /home/airflow/.local/lib/python3.6/site-packages/airflow/example_dags/example_complex.py
[2022-03-26 00:43:41,546] {logging_mixin.py:104} INFO - [2022-03-26 00:43:41,545] {dag.py:1818} INFO - Sync 1 DAGs
[2022-03-26 00:43:41,612] {logging_mixin.py:104} INFO - [2022-03-26 00:43:41,609] {dag.py:2273} INFO - Setting next_dagrun for example_complex to None
[2022-03-26 00:43:41,647] {scheduler_job.py:190} INFO - Processing /home/airflow/.local/lib/python3.6/site-packages/airflow/example_dags/example_complex.py took 0.400 seconds
[2022-03-26 00:44:11,730] {scheduler_job.py:182} INFO - Started process (PID=452) to work on /home/airflow/.local/lib/python3.6/site-packages/airflow/example_dags/example_complex.py
[2022-03-26 00:44:11,743] {scheduler_job.py:629} INFO - Processing file /home/airflow/.local/lib/python3.6/site-packages/airflow/example_dags/example_complex.py for tasks to queue
[2022-03-26 00:44:11,752] {logging_mixin.py:104} INFO - [2022-03-26 00:44:11,751] {dagbag.py:448} INFO - Filling up the DagBag from /home/airflow/.local/lib/python3.6/site-packages/airflow/example_dags/example_complex.py
[2022-03-26 00:44:11,808] {scheduler_job.py:639} INFO - DAG(s) dict_keys(['example_complex']) retrieved from /home/airflow/.local/lib/python3.6/site-packages/airflow/example_dags/example_complex.py
[2022-03-26 00:44:11,889] {logging_mixin.py:104} INFO - [2022-03-26 00:44:11,889] {dag.py:1818} INFO - Sync 1 DAGs
[2022-03-26 00:44:11,932] {logging_mixin.py:104} INFO - [2022-03-26 00:44:11,932] {dag.py:2273} INFO - Setting next_dagrun for example_complex to None
[2022-03-26 00:44:11,962] {scheduler_job.py:190} INFO - Processing /home/airflow/.local/lib/python3.6/site-packages/airflow/example_dags/example_complex.py took 0.246 seconds
[2022-03-26 00:44:42,109] {scheduler_job.py:182} INFO - Started process (PID=478) to work on /home/airflow/.local/lib/python3.6/site-packages/airflow/example_dags/example_complex.py
[2022-03-26 00:44:42,113] {scheduler_job.py:629} INFO - Processing file /home/airflow/.local/lib/python3.6/site-packages/airflow/example_dags/example_complex.py for tasks to queue
[2022-03-26 00:44:42,117] {logging_mixin.py:104} INFO - [2022-03-26 00:44:42,117] {dagbag.py:448} INFO - Filling up the DagBag from /home/airflow/.local/lib/python3.6/site-packages/airflow/example_dags/example_complex.py
[2022-03-26 00:44:42,164] {scheduler_job.py:639} INFO - DAG(s) dict_keys(['example_complex']) retrieved from /home/airflow/.local/lib/python3.6/site-packages/airflow/example_dags/example_complex.py
[2022-03-26 00:44:42,246] {logging_mixin.py:104} INFO - [2022-03-26 00:44:42,246] {dag.py:1818} INFO - Sync 1 DAGs
[2022-03-26 00:44:42,282] {logging_mixin.py:104} INFO - [2022-03-26 00:44:42,282] {dag.py:2273} INFO - Setting next_dagrun for example_complex to None
[2022-03-26 00:44:42,310] {scheduler_job.py:190} INFO - Processing /home/airflow/.local/lib/python3.6/site-packages/airflow/example_dags/example_complex.py took 0.214 seconds
[2022-03-26 00:45:13,181] {scheduler_job.py:182} INFO - Started process (PID=504) to work on /home/airflow/.local/lib/python3.6/site-packages/airflow/example_dags/example_complex.py
[2022-03-26 00:45:13,211] {scheduler_job.py:629} INFO - Processing file /home/airflow/.local/lib/python3.6/site-packages/airflow/example_dags/example_complex.py for tasks to queue
[2022-03-26 00:45:13,228] {logging_mixin.py:104} INFO - [2022-03-26 00:45:13,228] {dagbag.py:448} INFO - Filling up the DagBag from /home/airflow/.local/lib/python3.6/site-packages/airflow/example_dags/example_complex.py
[2022-03-26 00:45:13,391] {scheduler_job.py:639} INFO - DAG(s) dict_keys(['example_complex']) retrieved from /home/airflow/.local/lib/python3.6/site-packages/airflow/example_dags/example_complex.py
[2022-03-26 00:45:13,517] {logging_mixin.py:104} INFO - [2022-03-26 00:45:13,517] {dag.py:1818} INFO - Sync 1 DAGs
[2022-03-26 00:45:13,646] {logging_mixin.py:104} INFO - [2022-03-26 00:45:13,645] {dag.py:2273} INFO - Setting next_dagrun for example_complex to None
[2022-03-26 00:45:13,729] {scheduler_job.py:190} INFO - Processing /home/airflow/.local/lib/python3.6/site-packages/airflow/example_dags/example_complex.py took 0.607 seconds
[2022-03-26 00:45:45,715] {scheduler_job.py:182} INFO - Started process (PID=529) to work on /home/airflow/.local/lib/python3.6/site-packages/airflow/example_dags/example_complex.py
[2022-03-26 00:45:45,734] {scheduler_job.py:629} INFO - Processing file /home/airflow/.local/lib/python3.6/site-packages/airflow/example_dags/example_complex.py for tasks to queue
[2022-03-26 00:45:45,747] {logging_mixin.py:104} INFO - [2022-03-26 00:45:45,747] {dagbag.py:448} INFO - Filling up the DagBag from /home/airflow/.local/lib/python3.6/site-packages/airflow/example_dags/example_complex.py
[2022-03-26 00:45:46,026] {scheduler_job.py:639} INFO - DAG(s) dict_keys(['example_complex']) retrieved from /home/airflow/.local/lib/python3.6/site-packages/airflow/example_dags/example_complex.py
[2022-03-26 00:45:46,427] {logging_mixin.py:104} INFO - [2022-03-26 00:45:46,423] {dag.py:1818} INFO - Sync 1 DAGs
[2022-03-26 00:45:46,698] {logging_mixin.py:104} INFO - [2022-03-26 00:45:46,698] {dag.py:2273} INFO - Setting next_dagrun for example_complex to None
[2022-03-26 00:45:46,907] {scheduler_job.py:190} INFO - Processing /home/airflow/.local/lib/python3.6/site-packages/airflow/example_dags/example_complex.py took 1.266 seconds
[2022-03-26 00:46:17,696] {scheduler_job.py:182} INFO - Started process (PID=555) to work on /home/airflow/.local/lib/python3.6/site-packages/airflow/example_dags/example_complex.py
[2022-03-26 00:46:17,704] {scheduler_job.py:629} INFO - Processing file /home/airflow/.local/lib/python3.6/site-packages/airflow/example_dags/example_complex.py for tasks to queue
[2022-03-26 00:46:17,707] {logging_mixin.py:104} INFO - [2022-03-26 00:46:17,706] {dagbag.py:448} INFO - Filling up the DagBag from /home/airflow/.local/lib/python3.6/site-packages/airflow/example_dags/example_complex.py
[2022-03-26 00:46:17,752] {scheduler_job.py:639} INFO - DAG(s) dict_keys(['example_complex']) retrieved from /home/airflow/.local/lib/python3.6/site-packages/airflow/example_dags/example_complex.py
[2022-03-26 00:46:17,816] {logging_mixin.py:104} INFO - [2022-03-26 00:46:17,816] {dag.py:1818} INFO - Sync 1 DAGs
[2022-03-26 00:46:17,850] {logging_mixin.py:104} INFO - [2022-03-26 00:46:17,850] {dag.py:2273} INFO - Setting next_dagrun for example_complex to None
[2022-03-26 00:46:17,876] {scheduler_job.py:190} INFO - Processing /home/airflow/.local/lib/python3.6/site-packages/airflow/example_dags/example_complex.py took 0.191 seconds
[2022-03-26 00:46:48,723] {scheduler_job.py:182} INFO - Started process (PID=581) to work on /home/airflow/.local/lib/python3.6/site-packages/airflow/example_dags/example_complex.py
[2022-03-26 00:46:48,730] {scheduler_job.py:629} INFO - Processing file /home/airflow/.local/lib/python3.6/site-packages/airflow/example_dags/example_complex.py for tasks to queue
[2022-03-26 00:46:48,733] {logging_mixin.py:104} INFO - [2022-03-26 00:46:48,733] {dagbag.py:448} INFO - Filling up the DagBag from /home/airflow/.local/lib/python3.6/site-packages/airflow/example_dags/example_complex.py
[2022-03-26 00:46:48,771] {scheduler_job.py:639} INFO - DAG(s) dict_keys(['example_complex']) retrieved from /home/airflow/.local/lib/python3.6/site-packages/airflow/example_dags/example_complex.py
[2022-03-26 00:46:48,816] {logging_mixin.py:104} INFO - [2022-03-26 00:46:48,816] {dag.py:1818} INFO - Sync 1 DAGs
[2022-03-26 00:46:48,847] {logging_mixin.py:104} INFO - [2022-03-26 00:46:48,847] {dag.py:2273} INFO - Setting next_dagrun for example_complex to None
[2022-03-26 00:46:48,868] {scheduler_job.py:190} INFO - Processing /home/airflow/.local/lib/python3.6/site-packages/airflow/example_dags/example_complex.py took 0.153 seconds
[2022-03-26 00:47:19,017] {scheduler_job.py:182} INFO - Started process (PID=607) to work on /home/airflow/.local/lib/python3.6/site-packages/airflow/example_dags/example_complex.py
[2022-03-26 00:47:19,023] {scheduler_job.py:629} INFO - Processing file /home/airflow/.local/lib/python3.6/site-packages/airflow/example_dags/example_complex.py for tasks to queue
[2022-03-26 00:47:19,026] {logging_mixin.py:104} INFO - [2022-03-26 00:47:19,025] {dagbag.py:448} INFO - Filling up the DagBag from /home/airflow/.local/lib/python3.6/site-packages/airflow/example_dags/example_complex.py
[2022-03-26 00:47:19,061] {scheduler_job.py:639} INFO - DAG(s) dict_keys(['example_complex']) retrieved from /home/airflow/.local/lib/python3.6/site-packages/airflow/example_dags/example_complex.py
[2022-03-26 00:47:19,109] {logging_mixin.py:104} INFO - [2022-03-26 00:47:19,109] {dag.py:1818} INFO - Sync 1 DAGs
[2022-03-26 00:47:19,137] {logging_mixin.py:104} INFO - [2022-03-26 00:47:19,137] {dag.py:2273} INFO - Setting next_dagrun for example_complex to None
[2022-03-26 00:47:19,158] {scheduler_job.py:190} INFO - Processing /home/airflow/.local/lib/python3.6/site-packages/airflow/example_dags/example_complex.py took 0.149 seconds
[2022-03-26 00:47:50,130] {scheduler_job.py:182} INFO - Started process (PID=633) to work on /home/airflow/.local/lib/python3.6/site-packages/airflow/example_dags/example_complex.py
[2022-03-26 00:47:50,134] {scheduler_job.py:629} INFO - Processing file /home/airflow/.local/lib/python3.6/site-packages/airflow/example_dags/example_complex.py for tasks to queue
[2022-03-26 00:47:50,136] {logging_mixin.py:104} INFO - [2022-03-26 00:47:50,136] {dagbag.py:448} INFO - Filling up the DagBag from /home/airflow/.local/lib/python3.6/site-packages/airflow/example_dags/example_complex.py
[2022-03-26 00:47:50,172] {scheduler_job.py:639} INFO - DAG(s) dict_keys(['example_complex']) retrieved from /home/airflow/.local/lib/python3.6/site-packages/airflow/example_dags/example_complex.py
[2022-03-26 00:47:50,220] {logging_mixin.py:104} INFO - [2022-03-26 00:47:50,220] {dag.py:1818} INFO - Sync 1 DAGs
[2022-03-26 00:47:50,246] {logging_mixin.py:104} INFO - [2022-03-26 00:47:50,246] {dag.py:2273} INFO - Setting next_dagrun for example_complex to None
[2022-03-26 00:47:50,268] {scheduler_job.py:190} INFO - Processing /home/airflow/.local/lib/python3.6/site-packages/airflow/example_dags/example_complex.py took 0.144 seconds
[2022-03-26 00:48:20,572] {scheduler_job.py:182} INFO - Started process (PID=659) to work on /home/airflow/.local/lib/python3.6/site-packages/airflow/example_dags/example_complex.py
[2022-03-26 00:48:20,575] {scheduler_job.py:629} INFO - Processing file /home/airflow/.local/lib/python3.6/site-packages/airflow/example_dags/example_complex.py for tasks to queue
[2022-03-26 00:48:20,577] {logging_mixin.py:104} INFO - [2022-03-26 00:48:20,577] {dagbag.py:448} INFO - Filling up the DagBag from /home/airflow/.local/lib/python3.6/site-packages/airflow/example_dags/example_complex.py
[2022-03-26 00:48:20,597] {scheduler_job.py:639} INFO - DAG(s) dict_keys(['example_complex']) retrieved from /home/airflow/.local/lib/python3.6/site-packages/airflow/example_dags/example_complex.py
[2022-03-26 00:48:20,650] {logging_mixin.py:104} INFO - [2022-03-26 00:48:20,650] {dag.py:1818} INFO - Sync 1 DAGs
[2022-03-26 00:48:20,675] {logging_mixin.py:104} INFO - [2022-03-26 00:48:20,675] {dag.py:2273} INFO - Setting next_dagrun for example_complex to None
[2022-03-26 00:48:20,697] {scheduler_job.py:190} INFO - Processing /home/airflow/.local/lib/python3.6/site-packages/airflow/example_dags/example_complex.py took 0.157 seconds
[2022-03-26 00:48:50,979] {scheduler_job.py:182} INFO - Started process (PID=685) to work on /home/airflow/.local/lib/python3.6/site-packages/airflow/example_dags/example_complex.py
[2022-03-26 00:48:50,983] {scheduler_job.py:629} INFO - Processing file /home/airflow/.local/lib/python3.6/site-packages/airflow/example_dags/example_complex.py for tasks to queue
[2022-03-26 00:48:50,986] {logging_mixin.py:104} INFO - [2022-03-26 00:48:50,986] {dagbag.py:448} INFO - Filling up the DagBag from /home/airflow/.local/lib/python3.6/site-packages/airflow/example_dags/example_complex.py
[2022-03-26 00:48:51,024] {scheduler_job.py:639} INFO - DAG(s) dict_keys(['example_complex']) retrieved from /home/airflow/.local/lib/python3.6/site-packages/airflow/example_dags/example_complex.py
[2022-03-26 00:48:51,077] {logging_mixin.py:104} INFO - [2022-03-26 00:48:51,076] {dag.py:1818} INFO - Sync 1 DAGs
[2022-03-26 00:48:51,109] {logging_mixin.py:104} INFO - [2022-03-26 00:48:51,109] {dag.py:2273} INFO - Setting next_dagrun for example_complex to None
[2022-03-26 00:48:51,132] {scheduler_job.py:190} INFO - Processing /home/airflow/.local/lib/python3.6/site-packages/airflow/example_dags/example_complex.py took 0.163 seconds
[2022-03-26 00:49:21,568] {scheduler_job.py:182} INFO - Started process (PID=711) to work on /home/airflow/.local/lib/python3.6/site-packages/airflow/example_dags/example_complex.py
[2022-03-26 00:49:21,571] {scheduler_job.py:629} INFO - Processing file /home/airflow/.local/lib/python3.6/site-packages/airflow/example_dags/example_complex.py for tasks to queue
[2022-03-26 00:49:21,574] {logging_mixin.py:104} INFO - [2022-03-26 00:49:21,574] {dagbag.py:448} INFO - Filling up the DagBag from /home/airflow/.local/lib/python3.6/site-packages/airflow/example_dags/example_complex.py
[2022-03-26 00:49:21,611] {scheduler_job.py:639} INFO - DAG(s) dict_keys(['example_complex']) retrieved from /home/airflow/.local/lib/python3.6/site-packages/airflow/example_dags/example_complex.py
[2022-03-26 00:49:21,660] {logging_mixin.py:104} INFO - [2022-03-26 00:49:21,660] {dag.py:1818} INFO - Sync 1 DAGs
[2022-03-26 00:49:21,686] {logging_mixin.py:104} INFO - [2022-03-26 00:49:21,686] {dag.py:2273} INFO - Setting next_dagrun for example_complex to None
[2022-03-26 00:49:21,708] {scheduler_job.py:190} INFO - Processing /home/airflow/.local/lib/python3.6/site-packages/airflow/example_dags/example_complex.py took 0.151 seconds
[2022-03-26 00:49:52,446] {scheduler_job.py:182} INFO - Started process (PID=737) to work on /home/airflow/.local/lib/python3.6/site-packages/airflow/example_dags/example_complex.py
[2022-03-26 00:49:52,450] {scheduler_job.py:629} INFO - Processing file /home/airflow/.local/lib/python3.6/site-packages/airflow/example_dags/example_complex.py for tasks to queue
[2022-03-26 00:49:52,455] {logging_mixin.py:104} INFO - [2022-03-26 00:49:52,455] {dagbag.py:448} INFO - Filling up the DagBag from /home/airflow/.local/lib/python3.6/site-packages/airflow/example_dags/example_complex.py
[2022-03-26 00:49:52,506] {scheduler_job.py:639} INFO - DAG(s) dict_keys(['example_complex']) retrieved from /home/airflow/.local/lib/python3.6/site-packages/airflow/example_dags/example_complex.py
[2022-03-26 00:49:52,566] {logging_mixin.py:104} INFO - [2022-03-26 00:49:52,566] {dag.py:1818} INFO - Sync 1 DAGs
[2022-03-26 00:49:52,604] {logging_mixin.py:104} INFO - [2022-03-26 00:49:52,603] {dag.py:2273} INFO - Setting next_dagrun for example_complex to None
[2022-03-26 00:49:52,624] {scheduler_job.py:190} INFO - Processing /home/airflow/.local/lib/python3.6/site-packages/airflow/example_dags/example_complex.py took 0.192 seconds
[2022-03-26 00:50:23,369] {scheduler_job.py:182} INFO - Started process (PID=763) to work on /home/airflow/.local/lib/python3.6/site-packages/airflow/example_dags/example_complex.py
[2022-03-26 00:50:23,373] {scheduler_job.py:629} INFO - Processing file /home/airflow/.local/lib/python3.6/site-packages/airflow/example_dags/example_complex.py for tasks to queue
[2022-03-26 00:50:23,376] {logging_mixin.py:104} INFO - [2022-03-26 00:50:23,376] {dagbag.py:448} INFO - Filling up the DagBag from /home/airflow/.local/lib/python3.6/site-packages/airflow/example_dags/example_complex.py
[2022-03-26 00:50:23,418] {scheduler_job.py:639} INFO - DAG(s) dict_keys(['example_complex']) retrieved from /home/airflow/.local/lib/python3.6/site-packages/airflow/example_dags/example_complex.py
[2022-03-26 00:50:23,500] {logging_mixin.py:104} INFO - [2022-03-26 00:50:23,500] {dag.py:1818} INFO - Sync 1 DAGs
[2022-03-26 00:50:23,532] {logging_mixin.py:104} INFO - [2022-03-26 00:50:23,532] {dag.py:2273} INFO - Setting next_dagrun for example_complex to None
[2022-03-26 00:50:23,556] {scheduler_job.py:190} INFO - Processing /home/airflow/.local/lib/python3.6/site-packages/airflow/example_dags/example_complex.py took 0.196 seconds
[2022-03-26 00:50:54,320] {scheduler_job.py:182} INFO - Started process (PID=805) to work on /home/airflow/.local/lib/python3.6/site-packages/airflow/example_dags/example_complex.py
[2022-03-26 00:50:54,344] {scheduler_job.py:629} INFO - Processing file /home/airflow/.local/lib/python3.6/site-packages/airflow/example_dags/example_complex.py for tasks to queue
[2022-03-26 00:50:54,366] {logging_mixin.py:104} INFO - [2022-03-26 00:50:54,366] {dagbag.py:448} INFO - Filling up the DagBag from /home/airflow/.local/lib/python3.6/site-packages/airflow/example_dags/example_complex.py
[2022-03-26 00:50:54,660] {scheduler_job.py:639} INFO - DAG(s) dict_keys(['example_complex']) retrieved from /home/airflow/.local/lib/python3.6/site-packages/airflow/example_dags/example_complex.py
[2022-03-26 00:50:54,944] {logging_mixin.py:104} INFO - [2022-03-26 00:50:54,943] {dag.py:1818} INFO - Sync 1 DAGs
[2022-03-26 00:50:55,092] {logging_mixin.py:104} INFO - [2022-03-26 00:50:55,092] {dag.py:2273} INFO - Setting next_dagrun for example_complex to None
[2022-03-26 00:50:55,186] {scheduler_job.py:190} INFO - Processing /home/airflow/.local/lib/python3.6/site-packages/airflow/example_dags/example_complex.py took 0.943 seconds
[2022-03-26 00:51:25,591] {scheduler_job.py:182} INFO - Started process (PID=847) to work on /home/airflow/.local/lib/python3.6/site-packages/airflow/example_dags/example_complex.py
[2022-03-26 00:51:25,601] {scheduler_job.py:629} INFO - Processing file /home/airflow/.local/lib/python3.6/site-packages/airflow/example_dags/example_complex.py for tasks to queue
[2022-03-26 00:51:25,606] {logging_mixin.py:104} INFO - [2022-03-26 00:51:25,605] {dagbag.py:448} INFO - Filling up the DagBag from /home/airflow/.local/lib/python3.6/site-packages/airflow/example_dags/example_complex.py
[2022-03-26 00:51:25,664] {scheduler_job.py:639} INFO - DAG(s) dict_keys(['example_complex']) retrieved from /home/airflow/.local/lib/python3.6/site-packages/airflow/example_dags/example_complex.py
[2022-03-26 00:51:25,760] {logging_mixin.py:104} INFO - [2022-03-26 00:51:25,759] {dag.py:1818} INFO - Sync 1 DAGs
[2022-03-26 00:51:25,816] {logging_mixin.py:104} INFO - [2022-03-26 00:51:25,815] {dag.py:2273} INFO - Setting next_dagrun for example_complex to None
[2022-03-26 00:51:25,869] {scheduler_job.py:190} INFO - Processing /home/airflow/.local/lib/python3.6/site-packages/airflow/example_dags/example_complex.py took 0.290 seconds
[2022-03-26 00:51:56,583] {scheduler_job.py:182} INFO - Started process (PID=889) to work on /home/airflow/.local/lib/python3.6/site-packages/airflow/example_dags/example_complex.py
[2022-03-26 00:51:56,598] {scheduler_job.py:629} INFO - Processing file /home/airflow/.local/lib/python3.6/site-packages/airflow/example_dags/example_complex.py for tasks to queue
[2022-03-26 00:51:56,604] {logging_mixin.py:104} INFO - [2022-03-26 00:51:56,603] {dagbag.py:448} INFO - Filling up the DagBag from /home/airflow/.local/lib/python3.6/site-packages/airflow/example_dags/example_complex.py
[2022-03-26 00:51:56,668] {scheduler_job.py:639} INFO - DAG(s) dict_keys(['example_complex']) retrieved from /home/airflow/.local/lib/python3.6/site-packages/airflow/example_dags/example_complex.py
[2022-03-26 00:51:56,758] {logging_mixin.py:104} INFO - [2022-03-26 00:51:56,757] {dag.py:1818} INFO - Sync 1 DAGs
[2022-03-26 00:51:56,804] {logging_mixin.py:104} INFO - [2022-03-26 00:51:56,804] {dag.py:2273} INFO - Setting next_dagrun for example_complex to None
[2022-03-26 00:51:56,841] {scheduler_job.py:190} INFO - Processing /home/airflow/.local/lib/python3.6/site-packages/airflow/example_dags/example_complex.py took 0.273 seconds
[2022-03-26 00:52:31,307] {scheduler_job.py:182} INFO - Started process (PID=931) to work on /home/airflow/.local/lib/python3.6/site-packages/airflow/example_dags/example_complex.py
[2022-03-26 00:52:31,333] {scheduler_job.py:629} INFO - Processing file /home/airflow/.local/lib/python3.6/site-packages/airflow/example_dags/example_complex.py for tasks to queue
[2022-03-26 00:52:31,350] {logging_mixin.py:104} INFO - [2022-03-26 00:52:31,349] {dagbag.py:448} INFO - Filling up the DagBag from /home/airflow/.local/lib/python3.6/site-packages/airflow/example_dags/example_complex.py
[2022-03-26 00:52:31,504] {scheduler_job.py:639} INFO - DAG(s) dict_keys(['example_complex']) retrieved from /home/airflow/.local/lib/python3.6/site-packages/airflow/example_dags/example_complex.py
[2022-03-26 00:52:31,605] {logging_mixin.py:104} INFO - [2022-03-26 00:52:31,604] {dag.py:1818} INFO - Sync 1 DAGs
[2022-03-26 00:52:31,677] {logging_mixin.py:104} INFO - [2022-03-26 00:52:31,676] {dag.py:2273} INFO - Setting next_dagrun for example_complex to None
[2022-03-26 00:52:31,860] {scheduler_job.py:190} INFO - Processing /home/airflow/.local/lib/python3.6/site-packages/airflow/example_dags/example_complex.py took 0.650 seconds
[2022-03-26 00:53:18,925] {scheduler_job.py:182} INFO - Started process (PID=966) to work on /home/airflow/.local/lib/python3.6/site-packages/airflow/example_dags/example_complex.py
[2022-03-26 00:53:18,937] {scheduler_job.py:629} INFO - Processing file /home/airflow/.local/lib/python3.6/site-packages/airflow/example_dags/example_complex.py for tasks to queue
[2022-03-26 00:53:18,968] {logging_mixin.py:104} INFO - [2022-03-26 00:53:18,967] {dagbag.py:448} INFO - Filling up the DagBag from /home/airflow/.local/lib/python3.6/site-packages/airflow/example_dags/example_complex.py
[2022-03-26 00:53:19,392] {scheduler_job.py:639} INFO - DAG(s) dict_keys(['example_complex']) retrieved from /home/airflow/.local/lib/python3.6/site-packages/airflow/example_dags/example_complex.py
[2022-03-26 00:53:19,814] {logging_mixin.py:104} INFO - [2022-03-26 00:53:19,813] {dag.py:1818} INFO - Sync 1 DAGs
[2022-03-26 00:53:20,039] {logging_mixin.py:104} INFO - [2022-03-26 00:53:20,038] {dag.py:2273} INFO - Setting next_dagrun for example_complex to None
[2022-03-26 00:53:20,158] {scheduler_job.py:190} INFO - Processing /home/airflow/.local/lib/python3.6/site-packages/airflow/example_dags/example_complex.py took 1.317 seconds
[2022-03-26 00:53:50,366] {scheduler_job.py:182} INFO - Started process (PID=1009) to work on /home/airflow/.local/lib/python3.6/site-packages/airflow/example_dags/example_complex.py
[2022-03-26 00:53:50,384] {scheduler_job.py:629} INFO - Processing file /home/airflow/.local/lib/python3.6/site-packages/airflow/example_dags/example_complex.py for tasks to queue
[2022-03-26 00:53:50,390] {logging_mixin.py:104} INFO - [2022-03-26 00:53:50,389] {dagbag.py:448} INFO - Filling up the DagBag from /home/airflow/.local/lib/python3.6/site-packages/airflow/example_dags/example_complex.py
[2022-03-26 00:53:50,460] {scheduler_job.py:639} INFO - DAG(s) dict_keys(['example_complex']) retrieved from /home/airflow/.local/lib/python3.6/site-packages/airflow/example_dags/example_complex.py
[2022-03-26 00:53:50,556] {logging_mixin.py:104} INFO - [2022-03-26 00:53:50,555] {dag.py:1818} INFO - Sync 1 DAGs
[2022-03-26 00:53:50,600] {logging_mixin.py:104} INFO - [2022-03-26 00:53:50,600] {dag.py:2273} INFO - Setting next_dagrun for example_complex to None
[2022-03-26 00:53:50,633] {scheduler_job.py:190} INFO - Processing /home/airflow/.local/lib/python3.6/site-packages/airflow/example_dags/example_complex.py took 0.304 seconds
[2022-03-26 00:54:21,243] {scheduler_job.py:182} INFO - Started process (PID=1051) to work on /home/airflow/.local/lib/python3.6/site-packages/airflow/example_dags/example_complex.py
[2022-03-26 00:54:21,263] {scheduler_job.py:629} INFO - Processing file /home/airflow/.local/lib/python3.6/site-packages/airflow/example_dags/example_complex.py for tasks to queue
[2022-03-26 00:54:21,268] {logging_mixin.py:104} INFO - [2022-03-26 00:54:21,267] {dagbag.py:448} INFO - Filling up the DagBag from /home/airflow/.local/lib/python3.6/site-packages/airflow/example_dags/example_complex.py
[2022-03-26 00:54:21,514] {scheduler_job.py:639} INFO - DAG(s) dict_keys(['example_complex']) retrieved from /home/airflow/.local/lib/python3.6/site-packages/airflow/example_dags/example_complex.py
[2022-03-26 00:54:21,995] {logging_mixin.py:104} INFO - [2022-03-26 00:54:21,995] {dag.py:1818} INFO - Sync 1 DAGs
[2022-03-26 00:54:22,283] {logging_mixin.py:104} INFO - [2022-03-26 00:54:22,283] {dag.py:2273} INFO - Setting next_dagrun for example_complex to None
[2022-03-26 00:54:22,390] {scheduler_job.py:190} INFO - Processing /home/airflow/.local/lib/python3.6/site-packages/airflow/example_dags/example_complex.py took 1.168 seconds
[2022-03-26 00:54:52,509] {scheduler_job.py:182} INFO - Started process (PID=1092) to work on /home/airflow/.local/lib/python3.6/site-packages/airflow/example_dags/example_complex.py
[2022-03-26 00:54:52,515] {scheduler_job.py:629} INFO - Processing file /home/airflow/.local/lib/python3.6/site-packages/airflow/example_dags/example_complex.py for tasks to queue
[2022-03-26 00:54:52,523] {logging_mixin.py:104} INFO - [2022-03-26 00:54:52,522] {dagbag.py:448} INFO - Filling up the DagBag from /home/airflow/.local/lib/python3.6/site-packages/airflow/example_dags/example_complex.py
[2022-03-26 00:54:52,558] {scheduler_job.py:639} INFO - DAG(s) dict_keys(['example_complex']) retrieved from /home/airflow/.local/lib/python3.6/site-packages/airflow/example_dags/example_complex.py
[2022-03-26 00:54:52,622] {logging_mixin.py:104} INFO - [2022-03-26 00:54:52,619] {dag.py:1818} INFO - Sync 1 DAGs
[2022-03-26 00:54:52,672] {logging_mixin.py:104} INFO - [2022-03-26 00:54:52,672] {dag.py:2273} INFO - Setting next_dagrun for example_complex to None
[2022-03-26 00:54:52,702] {scheduler_job.py:190} INFO - Processing /home/airflow/.local/lib/python3.6/site-packages/airflow/example_dags/example_complex.py took 0.208 seconds
[2022-03-26 00:55:24,385] {scheduler_job.py:182} INFO - Started process (PID=1138) to work on /home/airflow/.local/lib/python3.6/site-packages/airflow/example_dags/example_complex.py
[2022-03-26 00:55:24,405] {scheduler_job.py:629} INFO - Processing file /home/airflow/.local/lib/python3.6/site-packages/airflow/example_dags/example_complex.py for tasks to queue
[2022-03-26 00:55:24,429] {logging_mixin.py:104} INFO - [2022-03-26 00:55:24,427] {dagbag.py:448} INFO - Filling up the DagBag from /home/airflow/.local/lib/python3.6/site-packages/airflow/example_dags/example_complex.py
[2022-03-26 00:55:24,600] {scheduler_job.py:639} INFO - DAG(s) dict_keys(['example_complex']) retrieved from /home/airflow/.local/lib/python3.6/site-packages/airflow/example_dags/example_complex.py
[2022-03-26 00:55:24,712] {logging_mixin.py:104} INFO - [2022-03-26 00:55:24,711] {dag.py:1818} INFO - Sync 1 DAGs
[2022-03-26 00:55:24,802] {logging_mixin.py:104} INFO - [2022-03-26 00:55:24,802] {dag.py:2273} INFO - Setting next_dagrun for example_complex to None
[2022-03-26 00:55:24,914] {scheduler_job.py:190} INFO - Processing /home/airflow/.local/lib/python3.6/site-packages/airflow/example_dags/example_complex.py took 0.601 seconds
[2022-03-26 00:55:56,250] {scheduler_job.py:182} INFO - Started process (PID=1181) to work on /home/airflow/.local/lib/python3.6/site-packages/airflow/example_dags/example_complex.py
[2022-03-26 00:55:56,276] {scheduler_job.py:629} INFO - Processing file /home/airflow/.local/lib/python3.6/site-packages/airflow/example_dags/example_complex.py for tasks to queue
[2022-03-26 00:55:56,285] {logging_mixin.py:104} INFO - [2022-03-26 00:55:56,285] {dagbag.py:448} INFO - Filling up the DagBag from /home/airflow/.local/lib/python3.6/site-packages/airflow/example_dags/example_complex.py
[2022-03-26 00:55:56,621] {scheduler_job.py:639} INFO - DAG(s) dict_keys(['example_complex']) retrieved from /home/airflow/.local/lib/python3.6/site-packages/airflow/example_dags/example_complex.py
[2022-03-26 00:55:57,090] {logging_mixin.py:104} INFO - [2022-03-26 00:55:57,090] {dag.py:1818} INFO - Sync 1 DAGs
[2022-03-26 00:55:57,279] {logging_mixin.py:104} INFO - [2022-03-26 00:55:57,279] {dag.py:2273} INFO - Setting next_dagrun for example_complex to None
[2022-03-26 00:55:57,343] {scheduler_job.py:190} INFO - Processing /home/airflow/.local/lib/python3.6/site-packages/airflow/example_dags/example_complex.py took 1.167 seconds
[2022-03-26 00:56:27,570] {scheduler_job.py:182} INFO - Started process (PID=1223) to work on /home/airflow/.local/lib/python3.6/site-packages/airflow/example_dags/example_complex.py
[2022-03-26 00:56:27,578] {scheduler_job.py:629} INFO - Processing file /home/airflow/.local/lib/python3.6/site-packages/airflow/example_dags/example_complex.py for tasks to queue
[2022-03-26 00:56:27,583] {logging_mixin.py:104} INFO - [2022-03-26 00:56:27,583] {dagbag.py:448} INFO - Filling up the DagBag from /home/airflow/.local/lib/python3.6/site-packages/airflow/example_dags/example_complex.py
[2022-03-26 00:56:27,634] {scheduler_job.py:639} INFO - DAG(s) dict_keys(['example_complex']) retrieved from /home/airflow/.local/lib/python3.6/site-packages/airflow/example_dags/example_complex.py
[2022-03-26 00:56:27,704] {logging_mixin.py:104} INFO - [2022-03-26 00:56:27,704] {dag.py:1818} INFO - Sync 1 DAGs
[2022-03-26 00:56:27,743] {logging_mixin.py:104} INFO - [2022-03-26 00:56:27,743] {dag.py:2273} INFO - Setting next_dagrun for example_complex to None
[2022-03-26 00:56:27,787] {scheduler_job.py:190} INFO - Processing /home/airflow/.local/lib/python3.6/site-packages/airflow/example_dags/example_complex.py took 0.229 seconds
[2022-03-26 00:56:58,593] {scheduler_job.py:182} INFO - Started process (PID=1266) to work on /home/airflow/.local/lib/python3.6/site-packages/airflow/example_dags/example_complex.py
[2022-03-26 00:56:58,636] {scheduler_job.py:629} INFO - Processing file /home/airflow/.local/lib/python3.6/site-packages/airflow/example_dags/example_complex.py for tasks to queue
[2022-03-26 00:56:58,684] {logging_mixin.py:104} INFO - [2022-03-26 00:56:58,674] {dagbag.py:448} INFO - Filling up the DagBag from /home/airflow/.local/lib/python3.6/site-packages/airflow/example_dags/example_complex.py
[2022-03-26 00:56:59,021] {scheduler_job.py:639} INFO - DAG(s) dict_keys(['example_complex']) retrieved from /home/airflow/.local/lib/python3.6/site-packages/airflow/example_dags/example_complex.py
[2022-03-26 00:56:59,336] {logging_mixin.py:104} INFO - [2022-03-26 00:56:59,335] {dag.py:1818} INFO - Sync 1 DAGs
[2022-03-26 00:56:59,492] {logging_mixin.py:104} INFO - [2022-03-26 00:56:59,492] {dag.py:2273} INFO - Setting next_dagrun for example_complex to None
[2022-03-26 00:56:59,564] {scheduler_job.py:190} INFO - Processing /home/airflow/.local/lib/python3.6/site-packages/airflow/example_dags/example_complex.py took 1.085 seconds
[2022-03-26 00:57:29,834] {scheduler_job.py:182} INFO - Started process (PID=1308) to work on /home/airflow/.local/lib/python3.6/site-packages/airflow/example_dags/example_complex.py
[2022-03-26 00:57:29,840] {scheduler_job.py:629} INFO - Processing file /home/airflow/.local/lib/python3.6/site-packages/airflow/example_dags/example_complex.py for tasks to queue
[2022-03-26 00:57:29,845] {logging_mixin.py:104} INFO - [2022-03-26 00:57:29,844] {dagbag.py:448} INFO - Filling up the DagBag from /home/airflow/.local/lib/python3.6/site-packages/airflow/example_dags/example_complex.py
[2022-03-26 00:57:29,919] {scheduler_job.py:639} INFO - DAG(s) dict_keys(['example_complex']) retrieved from /home/airflow/.local/lib/python3.6/site-packages/airflow/example_dags/example_complex.py
[2022-03-26 00:57:30,051] {logging_mixin.py:104} INFO - [2022-03-26 00:57:30,051] {dag.py:1818} INFO - Sync 1 DAGs
[2022-03-26 00:57:30,125] {logging_mixin.py:104} INFO - [2022-03-26 00:57:30,124] {dag.py:2273} INFO - Setting next_dagrun for example_complex to None
[2022-03-26 00:57:30,187] {scheduler_job.py:190} INFO - Processing /home/airflow/.local/lib/python3.6/site-packages/airflow/example_dags/example_complex.py took 0.365 seconds
[2022-03-26 00:58:00,318] {scheduler_job.py:182} INFO - Started process (PID=1350) to work on /home/airflow/.local/lib/python3.6/site-packages/airflow/example_dags/example_complex.py
[2022-03-26 00:58:00,330] {scheduler_job.py:629} INFO - Processing file /home/airflow/.local/lib/python3.6/site-packages/airflow/example_dags/example_complex.py for tasks to queue
[2022-03-26 00:58:00,338] {logging_mixin.py:104} INFO - [2022-03-26 00:58:00,337] {dagbag.py:448} INFO - Filling up the DagBag from /home/airflow/.local/lib/python3.6/site-packages/airflow/example_dags/example_complex.py
[2022-03-26 00:58:00,438] {scheduler_job.py:639} INFO - DAG(s) dict_keys(['example_complex']) retrieved from /home/airflow/.local/lib/python3.6/site-packages/airflow/example_dags/example_complex.py
[2022-03-26 00:58:00,564] {logging_mixin.py:104} INFO - [2022-03-26 00:58:00,564] {dag.py:1818} INFO - Sync 1 DAGs
[2022-03-26 00:58:00,638] {logging_mixin.py:104} INFO - [2022-03-26 00:58:00,638] {dag.py:2273} INFO - Setting next_dagrun for example_complex to None
[2022-03-26 00:58:00,707] {scheduler_job.py:190} INFO - Processing /home/airflow/.local/lib/python3.6/site-packages/airflow/example_dags/example_complex.py took 0.414 seconds
[2022-03-26 00:58:35,386] {scheduler_job.py:182} INFO - Started process (PID=1392) to work on /home/airflow/.local/lib/python3.6/site-packages/airflow/example_dags/example_complex.py
[2022-03-26 00:58:35,404] {scheduler_job.py:629} INFO - Processing file /home/airflow/.local/lib/python3.6/site-packages/airflow/example_dags/example_complex.py for tasks to queue
[2022-03-26 00:58:35,444] {logging_mixin.py:104} INFO - [2022-03-26 00:58:35,443] {dagbag.py:448} INFO - Filling up the DagBag from /home/airflow/.local/lib/python3.6/site-packages/airflow/example_dags/example_complex.py
[2022-03-26 00:58:36,870] {scheduler_job.py:639} INFO - DAG(s) dict_keys(['example_complex']) retrieved from /home/airflow/.local/lib/python3.6/site-packages/airflow/example_dags/example_complex.py
[2022-03-26 00:58:39,008] {logging_mixin.py:104} INFO - [2022-03-26 00:58:38,972] {dag.py:1818} INFO - Sync 1 DAGs
[2022-03-26 00:58:39,906] {logging_mixin.py:104} INFO - [2022-03-26 00:58:39,905] {dag.py:2273} INFO - Setting next_dagrun for example_complex to None
[2022-03-26 00:58:40,111] {scheduler_job.py:190} INFO - Processing /home/airflow/.local/lib/python3.6/site-packages/airflow/example_dags/example_complex.py took 4.852 seconds
[2022-03-26 00:59:17,902] {scheduler_job.py:182} INFO - Started process (PID=1436) to work on /home/airflow/.local/lib/python3.6/site-packages/airflow/example_dags/example_complex.py
[2022-03-26 00:59:17,918] {scheduler_job.py:629} INFO - Processing file /home/airflow/.local/lib/python3.6/site-packages/airflow/example_dags/example_complex.py for tasks to queue
[2022-03-26 00:59:17,950] {logging_mixin.py:104} INFO - [2022-03-26 00:59:17,950] {dagbag.py:448} INFO - Filling up the DagBag from /home/airflow/.local/lib/python3.6/site-packages/airflow/example_dags/example_complex.py
[2022-03-26 00:59:18,408] {scheduler_job.py:639} INFO - DAG(s) dict_keys(['example_complex']) retrieved from /home/airflow/.local/lib/python3.6/site-packages/airflow/example_dags/example_complex.py
[2022-03-26 00:59:18,669] {logging_mixin.py:104} INFO - [2022-03-26 00:59:18,668] {dag.py:1818} INFO - Sync 1 DAGs
[2022-03-26 00:59:18,889] {logging_mixin.py:104} INFO - [2022-03-26 00:59:18,888] {dag.py:2273} INFO - Setting next_dagrun for example_complex to None
[2022-03-26 00:59:19,021] {scheduler_job.py:190} INFO - Processing /home/airflow/.local/lib/python3.6/site-packages/airflow/example_dags/example_complex.py took 1.170 seconds
[2022-03-26 00:59:49,677] {scheduler_job.py:182} INFO - Started process (PID=1479) to work on /home/airflow/.local/lib/python3.6/site-packages/airflow/example_dags/example_complex.py
[2022-03-26 00:59:49,690] {scheduler_job.py:629} INFO - Processing file /home/airflow/.local/lib/python3.6/site-packages/airflow/example_dags/example_complex.py for tasks to queue
[2022-03-26 00:59:49,702] {logging_mixin.py:104} INFO - [2022-03-26 00:59:49,702] {dagbag.py:448} INFO - Filling up the DagBag from /home/airflow/.local/lib/python3.6/site-packages/airflow/example_dags/example_complex.py
[2022-03-26 00:59:49,961] {scheduler_job.py:639} INFO - DAG(s) dict_keys(['example_complex']) retrieved from /home/airflow/.local/lib/python3.6/site-packages/airflow/example_dags/example_complex.py
[2022-03-26 00:59:50,216] {logging_mixin.py:104} INFO - [2022-03-26 00:59:50,216] {dag.py:1818} INFO - Sync 1 DAGs
[2022-03-26 00:59:50,280] {logging_mixin.py:104} INFO - [2022-03-26 00:59:50,280] {dag.py:2273} INFO - Setting next_dagrun for example_complex to None
[2022-03-26 00:59:50,321] {scheduler_job.py:190} INFO - Processing /home/airflow/.local/lib/python3.6/site-packages/airflow/example_dags/example_complex.py took 0.660 seconds
[2022-03-26 01:00:20,880] {scheduler_job.py:182} INFO - Started process (PID=1522) to work on /home/airflow/.local/lib/python3.6/site-packages/airflow/example_dags/example_complex.py
[2022-03-26 01:00:20,896] {scheduler_job.py:629} INFO - Processing file /home/airflow/.local/lib/python3.6/site-packages/airflow/example_dags/example_complex.py for tasks to queue
[2022-03-26 01:00:20,906] {logging_mixin.py:104} INFO - [2022-03-26 01:00:20,906] {dagbag.py:448} INFO - Filling up the DagBag from /home/airflow/.local/lib/python3.6/site-packages/airflow/example_dags/example_complex.py
[2022-03-26 01:00:21,219] {scheduler_job.py:639} INFO - DAG(s) dict_keys(['example_complex']) retrieved from /home/airflow/.local/lib/python3.6/site-packages/airflow/example_dags/example_complex.py
[2022-03-26 01:00:21,515] {logging_mixin.py:104} INFO - [2022-03-26 01:00:21,515] {dag.py:1818} INFO - Sync 1 DAGs
[2022-03-26 01:00:21,647] {logging_mixin.py:104} INFO - [2022-03-26 01:00:21,647] {dag.py:2273} INFO - Setting next_dagrun for example_complex to None
[2022-03-26 01:00:21,733] {scheduler_job.py:190} INFO - Processing /home/airflow/.local/lib/python3.6/site-packages/airflow/example_dags/example_complex.py took 0.885 seconds
[2022-03-26 01:01:14,741] {scheduler_job.py:182} INFO - Started process (PID=1289) to work on /home/airflow/.local/lib/python3.6/site-packages/airflow/example_dags/example_complex.py
[2022-03-26 01:01:14,883] {scheduler_job.py:629} INFO - Processing file /home/airflow/.local/lib/python3.6/site-packages/airflow/example_dags/example_complex.py for tasks to queue
[2022-03-26 01:01:14,987] {logging_mixin.py:104} INFO - [2022-03-26 01:01:14,977] {dagbag.py:448} INFO - Filling up the DagBag from /home/airflow/.local/lib/python3.6/site-packages/airflow/example_dags/example_complex.py
[2022-03-26 01:01:15,916] {scheduler_job.py:639} INFO - DAG(s) dict_keys(['example_complex']) retrieved from /home/airflow/.local/lib/python3.6/site-packages/airflow/example_dags/example_complex.py
[2022-03-26 01:01:16,363] {logging_mixin.py:104} INFO - [2022-03-26 01:01:16,358] {dag.py:1818} INFO - Sync 1 DAGs
[2022-03-26 01:01:16,599] {logging_mixin.py:104} INFO - [2022-03-26 01:01:16,599] {dag.py:2273} INFO - Setting next_dagrun for example_complex to None
[2022-03-26 01:01:16,772] {scheduler_job.py:190} INFO - Processing /home/airflow/.local/lib/python3.6/site-packages/airflow/example_dags/example_complex.py took 2.329 seconds
[2022-03-26 01:01:19,837] {scheduler_job.py:182} INFO - Started process (PID=1576) to work on /home/airflow/.local/lib/python3.6/site-packages/airflow/example_dags/example_complex.py
[2022-03-26 01:01:19,896] {scheduler_job.py:629} INFO - Processing file /home/airflow/.local/lib/python3.6/site-packages/airflow/example_dags/example_complex.py for tasks to queue
[2022-03-26 01:01:19,924] {logging_mixin.py:104} INFO - [2022-03-26 01:01:19,924] {dagbag.py:448} INFO - Filling up the DagBag from /home/airflow/.local/lib/python3.6/site-packages/airflow/example_dags/example_complex.py
[2022-03-26 01:01:20,342] {scheduler_job.py:639} INFO - DAG(s) dict_keys(['example_complex']) retrieved from /home/airflow/.local/lib/python3.6/site-packages/airflow/example_dags/example_complex.py
[2022-03-26 01:01:20,596] {logging_mixin.py:104} INFO - [2022-03-26 01:01:20,595] {dag.py:1818} INFO - Sync 1 DAGs
[2022-03-26 01:01:20,744] {logging_mixin.py:104} INFO - [2022-03-26 01:01:20,743] {dag.py:2273} INFO - Setting next_dagrun for example_complex to None
[2022-03-26 01:01:20,858] {scheduler_job.py:190} INFO - Processing /home/airflow/.local/lib/python3.6/site-packages/airflow/example_dags/example_complex.py took 1.196 seconds
[2022-03-26 01:01:47,877] {scheduler_job.py:182} INFO - Started process (PID=1355) to work on /home/airflow/.local/lib/python3.6/site-packages/airflow/example_dags/example_complex.py
[2022-03-26 01:01:47,948] {scheduler_job.py:629} INFO - Processing file /home/airflow/.local/lib/python3.6/site-packages/airflow/example_dags/example_complex.py for tasks to queue
[2022-03-26 01:01:47,959] {logging_mixin.py:104} INFO - [2022-03-26 01:01:47,959] {dagbag.py:448} INFO - Filling up the DagBag from /home/airflow/.local/lib/python3.6/site-packages/airflow/example_dags/example_complex.py
[2022-03-26 01:01:49,297] {scheduler_job.py:639} INFO - DAG(s) dict_keys(['example_complex']) retrieved from /home/airflow/.local/lib/python3.6/site-packages/airflow/example_dags/example_complex.py
[2022-03-26 01:01:50,436] {logging_mixin.py:104} INFO - [2022-03-26 01:01:50,436] {dag.py:1818} INFO - Sync 1 DAGs
[2022-03-26 01:01:50,692] {logging_mixin.py:104} INFO - [2022-03-26 01:01:50,691] {dag.py:2273} INFO - Setting next_dagrun for example_complex to None
[2022-03-26 01:01:50,912] {scheduler_job.py:190} INFO - Processing /home/airflow/.local/lib/python3.6/site-packages/airflow/example_dags/example_complex.py took 3.263 seconds
[2022-03-26 01:01:51,520] {scheduler_job.py:182} INFO - Started process (PID=1615) to work on /home/airflow/.local/lib/python3.6/site-packages/airflow/example_dags/example_complex.py
[2022-03-26 01:01:51,531] {scheduler_job.py:629} INFO - Processing file /home/airflow/.local/lib/python3.6/site-packages/airflow/example_dags/example_complex.py for tasks to queue
[2022-03-26 01:01:51,551] {logging_mixin.py:104} INFO - [2022-03-26 01:01:51,550] {dagbag.py:448} INFO - Filling up the DagBag from /home/airflow/.local/lib/python3.6/site-packages/airflow/example_dags/example_complex.py
[2022-03-26 01:01:52,101] {scheduler_job.py:639} INFO - DAG(s) dict_keys(['example_complex']) retrieved from /home/airflow/.local/lib/python3.6/site-packages/airflow/example_dags/example_complex.py
[2022-03-26 01:01:52,959] {logging_mixin.py:104} INFO - [2022-03-26 01:01:52,959] {dag.py:1818} INFO - Sync 1 DAGs
[2022-03-26 01:01:53,190] {logging_mixin.py:104} INFO - [2022-03-26 01:01:53,189] {dag.py:2273} INFO - Setting next_dagrun for example_complex to None
[2022-03-26 01:01:53,360] {scheduler_job.py:190} INFO - Processing /home/airflow/.local/lib/python3.6/site-packages/airflow/example_dags/example_complex.py took 1.883 seconds
[2022-03-26 01:02:21,440] {scheduler_job.py:182} INFO - Started process (PID=1421) to work on /home/airflow/.local/lib/python3.6/site-packages/airflow/example_dags/example_complex.py
[2022-03-26 01:02:21,455] {scheduler_job.py:629} INFO - Processing file /home/airflow/.local/lib/python3.6/site-packages/airflow/example_dags/example_complex.py for tasks to queue
[2022-03-26 01:02:21,467] {logging_mixin.py:104} INFO - [2022-03-26 01:02:21,466] {dagbag.py:448} INFO - Filling up the DagBag from /home/airflow/.local/lib/python3.6/site-packages/airflow/example_dags/example_complex.py
[2022-03-26 01:02:21,554] {scheduler_job.py:639} INFO - DAG(s) dict_keys(['example_complex']) retrieved from /home/airflow/.local/lib/python3.6/site-packages/airflow/example_dags/example_complex.py
[2022-03-26 01:02:21,616] {logging_mixin.py:104} INFO - [2022-03-26 01:02:21,616] {dag.py:1818} INFO - Sync 1 DAGs
[2022-03-26 01:02:21,691] {logging_mixin.py:104} INFO - [2022-03-26 01:02:21,691] {dag.py:2273} INFO - Setting next_dagrun for example_complex to None
[2022-03-26 01:02:21,731] {scheduler_job.py:190} INFO - Processing /home/airflow/.local/lib/python3.6/site-packages/airflow/example_dags/example_complex.py took 0.380 seconds
[2022-03-26 01:02:23,723] {scheduler_job.py:182} INFO - Started process (PID=1658) to work on /home/airflow/.local/lib/python3.6/site-packages/airflow/example_dags/example_complex.py
[2022-03-26 01:02:23,732] {scheduler_job.py:629} INFO - Processing file /home/airflow/.local/lib/python3.6/site-packages/airflow/example_dags/example_complex.py for tasks to queue
[2022-03-26 01:02:23,743] {logging_mixin.py:104} INFO - [2022-03-26 01:02:23,739] {dagbag.py:448} INFO - Filling up the DagBag from /home/airflow/.local/lib/python3.6/site-packages/airflow/example_dags/example_complex.py
[2022-03-26 01:02:23,875] {scheduler_job.py:639} INFO - DAG(s) dict_keys(['example_complex']) retrieved from /home/airflow/.local/lib/python3.6/site-packages/airflow/example_dags/example_complex.py
[2022-03-26 01:02:23,998] {logging_mixin.py:104} INFO - [2022-03-26 01:02:23,998] {dag.py:1818} INFO - Sync 1 DAGs
[2022-03-26 01:02:24,077] {logging_mixin.py:104} INFO - [2022-03-26 01:02:24,076] {dag.py:2273} INFO - Setting next_dagrun for example_complex to None
[2022-03-26 01:02:24,121] {scheduler_job.py:190} INFO - Processing /home/airflow/.local/lib/python3.6/site-packages/airflow/example_dags/example_complex.py took 0.413 seconds
[2022-03-26 01:03:12,450] {scheduler_job.py:182} INFO - Started process (PID=1505) to work on /home/airflow/.local/lib/python3.6/site-packages/airflow/example_dags/example_complex.py
[2022-03-26 01:03:12,472] {scheduler_job.py:629} INFO - Processing file /home/airflow/.local/lib/python3.6/site-packages/airflow/example_dags/example_complex.py for tasks to queue
[2022-03-26 01:03:12,483] {logging_mixin.py:104} INFO - [2022-03-26 01:03:12,483] {dagbag.py:448} INFO - Filling up the DagBag from /home/airflow/.local/lib/python3.6/site-packages/airflow/example_dags/example_complex.py
[2022-03-26 01:03:12,495] {scheduler_job.py:182} INFO - Started process (PID=1697) to work on /home/airflow/.local/lib/python3.6/site-packages/airflow/example_dags/example_complex.py
[2022-03-26 01:03:12,582] {scheduler_job.py:629} INFO - Processing file /home/airflow/.local/lib/python3.6/site-packages/airflow/example_dags/example_complex.py for tasks to queue
[2022-03-26 01:03:12,675] {logging_mixin.py:104} INFO - [2022-03-26 01:03:12,662] {dagbag.py:448} INFO - Filling up the DagBag from /home/airflow/.local/lib/python3.6/site-packages/airflow/example_dags/example_complex.py
[2022-03-26 01:03:13,476] {scheduler_job.py:639} INFO - DAG(s) dict_keys(['example_complex']) retrieved from /home/airflow/.local/lib/python3.6/site-packages/airflow/example_dags/example_complex.py
[2022-03-26 01:03:13,490] {scheduler_job.py:639} INFO - DAG(s) dict_keys(['example_complex']) retrieved from /home/airflow/.local/lib/python3.6/site-packages/airflow/example_dags/example_complex.py
[2022-03-26 01:03:13,891] {logging_mixin.py:104} INFO - [2022-03-26 01:03:13,891] {dag.py:1818} INFO - Sync 1 DAGs
[2022-03-26 01:03:14,170] {logging_mixin.py:104} INFO - [2022-03-26 01:03:14,170] {dag.py:2273} INFO - Setting next_dagrun for example_complex to None
[2022-03-26 01:03:14,332] {logging_mixin.py:104} INFO - [2022-03-26 01:03:14,332] {dag.py:1818} INFO - Sync 1 DAGs
[2022-03-26 01:03:14,482] {scheduler_job.py:190} INFO - Processing /home/airflow/.local/lib/python3.6/site-packages/airflow/example_dags/example_complex.py took 2.233 seconds
[2022-03-26 01:03:15,214] {logging_mixin.py:104} INFO - [2022-03-26 01:03:15,213] {dag.py:2273} INFO - Setting next_dagrun for example_complex to None
[2022-03-26 01:03:15,976] {scheduler_job.py:190} INFO - Processing /home/airflow/.local/lib/python3.6/site-packages/airflow/example_dags/example_complex.py took 3.875 seconds
[2022-03-26 01:03:58,620] {scheduler_job.py:182} INFO - Started process (PID=1746) to work on /home/airflow/.local/lib/python3.6/site-packages/airflow/example_dags/example_complex.py
[2022-03-26 01:03:58,633] {scheduler_job.py:629} INFO - Processing file /home/airflow/.local/lib/python3.6/site-packages/airflow/example_dags/example_complex.py for tasks to queue
[2022-03-26 01:03:58,645] {logging_mixin.py:104} INFO - [2022-03-26 01:03:58,645] {dagbag.py:448} INFO - Filling up the DagBag from /home/airflow/.local/lib/python3.6/site-packages/airflow/example_dags/example_complex.py
[2022-03-26 01:03:58,948] {scheduler_job.py:639} INFO - DAG(s) dict_keys(['example_complex']) retrieved from /home/airflow/.local/lib/python3.6/site-packages/airflow/example_dags/example_complex.py
[2022-03-26 01:03:59,410] {logging_mixin.py:104} INFO - [2022-03-26 01:03:59,410] {dag.py:1818} INFO - Sync 1 DAGs
[2022-03-26 01:03:59,836] {logging_mixin.py:104} INFO - [2022-03-26 01:03:59,835] {dag.py:2273} INFO - Setting next_dagrun for example_complex to None
[2022-03-26 01:04:00,311] {scheduler_job.py:190} INFO - Processing /home/airflow/.local/lib/python3.6/site-packages/airflow/example_dags/example_complex.py took 1.784 seconds
[2022-03-26 01:04:07,948] {scheduler_job.py:182} INFO - Started process (PID=1584) to work on /home/airflow/.local/lib/python3.6/site-packages/airflow/example_dags/example_complex.py
[2022-03-26 01:04:07,978] {scheduler_job.py:629} INFO - Processing file /home/airflow/.local/lib/python3.6/site-packages/airflow/example_dags/example_complex.py for tasks to queue
[2022-03-26 01:04:07,999] {logging_mixin.py:104} INFO - [2022-03-26 01:04:07,991] {dagbag.py:448} INFO - Filling up the DagBag from /home/airflow/.local/lib/python3.6/site-packages/airflow/example_dags/example_complex.py
[2022-03-26 01:04:08,502] {scheduler_job.py:639} INFO - DAG(s) dict_keys(['example_complex']) retrieved from /home/airflow/.local/lib/python3.6/site-packages/airflow/example_dags/example_complex.py
[2022-03-26 01:04:08,649] {logging_mixin.py:104} INFO - [2022-03-26 01:04:08,649] {dag.py:1818} INFO - Sync 1 DAGs
[2022-03-26 01:04:09,016] {logging_mixin.py:104} INFO - [2022-03-26 01:04:09,015] {dag.py:2273} INFO - Setting next_dagrun for example_complex to None
[2022-03-26 01:04:09,495] {scheduler_job.py:190} INFO - Processing /home/airflow/.local/lib/python3.6/site-packages/airflow/example_dags/example_complex.py took 1.596 seconds
[2022-03-26 01:04:31,995] {scheduler_job.py:182} INFO - Started process (PID=1787) to work on /home/airflow/.local/lib/python3.6/site-packages/airflow/example_dags/example_complex.py
[2022-03-26 01:04:32,056] {scheduler_job.py:629} INFO - Processing file /home/airflow/.local/lib/python3.6/site-packages/airflow/example_dags/example_complex.py for tasks to queue
[2022-03-26 01:04:32,062] {logging_mixin.py:104} INFO - [2022-03-26 01:04:32,061] {dagbag.py:448} INFO - Filling up the DagBag from /home/airflow/.local/lib/python3.6/site-packages/airflow/example_dags/example_complex.py
[2022-03-26 01:04:32,579] {scheduler_job.py:639} INFO - DAG(s) dict_keys(['example_complex']) retrieved from /home/airflow/.local/lib/python3.6/site-packages/airflow/example_dags/example_complex.py
[2022-03-26 01:04:33,335] {logging_mixin.py:104} INFO - [2022-03-26 01:04:33,334] {dag.py:1818} INFO - Sync 1 DAGs
[2022-03-26 01:04:33,683] {logging_mixin.py:104} INFO - [2022-03-26 01:04:33,683] {dag.py:2273} INFO - Setting next_dagrun for example_complex to None
[2022-03-26 01:04:33,900] {scheduler_job.py:190} INFO - Processing /home/airflow/.local/lib/python3.6/site-packages/airflow/example_dags/example_complex.py took 1.985 seconds
[2022-03-26 01:04:51,833] {scheduler_job.py:182} INFO - Started process (PID=1657) to work on /home/airflow/.local/lib/python3.6/site-packages/airflow/example_dags/example_complex.py
[2022-03-26 01:04:51,869] {scheduler_job.py:629} INFO - Processing file /home/airflow/.local/lib/python3.6/site-packages/airflow/example_dags/example_complex.py for tasks to queue
[2022-03-26 01:04:51,911] {logging_mixin.py:104} INFO - [2022-03-26 01:04:51,883] {dagbag.py:448} INFO - Filling up the DagBag from /home/airflow/.local/lib/python3.6/site-packages/airflow/example_dags/example_complex.py
[2022-03-26 01:04:52,984] {scheduler_job.py:639} INFO - DAG(s) dict_keys(['example_complex']) retrieved from /home/airflow/.local/lib/python3.6/site-packages/airflow/example_dags/example_complex.py
[2022-03-26 01:04:53,780] {logging_mixin.py:104} INFO - [2022-03-26 01:04:53,780] {dag.py:1818} INFO - Sync 1 DAGs
[2022-03-26 01:04:54,386] {logging_mixin.py:104} INFO - [2022-03-26 01:04:54,386] {dag.py:2273} INFO - Setting next_dagrun for example_complex to None
[2022-03-26 01:04:54,655] {scheduler_job.py:190} INFO - Processing /home/airflow/.local/lib/python3.6/site-packages/airflow/example_dags/example_complex.py took 2.881 seconds
[2022-03-26 01:05:09,461] {scheduler_job.py:182} INFO - Started process (PID=1830) to work on /home/airflow/.local/lib/python3.6/site-packages/airflow/example_dags/example_complex.py
[2022-03-26 01:05:09,485] {scheduler_job.py:629} INFO - Processing file /home/airflow/.local/lib/python3.6/site-packages/airflow/example_dags/example_complex.py for tasks to queue
[2022-03-26 01:05:09,536] {logging_mixin.py:104} INFO - [2022-03-26 01:05:09,512] {dagbag.py:448} INFO - Filling up the DagBag from /home/airflow/.local/lib/python3.6/site-packages/airflow/example_dags/example_complex.py
[2022-03-26 01:05:10,463] {scheduler_job.py:639} INFO - DAG(s) dict_keys(['example_complex']) retrieved from /home/airflow/.local/lib/python3.6/site-packages/airflow/example_dags/example_complex.py
[2022-03-26 01:05:10,652] {logging_mixin.py:104} INFO - [2022-03-26 01:05:10,652] {dag.py:1818} INFO - Sync 1 DAGs
[2022-03-26 01:05:10,810] {logging_mixin.py:104} INFO - [2022-03-26 01:05:10,809] {dag.py:2273} INFO - Setting next_dagrun for example_complex to None
[2022-03-26 01:05:10,924] {scheduler_job.py:190} INFO - Processing /home/airflow/.local/lib/python3.6/site-packages/airflow/example_dags/example_complex.py took 1.506 seconds
[2022-03-26 01:05:42,140] {scheduler_job.py:182} INFO - Started process (PID=1873) to work on /home/airflow/.local/lib/python3.6/site-packages/airflow/example_dags/example_complex.py
[2022-03-26 01:05:42,158] {scheduler_job.py:629} INFO - Processing file /home/airflow/.local/lib/python3.6/site-packages/airflow/example_dags/example_complex.py for tasks to queue
[2022-03-26 01:05:42,195] {logging_mixin.py:104} INFO - [2022-03-26 01:05:42,195] {dagbag.py:448} INFO - Filling up the DagBag from /home/airflow/.local/lib/python3.6/site-packages/airflow/example_dags/example_complex.py
[2022-03-26 01:05:43,003] {scheduler_job.py:639} INFO - DAG(s) dict_keys(['example_complex']) retrieved from /home/airflow/.local/lib/python3.6/site-packages/airflow/example_dags/example_complex.py
[2022-03-26 01:05:44,281] {logging_mixin.py:104} INFO - [2022-03-26 01:05:44,280] {dag.py:1818} INFO - Sync 1 DAGs
[2022-03-26 01:05:44,736] {logging_mixin.py:104} INFO - [2022-03-26 01:05:44,736] {dag.py:2273} INFO - Setting next_dagrun for example_complex to None
[2022-03-26 01:05:44,997] {scheduler_job.py:190} INFO - Processing /home/airflow/.local/lib/python3.6/site-packages/airflow/example_dags/example_complex.py took 2.979 seconds
[2022-03-26 01:05:58,768] {scheduler_job.py:182} INFO - Started process (PID=1774) to work on /home/airflow/.local/lib/python3.6/site-packages/airflow/example_dags/example_complex.py
[2022-03-26 01:05:58,812] {scheduler_job.py:629} INFO - Processing file /home/airflow/.local/lib/python3.6/site-packages/airflow/example_dags/example_complex.py for tasks to queue
[2022-03-26 01:05:58,819] {logging_mixin.py:104} INFO - [2022-03-26 01:05:58,818] {dagbag.py:448} INFO - Filling up the DagBag from /home/airflow/.local/lib/python3.6/site-packages/airflow/example_dags/example_complex.py
[2022-03-26 01:05:59,435] {scheduler_job.py:639} INFO - DAG(s) dict_keys(['example_complex']) retrieved from /home/airflow/.local/lib/python3.6/site-packages/airflow/example_dags/example_complex.py
[2022-03-26 01:05:59,698] {logging_mixin.py:104} INFO - [2022-03-26 01:05:59,698] {dag.py:1818} INFO - Sync 1 DAGs
[2022-03-26 01:06:00,548] {logging_mixin.py:104} INFO - [2022-03-26 01:06:00,547] {dag.py:2273} INFO - Setting next_dagrun for example_complex to None
[2022-03-26 01:06:00,916] {scheduler_job.py:190} INFO - Processing /home/airflow/.local/lib/python3.6/site-packages/airflow/example_dags/example_complex.py took 2.406 seconds
[2022-03-26 01:06:28,300] {scheduler_job.py:182} INFO - Started process (PID=1944) to work on /home/airflow/.local/lib/python3.6/site-packages/airflow/example_dags/example_complex.py
[2022-03-26 01:06:28,323] {scheduler_job.py:629} INFO - Processing file /home/airflow/.local/lib/python3.6/site-packages/airflow/example_dags/example_complex.py for tasks to queue
[2022-03-26 01:06:28,338] {logging_mixin.py:104} INFO - [2022-03-26 01:06:28,338] {dagbag.py:448} INFO - Filling up the DagBag from /home/airflow/.local/lib/python3.6/site-packages/airflow/example_dags/example_complex.py
[2022-03-26 01:06:28,904] {scheduler_job.py:639} INFO - DAG(s) dict_keys(['example_complex']) retrieved from /home/airflow/.local/lib/python3.6/site-packages/airflow/example_dags/example_complex.py
[2022-03-26 01:06:29,434] {logging_mixin.py:104} INFO - [2022-03-26 01:06:29,433] {dag.py:1818} INFO - Sync 1 DAGs
[2022-03-26 01:06:29,763] {logging_mixin.py:104} INFO - [2022-03-26 01:06:29,763] {dag.py:2273} INFO - Setting next_dagrun for example_complex to None
[2022-03-26 01:06:29,947] {scheduler_job.py:190} INFO - Processing /home/airflow/.local/lib/python3.6/site-packages/airflow/example_dags/example_complex.py took 1.687 seconds
[2022-03-26 01:07:21,553] {scheduler_job.py:182} INFO - Started process (PID=2036) to work on /home/airflow/.local/lib/python3.6/site-packages/airflow/example_dags/example_complex.py
[2022-03-26 01:07:21,563] {scheduler_job.py:629} INFO - Processing file /home/airflow/.local/lib/python3.6/site-packages/airflow/example_dags/example_complex.py for tasks to queue
[2022-03-26 01:07:21,578] {logging_mixin.py:104} INFO - [2022-03-26 01:07:21,578] {dagbag.py:448} INFO - Filling up the DagBag from /home/airflow/.local/lib/python3.6/site-packages/airflow/example_dags/example_complex.py
[2022-03-26 01:07:21,867] {scheduler_job.py:639} INFO - DAG(s) dict_keys(['example_complex']) retrieved from /home/airflow/.local/lib/python3.6/site-packages/airflow/example_dags/example_complex.py
[2022-03-26 01:07:22,220] {logging_mixin.py:104} INFO - [2022-03-26 01:07:22,220] {dag.py:1818} INFO - Sync 1 DAGs
[2022-03-26 01:07:22,586] {logging_mixin.py:104} INFO - [2022-03-26 01:07:22,586] {dag.py:2273} INFO - Setting next_dagrun for example_complex to None
[2022-03-26 01:07:22,679] {scheduler_job.py:190} INFO - Processing /home/airflow/.local/lib/python3.6/site-packages/airflow/example_dags/example_complex.py took 1.155 seconds
[2022-03-26 01:07:34,160] {scheduler_job.py:182} INFO - Started process (PID=1945) to work on /home/airflow/.local/lib/python3.6/site-packages/airflow/example_dags/example_complex.py
[2022-03-26 01:07:34,226] {scheduler_job.py:629} INFO - Processing file /home/airflow/.local/lib/python3.6/site-packages/airflow/example_dags/example_complex.py for tasks to queue
[2022-03-26 01:07:34,242] {logging_mixin.py:104} INFO - [2022-03-26 01:07:34,241] {dagbag.py:448} INFO - Filling up the DagBag from /home/airflow/.local/lib/python3.6/site-packages/airflow/example_dags/example_complex.py
[2022-03-26 01:07:34,733] {scheduler_job.py:639} INFO - DAG(s) dict_keys(['example_complex']) retrieved from /home/airflow/.local/lib/python3.6/site-packages/airflow/example_dags/example_complex.py
[2022-03-26 01:07:35,597] {logging_mixin.py:104} INFO - [2022-03-26 01:07:35,583] {dag.py:1818} INFO - Sync 1 DAGs
[2022-03-26 01:07:36,035] {logging_mixin.py:104} INFO - [2022-03-26 01:07:36,035] {dag.py:2273} INFO - Setting next_dagrun for example_complex to None
[2022-03-26 01:07:36,347] {scheduler_job.py:190} INFO - Processing /home/airflow/.local/lib/python3.6/site-packages/airflow/example_dags/example_complex.py took 2.241 seconds
[2022-03-26 01:08:08,790] {scheduler_job.py:182} INFO - Started process (PID=2125) to work on /home/airflow/.local/lib/python3.6/site-packages/airflow/example_dags/example_complex.py
[2022-03-26 01:08:08,812] {scheduler_job.py:629} INFO - Processing file /home/airflow/.local/lib/python3.6/site-packages/airflow/example_dags/example_complex.py for tasks to queue
[2022-03-26 01:08:08,834] {logging_mixin.py:104} INFO - [2022-03-26 01:08:08,832] {dagbag.py:448} INFO - Filling up the DagBag from /home/airflow/.local/lib/python3.6/site-packages/airflow/example_dags/example_complex.py
[2022-03-26 01:08:09,085] {scheduler_job.py:639} INFO - DAG(s) dict_keys(['example_complex']) retrieved from /home/airflow/.local/lib/python3.6/site-packages/airflow/example_dags/example_complex.py
[2022-03-26 01:08:09,456] {logging_mixin.py:104} INFO - [2022-03-26 01:08:09,456] {dag.py:1818} INFO - Sync 1 DAGs
[2022-03-26 01:08:09,643] {logging_mixin.py:104} INFO - [2022-03-26 01:08:09,641] {dag.py:2273} INFO - Setting next_dagrun for example_complex to None
[2022-03-26 01:08:09,806] {scheduler_job.py:190} INFO - Processing /home/airflow/.local/lib/python3.6/site-packages/airflow/example_dags/example_complex.py took 1.087 seconds
[2022-03-26 01:08:55,944] {scheduler_job.py:182} INFO - Started process (PID=2101) to work on /home/airflow/.local/lib/python3.6/site-packages/airflow/example_dags/example_complex.py
[2022-03-26 01:08:56,018] {scheduler_job.py:629} INFO - Processing file /home/airflow/.local/lib/python3.6/site-packages/airflow/example_dags/example_complex.py for tasks to queue
[2022-03-26 01:08:56,058] {logging_mixin.py:104} INFO - [2022-03-26 01:08:56,050] {dagbag.py:448} INFO - Filling up the DagBag from /home/airflow/.local/lib/python3.6/site-packages/airflow/example_dags/example_complex.py
[2022-03-26 01:08:57,162] {scheduler_job.py:639} INFO - DAG(s) dict_keys(['example_complex']) retrieved from /home/airflow/.local/lib/python3.6/site-packages/airflow/example_dags/example_complex.py
[2022-03-26 01:08:58,916] {logging_mixin.py:104} INFO - [2022-03-26 01:08:58,916] {dag.py:1818} INFO - Sync 1 DAGs
[2022-03-26 01:08:59,453] {logging_mixin.py:104} INFO - [2022-03-26 01:08:59,452] {dag.py:2273} INFO - Setting next_dagrun for example_complex to None
[2022-03-26 01:08:59,665] {scheduler_job.py:190} INFO - Processing /home/airflow/.local/lib/python3.6/site-packages/airflow/example_dags/example_complex.py took 3.810 seconds
[2022-03-26 01:09:04,910] {scheduler_job.py:182} INFO - Started process (PID=2225) to work on /home/airflow/.local/lib/python3.6/site-packages/airflow/example_dags/example_complex.py
[2022-03-26 01:09:04,943] {scheduler_job.py:629} INFO - Processing file /home/airflow/.local/lib/python3.6/site-packages/airflow/example_dags/example_complex.py for tasks to queue
[2022-03-26 01:09:04,952] {logging_mixin.py:104} INFO - [2022-03-26 01:09:04,952] {dagbag.py:448} INFO - Filling up the DagBag from /home/airflow/.local/lib/python3.6/site-packages/airflow/example_dags/example_complex.py
[2022-03-26 01:09:05,333] {scheduler_job.py:639} INFO - DAG(s) dict_keys(['example_complex']) retrieved from /home/airflow/.local/lib/python3.6/site-packages/airflow/example_dags/example_complex.py
[2022-03-26 01:09:05,467] {logging_mixin.py:104} INFO - [2022-03-26 01:09:05,466] {dag.py:1818} INFO - Sync 1 DAGs
[2022-03-26 01:09:05,666] {logging_mixin.py:104} INFO - [2022-03-26 01:09:05,665] {dag.py:2273} INFO - Setting next_dagrun for example_complex to None
[2022-03-26 01:09:05,810] {scheduler_job.py:190} INFO - Processing /home/airflow/.local/lib/python3.6/site-packages/airflow/example_dags/example_complex.py took 0.940 seconds
[2022-03-26 01:09:51,817] {scheduler_job.py:182} INFO - Started process (PID=2310) to work on /home/airflow/.local/lib/python3.6/site-packages/airflow/example_dags/example_complex.py
[2022-03-26 01:09:51,848] {scheduler_job.py:629} INFO - Processing file /home/airflow/.local/lib/python3.6/site-packages/airflow/example_dags/example_complex.py for tasks to queue
[2022-03-26 01:09:51,889] {logging_mixin.py:104} INFO - [2022-03-26 01:09:51,889] {dagbag.py:448} INFO - Filling up the DagBag from /home/airflow/.local/lib/python3.6/site-packages/airflow/example_dags/example_complex.py
[2022-03-26 01:09:53,145] {scheduler_job.py:639} INFO - DAG(s) dict_keys(['example_complex']) retrieved from /home/airflow/.local/lib/python3.6/site-packages/airflow/example_dags/example_complex.py
[2022-03-26 01:09:53,899] {logging_mixin.py:104} INFO - [2022-03-26 01:09:53,899] {dag.py:1818} INFO - Sync 1 DAGs
[2022-03-26 01:09:54,317] {logging_mixin.py:104} INFO - [2022-03-26 01:09:54,316] {dag.py:2273} INFO - Setting next_dagrun for example_complex to None
[2022-03-26 01:09:54,729] {scheduler_job.py:190} INFO - Processing /home/airflow/.local/lib/python3.6/site-packages/airflow/example_dags/example_complex.py took 3.018 seconds
[2022-03-26 01:10:15,292] {scheduler_job.py:182} INFO - Started process (PID=2247) to work on /home/airflow/.local/lib/python3.6/site-packages/airflow/example_dags/example_complex.py
[2022-03-26 01:10:15,316] {scheduler_job.py:629} INFO - Processing file /home/airflow/.local/lib/python3.6/site-packages/airflow/example_dags/example_complex.py for tasks to queue
[2022-03-26 01:10:15,338] {logging_mixin.py:104} INFO - [2022-03-26 01:10:15,338] {dagbag.py:448} INFO - Filling up the DagBag from /home/airflow/.local/lib/python3.6/site-packages/airflow/example_dags/example_complex.py
[2022-03-26 01:10:16,549] {scheduler_job.py:639} INFO - DAG(s) dict_keys(['example_complex']) retrieved from /home/airflow/.local/lib/python3.6/site-packages/airflow/example_dags/example_complex.py
[2022-03-26 01:10:16,842] {logging_mixin.py:104} INFO - [2022-03-26 01:10:16,841] {dag.py:1818} INFO - Sync 1 DAGs
[2022-03-26 01:10:17,471] {logging_mixin.py:104} INFO - [2022-03-26 01:10:17,468] {dag.py:2273} INFO - Setting next_dagrun for example_complex to None
[2022-03-26 01:10:17,833] {scheduler_job.py:190} INFO - Processing /home/airflow/.local/lib/python3.6/site-packages/airflow/example_dags/example_complex.py took 2.612 seconds
[2022-03-26 01:10:43,937] {scheduler_job.py:182} INFO - Started process (PID=2388) to work on /home/airflow/.local/lib/python3.6/site-packages/airflow/example_dags/example_complex.py
[2022-03-26 01:10:43,950] {scheduler_job.py:629} INFO - Processing file /home/airflow/.local/lib/python3.6/site-packages/airflow/example_dags/example_complex.py for tasks to queue
[2022-03-26 01:10:43,970] {logging_mixin.py:104} INFO - [2022-03-26 01:10:43,968] {dagbag.py:448} INFO - Filling up the DagBag from /home/airflow/.local/lib/python3.6/site-packages/airflow/example_dags/example_complex.py
[2022-03-26 01:10:44,720] {scheduler_job.py:639} INFO - DAG(s) dict_keys(['example_complex']) retrieved from /home/airflow/.local/lib/python3.6/site-packages/airflow/example_dags/example_complex.py
[2022-03-26 01:10:45,039] {logging_mixin.py:104} INFO - [2022-03-26 01:10:45,036] {dag.py:1818} INFO - Sync 1 DAGs
[2022-03-26 01:10:45,198] {logging_mixin.py:104} INFO - [2022-03-26 01:10:45,198] {dag.py:2273} INFO - Setting next_dagrun for example_complex to None
[2022-03-26 01:10:45,566] {scheduler_job.py:190} INFO - Processing /home/airflow/.local/lib/python3.6/site-packages/airflow/example_dags/example_complex.py took 1.664 seconds
[2022-03-26 01:11:33,914] {scheduler_job.py:182} INFO - Started process (PID=2476) to work on /home/airflow/.local/lib/python3.6/site-packages/airflow/example_dags/example_complex.py
[2022-03-26 01:11:33,929] {scheduler_job.py:629} INFO - Processing file /home/airflow/.local/lib/python3.6/site-packages/airflow/example_dags/example_complex.py for tasks to queue
[2022-03-26 01:11:33,957] {logging_mixin.py:104} INFO - [2022-03-26 01:11:33,950] {dagbag.py:448} INFO - Filling up the DagBag from /home/airflow/.local/lib/python3.6/site-packages/airflow/example_dags/example_complex.py
[2022-03-26 01:11:34,190] {scheduler_job.py:639} INFO - DAG(s) dict_keys(['example_complex']) retrieved from /home/airflow/.local/lib/python3.6/site-packages/airflow/example_dags/example_complex.py
[2022-03-26 01:11:34,649] {logging_mixin.py:104} INFO - [2022-03-26 01:11:34,639] {dag.py:1818} INFO - Sync 1 DAGs
[2022-03-26 01:11:35,447] {logging_mixin.py:104} INFO - [2022-03-26 01:11:35,447] {dag.py:2273} INFO - Setting next_dagrun for example_complex to None
[2022-03-26 01:11:35,686] {scheduler_job.py:190} INFO - Processing /home/airflow/.local/lib/python3.6/site-packages/airflow/example_dags/example_complex.py took 1.825 seconds
[2022-03-26 01:12:00,179] {scheduler_job.py:182} INFO - Started process (PID=2421) to work on /home/airflow/.local/lib/python3.6/site-packages/airflow/example_dags/example_complex.py
[2022-03-26 01:12:00,199] {scheduler_job.py:629} INFO - Processing file /home/airflow/.local/lib/python3.6/site-packages/airflow/example_dags/example_complex.py for tasks to queue
[2022-03-26 01:12:00,211] {logging_mixin.py:104} INFO - [2022-03-26 01:12:00,211] {dagbag.py:448} INFO - Filling up the DagBag from /home/airflow/.local/lib/python3.6/site-packages/airflow/example_dags/example_complex.py
[2022-03-26 01:12:00,635] {scheduler_job.py:639} INFO - DAG(s) dict_keys(['example_complex']) retrieved from /home/airflow/.local/lib/python3.6/site-packages/airflow/example_dags/example_complex.py
[2022-03-26 01:12:01,306] {logging_mixin.py:104} INFO - [2022-03-26 01:12:01,306] {dag.py:1818} INFO - Sync 1 DAGs
[2022-03-26 01:12:01,686] {logging_mixin.py:104} INFO - [2022-03-26 01:12:01,675] {dag.py:2273} INFO - Setting next_dagrun for example_complex to None
[2022-03-26 01:12:01,833] {scheduler_job.py:190} INFO - Processing /home/airflow/.local/lib/python3.6/site-packages/airflow/example_dags/example_complex.py took 1.701 seconds
[2022-03-26 01:12:13,946] {scheduler_job.py:182} INFO - Started process (PID=2548) to work on /home/airflow/.local/lib/python3.6/site-packages/airflow/example_dags/example_complex.py
[2022-03-26 01:12:13,989] {scheduler_job.py:629} INFO - Processing file /home/airflow/.local/lib/python3.6/site-packages/airflow/example_dags/example_complex.py for tasks to queue
[2022-03-26 01:12:14,037] {logging_mixin.py:104} INFO - [2022-03-26 01:12:14,026] {dagbag.py:448} INFO - Filling up the DagBag from /home/airflow/.local/lib/python3.6/site-packages/airflow/example_dags/example_complex.py
[2022-03-26 01:12:14,294] {scheduler_job.py:639} INFO - DAG(s) dict_keys(['example_complex']) retrieved from /home/airflow/.local/lib/python3.6/site-packages/airflow/example_dags/example_complex.py
[2022-03-26 01:12:14,476] {logging_mixin.py:104} INFO - [2022-03-26 01:12:14,476] {dag.py:1818} INFO - Sync 1 DAGs
[2022-03-26 01:12:14,842] {logging_mixin.py:104} INFO - [2022-03-26 01:12:14,842] {dag.py:2273} INFO - Setting next_dagrun for example_complex to None
[2022-03-26 01:12:14,924] {scheduler_job.py:190} INFO - Processing /home/airflow/.local/lib/python3.6/site-packages/airflow/example_dags/example_complex.py took 1.005 seconds
[2022-03-26 01:13:01,300] {scheduler_job.py:182} INFO - Started process (PID=2645) to work on /home/airflow/.local/lib/python3.6/site-packages/airflow/example_dags/example_complex.py
[2022-03-26 01:13:01,323] {scheduler_job.py:629} INFO - Processing file /home/airflow/.local/lib/python3.6/site-packages/airflow/example_dags/example_complex.py for tasks to queue
[2022-03-26 01:13:01,343] {logging_mixin.py:104} INFO - [2022-03-26 01:13:01,343] {dagbag.py:448} INFO - Filling up the DagBag from /home/airflow/.local/lib/python3.6/site-packages/airflow/example_dags/example_complex.py
[2022-03-26 01:13:01,802] {scheduler_job.py:639} INFO - DAG(s) dict_keys(['example_complex']) retrieved from /home/airflow/.local/lib/python3.6/site-packages/airflow/example_dags/example_complex.py
[2022-03-26 01:13:02,703] {logging_mixin.py:104} INFO - [2022-03-26 01:13:02,703] {dag.py:1818} INFO - Sync 1 DAGs
[2022-03-26 01:13:03,228] {logging_mixin.py:104} INFO - [2022-03-26 01:13:03,228] {dag.py:2273} INFO - Setting next_dagrun for example_complex to None
[2022-03-26 01:13:03,675] {scheduler_job.py:190} INFO - Processing /home/airflow/.local/lib/python3.6/site-packages/airflow/example_dags/example_complex.py took 2.421 seconds
[2022-03-26 01:13:16,328] {scheduler_job.py:182} INFO - Started process (PID=2571) to work on /home/airflow/.local/lib/python3.6/site-packages/airflow/example_dags/example_complex.py
[2022-03-26 01:13:16,336] {scheduler_job.py:629} INFO - Processing file /home/airflow/.local/lib/python3.6/site-packages/airflow/example_dags/example_complex.py for tasks to queue
[2022-03-26 01:13:16,342] {logging_mixin.py:104} INFO - [2022-03-26 01:13:16,342] {dagbag.py:448} INFO - Filling up the DagBag from /home/airflow/.local/lib/python3.6/site-packages/airflow/example_dags/example_complex.py
[2022-03-26 01:13:16,764] {scheduler_job.py:639} INFO - DAG(s) dict_keys(['example_complex']) retrieved from /home/airflow/.local/lib/python3.6/site-packages/airflow/example_dags/example_complex.py
[2022-03-26 01:13:16,972] {logging_mixin.py:104} INFO - [2022-03-26 01:13:16,971] {dag.py:1818} INFO - Sync 1 DAGs
[2022-03-26 01:13:17,297] {logging_mixin.py:104} INFO - [2022-03-26 01:13:17,292] {dag.py:2273} INFO - Setting next_dagrun for example_complex to None
[2022-03-26 01:13:17,446] {scheduler_job.py:190} INFO - Processing /home/airflow/.local/lib/python3.6/site-packages/airflow/example_dags/example_complex.py took 1.184 seconds
[2022-03-26 01:14:05,970] {scheduler_job.py:182} INFO - Started process (PID=2748) to work on /home/airflow/.local/lib/python3.6/site-packages/airflow/example_dags/example_complex.py
[2022-03-26 01:14:06,003] {scheduler_job.py:629} INFO - Processing file /home/airflow/.local/lib/python3.6/site-packages/airflow/example_dags/example_complex.py for tasks to queue
[2022-03-26 01:14:06,036] {logging_mixin.py:104} INFO - [2022-03-26 01:14:06,029] {dagbag.py:448} INFO - Filling up the DagBag from /home/airflow/.local/lib/python3.6/site-packages/airflow/example_dags/example_complex.py
[2022-03-26 01:14:06,409] {scheduler_job.py:639} INFO - DAG(s) dict_keys(['example_complex']) retrieved from /home/airflow/.local/lib/python3.6/site-packages/airflow/example_dags/example_complex.py
[2022-03-26 01:14:06,811] {logging_mixin.py:104} INFO - [2022-03-26 01:14:06,810] {dag.py:1818} INFO - Sync 1 DAGs
[2022-03-26 01:14:06,959] {logging_mixin.py:104} INFO - [2022-03-26 01:14:06,959] {dag.py:2273} INFO - Setting next_dagrun for example_complex to None
[2022-03-26 01:14:07,157] {scheduler_job.py:190} INFO - Processing /home/airflow/.local/lib/python3.6/site-packages/airflow/example_dags/example_complex.py took 1.223 seconds
[2022-03-26 01:14:30,510] {scheduler_job.py:182} INFO - Started process (PID=2702) to work on /home/airflow/.local/lib/python3.6/site-packages/airflow/example_dags/example_complex.py
[2022-03-26 01:14:30,544] {scheduler_job.py:629} INFO - Processing file /home/airflow/.local/lib/python3.6/site-packages/airflow/example_dags/example_complex.py for tasks to queue
[2022-03-26 01:14:30,586] {logging_mixin.py:104} INFO - [2022-03-26 01:14:30,575] {dagbag.py:448} INFO - Filling up the DagBag from /home/airflow/.local/lib/python3.6/site-packages/airflow/example_dags/example_complex.py
[2022-03-26 01:14:31,190] {scheduler_job.py:639} INFO - DAG(s) dict_keys(['example_complex']) retrieved from /home/airflow/.local/lib/python3.6/site-packages/airflow/example_dags/example_complex.py
[2022-03-26 01:14:31,602] {logging_mixin.py:104} INFO - [2022-03-26 01:14:31,602] {dag.py:1818} INFO - Sync 1 DAGs
[2022-03-26 01:14:31,802] {logging_mixin.py:104} INFO - [2022-03-26 01:14:31,801] {dag.py:2273} INFO - Setting next_dagrun for example_complex to None
[2022-03-26 01:14:31,905] {scheduler_job.py:190} INFO - Processing /home/airflow/.local/lib/python3.6/site-packages/airflow/example_dags/example_complex.py took 1.524 seconds
[2022-03-26 01:14:52,149] {scheduler_job.py:182} INFO - Started process (PID=2836) to work on /home/airflow/.local/lib/python3.6/site-packages/airflow/example_dags/example_complex.py
[2022-03-26 01:14:52,176] {scheduler_job.py:629} INFO - Processing file /home/airflow/.local/lib/python3.6/site-packages/airflow/example_dags/example_complex.py for tasks to queue
[2022-03-26 01:14:52,192] {logging_mixin.py:104} INFO - [2022-03-26 01:14:52,192] {dagbag.py:448} INFO - Filling up the DagBag from /home/airflow/.local/lib/python3.6/site-packages/airflow/example_dags/example_complex.py
[2022-03-26 01:14:52,607] {scheduler_job.py:639} INFO - DAG(s) dict_keys(['example_complex']) retrieved from /home/airflow/.local/lib/python3.6/site-packages/airflow/example_dags/example_complex.py
[2022-03-26 01:14:52,753] {logging_mixin.py:104} INFO - [2022-03-26 01:14:52,753] {dag.py:1818} INFO - Sync 1 DAGs
[2022-03-26 01:14:53,176] {logging_mixin.py:104} INFO - [2022-03-26 01:14:53,176] {dag.py:2273} INFO - Setting next_dagrun for example_complex to None
[2022-03-26 01:14:53,409] {scheduler_job.py:190} INFO - Processing /home/airflow/.local/lib/python3.6/site-packages/airflow/example_dags/example_complex.py took 1.311 seconds
