[2022-03-26 00:35:55,679] {scheduler_job.py:182} INFO - Started process (PID=41) to work on /home/airflow/.local/lib/python3.6/site-packages/airflow/example_dags/example_latest_only.py
[2022-03-26 00:35:55,694] {scheduler_job.py:629} INFO - Processing file /home/airflow/.local/lib/python3.6/site-packages/airflow/example_dags/example_latest_only.py for tasks to queue
[2022-03-26 00:35:55,704] {logging_mixin.py:104} INFO - [2022-03-26 00:35:55,704] {dagbag.py:448} INFO - Filling up the DagBag from /home/airflow/.local/lib/python3.6/site-packages/airflow/example_dags/example_latest_only.py
[2022-03-26 00:35:55,858] {scheduler_job.py:639} INFO - DAG(s) dict_keys(['latest_only']) retrieved from /home/airflow/.local/lib/python3.6/site-packages/airflow/example_dags/example_latest_only.py
[2022-03-26 00:35:56,005] {logging_mixin.py:104} INFO - [2022-03-26 00:35:56,004] {dag.py:1818} INFO - Sync 1 DAGs
[2022-03-26 00:35:56,142] {logging_mixin.py:104} INFO - [2022-03-26 00:35:56,141] {dag.py:1837} INFO - Creating ORM DAG for latest_only
[2022-03-26 00:35:56,215] {logging_mixin.py:104} INFO - [2022-03-26 00:35:56,215] {dag.py:2273} INFO - Setting next_dagrun for latest_only to 2022-03-24 00:00:00+00:00
[2022-03-26 00:35:56,374] {scheduler_job.py:190} INFO - Processing /home/airflow/.local/lib/python3.6/site-packages/airflow/example_dags/example_latest_only.py took 0.783 seconds
[2022-03-26 00:36:26,935] {scheduler_job.py:182} INFO - Started process (PID=68) to work on /home/airflow/.local/lib/python3.6/site-packages/airflow/example_dags/example_latest_only.py
[2022-03-26 00:36:26,939] {scheduler_job.py:629} INFO - Processing file /home/airflow/.local/lib/python3.6/site-packages/airflow/example_dags/example_latest_only.py for tasks to queue
[2022-03-26 00:36:26,942] {logging_mixin.py:104} INFO - [2022-03-26 00:36:26,942] {dagbag.py:448} INFO - Filling up the DagBag from /home/airflow/.local/lib/python3.6/site-packages/airflow/example_dags/example_latest_only.py
[2022-03-26 00:36:26,992] {scheduler_job.py:639} INFO - DAG(s) dict_keys(['latest_only']) retrieved from /home/airflow/.local/lib/python3.6/site-packages/airflow/example_dags/example_latest_only.py
[2022-03-26 00:36:27,055] {logging_mixin.py:104} INFO - [2022-03-26 00:36:27,055] {dag.py:1818} INFO - Sync 1 DAGs
[2022-03-26 00:36:27,110] {logging_mixin.py:104} INFO - [2022-03-26 00:36:27,110] {dag.py:2273} INFO - Setting next_dagrun for latest_only to 2022-03-24 00:00:00+00:00
[2022-03-26 00:36:27,138] {scheduler_job.py:190} INFO - Processing /home/airflow/.local/lib/python3.6/site-packages/airflow/example_dags/example_latest_only.py took 0.232 seconds
[2022-03-26 00:36:57,308] {scheduler_job.py:182} INFO - Started process (PID=94) to work on /home/airflow/.local/lib/python3.6/site-packages/airflow/example_dags/example_latest_only.py
[2022-03-26 00:36:57,313] {scheduler_job.py:629} INFO - Processing file /home/airflow/.local/lib/python3.6/site-packages/airflow/example_dags/example_latest_only.py for tasks to queue
[2022-03-26 00:36:57,320] {logging_mixin.py:104} INFO - [2022-03-26 00:36:57,319] {dagbag.py:448} INFO - Filling up the DagBag from /home/airflow/.local/lib/python3.6/site-packages/airflow/example_dags/example_latest_only.py
[2022-03-26 00:36:57,358] {scheduler_job.py:639} INFO - DAG(s) dict_keys(['latest_only']) retrieved from /home/airflow/.local/lib/python3.6/site-packages/airflow/example_dags/example_latest_only.py
[2022-03-26 00:36:57,432] {logging_mixin.py:104} INFO - [2022-03-26 00:36:57,432] {dag.py:1818} INFO - Sync 1 DAGs
[2022-03-26 00:36:57,480] {logging_mixin.py:104} INFO - [2022-03-26 00:36:57,480] {dag.py:2273} INFO - Setting next_dagrun for latest_only to 2022-03-24 00:00:00+00:00
[2022-03-26 00:36:57,505] {scheduler_job.py:190} INFO - Processing /home/airflow/.local/lib/python3.6/site-packages/airflow/example_dags/example_latest_only.py took 0.207 seconds
[2022-03-26 00:37:27,740] {scheduler_job.py:182} INFO - Started process (PID=120) to work on /home/airflow/.local/lib/python3.6/site-packages/airflow/example_dags/example_latest_only.py
[2022-03-26 00:37:27,746] {scheduler_job.py:629} INFO - Processing file /home/airflow/.local/lib/python3.6/site-packages/airflow/example_dags/example_latest_only.py for tasks to queue
[2022-03-26 00:37:27,753] {logging_mixin.py:104} INFO - [2022-03-26 00:37:27,753] {dagbag.py:448} INFO - Filling up the DagBag from /home/airflow/.local/lib/python3.6/site-packages/airflow/example_dags/example_latest_only.py
[2022-03-26 00:37:27,829] {scheduler_job.py:639} INFO - DAG(s) dict_keys(['latest_only']) retrieved from /home/airflow/.local/lib/python3.6/site-packages/airflow/example_dags/example_latest_only.py
[2022-03-26 00:37:27,947] {logging_mixin.py:104} INFO - [2022-03-26 00:37:27,947] {dag.py:1818} INFO - Sync 1 DAGs
[2022-03-26 00:37:28,018] {logging_mixin.py:104} INFO - [2022-03-26 00:37:28,017] {dag.py:2273} INFO - Setting next_dagrun for latest_only to 2022-03-24 00:00:00+00:00
[2022-03-26 00:37:28,069] {scheduler_job.py:190} INFO - Processing /home/airflow/.local/lib/python3.6/site-packages/airflow/example_dags/example_latest_only.py took 0.339 seconds
[2022-03-26 00:37:58,374] {scheduler_job.py:182} INFO - Started process (PID=145) to work on /home/airflow/.local/lib/python3.6/site-packages/airflow/example_dags/example_latest_only.py
[2022-03-26 00:37:58,390] {scheduler_job.py:629} INFO - Processing file /home/airflow/.local/lib/python3.6/site-packages/airflow/example_dags/example_latest_only.py for tasks to queue
[2022-03-26 00:37:58,394] {logging_mixin.py:104} INFO - [2022-03-26 00:37:58,394] {dagbag.py:448} INFO - Filling up the DagBag from /home/airflow/.local/lib/python3.6/site-packages/airflow/example_dags/example_latest_only.py
[2022-03-26 00:37:58,468] {scheduler_job.py:639} INFO - DAG(s) dict_keys(['latest_only']) retrieved from /home/airflow/.local/lib/python3.6/site-packages/airflow/example_dags/example_latest_only.py
[2022-03-26 00:37:58,565] {logging_mixin.py:104} INFO - [2022-03-26 00:37:58,565] {dag.py:1818} INFO - Sync 1 DAGs
[2022-03-26 00:37:58,628] {logging_mixin.py:104} INFO - [2022-03-26 00:37:58,628] {dag.py:2273} INFO - Setting next_dagrun for latest_only to 2022-03-24 00:00:00+00:00
[2022-03-26 00:37:58,674] {scheduler_job.py:190} INFO - Processing /home/airflow/.local/lib/python3.6/site-packages/airflow/example_dags/example_latest_only.py took 0.310 seconds
[2022-03-26 00:38:33,278] {scheduler_job.py:182} INFO - Started process (PID=173) to work on /home/airflow/.local/lib/python3.6/site-packages/airflow/example_dags/example_latest_only.py
[2022-03-26 00:38:33,293] {scheduler_job.py:629} INFO - Processing file /home/airflow/.local/lib/python3.6/site-packages/airflow/example_dags/example_latest_only.py for tasks to queue
[2022-03-26 00:38:33,296] {logging_mixin.py:104} INFO - [2022-03-26 00:38:33,296] {dagbag.py:448} INFO - Filling up the DagBag from /home/airflow/.local/lib/python3.6/site-packages/airflow/example_dags/example_latest_only.py
[2022-03-26 00:38:33,375] {scheduler_job.py:639} INFO - DAG(s) dict_keys(['latest_only']) retrieved from /home/airflow/.local/lib/python3.6/site-packages/airflow/example_dags/example_latest_only.py
[2022-03-26 00:38:33,584] {logging_mixin.py:104} INFO - [2022-03-26 00:38:33,583] {dag.py:1818} INFO - Sync 1 DAGs
[2022-03-26 00:38:33,717] {logging_mixin.py:104} INFO - [2022-03-26 00:38:33,717] {dag.py:2273} INFO - Setting next_dagrun for latest_only to 2022-03-24 00:00:00+00:00
[2022-03-26 00:38:33,839] {scheduler_job.py:190} INFO - Processing /home/airflow/.local/lib/python3.6/site-packages/airflow/example_dags/example_latest_only.py took 0.577 seconds
[2022-03-26 00:39:04,301] {scheduler_job.py:182} INFO - Started process (PID=198) to work on /home/airflow/.local/lib/python3.6/site-packages/airflow/example_dags/example_latest_only.py
[2022-03-26 00:39:04,323] {scheduler_job.py:629} INFO - Processing file /home/airflow/.local/lib/python3.6/site-packages/airflow/example_dags/example_latest_only.py for tasks to queue
[2022-03-26 00:39:04,330] {logging_mixin.py:104} INFO - [2022-03-26 00:39:04,329] {dagbag.py:448} INFO - Filling up the DagBag from /home/airflow/.local/lib/python3.6/site-packages/airflow/example_dags/example_latest_only.py
[2022-03-26 00:39:04,427] {scheduler_job.py:639} INFO - DAG(s) dict_keys(['latest_only']) retrieved from /home/airflow/.local/lib/python3.6/site-packages/airflow/example_dags/example_latest_only.py
[2022-03-26 00:39:04,531] {logging_mixin.py:104} INFO - [2022-03-26 00:39:04,530] {dag.py:1818} INFO - Sync 1 DAGs
[2022-03-26 00:39:04,581] {logging_mixin.py:104} INFO - [2022-03-26 00:39:04,581] {dag.py:2273} INFO - Setting next_dagrun for latest_only to 2022-03-24 00:00:00+00:00
[2022-03-26 00:39:04,624] {scheduler_job.py:190} INFO - Processing /home/airflow/.local/lib/python3.6/site-packages/airflow/example_dags/example_latest_only.py took 0.337 seconds
[2022-03-26 00:39:34,993] {scheduler_job.py:182} INFO - Started process (PID=222) to work on /home/airflow/.local/lib/python3.6/site-packages/airflow/example_dags/example_latest_only.py
[2022-03-26 00:39:35,006] {scheduler_job.py:629} INFO - Processing file /home/airflow/.local/lib/python3.6/site-packages/airflow/example_dags/example_latest_only.py for tasks to queue
[2022-03-26 00:39:35,018] {logging_mixin.py:104} INFO - [2022-03-26 00:39:35,017] {dagbag.py:448} INFO - Filling up the DagBag from /home/airflow/.local/lib/python3.6/site-packages/airflow/example_dags/example_latest_only.py
[2022-03-26 00:39:35,102] {scheduler_job.py:639} INFO - DAG(s) dict_keys(['latest_only']) retrieved from /home/airflow/.local/lib/python3.6/site-packages/airflow/example_dags/example_latest_only.py
[2022-03-26 00:39:35,249] {logging_mixin.py:104} INFO - [2022-03-26 00:39:35,247] {dag.py:1818} INFO - Sync 1 DAGs
[2022-03-26 00:39:35,357] {logging_mixin.py:104} INFO - [2022-03-26 00:39:35,356] {dag.py:2273} INFO - Setting next_dagrun for latest_only to 2022-03-24 00:00:00+00:00
[2022-03-26 00:39:35,399] {scheduler_job.py:190} INFO - Processing /home/airflow/.local/lib/python3.6/site-packages/airflow/example_dags/example_latest_only.py took 0.428 seconds
[2022-03-26 00:40:06,547] {scheduler_job.py:182} INFO - Started process (PID=248) to work on /home/airflow/.local/lib/python3.6/site-packages/airflow/example_dags/example_latest_only.py
[2022-03-26 00:40:06,553] {scheduler_job.py:629} INFO - Processing file /home/airflow/.local/lib/python3.6/site-packages/airflow/example_dags/example_latest_only.py for tasks to queue
[2022-03-26 00:40:06,573] {logging_mixin.py:104} INFO - [2022-03-26 00:40:06,572] {dagbag.py:448} INFO - Filling up the DagBag from /home/airflow/.local/lib/python3.6/site-packages/airflow/example_dags/example_latest_only.py
[2022-03-26 00:40:06,641] {scheduler_job.py:639} INFO - DAG(s) dict_keys(['latest_only']) retrieved from /home/airflow/.local/lib/python3.6/site-packages/airflow/example_dags/example_latest_only.py
[2022-03-26 00:40:06,750] {logging_mixin.py:104} INFO - [2022-03-26 00:40:06,749] {dag.py:1818} INFO - Sync 1 DAGs
[2022-03-26 00:40:06,816] {logging_mixin.py:104} INFO - [2022-03-26 00:40:06,816] {dag.py:2273} INFO - Setting next_dagrun for latest_only to 2022-03-24 00:00:00+00:00
[2022-03-26 00:40:06,900] {scheduler_job.py:190} INFO - Processing /home/airflow/.local/lib/python3.6/site-packages/airflow/example_dags/example_latest_only.py took 0.373 seconds
[2022-03-26 00:40:37,279] {scheduler_job.py:182} INFO - Started process (PID=274) to work on /home/airflow/.local/lib/python3.6/site-packages/airflow/example_dags/example_latest_only.py
[2022-03-26 00:40:37,285] {scheduler_job.py:629} INFO - Processing file /home/airflow/.local/lib/python3.6/site-packages/airflow/example_dags/example_latest_only.py for tasks to queue
[2022-03-26 00:40:37,288] {logging_mixin.py:104} INFO - [2022-03-26 00:40:37,288] {dagbag.py:448} INFO - Filling up the DagBag from /home/airflow/.local/lib/python3.6/site-packages/airflow/example_dags/example_latest_only.py
[2022-03-26 00:40:37,351] {scheduler_job.py:639} INFO - DAG(s) dict_keys(['latest_only']) retrieved from /home/airflow/.local/lib/python3.6/site-packages/airflow/example_dags/example_latest_only.py
[2022-03-26 00:40:37,465] {logging_mixin.py:104} INFO - [2022-03-26 00:40:37,464] {dag.py:1818} INFO - Sync 1 DAGs
[2022-03-26 00:40:37,504] {logging_mixin.py:104} INFO - [2022-03-26 00:40:37,504] {dag.py:2273} INFO - Setting next_dagrun for latest_only to 2022-03-24 00:00:00+00:00
[2022-03-26 00:40:37,528] {scheduler_job.py:190} INFO - Processing /home/airflow/.local/lib/python3.6/site-packages/airflow/example_dags/example_latest_only.py took 0.262 seconds
[2022-03-26 00:41:08,003] {scheduler_job.py:182} INFO - Started process (PID=300) to work on /home/airflow/.local/lib/python3.6/site-packages/airflow/example_dags/example_latest_only.py
[2022-03-26 00:41:08,034] {scheduler_job.py:629} INFO - Processing file /home/airflow/.local/lib/python3.6/site-packages/airflow/example_dags/example_latest_only.py for tasks to queue
[2022-03-26 00:41:08,055] {logging_mixin.py:104} INFO - [2022-03-26 00:41:08,054] {dagbag.py:448} INFO - Filling up the DagBag from /home/airflow/.local/lib/python3.6/site-packages/airflow/example_dags/example_latest_only.py
[2022-03-26 00:41:08,119] {scheduler_job.py:639} INFO - DAG(s) dict_keys(['latest_only']) retrieved from /home/airflow/.local/lib/python3.6/site-packages/airflow/example_dags/example_latest_only.py
[2022-03-26 00:41:08,357] {logging_mixin.py:104} INFO - [2022-03-26 00:41:08,357] {dag.py:1818} INFO - Sync 1 DAGs
[2022-03-26 00:41:08,482] {logging_mixin.py:104} INFO - [2022-03-26 00:41:08,481] {dag.py:2273} INFO - Setting next_dagrun for latest_only to 2022-03-24 00:00:00+00:00
[2022-03-26 00:41:08,536] {scheduler_job.py:190} INFO - Processing /home/airflow/.local/lib/python3.6/site-packages/airflow/example_dags/example_latest_only.py took 0.548 seconds
[2022-03-26 00:41:38,857] {scheduler_job.py:182} INFO - Started process (PID=326) to work on /home/airflow/.local/lib/python3.6/site-packages/airflow/example_dags/example_latest_only.py
[2022-03-26 00:41:38,868] {scheduler_job.py:629} INFO - Processing file /home/airflow/.local/lib/python3.6/site-packages/airflow/example_dags/example_latest_only.py for tasks to queue
[2022-03-26 00:41:38,873] {logging_mixin.py:104} INFO - [2022-03-26 00:41:38,872] {dagbag.py:448} INFO - Filling up the DagBag from /home/airflow/.local/lib/python3.6/site-packages/airflow/example_dags/example_latest_only.py
[2022-03-26 00:41:38,905] {scheduler_job.py:639} INFO - DAG(s) dict_keys(['latest_only']) retrieved from /home/airflow/.local/lib/python3.6/site-packages/airflow/example_dags/example_latest_only.py
[2022-03-26 00:41:38,958] {logging_mixin.py:104} INFO - [2022-03-26 00:41:38,958] {dag.py:1818} INFO - Sync 1 DAGs
[2022-03-26 00:41:39,025] {logging_mixin.py:104} INFO - [2022-03-26 00:41:39,024] {dag.py:2273} INFO - Setting next_dagrun for latest_only to 2022-03-24 00:00:00+00:00
[2022-03-26 00:41:39,065] {scheduler_job.py:190} INFO - Processing /home/airflow/.local/lib/python3.6/site-packages/airflow/example_dags/example_latest_only.py took 0.220 seconds
[2022-03-26 00:42:09,286] {scheduler_job.py:182} INFO - Started process (PID=352) to work on /home/airflow/.local/lib/python3.6/site-packages/airflow/example_dags/example_latest_only.py
[2022-03-26 00:42:09,293] {scheduler_job.py:629} INFO - Processing file /home/airflow/.local/lib/python3.6/site-packages/airflow/example_dags/example_latest_only.py for tasks to queue
[2022-03-26 00:42:09,298] {logging_mixin.py:104} INFO - [2022-03-26 00:42:09,298] {dagbag.py:448} INFO - Filling up the DagBag from /home/airflow/.local/lib/python3.6/site-packages/airflow/example_dags/example_latest_only.py
[2022-03-26 00:42:09,328] {scheduler_job.py:639} INFO - DAG(s) dict_keys(['latest_only']) retrieved from /home/airflow/.local/lib/python3.6/site-packages/airflow/example_dags/example_latest_only.py
[2022-03-26 00:42:09,380] {logging_mixin.py:104} INFO - [2022-03-26 00:42:09,380] {dag.py:1818} INFO - Sync 1 DAGs
[2022-03-26 00:42:09,428] {logging_mixin.py:104} INFO - [2022-03-26 00:42:09,428] {dag.py:2273} INFO - Setting next_dagrun for latest_only to 2022-03-24 00:00:00+00:00
[2022-03-26 00:42:09,458] {scheduler_job.py:190} INFO - Processing /home/airflow/.local/lib/python3.6/site-packages/airflow/example_dags/example_latest_only.py took 0.184 seconds
[2022-03-26 00:42:39,995] {scheduler_job.py:182} INFO - Started process (PID=378) to work on /home/airflow/.local/lib/python3.6/site-packages/airflow/example_dags/example_latest_only.py
[2022-03-26 00:42:40,005] {scheduler_job.py:629} INFO - Processing file /home/airflow/.local/lib/python3.6/site-packages/airflow/example_dags/example_latest_only.py for tasks to queue
[2022-03-26 00:42:40,011] {logging_mixin.py:104} INFO - [2022-03-26 00:42:40,011] {dagbag.py:448} INFO - Filling up the DagBag from /home/airflow/.local/lib/python3.6/site-packages/airflow/example_dags/example_latest_only.py
[2022-03-26 00:42:40,047] {scheduler_job.py:639} INFO - DAG(s) dict_keys(['latest_only']) retrieved from /home/airflow/.local/lib/python3.6/site-packages/airflow/example_dags/example_latest_only.py
[2022-03-26 00:42:40,107] {logging_mixin.py:104} INFO - [2022-03-26 00:42:40,107] {dag.py:1818} INFO - Sync 1 DAGs
[2022-03-26 00:42:40,160] {logging_mixin.py:104} INFO - [2022-03-26 00:42:40,160] {dag.py:2273} INFO - Setting next_dagrun for latest_only to 2022-03-24 00:00:00+00:00
[2022-03-26 00:42:40,191] {scheduler_job.py:190} INFO - Processing /home/airflow/.local/lib/python3.6/site-packages/airflow/example_dags/example_latest_only.py took 0.216 seconds
[2022-03-26 00:43:11,033] {scheduler_job.py:182} INFO - Started process (PID=404) to work on /home/airflow/.local/lib/python3.6/site-packages/airflow/example_dags/example_latest_only.py
[2022-03-26 00:43:11,056] {scheduler_job.py:629} INFO - Processing file /home/airflow/.local/lib/python3.6/site-packages/airflow/example_dags/example_latest_only.py for tasks to queue
[2022-03-26 00:43:11,066] {logging_mixin.py:104} INFO - [2022-03-26 00:43:11,064] {dagbag.py:448} INFO - Filling up the DagBag from /home/airflow/.local/lib/python3.6/site-packages/airflow/example_dags/example_latest_only.py
[2022-03-26 00:43:11,182] {scheduler_job.py:639} INFO - DAG(s) dict_keys(['latest_only']) retrieved from /home/airflow/.local/lib/python3.6/site-packages/airflow/example_dags/example_latest_only.py
[2022-03-26 00:43:11,363] {logging_mixin.py:104} INFO - [2022-03-26 00:43:11,362] {dag.py:1818} INFO - Sync 1 DAGs
[2022-03-26 00:43:11,446] {logging_mixin.py:104} INFO - [2022-03-26 00:43:11,445] {dag.py:2273} INFO - Setting next_dagrun for latest_only to 2022-03-24 00:00:00+00:00
[2022-03-26 00:43:11,554] {scheduler_job.py:190} INFO - Processing /home/airflow/.local/lib/python3.6/site-packages/airflow/example_dags/example_latest_only.py took 0.552 seconds
[2022-03-26 00:43:42,393] {scheduler_job.py:182} INFO - Started process (PID=431) to work on /home/airflow/.local/lib/python3.6/site-packages/airflow/example_dags/example_latest_only.py
[2022-03-26 00:43:42,397] {scheduler_job.py:629} INFO - Processing file /home/airflow/.local/lib/python3.6/site-packages/airflow/example_dags/example_latest_only.py for tasks to queue
[2022-03-26 00:43:42,404] {logging_mixin.py:104} INFO - [2022-03-26 00:43:42,404] {dagbag.py:448} INFO - Filling up the DagBag from /home/airflow/.local/lib/python3.6/site-packages/airflow/example_dags/example_latest_only.py
[2022-03-26 00:43:42,497] {scheduler_job.py:639} INFO - DAG(s) dict_keys(['latest_only']) retrieved from /home/airflow/.local/lib/python3.6/site-packages/airflow/example_dags/example_latest_only.py
[2022-03-26 00:43:42,625] {logging_mixin.py:104} INFO - [2022-03-26 00:43:42,624] {dag.py:1818} INFO - Sync 1 DAGs
[2022-03-26 00:43:42,760] {logging_mixin.py:104} INFO - [2022-03-26 00:43:42,760] {dag.py:2273} INFO - Setting next_dagrun for latest_only to 2022-03-24 00:00:00+00:00
[2022-03-26 00:43:43,183] {scheduler_job.py:190} INFO - Processing /home/airflow/.local/lib/python3.6/site-packages/airflow/example_dags/example_latest_only.py took 0.808 seconds
[2022-03-26 00:44:13,426] {scheduler_job.py:182} INFO - Started process (PID=457) to work on /home/airflow/.local/lib/python3.6/site-packages/airflow/example_dags/example_latest_only.py
[2022-03-26 00:44:13,434] {scheduler_job.py:629} INFO - Processing file /home/airflow/.local/lib/python3.6/site-packages/airflow/example_dags/example_latest_only.py for tasks to queue
[2022-03-26 00:44:13,442] {logging_mixin.py:104} INFO - [2022-03-26 00:44:13,441] {dagbag.py:448} INFO - Filling up the DagBag from /home/airflow/.local/lib/python3.6/site-packages/airflow/example_dags/example_latest_only.py
[2022-03-26 00:44:13,476] {scheduler_job.py:639} INFO - DAG(s) dict_keys(['latest_only']) retrieved from /home/airflow/.local/lib/python3.6/site-packages/airflow/example_dags/example_latest_only.py
[2022-03-26 00:44:13,531] {logging_mixin.py:104} INFO - [2022-03-26 00:44:13,531] {dag.py:1818} INFO - Sync 1 DAGs
[2022-03-26 00:44:13,579] {logging_mixin.py:104} INFO - [2022-03-26 00:44:13,579] {dag.py:2273} INFO - Setting next_dagrun for latest_only to 2022-03-24 00:00:00+00:00
[2022-03-26 00:44:13,608] {scheduler_job.py:190} INFO - Processing /home/airflow/.local/lib/python3.6/site-packages/airflow/example_dags/example_latest_only.py took 0.194 seconds
[2022-03-26 00:44:44,369] {scheduler_job.py:182} INFO - Started process (PID=483) to work on /home/airflow/.local/lib/python3.6/site-packages/airflow/example_dags/example_latest_only.py
[2022-03-26 00:44:44,379] {scheduler_job.py:629} INFO - Processing file /home/airflow/.local/lib/python3.6/site-packages/airflow/example_dags/example_latest_only.py for tasks to queue
[2022-03-26 00:44:44,384] {logging_mixin.py:104} INFO - [2022-03-26 00:44:44,383] {dagbag.py:448} INFO - Filling up the DagBag from /home/airflow/.local/lib/python3.6/site-packages/airflow/example_dags/example_latest_only.py
[2022-03-26 00:44:44,418] {scheduler_job.py:639} INFO - DAG(s) dict_keys(['latest_only']) retrieved from /home/airflow/.local/lib/python3.6/site-packages/airflow/example_dags/example_latest_only.py
[2022-03-26 00:44:44,482] {logging_mixin.py:104} INFO - [2022-03-26 00:44:44,481] {dag.py:1818} INFO - Sync 1 DAGs
[2022-03-26 00:44:44,530] {logging_mixin.py:104} INFO - [2022-03-26 00:44:44,530] {dag.py:2273} INFO - Setting next_dagrun for latest_only to 2022-03-24 00:00:00+00:00
[2022-03-26 00:44:44,553] {scheduler_job.py:190} INFO - Processing /home/airflow/.local/lib/python3.6/site-packages/airflow/example_dags/example_latest_only.py took 0.198 seconds
[2022-03-26 00:45:15,817] {scheduler_job.py:182} INFO - Started process (PID=509) to work on /home/airflow/.local/lib/python3.6/site-packages/airflow/example_dags/example_latest_only.py
[2022-03-26 00:45:15,828] {scheduler_job.py:629} INFO - Processing file /home/airflow/.local/lib/python3.6/site-packages/airflow/example_dags/example_latest_only.py for tasks to queue
[2022-03-26 00:45:15,837] {logging_mixin.py:104} INFO - [2022-03-26 00:45:15,836] {dagbag.py:448} INFO - Filling up the DagBag from /home/airflow/.local/lib/python3.6/site-packages/airflow/example_dags/example_latest_only.py
[2022-03-26 00:45:15,888] {scheduler_job.py:639} INFO - DAG(s) dict_keys(['latest_only']) retrieved from /home/airflow/.local/lib/python3.6/site-packages/airflow/example_dags/example_latest_only.py
[2022-03-26 00:45:15,987] {logging_mixin.py:104} INFO - [2022-03-26 00:45:15,986] {dag.py:1818} INFO - Sync 1 DAGs
[2022-03-26 00:45:16,085] {logging_mixin.py:104} INFO - [2022-03-26 00:45:16,084] {dag.py:2273} INFO - Setting next_dagrun for latest_only to 2022-03-24 00:00:00+00:00
[2022-03-26 00:45:16,123] {scheduler_job.py:190} INFO - Processing /home/airflow/.local/lib/python3.6/site-packages/airflow/example_dags/example_latest_only.py took 0.323 seconds
[2022-03-26 00:45:49,427] {scheduler_job.py:182} INFO - Started process (PID=535) to work on /home/airflow/.local/lib/python3.6/site-packages/airflow/example_dags/example_latest_only.py
[2022-03-26 00:45:49,437] {scheduler_job.py:629} INFO - Processing file /home/airflow/.local/lib/python3.6/site-packages/airflow/example_dags/example_latest_only.py for tasks to queue
[2022-03-26 00:45:49,443] {logging_mixin.py:104} INFO - [2022-03-26 00:45:49,443] {dagbag.py:448} INFO - Filling up the DagBag from /home/airflow/.local/lib/python3.6/site-packages/airflow/example_dags/example_latest_only.py
[2022-03-26 00:45:49,497] {scheduler_job.py:639} INFO - DAG(s) dict_keys(['latest_only']) retrieved from /home/airflow/.local/lib/python3.6/site-packages/airflow/example_dags/example_latest_only.py
[2022-03-26 00:45:49,612] {logging_mixin.py:104} INFO - [2022-03-26 00:45:49,612] {dag.py:1818} INFO - Sync 1 DAGs
[2022-03-26 00:45:49,677] {logging_mixin.py:104} INFO - [2022-03-26 00:45:49,677] {dag.py:2273} INFO - Setting next_dagrun for latest_only to 2022-03-24 00:00:00+00:00
[2022-03-26 00:45:49,716] {scheduler_job.py:190} INFO - Processing /home/airflow/.local/lib/python3.6/site-packages/airflow/example_dags/example_latest_only.py took 0.307 seconds
[2022-03-26 00:46:20,137] {scheduler_job.py:182} INFO - Started process (PID=562) to work on /home/airflow/.local/lib/python3.6/site-packages/airflow/example_dags/example_latest_only.py
[2022-03-26 00:46:20,145] {scheduler_job.py:629} INFO - Processing file /home/airflow/.local/lib/python3.6/site-packages/airflow/example_dags/example_latest_only.py for tasks to queue
[2022-03-26 00:46:20,151] {logging_mixin.py:104} INFO - [2022-03-26 00:46:20,150] {dagbag.py:448} INFO - Filling up the DagBag from /home/airflow/.local/lib/python3.6/site-packages/airflow/example_dags/example_latest_only.py
[2022-03-26 00:46:20,201] {scheduler_job.py:639} INFO - DAG(s) dict_keys(['latest_only']) retrieved from /home/airflow/.local/lib/python3.6/site-packages/airflow/example_dags/example_latest_only.py
[2022-03-26 00:46:20,297] {logging_mixin.py:104} INFO - [2022-03-26 00:46:20,297] {dag.py:1818} INFO - Sync 1 DAGs
[2022-03-26 00:46:20,358] {logging_mixin.py:104} INFO - [2022-03-26 00:46:20,358] {dag.py:2273} INFO - Setting next_dagrun for latest_only to 2022-03-24 00:00:00+00:00
[2022-03-26 00:46:20,396] {scheduler_job.py:190} INFO - Processing /home/airflow/.local/lib/python3.6/site-packages/airflow/example_dags/example_latest_only.py took 0.279 seconds
[2022-03-26 00:46:50,615] {scheduler_job.py:182} INFO - Started process (PID=588) to work on /home/airflow/.local/lib/python3.6/site-packages/airflow/example_dags/example_latest_only.py
[2022-03-26 00:46:50,619] {scheduler_job.py:629} INFO - Processing file /home/airflow/.local/lib/python3.6/site-packages/airflow/example_dags/example_latest_only.py for tasks to queue
[2022-03-26 00:46:50,623] {logging_mixin.py:104} INFO - [2022-03-26 00:46:50,622] {dagbag.py:448} INFO - Filling up the DagBag from /home/airflow/.local/lib/python3.6/site-packages/airflow/example_dags/example_latest_only.py
[2022-03-26 00:46:50,646] {scheduler_job.py:639} INFO - DAG(s) dict_keys(['latest_only']) retrieved from /home/airflow/.local/lib/python3.6/site-packages/airflow/example_dags/example_latest_only.py
[2022-03-26 00:46:50,687] {logging_mixin.py:104} INFO - [2022-03-26 00:46:50,687] {dag.py:1818} INFO - Sync 1 DAGs
[2022-03-26 00:46:50,719] {logging_mixin.py:104} INFO - [2022-03-26 00:46:50,718] {dag.py:2273} INFO - Setting next_dagrun for latest_only to 2022-03-24 00:00:00+00:00
[2022-03-26 00:46:50,742] {scheduler_job.py:190} INFO - Processing /home/airflow/.local/lib/python3.6/site-packages/airflow/example_dags/example_latest_only.py took 0.160 seconds
[2022-03-26 00:47:20,949] {scheduler_job.py:182} INFO - Started process (PID=614) to work on /home/airflow/.local/lib/python3.6/site-packages/airflow/example_dags/example_latest_only.py
[2022-03-26 00:47:20,953] {scheduler_job.py:629} INFO - Processing file /home/airflow/.local/lib/python3.6/site-packages/airflow/example_dags/example_latest_only.py for tasks to queue
[2022-03-26 00:47:20,956] {logging_mixin.py:104} INFO - [2022-03-26 00:47:20,956] {dagbag.py:448} INFO - Filling up the DagBag from /home/airflow/.local/lib/python3.6/site-packages/airflow/example_dags/example_latest_only.py
[2022-03-26 00:47:20,984] {scheduler_job.py:639} INFO - DAG(s) dict_keys(['latest_only']) retrieved from /home/airflow/.local/lib/python3.6/site-packages/airflow/example_dags/example_latest_only.py
[2022-03-26 00:47:21,111] {logging_mixin.py:104} INFO - [2022-03-26 00:47:21,110] {dag.py:1818} INFO - Sync 1 DAGs
[2022-03-26 00:47:21,211] {logging_mixin.py:104} INFO - [2022-03-26 00:47:21,211] {dag.py:2273} INFO - Setting next_dagrun for latest_only to 2022-03-24 00:00:00+00:00
[2022-03-26 00:47:21,263] {scheduler_job.py:190} INFO - Processing /home/airflow/.local/lib/python3.6/site-packages/airflow/example_dags/example_latest_only.py took 0.321 seconds
[2022-03-26 00:47:52,437] {scheduler_job.py:182} INFO - Started process (PID=640) to work on /home/airflow/.local/lib/python3.6/site-packages/airflow/example_dags/example_latest_only.py
[2022-03-26 00:47:52,453] {scheduler_job.py:629} INFO - Processing file /home/airflow/.local/lib/python3.6/site-packages/airflow/example_dags/example_latest_only.py for tasks to queue
[2022-03-26 00:47:52,465] {logging_mixin.py:104} INFO - [2022-03-26 00:47:52,461] {dagbag.py:448} INFO - Filling up the DagBag from /home/airflow/.local/lib/python3.6/site-packages/airflow/example_dags/example_latest_only.py
[2022-03-26 00:47:52,513] {scheduler_job.py:639} INFO - DAG(s) dict_keys(['latest_only']) retrieved from /home/airflow/.local/lib/python3.6/site-packages/airflow/example_dags/example_latest_only.py
[2022-03-26 00:47:52,674] {logging_mixin.py:104} INFO - [2022-03-26 00:47:52,674] {dag.py:1818} INFO - Sync 1 DAGs
[2022-03-26 00:47:52,848] {logging_mixin.py:104} INFO - [2022-03-26 00:47:52,848] {dag.py:2273} INFO - Setting next_dagrun for latest_only to 2022-03-24 00:00:00+00:00
[2022-03-26 00:47:52,920] {scheduler_job.py:190} INFO - Processing /home/airflow/.local/lib/python3.6/site-packages/airflow/example_dags/example_latest_only.py took 0.507 seconds
[2022-03-26 00:48:23,430] {scheduler_job.py:182} INFO - Started process (PID=666) to work on /home/airflow/.local/lib/python3.6/site-packages/airflow/example_dags/example_latest_only.py
[2022-03-26 00:48:23,435] {scheduler_job.py:629} INFO - Processing file /home/airflow/.local/lib/python3.6/site-packages/airflow/example_dags/example_latest_only.py for tasks to queue
[2022-03-26 00:48:23,438] {logging_mixin.py:104} INFO - [2022-03-26 00:48:23,438] {dagbag.py:448} INFO - Filling up the DagBag from /home/airflow/.local/lib/python3.6/site-packages/airflow/example_dags/example_latest_only.py
[2022-03-26 00:48:23,540] {scheduler_job.py:639} INFO - DAG(s) dict_keys(['latest_only']) retrieved from /home/airflow/.local/lib/python3.6/site-packages/airflow/example_dags/example_latest_only.py
[2022-03-26 00:48:23,621] {logging_mixin.py:104} INFO - [2022-03-26 00:48:23,618] {dag.py:1818} INFO - Sync 1 DAGs
[2022-03-26 00:48:23,674] {logging_mixin.py:104} INFO - [2022-03-26 00:48:23,671] {dag.py:2273} INFO - Setting next_dagrun for latest_only to 2022-03-24 00:00:00+00:00
[2022-03-26 00:48:23,712] {scheduler_job.py:190} INFO - Processing /home/airflow/.local/lib/python3.6/site-packages/airflow/example_dags/example_latest_only.py took 0.311 seconds
[2022-03-26 00:48:54,218] {scheduler_job.py:182} INFO - Started process (PID=692) to work on /home/airflow/.local/lib/python3.6/site-packages/airflow/example_dags/example_latest_only.py
[2022-03-26 00:48:54,225] {scheduler_job.py:629} INFO - Processing file /home/airflow/.local/lib/python3.6/site-packages/airflow/example_dags/example_latest_only.py for tasks to queue
[2022-03-26 00:48:54,237] {logging_mixin.py:104} INFO - [2022-03-26 00:48:54,237] {dagbag.py:448} INFO - Filling up the DagBag from /home/airflow/.local/lib/python3.6/site-packages/airflow/example_dags/example_latest_only.py
[2022-03-26 00:48:54,329] {scheduler_job.py:639} INFO - DAG(s) dict_keys(['latest_only']) retrieved from /home/airflow/.local/lib/python3.6/site-packages/airflow/example_dags/example_latest_only.py
[2022-03-26 00:48:54,453] {logging_mixin.py:104} INFO - [2022-03-26 00:48:54,452] {dag.py:1818} INFO - Sync 1 DAGs
[2022-03-26 00:48:54,542] {logging_mixin.py:104} INFO - [2022-03-26 00:48:54,541] {dag.py:2273} INFO - Setting next_dagrun for latest_only to 2022-03-24 00:00:00+00:00
[2022-03-26 00:48:54,620] {scheduler_job.py:190} INFO - Processing /home/airflow/.local/lib/python3.6/site-packages/airflow/example_dags/example_latest_only.py took 0.445 seconds
[2022-03-26 00:49:25,377] {scheduler_job.py:182} INFO - Started process (PID=718) to work on /home/airflow/.local/lib/python3.6/site-packages/airflow/example_dags/example_latest_only.py
[2022-03-26 00:49:25,393] {scheduler_job.py:629} INFO - Processing file /home/airflow/.local/lib/python3.6/site-packages/airflow/example_dags/example_latest_only.py for tasks to queue
[2022-03-26 00:49:25,406] {logging_mixin.py:104} INFO - [2022-03-26 00:49:25,402] {dagbag.py:448} INFO - Filling up the DagBag from /home/airflow/.local/lib/python3.6/site-packages/airflow/example_dags/example_latest_only.py
[2022-03-26 00:49:25,522] {scheduler_job.py:639} INFO - DAG(s) dict_keys(['latest_only']) retrieved from /home/airflow/.local/lib/python3.6/site-packages/airflow/example_dags/example_latest_only.py
[2022-03-26 00:49:25,766] {logging_mixin.py:104} INFO - [2022-03-26 00:49:25,766] {dag.py:1818} INFO - Sync 1 DAGs
[2022-03-26 00:49:25,943] {logging_mixin.py:104} INFO - [2022-03-26 00:49:25,943] {dag.py:2273} INFO - Setting next_dagrun for latest_only to 2022-03-24 00:00:00+00:00
[2022-03-26 00:49:26,007] {scheduler_job.py:190} INFO - Processing /home/airflow/.local/lib/python3.6/site-packages/airflow/example_dags/example_latest_only.py took 0.660 seconds
[2022-03-26 00:49:56,338] {scheduler_job.py:182} INFO - Started process (PID=744) to work on /home/airflow/.local/lib/python3.6/site-packages/airflow/example_dags/example_latest_only.py
[2022-03-26 00:49:56,348] {scheduler_job.py:629} INFO - Processing file /home/airflow/.local/lib/python3.6/site-packages/airflow/example_dags/example_latest_only.py for tasks to queue
[2022-03-26 00:49:56,359] {logging_mixin.py:104} INFO - [2022-03-26 00:49:56,358] {dagbag.py:448} INFO - Filling up the DagBag from /home/airflow/.local/lib/python3.6/site-packages/airflow/example_dags/example_latest_only.py
[2022-03-26 00:49:56,475] {scheduler_job.py:639} INFO - DAG(s) dict_keys(['latest_only']) retrieved from /home/airflow/.local/lib/python3.6/site-packages/airflow/example_dags/example_latest_only.py
[2022-03-26 00:49:56,588] {logging_mixin.py:104} INFO - [2022-03-26 00:49:56,587] {dag.py:1818} INFO - Sync 1 DAGs
[2022-03-26 00:49:56,652] {logging_mixin.py:104} INFO - [2022-03-26 00:49:56,650] {dag.py:2273} INFO - Setting next_dagrun for latest_only to 2022-03-24 00:00:00+00:00
[2022-03-26 00:49:56,728] {scheduler_job.py:190} INFO - Processing /home/airflow/.local/lib/python3.6/site-packages/airflow/example_dags/example_latest_only.py took 0.404 seconds
[2022-03-26 00:50:26,883] {scheduler_job.py:182} INFO - Started process (PID=770) to work on /home/airflow/.local/lib/python3.6/site-packages/airflow/example_dags/example_latest_only.py
[2022-03-26 00:50:26,897] {scheduler_job.py:629} INFO - Processing file /home/airflow/.local/lib/python3.6/site-packages/airflow/example_dags/example_latest_only.py for tasks to queue
[2022-03-26 00:50:26,901] {logging_mixin.py:104} INFO - [2022-03-26 00:50:26,901] {dagbag.py:448} INFO - Filling up the DagBag from /home/airflow/.local/lib/python3.6/site-packages/airflow/example_dags/example_latest_only.py
[2022-03-26 00:50:27,067] {scheduler_job.py:639} INFO - DAG(s) dict_keys(['latest_only']) retrieved from /home/airflow/.local/lib/python3.6/site-packages/airflow/example_dags/example_latest_only.py
[2022-03-26 00:50:27,177] {logging_mixin.py:104} INFO - [2022-03-26 00:50:27,176] {dag.py:1818} INFO - Sync 1 DAGs
[2022-03-26 00:50:27,345] {logging_mixin.py:104} INFO - [2022-03-26 00:50:27,345] {dag.py:2273} INFO - Setting next_dagrun for latest_only to 2022-03-24 00:00:00+00:00
[2022-03-26 00:50:27,455] {scheduler_job.py:190} INFO - Processing /home/airflow/.local/lib/python3.6/site-packages/airflow/example_dags/example_latest_only.py took 0.578 seconds
[2022-03-26 00:50:58,116] {scheduler_job.py:182} INFO - Started process (PID=812) to work on /home/airflow/.local/lib/python3.6/site-packages/airflow/example_dags/example_latest_only.py
[2022-03-26 00:50:58,147] {scheduler_job.py:629} INFO - Processing file /home/airflow/.local/lib/python3.6/site-packages/airflow/example_dags/example_latest_only.py for tasks to queue
[2022-03-26 00:50:58,175] {logging_mixin.py:104} INFO - [2022-03-26 00:50:58,174] {dagbag.py:448} INFO - Filling up the DagBag from /home/airflow/.local/lib/python3.6/site-packages/airflow/example_dags/example_latest_only.py
[2022-03-26 00:50:58,424] {scheduler_job.py:639} INFO - DAG(s) dict_keys(['latest_only']) retrieved from /home/airflow/.local/lib/python3.6/site-packages/airflow/example_dags/example_latest_only.py
[2022-03-26 00:50:58,900] {logging_mixin.py:104} INFO - [2022-03-26 00:50:58,899] {dag.py:1818} INFO - Sync 1 DAGs
[2022-03-26 00:50:59,183] {logging_mixin.py:104} INFO - [2022-03-26 00:50:59,182] {dag.py:2273} INFO - Setting next_dagrun for latest_only to 2022-03-24 00:00:00+00:00
[2022-03-26 00:50:59,221] {scheduler_job.py:190} INFO - Processing /home/airflow/.local/lib/python3.6/site-packages/airflow/example_dags/example_latest_only.py took 1.260 seconds
[2022-03-26 00:51:29,669] {scheduler_job.py:182} INFO - Started process (PID=854) to work on /home/airflow/.local/lib/python3.6/site-packages/airflow/example_dags/example_latest_only.py
[2022-03-26 00:51:29,680] {scheduler_job.py:629} INFO - Processing file /home/airflow/.local/lib/python3.6/site-packages/airflow/example_dags/example_latest_only.py for tasks to queue
[2022-03-26 00:51:29,688] {logging_mixin.py:104} INFO - [2022-03-26 00:51:29,686] {dagbag.py:448} INFO - Filling up the DagBag from /home/airflow/.local/lib/python3.6/site-packages/airflow/example_dags/example_latest_only.py
[2022-03-26 00:51:29,776] {scheduler_job.py:639} INFO - DAG(s) dict_keys(['latest_only']) retrieved from /home/airflow/.local/lib/python3.6/site-packages/airflow/example_dags/example_latest_only.py
[2022-03-26 00:51:29,875] {logging_mixin.py:104} INFO - [2022-03-26 00:51:29,875] {dag.py:1818} INFO - Sync 1 DAGs
[2022-03-26 00:51:29,936] {logging_mixin.py:104} INFO - [2022-03-26 00:51:29,935] {dag.py:2273} INFO - Setting next_dagrun for latest_only to 2022-03-24 00:00:00+00:00
[2022-03-26 00:51:30,039] {scheduler_job.py:190} INFO - Processing /home/airflow/.local/lib/python3.6/site-packages/airflow/example_dags/example_latest_only.py took 0.421 seconds
[2022-03-26 00:52:00,477] {scheduler_job.py:182} INFO - Started process (PID=896) to work on /home/airflow/.local/lib/python3.6/site-packages/airflow/example_dags/example_latest_only.py
[2022-03-26 00:52:00,490] {scheduler_job.py:629} INFO - Processing file /home/airflow/.local/lib/python3.6/site-packages/airflow/example_dags/example_latest_only.py for tasks to queue
[2022-03-26 00:52:00,497] {logging_mixin.py:104} INFO - [2022-03-26 00:52:00,496] {dagbag.py:448} INFO - Filling up the DagBag from /home/airflow/.local/lib/python3.6/site-packages/airflow/example_dags/example_latest_only.py
[2022-03-26 00:52:00,540] {scheduler_job.py:639} INFO - DAG(s) dict_keys(['latest_only']) retrieved from /home/airflow/.local/lib/python3.6/site-packages/airflow/example_dags/example_latest_only.py
[2022-03-26 00:52:00,608] {logging_mixin.py:104} INFO - [2022-03-26 00:52:00,608] {dag.py:1818} INFO - Sync 1 DAGs
[2022-03-26 00:52:00,655] {logging_mixin.py:104} INFO - [2022-03-26 00:52:00,655] {dag.py:2273} INFO - Setting next_dagrun for latest_only to 2022-03-24 00:00:00+00:00
[2022-03-26 00:52:00,690] {scheduler_job.py:190} INFO - Processing /home/airflow/.local/lib/python3.6/site-packages/airflow/example_dags/example_latest_only.py took 0.223 seconds
[2022-03-26 00:52:46,512] {scheduler_job.py:182} INFO - Started process (PID=942) to work on /home/airflow/.local/lib/python3.6/site-packages/airflow/example_dags/example_latest_only.py
[2022-03-26 00:52:46,536] {scheduler_job.py:629} INFO - Processing file /home/airflow/.local/lib/python3.6/site-packages/airflow/example_dags/example_latest_only.py for tasks to queue
[2022-03-26 00:52:46,547] {logging_mixin.py:104} INFO - [2022-03-26 00:52:46,545] {dagbag.py:448} INFO - Filling up the DagBag from /home/airflow/.local/lib/python3.6/site-packages/airflow/example_dags/example_latest_only.py
[2022-03-26 00:52:46,894] {scheduler_job.py:639} INFO - DAG(s) dict_keys(['latest_only']) retrieved from /home/airflow/.local/lib/python3.6/site-packages/airflow/example_dags/example_latest_only.py
[2022-03-26 00:52:47,473] {logging_mixin.py:104} INFO - [2022-03-26 00:52:47,473] {dag.py:1818} INFO - Sync 1 DAGs
[2022-03-26 00:52:47,744] {logging_mixin.py:104} INFO - [2022-03-26 00:52:47,743] {dag.py:2273} INFO - Setting next_dagrun for latest_only to 2022-03-24 00:00:00+00:00
[2022-03-26 00:52:47,985] {scheduler_job.py:190} INFO - Processing /home/airflow/.local/lib/python3.6/site-packages/airflow/example_dags/example_latest_only.py took 1.554 seconds
[2022-03-26 00:53:30,899] {scheduler_job.py:182} INFO - Started process (PID=984) to work on /home/airflow/.local/lib/python3.6/site-packages/airflow/example_dags/example_latest_only.py
[2022-03-26 00:53:30,924] {scheduler_job.py:629} INFO - Processing file /home/airflow/.local/lib/python3.6/site-packages/airflow/example_dags/example_latest_only.py for tasks to queue
[2022-03-26 00:53:30,938] {logging_mixin.py:104} INFO - [2022-03-26 00:53:30,937] {dagbag.py:448} INFO - Filling up the DagBag from /home/airflow/.local/lib/python3.6/site-packages/airflow/example_dags/example_latest_only.py
[2022-03-26 00:53:31,155] {scheduler_job.py:639} INFO - DAG(s) dict_keys(['latest_only']) retrieved from /home/airflow/.local/lib/python3.6/site-packages/airflow/example_dags/example_latest_only.py
[2022-03-26 00:53:31,414] {logging_mixin.py:104} INFO - [2022-03-26 00:53:31,414] {dag.py:1818} INFO - Sync 1 DAGs
[2022-03-26 00:53:31,598] {logging_mixin.py:104} INFO - [2022-03-26 00:53:31,596] {dag.py:2273} INFO - Setting next_dagrun for latest_only to 2022-03-24 00:00:00+00:00
[2022-03-26 00:53:31,776] {scheduler_job.py:190} INFO - Processing /home/airflow/.local/lib/python3.6/site-packages/airflow/example_dags/example_latest_only.py took 0.913 seconds
[2022-03-26 00:54:02,005] {scheduler_job.py:182} INFO - Started process (PID=1026) to work on /home/airflow/.local/lib/python3.6/site-packages/airflow/example_dags/example_latest_only.py
[2022-03-26 00:54:02,028] {scheduler_job.py:629} INFO - Processing file /home/airflow/.local/lib/python3.6/site-packages/airflow/example_dags/example_latest_only.py for tasks to queue
[2022-03-26 00:54:02,039] {logging_mixin.py:104} INFO - [2022-03-26 00:54:02,038] {dagbag.py:448} INFO - Filling up the DagBag from /home/airflow/.local/lib/python3.6/site-packages/airflow/example_dags/example_latest_only.py
[2022-03-26 00:54:02,105] {scheduler_job.py:639} INFO - DAG(s) dict_keys(['latest_only']) retrieved from /home/airflow/.local/lib/python3.6/site-packages/airflow/example_dags/example_latest_only.py
[2022-03-26 00:54:02,225] {logging_mixin.py:104} INFO - [2022-03-26 00:54:02,225] {dag.py:1818} INFO - Sync 1 DAGs
[2022-03-26 00:54:02,312] {logging_mixin.py:104} INFO - [2022-03-26 00:54:02,312] {dag.py:2273} INFO - Setting next_dagrun for latest_only to 2022-03-24 00:00:00+00:00
[2022-03-26 00:54:02,366] {scheduler_job.py:190} INFO - Processing /home/airflow/.local/lib/python3.6/site-packages/airflow/example_dags/example_latest_only.py took 0.376 seconds
[2022-03-26 00:54:33,115] {scheduler_job.py:182} INFO - Started process (PID=1068) to work on /home/airflow/.local/lib/python3.6/site-packages/airflow/example_dags/example_latest_only.py
[2022-03-26 00:54:33,144] {scheduler_job.py:629} INFO - Processing file /home/airflow/.local/lib/python3.6/site-packages/airflow/example_dags/example_latest_only.py for tasks to queue
[2022-03-26 00:54:33,167] {logging_mixin.py:104} INFO - [2022-03-26 00:54:33,167] {dagbag.py:448} INFO - Filling up the DagBag from /home/airflow/.local/lib/python3.6/site-packages/airflow/example_dags/example_latest_only.py
[2022-03-26 00:54:33,298] {scheduler_job.py:639} INFO - DAG(s) dict_keys(['latest_only']) retrieved from /home/airflow/.local/lib/python3.6/site-packages/airflow/example_dags/example_latest_only.py
[2022-03-26 00:54:33,694] {logging_mixin.py:104} INFO - [2022-03-26 00:54:33,693] {dag.py:1818} INFO - Sync 1 DAGs
[2022-03-26 00:54:34,210] {logging_mixin.py:104} INFO - [2022-03-26 00:54:34,209] {dag.py:2273} INFO - Setting next_dagrun for latest_only to 2022-03-24 00:00:00+00:00
[2022-03-26 00:54:34,347] {scheduler_job.py:190} INFO - Processing /home/airflow/.local/lib/python3.6/site-packages/airflow/example_dags/example_latest_only.py took 1.290 seconds
[2022-03-26 00:55:04,624] {scheduler_job.py:182} INFO - Started process (PID=1110) to work on /home/airflow/.local/lib/python3.6/site-packages/airflow/example_dags/example_latest_only.py
[2022-03-26 00:55:04,646] {scheduler_job.py:629} INFO - Processing file /home/airflow/.local/lib/python3.6/site-packages/airflow/example_dags/example_latest_only.py for tasks to queue
[2022-03-26 00:55:04,658] {logging_mixin.py:104} INFO - [2022-03-26 00:55:04,657] {dagbag.py:448} INFO - Filling up the DagBag from /home/airflow/.local/lib/python3.6/site-packages/airflow/example_dags/example_latest_only.py
[2022-03-26 00:55:04,848] {scheduler_job.py:639} INFO - DAG(s) dict_keys(['latest_only']) retrieved from /home/airflow/.local/lib/python3.6/site-packages/airflow/example_dags/example_latest_only.py
[2022-03-26 00:55:05,013] {logging_mixin.py:104} INFO - [2022-03-26 00:55:05,013] {dag.py:1818} INFO - Sync 1 DAGs
[2022-03-26 00:55:05,139] {logging_mixin.py:104} INFO - [2022-03-26 00:55:05,138] {dag.py:2273} INFO - Setting next_dagrun for latest_only to 2022-03-24 00:00:00+00:00
[2022-03-26 00:55:05,205] {scheduler_job.py:190} INFO - Processing /home/airflow/.local/lib/python3.6/site-packages/airflow/example_dags/example_latest_only.py took 0.644 seconds
[2022-03-26 00:55:36,083] {scheduler_job.py:182} INFO - Started process (PID=1152) to work on /home/airflow/.local/lib/python3.6/site-packages/airflow/example_dags/example_latest_only.py
[2022-03-26 00:55:36,092] {scheduler_job.py:629} INFO - Processing file /home/airflow/.local/lib/python3.6/site-packages/airflow/example_dags/example_latest_only.py for tasks to queue
[2022-03-26 00:55:36,095] {logging_mixin.py:104} INFO - [2022-03-26 00:55:36,095] {dagbag.py:448} INFO - Filling up the DagBag from /home/airflow/.local/lib/python3.6/site-packages/airflow/example_dags/example_latest_only.py
[2022-03-26 00:55:36,131] {scheduler_job.py:639} INFO - DAG(s) dict_keys(['latest_only']) retrieved from /home/airflow/.local/lib/python3.6/site-packages/airflow/example_dags/example_latest_only.py
[2022-03-26 00:55:36,202] {logging_mixin.py:104} INFO - [2022-03-26 00:55:36,202] {dag.py:1818} INFO - Sync 1 DAGs
[2022-03-26 00:55:36,264] {logging_mixin.py:104} INFO - [2022-03-26 00:55:36,263] {dag.py:2273} INFO - Setting next_dagrun for latest_only to 2022-03-24 00:00:00+00:00
[2022-03-26 00:55:36,301] {scheduler_job.py:190} INFO - Processing /home/airflow/.local/lib/python3.6/site-packages/airflow/example_dags/example_latest_only.py took 0.228 seconds
[2022-03-26 00:56:07,058] {scheduler_job.py:182} INFO - Started process (PID=1194) to work on /home/airflow/.local/lib/python3.6/site-packages/airflow/example_dags/example_latest_only.py
[2022-03-26 00:56:07,065] {scheduler_job.py:629} INFO - Processing file /home/airflow/.local/lib/python3.6/site-packages/airflow/example_dags/example_latest_only.py for tasks to queue
[2022-03-26 00:56:07,071] {logging_mixin.py:104} INFO - [2022-03-26 00:56:07,070] {dagbag.py:448} INFO - Filling up the DagBag from /home/airflow/.local/lib/python3.6/site-packages/airflow/example_dags/example_latest_only.py
[2022-03-26 00:56:07,105] {scheduler_job.py:639} INFO - DAG(s) dict_keys(['latest_only']) retrieved from /home/airflow/.local/lib/python3.6/site-packages/airflow/example_dags/example_latest_only.py
[2022-03-26 00:56:07,190] {logging_mixin.py:104} INFO - [2022-03-26 00:56:07,189] {dag.py:1818} INFO - Sync 1 DAGs
[2022-03-26 00:56:07,229] {logging_mixin.py:104} INFO - [2022-03-26 00:56:07,228] {dag.py:2273} INFO - Setting next_dagrun for latest_only to 2022-03-24 00:00:00+00:00
[2022-03-26 00:56:07,260] {scheduler_job.py:190} INFO - Processing /home/airflow/.local/lib/python3.6/site-packages/airflow/example_dags/example_latest_only.py took 0.216 seconds
[2022-03-26 00:56:37,604] {scheduler_job.py:182} INFO - Started process (PID=1236) to work on /home/airflow/.local/lib/python3.6/site-packages/airflow/example_dags/example_latest_only.py
[2022-03-26 00:56:37,630] {scheduler_job.py:629} INFO - Processing file /home/airflow/.local/lib/python3.6/site-packages/airflow/example_dags/example_latest_only.py for tasks to queue
[2022-03-26 00:56:37,645] {logging_mixin.py:104} INFO - [2022-03-26 00:56:37,644] {dagbag.py:448} INFO - Filling up the DagBag from /home/airflow/.local/lib/python3.6/site-packages/airflow/example_dags/example_latest_only.py
[2022-03-26 00:56:37,772] {scheduler_job.py:639} INFO - DAG(s) dict_keys(['latest_only']) retrieved from /home/airflow/.local/lib/python3.6/site-packages/airflow/example_dags/example_latest_only.py
[2022-03-26 00:56:37,868] {logging_mixin.py:104} INFO - [2022-03-26 00:56:37,868] {dag.py:1818} INFO - Sync 1 DAGs
[2022-03-26 00:56:37,933] {logging_mixin.py:104} INFO - [2022-03-26 00:56:37,932] {dag.py:2273} INFO - Setting next_dagrun for latest_only to 2022-03-24 00:00:00+00:00
[2022-03-26 00:56:37,975] {scheduler_job.py:190} INFO - Processing /home/airflow/.local/lib/python3.6/site-packages/airflow/example_dags/example_latest_only.py took 0.393 seconds
[2022-03-26 00:57:09,595] {scheduler_job.py:182} INFO - Started process (PID=1278) to work on /home/airflow/.local/lib/python3.6/site-packages/airflow/example_dags/example_latest_only.py
[2022-03-26 00:57:09,612] {scheduler_job.py:629} INFO - Processing file /home/airflow/.local/lib/python3.6/site-packages/airflow/example_dags/example_latest_only.py for tasks to queue
[2022-03-26 00:57:09,628] {logging_mixin.py:104} INFO - [2022-03-26 00:57:09,625] {dagbag.py:448} INFO - Filling up the DagBag from /home/airflow/.local/lib/python3.6/site-packages/airflow/example_dags/example_latest_only.py
[2022-03-26 00:57:09,795] {scheduler_job.py:639} INFO - DAG(s) dict_keys(['latest_only']) retrieved from /home/airflow/.local/lib/python3.6/site-packages/airflow/example_dags/example_latest_only.py
[2022-03-26 00:57:09,957] {logging_mixin.py:104} INFO - [2022-03-26 00:57:09,957] {dag.py:1818} INFO - Sync 1 DAGs
[2022-03-26 00:57:10,133] {logging_mixin.py:104} INFO - [2022-03-26 00:57:10,132] {dag.py:2273} INFO - Setting next_dagrun for latest_only to 2022-03-24 00:00:00+00:00
[2022-03-26 00:57:10,181] {scheduler_job.py:190} INFO - Processing /home/airflow/.local/lib/python3.6/site-packages/airflow/example_dags/example_latest_only.py took 0.719 seconds
[2022-03-26 00:57:40,784] {scheduler_job.py:182} INFO - Started process (PID=1320) to work on /home/airflow/.local/lib/python3.6/site-packages/airflow/example_dags/example_latest_only.py
[2022-03-26 00:57:40,801] {scheduler_job.py:629} INFO - Processing file /home/airflow/.local/lib/python3.6/site-packages/airflow/example_dags/example_latest_only.py for tasks to queue
[2022-03-26 00:57:40,811] {logging_mixin.py:104} INFO - [2022-03-26 00:57:40,810] {dagbag.py:448} INFO - Filling up the DagBag from /home/airflow/.local/lib/python3.6/site-packages/airflow/example_dags/example_latest_only.py
[2022-03-26 00:57:40,896] {scheduler_job.py:639} INFO - DAG(s) dict_keys(['latest_only']) retrieved from /home/airflow/.local/lib/python3.6/site-packages/airflow/example_dags/example_latest_only.py
[2022-03-26 00:57:41,035] {logging_mixin.py:104} INFO - [2022-03-26 00:57:41,035] {dag.py:1818} INFO - Sync 1 DAGs
[2022-03-26 00:57:41,134] {logging_mixin.py:104} INFO - [2022-03-26 00:57:41,134] {dag.py:2273} INFO - Setting next_dagrun for latest_only to 2022-03-24 00:00:00+00:00
[2022-03-26 00:57:41,166] {scheduler_job.py:190} INFO - Processing /home/airflow/.local/lib/python3.6/site-packages/airflow/example_dags/example_latest_only.py took 0.430 seconds
[2022-03-26 00:58:11,500] {scheduler_job.py:182} INFO - Started process (PID=1362) to work on /home/airflow/.local/lib/python3.6/site-packages/airflow/example_dags/example_latest_only.py
[2022-03-26 00:58:11,522] {scheduler_job.py:629} INFO - Processing file /home/airflow/.local/lib/python3.6/site-packages/airflow/example_dags/example_latest_only.py for tasks to queue
[2022-03-26 00:58:11,528] {logging_mixin.py:104} INFO - [2022-03-26 00:58:11,527] {dagbag.py:448} INFO - Filling up the DagBag from /home/airflow/.local/lib/python3.6/site-packages/airflow/example_dags/example_latest_only.py
[2022-03-26 00:58:11,630] {scheduler_job.py:639} INFO - DAG(s) dict_keys(['latest_only']) retrieved from /home/airflow/.local/lib/python3.6/site-packages/airflow/example_dags/example_latest_only.py
[2022-03-26 00:58:11,769] {logging_mixin.py:104} INFO - [2022-03-26 00:58:11,768] {dag.py:1818} INFO - Sync 1 DAGs
[2022-03-26 00:58:11,824] {logging_mixin.py:104} INFO - [2022-03-26 00:58:11,824] {dag.py:2273} INFO - Setting next_dagrun for latest_only to 2022-03-24 00:00:00+00:00
[2022-03-26 00:58:11,891] {scheduler_job.py:190} INFO - Processing /home/airflow/.local/lib/python3.6/site-packages/airflow/example_dags/example_latest_only.py took 0.436 seconds
[2022-03-26 00:59:00,032] {scheduler_job.py:182} INFO - Started process (PID=1409) to work on /home/airflow/.local/lib/python3.6/site-packages/airflow/example_dags/example_latest_only.py
[2022-03-26 00:59:00,094] {scheduler_job.py:629} INFO - Processing file /home/airflow/.local/lib/python3.6/site-packages/airflow/example_dags/example_latest_only.py for tasks to queue
[2022-03-26 00:59:00,152] {logging_mixin.py:104} INFO - [2022-03-26 00:59:00,143] {dagbag.py:448} INFO - Filling up the DagBag from /home/airflow/.local/lib/python3.6/site-packages/airflow/example_dags/example_latest_only.py
[2022-03-26 00:59:00,795] {scheduler_job.py:639} INFO - DAG(s) dict_keys(['latest_only']) retrieved from /home/airflow/.local/lib/python3.6/site-packages/airflow/example_dags/example_latest_only.py
[2022-03-26 00:59:01,801] {logging_mixin.py:104} INFO - [2022-03-26 00:59:01,800] {dag.py:1818} INFO - Sync 1 DAGs
[2022-03-26 00:59:02,785] {logging_mixin.py:104} INFO - [2022-03-26 00:59:02,758] {dag.py:2273} INFO - Setting next_dagrun for latest_only to 2022-03-24 00:00:00+00:00
[2022-03-26 00:59:03,177] {scheduler_job.py:190} INFO - Processing /home/airflow/.local/lib/python3.6/site-packages/airflow/example_dags/example_latest_only.py took 3.212 seconds
[2022-03-26 00:59:34,081] {scheduler_job.py:182} INFO - Started process (PID=1451) to work on /home/airflow/.local/lib/python3.6/site-packages/airflow/example_dags/example_latest_only.py
[2022-03-26 00:59:34,090] {scheduler_job.py:629} INFO - Processing file /home/airflow/.local/lib/python3.6/site-packages/airflow/example_dags/example_latest_only.py for tasks to queue
[2022-03-26 00:59:34,097] {logging_mixin.py:104} INFO - [2022-03-26 00:59:34,097] {dagbag.py:448} INFO - Filling up the DagBag from /home/airflow/.local/lib/python3.6/site-packages/airflow/example_dags/example_latest_only.py
[2022-03-26 00:59:34,135] {scheduler_job.py:639} INFO - DAG(s) dict_keys(['latest_only']) retrieved from /home/airflow/.local/lib/python3.6/site-packages/airflow/example_dags/example_latest_only.py
[2022-03-26 00:59:34,204] {logging_mixin.py:104} INFO - [2022-03-26 00:59:34,203] {dag.py:1818} INFO - Sync 1 DAGs
[2022-03-26 00:59:34,267] {logging_mixin.py:104} INFO - [2022-03-26 00:59:34,266] {dag.py:2273} INFO - Setting next_dagrun for latest_only to 2022-03-24 00:00:00+00:00
[2022-03-26 00:59:34,309] {scheduler_job.py:190} INFO - Processing /home/airflow/.local/lib/python3.6/site-packages/airflow/example_dags/example_latest_only.py took 0.245 seconds
[2022-03-26 01:00:05,031] {scheduler_job.py:182} INFO - Started process (PID=1493) to work on /home/airflow/.local/lib/python3.6/site-packages/airflow/example_dags/example_latest_only.py
[2022-03-26 01:00:05,047] {scheduler_job.py:629} INFO - Processing file /home/airflow/.local/lib/python3.6/site-packages/airflow/example_dags/example_latest_only.py for tasks to queue
[2022-03-26 01:00:05,057] {logging_mixin.py:104} INFO - [2022-03-26 01:00:05,056] {dagbag.py:448} INFO - Filling up the DagBag from /home/airflow/.local/lib/python3.6/site-packages/airflow/example_dags/example_latest_only.py
[2022-03-26 01:00:05,101] {scheduler_job.py:639} INFO - DAG(s) dict_keys(['latest_only']) retrieved from /home/airflow/.local/lib/python3.6/site-packages/airflow/example_dags/example_latest_only.py
[2022-03-26 01:00:05,172] {logging_mixin.py:104} INFO - [2022-03-26 01:00:05,172] {dag.py:1818} INFO - Sync 1 DAGs
[2022-03-26 01:00:05,222] {logging_mixin.py:104} INFO - [2022-03-26 01:00:05,222] {dag.py:2273} INFO - Setting next_dagrun for latest_only to 2022-03-24 00:00:00+00:00
[2022-03-26 01:00:05,254] {scheduler_job.py:190} INFO - Processing /home/airflow/.local/lib/python3.6/site-packages/airflow/example_dags/example_latest_only.py took 0.240 seconds
[2022-03-26 01:00:35,642] {scheduler_job.py:182} INFO - Started process (PID=1535) to work on /home/airflow/.local/lib/python3.6/site-packages/airflow/example_dags/example_latest_only.py
[2022-03-26 01:00:35,680] {scheduler_job.py:629} INFO - Processing file /home/airflow/.local/lib/python3.6/site-packages/airflow/example_dags/example_latest_only.py for tasks to queue
[2022-03-26 01:00:35,697] {logging_mixin.py:104} INFO - [2022-03-26 01:00:35,697] {dagbag.py:448} INFO - Filling up the DagBag from /home/airflow/.local/lib/python3.6/site-packages/airflow/example_dags/example_latest_only.py
[2022-03-26 01:00:35,833] {scheduler_job.py:639} INFO - DAG(s) dict_keys(['latest_only']) retrieved from /home/airflow/.local/lib/python3.6/site-packages/airflow/example_dags/example_latest_only.py
[2022-03-26 01:00:36,224] {logging_mixin.py:104} INFO - [2022-03-26 01:00:36,223] {dag.py:1818} INFO - Sync 1 DAGs
[2022-03-26 01:00:36,559] {logging_mixin.py:104} INFO - [2022-03-26 01:00:36,559] {dag.py:2273} INFO - Setting next_dagrun for latest_only to 2022-03-24 00:00:00+00:00
[2022-03-26 01:00:36,642] {scheduler_job.py:190} INFO - Processing /home/airflow/.local/lib/python3.6/site-packages/airflow/example_dags/example_latest_only.py took 1.057 seconds
[2022-03-26 01:01:09,673] {scheduler_job.py:182} INFO - Started process (PID=1284) to work on /home/airflow/.local/lib/python3.6/site-packages/airflow/example_dags/example_latest_only.py
[2022-03-26 01:01:09,696] {scheduler_job.py:629} INFO - Processing file /home/airflow/.local/lib/python3.6/site-packages/airflow/example_dags/example_latest_only.py for tasks to queue
[2022-03-26 01:01:09,703] {logging_mixin.py:104} INFO - [2022-03-26 01:01:09,702] {dagbag.py:448} INFO - Filling up the DagBag from /home/airflow/.local/lib/python3.6/site-packages/airflow/example_dags/example_latest_only.py
[2022-03-26 01:01:10,047] {scheduler_job.py:639} INFO - DAG(s) dict_keys(['latest_only']) retrieved from /home/airflow/.local/lib/python3.6/site-packages/airflow/example_dags/example_latest_only.py
[2022-03-26 01:01:10,482] {logging_mixin.py:104} INFO - [2022-03-26 01:01:10,481] {dag.py:1818} INFO - Sync 1 DAGs
[2022-03-26 01:01:11,148] {logging_mixin.py:104} INFO - [2022-03-26 01:01:11,148] {dag.py:2273} INFO - Setting next_dagrun for latest_only to 2022-03-24 00:00:00+00:00
[2022-03-26 01:01:11,283] {scheduler_job.py:190} INFO - Processing /home/airflow/.local/lib/python3.6/site-packages/airflow/example_dags/example_latest_only.py took 1.713 seconds
[2022-03-26 01:01:21,062] {scheduler_job.py:182} INFO - Started process (PID=1578) to work on /home/airflow/.local/lib/python3.6/site-packages/airflow/example_dags/example_latest_only.py
[2022-03-26 01:01:21,068] {scheduler_job.py:629} INFO - Processing file /home/airflow/.local/lib/python3.6/site-packages/airflow/example_dags/example_latest_only.py for tasks to queue
[2022-03-26 01:01:21,076] {logging_mixin.py:104} INFO - [2022-03-26 01:01:21,075] {dagbag.py:448} INFO - Filling up the DagBag from /home/airflow/.local/lib/python3.6/site-packages/airflow/example_dags/example_latest_only.py
[2022-03-26 01:01:21,209] {scheduler_job.py:639} INFO - DAG(s) dict_keys(['latest_only']) retrieved from /home/airflow/.local/lib/python3.6/site-packages/airflow/example_dags/example_latest_only.py
[2022-03-26 01:01:21,371] {logging_mixin.py:104} INFO - [2022-03-26 01:01:21,371] {dag.py:1818} INFO - Sync 1 DAGs
[2022-03-26 01:01:21,511] {logging_mixin.py:104} INFO - [2022-03-26 01:01:21,511] {dag.py:2273} INFO - Setting next_dagrun for latest_only to 2022-03-24 00:00:00+00:00
[2022-03-26 01:01:21,583] {scheduler_job.py:190} INFO - Processing /home/airflow/.local/lib/python3.6/site-packages/airflow/example_dags/example_latest_only.py took 0.555 seconds
[2022-03-26 01:01:42,221] {scheduler_job.py:182} INFO - Started process (PID=1351) to work on /home/airflow/.local/lib/python3.6/site-packages/airflow/example_dags/example_latest_only.py
[2022-03-26 01:01:42,242] {scheduler_job.py:629} INFO - Processing file /home/airflow/.local/lib/python3.6/site-packages/airflow/example_dags/example_latest_only.py for tasks to queue
[2022-03-26 01:01:42,248] {logging_mixin.py:104} INFO - [2022-03-26 01:01:42,248] {dagbag.py:448} INFO - Filling up the DagBag from /home/airflow/.local/lib/python3.6/site-packages/airflow/example_dags/example_latest_only.py
[2022-03-26 01:01:42,377] {scheduler_job.py:639} INFO - DAG(s) dict_keys(['latest_only']) retrieved from /home/airflow/.local/lib/python3.6/site-packages/airflow/example_dags/example_latest_only.py
[2022-03-26 01:01:42,453] {logging_mixin.py:104} INFO - [2022-03-26 01:01:42,453] {dag.py:1818} INFO - Sync 1 DAGs
[2022-03-26 01:01:42,557] {logging_mixin.py:104} INFO - [2022-03-26 01:01:42,557] {dag.py:2273} INFO - Setting next_dagrun for latest_only to 2022-03-24 00:00:00+00:00
[2022-03-26 01:01:42,704] {scheduler_job.py:190} INFO - Processing /home/airflow/.local/lib/python3.6/site-packages/airflow/example_dags/example_latest_only.py took 0.537 seconds
[2022-03-26 01:01:56,302] {scheduler_job.py:182} INFO - Started process (PID=1623) to work on /home/airflow/.local/lib/python3.6/site-packages/airflow/example_dags/example_latest_only.py
[2022-03-26 01:01:56,313] {scheduler_job.py:629} INFO - Processing file /home/airflow/.local/lib/python3.6/site-packages/airflow/example_dags/example_latest_only.py for tasks to queue
[2022-03-26 01:01:56,317] {logging_mixin.py:104} INFO - [2022-03-26 01:01:56,317] {dagbag.py:448} INFO - Filling up the DagBag from /home/airflow/.local/lib/python3.6/site-packages/airflow/example_dags/example_latest_only.py
[2022-03-26 01:01:56,434] {scheduler_job.py:639} INFO - DAG(s) dict_keys(['latest_only']) retrieved from /home/airflow/.local/lib/python3.6/site-packages/airflow/example_dags/example_latest_only.py
[2022-03-26 01:01:56,576] {logging_mixin.py:104} INFO - [2022-03-26 01:01:56,575] {dag.py:1818} INFO - Sync 1 DAGs
[2022-03-26 01:01:56,661] {logging_mixin.py:104} INFO - [2022-03-26 01:01:56,660] {dag.py:2273} INFO - Setting next_dagrun for latest_only to 2022-03-24 00:00:00+00:00
[2022-03-26 01:01:56,729] {scheduler_job.py:190} INFO - Processing /home/airflow/.local/lib/python3.6/site-packages/airflow/example_dags/example_latest_only.py took 0.453 seconds
[2022-03-26 01:02:13,233] {scheduler_job.py:182} INFO - Started process (PID=1416) to work on /home/airflow/.local/lib/python3.6/site-packages/airflow/example_dags/example_latest_only.py
[2022-03-26 01:02:13,247] {scheduler_job.py:629} INFO - Processing file /home/airflow/.local/lib/python3.6/site-packages/airflow/example_dags/example_latest_only.py for tasks to queue
[2022-03-26 01:02:13,252] {logging_mixin.py:104} INFO - [2022-03-26 01:02:13,251] {dagbag.py:448} INFO - Filling up the DagBag from /home/airflow/.local/lib/python3.6/site-packages/airflow/example_dags/example_latest_only.py
[2022-03-26 01:02:13,464] {scheduler_job.py:639} INFO - DAG(s) dict_keys(['latest_only']) retrieved from /home/airflow/.local/lib/python3.6/site-packages/airflow/example_dags/example_latest_only.py
[2022-03-26 01:02:13,860] {logging_mixin.py:104} INFO - [2022-03-26 01:02:13,860] {dag.py:1818} INFO - Sync 1 DAGs
[2022-03-26 01:02:14,525] {logging_mixin.py:104} INFO - [2022-03-26 01:02:14,499] {dag.py:2273} INFO - Setting next_dagrun for latest_only to 2022-03-24 00:00:00+00:00
[2022-03-26 01:02:14,911] {scheduler_job.py:190} INFO - Processing /home/airflow/.local/lib/python3.6/site-packages/airflow/example_dags/example_latest_only.py took 1.710 seconds
[2022-03-26 01:02:29,886] {scheduler_job.py:182} INFO - Started process (PID=1667) to work on /home/airflow/.local/lib/python3.6/site-packages/airflow/example_dags/example_latest_only.py
[2022-03-26 01:02:29,919] {scheduler_job.py:629} INFO - Processing file /home/airflow/.local/lib/python3.6/site-packages/airflow/example_dags/example_latest_only.py for tasks to queue
[2022-03-26 01:02:29,929] {logging_mixin.py:104} INFO - [2022-03-26 01:02:29,928] {dagbag.py:448} INFO - Filling up the DagBag from /home/airflow/.local/lib/python3.6/site-packages/airflow/example_dags/example_latest_only.py
[2022-03-26 01:02:30,097] {scheduler_job.py:639} INFO - DAG(s) dict_keys(['latest_only']) retrieved from /home/airflow/.local/lib/python3.6/site-packages/airflow/example_dags/example_latest_only.py
[2022-03-26 01:02:30,439] {logging_mixin.py:104} INFO - [2022-03-26 01:02:30,438] {dag.py:1818} INFO - Sync 1 DAGs
[2022-03-26 01:02:30,925] {logging_mixin.py:104} INFO - [2022-03-26 01:02:30,921] {dag.py:2273} INFO - Setting next_dagrun for latest_only to 2022-03-24 00:00:00+00:00
[2022-03-26 01:02:31,175] {scheduler_job.py:190} INFO - Processing /home/airflow/.local/lib/python3.6/site-packages/airflow/example_dags/example_latest_only.py took 1.310 seconds
[2022-03-26 01:02:51,080] {scheduler_job.py:182} INFO - Started process (PID=1482) to work on /home/airflow/.local/lib/python3.6/site-packages/airflow/example_dags/example_latest_only.py
[2022-03-26 01:02:51,572] {scheduler_job.py:629} INFO - Processing file /home/airflow/.local/lib/python3.6/site-packages/airflow/example_dags/example_latest_only.py for tasks to queue
[2022-03-26 01:02:51,838] {logging_mixin.py:104} INFO - [2022-03-26 01:02:51,838] {dagbag.py:448} INFO - Filling up the DagBag from /home/airflow/.local/lib/python3.6/site-packages/airflow/example_dags/example_latest_only.py
[2022-03-26 01:02:54,339] {scheduler_job.py:639} INFO - DAG(s) dict_keys(['latest_only']) retrieved from /home/airflow/.local/lib/python3.6/site-packages/airflow/example_dags/example_latest_only.py
[2022-03-26 01:02:59,344] {logging_mixin.py:104} INFO - [2022-03-26 01:02:59,343] {dag.py:1818} INFO - Sync 1 DAGs
[2022-03-26 01:03:00,314] {logging_mixin.py:104} INFO - [2022-03-26 01:03:00,314] {dag.py:2273} INFO - Setting next_dagrun for latest_only to 2022-03-24 00:00:00+00:00
[2022-03-26 01:03:00,603] {scheduler_job.py:190} INFO - Processing /home/airflow/.local/lib/python3.6/site-packages/airflow/example_dags/example_latest_only.py took 10.384 seconds
[2022-03-26 01:03:32,256] {scheduler_job.py:182} INFO - Started process (PID=1722) to work on /home/airflow/.local/lib/python3.6/site-packages/airflow/example_dags/example_latest_only.py
[2022-03-26 01:03:32,273] {scheduler_job.py:629} INFO - Processing file /home/airflow/.local/lib/python3.6/site-packages/airflow/example_dags/example_latest_only.py for tasks to queue
[2022-03-26 01:03:32,287] {logging_mixin.py:104} INFO - [2022-03-26 01:03:32,284] {dagbag.py:448} INFO - Filling up the DagBag from /home/airflow/.local/lib/python3.6/site-packages/airflow/example_dags/example_latest_only.py
[2022-03-26 01:03:32,563] {scheduler_job.py:639} INFO - DAG(s) dict_keys(['latest_only']) retrieved from /home/airflow/.local/lib/python3.6/site-packages/airflow/example_dags/example_latest_only.py
[2022-03-26 01:03:33,072] {logging_mixin.py:104} INFO - [2022-03-26 01:03:33,071] {dag.py:1818} INFO - Sync 1 DAGs
[2022-03-26 01:03:33,950] {logging_mixin.py:104} INFO - [2022-03-26 01:03:33,949] {dag.py:2273} INFO - Setting next_dagrun for latest_only to 2022-03-24 00:00:00+00:00
[2022-03-26 01:03:34,279] {scheduler_job.py:190} INFO - Processing /home/airflow/.local/lib/python3.6/site-packages/airflow/example_dags/example_latest_only.py took 2.076 seconds
[2022-03-26 01:04:04,540] {scheduler_job.py:182} INFO - Started process (PID=1578) to work on /home/airflow/.local/lib/python3.6/site-packages/airflow/example_dags/example_latest_only.py
[2022-03-26 01:04:04,570] {scheduler_job.py:629} INFO - Processing file /home/airflow/.local/lib/python3.6/site-packages/airflow/example_dags/example_latest_only.py for tasks to queue
[2022-03-26 01:04:04,591] {logging_mixin.py:104} INFO - [2022-03-26 01:04:04,591] {dagbag.py:448} INFO - Filling up the DagBag from /home/airflow/.local/lib/python3.6/site-packages/airflow/example_dags/example_latest_only.py
[2022-03-26 01:04:04,858] {scheduler_job.py:639} INFO - DAG(s) dict_keys(['latest_only']) retrieved from /home/airflow/.local/lib/python3.6/site-packages/airflow/example_dags/example_latest_only.py
[2022-03-26 01:04:05,266] {logging_mixin.py:104} INFO - [2022-03-26 01:04:05,265] {dag.py:1818} INFO - Sync 1 DAGs
[2022-03-26 01:04:05,446] {logging_mixin.py:104} INFO - [2022-03-26 01:04:05,446] {dag.py:2273} INFO - Setting next_dagrun for latest_only to 2022-03-24 00:00:00+00:00
[2022-03-26 01:04:05,543] {scheduler_job.py:190} INFO - Processing /home/airflow/.local/lib/python3.6/site-packages/airflow/example_dags/example_latest_only.py took 1.039 seconds
[2022-03-26 01:04:11,036] {scheduler_job.py:182} INFO - Started process (PID=1767) to work on /home/airflow/.local/lib/python3.6/site-packages/airflow/example_dags/example_latest_only.py
[2022-03-26 01:04:11,047] {scheduler_job.py:629} INFO - Processing file /home/airflow/.local/lib/python3.6/site-packages/airflow/example_dags/example_latest_only.py for tasks to queue
[2022-03-26 01:04:11,060] {logging_mixin.py:104} INFO - [2022-03-26 01:04:11,060] {dagbag.py:448} INFO - Filling up the DagBag from /home/airflow/.local/lib/python3.6/site-packages/airflow/example_dags/example_latest_only.py
[2022-03-26 01:04:11,231] {scheduler_job.py:639} INFO - DAG(s) dict_keys(['latest_only']) retrieved from /home/airflow/.local/lib/python3.6/site-packages/airflow/example_dags/example_latest_only.py
[2022-03-26 01:04:11,524] {logging_mixin.py:104} INFO - [2022-03-26 01:04:11,523] {dag.py:1818} INFO - Sync 1 DAGs
[2022-03-26 01:04:11,787] {logging_mixin.py:104} INFO - [2022-03-26 01:04:11,786] {dag.py:2273} INFO - Setting next_dagrun for latest_only to 2022-03-24 00:00:00+00:00
[2022-03-26 01:04:11,988] {scheduler_job.py:190} INFO - Processing /home/airflow/.local/lib/python3.6/site-packages/airflow/example_dags/example_latest_only.py took 1.011 seconds
[2022-03-26 01:04:52,888] {scheduler_job.py:182} INFO - Started process (PID=1815) to work on /home/airflow/.local/lib/python3.6/site-packages/airflow/example_dags/example_latest_only.py
[2022-03-26 01:04:52,909] {scheduler_job.py:629} INFO - Processing file /home/airflow/.local/lib/python3.6/site-packages/airflow/example_dags/example_latest_only.py for tasks to queue
[2022-03-26 01:04:52,921] {logging_mixin.py:104} INFO - [2022-03-26 01:04:52,919] {dagbag.py:448} INFO - Filling up the DagBag from /home/airflow/.local/lib/python3.6/site-packages/airflow/example_dags/example_latest_only.py
[2022-03-26 01:04:53,070] {scheduler_job.py:639} INFO - DAG(s) dict_keys(['latest_only']) retrieved from /home/airflow/.local/lib/python3.6/site-packages/airflow/example_dags/example_latest_only.py
[2022-03-26 01:04:53,270] {logging_mixin.py:104} INFO - [2022-03-26 01:04:53,270] {dag.py:1818} INFO - Sync 1 DAGs
[2022-03-26 01:04:53,395] {logging_mixin.py:104} INFO - [2022-03-26 01:04:53,395] {dag.py:2273} INFO - Setting next_dagrun for latest_only to 2022-03-24 00:00:00+00:00
[2022-03-26 01:04:53,465] {scheduler_job.py:190} INFO - Processing /home/airflow/.local/lib/python3.6/site-packages/airflow/example_dags/example_latest_only.py took 0.619 seconds
[2022-03-26 01:04:58,410] {scheduler_job.py:182} INFO - Started process (PID=1663) to work on /home/airflow/.local/lib/python3.6/site-packages/airflow/example_dags/example_latest_only.py
[2022-03-26 01:04:58,430] {scheduler_job.py:629} INFO - Processing file /home/airflow/.local/lib/python3.6/site-packages/airflow/example_dags/example_latest_only.py for tasks to queue
[2022-03-26 01:04:58,462] {logging_mixin.py:104} INFO - [2022-03-26 01:04:58,462] {dagbag.py:448} INFO - Filling up the DagBag from /home/airflow/.local/lib/python3.6/site-packages/airflow/example_dags/example_latest_only.py
[2022-03-26 01:04:59,361] {scheduler_job.py:639} INFO - DAG(s) dict_keys(['latest_only']) retrieved from /home/airflow/.local/lib/python3.6/site-packages/airflow/example_dags/example_latest_only.py
[2022-03-26 01:05:04,816] {logging_mixin.py:104} INFO - [2022-03-26 01:05:04,812] {dag.py:1818} INFO - Sync 1 DAGs
[2022-03-26 01:05:06,808] {logging_mixin.py:104} INFO - [2022-03-26 01:05:06,807] {dag.py:2273} INFO - Setting next_dagrun for latest_only to 2022-03-24 00:00:00+00:00
[2022-03-26 01:05:07,005] {scheduler_job.py:190} INFO - Processing /home/airflow/.local/lib/python3.6/site-packages/airflow/example_dags/example_latest_only.py took 8.717 seconds
[2022-03-26 01:05:29,733] {scheduler_job.py:182} INFO - Started process (PID=1858) to work on /home/airflow/.local/lib/python3.6/site-packages/airflow/example_dags/example_latest_only.py
[2022-03-26 01:05:29,750] {scheduler_job.py:629} INFO - Processing file /home/airflow/.local/lib/python3.6/site-packages/airflow/example_dags/example_latest_only.py for tasks to queue
[2022-03-26 01:05:29,764] {logging_mixin.py:104} INFO - [2022-03-26 01:05:29,764] {dagbag.py:448} INFO - Filling up the DagBag from /home/airflow/.local/lib/python3.6/site-packages/airflow/example_dags/example_latest_only.py
[2022-03-26 01:05:29,949] {scheduler_job.py:639} INFO - DAG(s) dict_keys(['latest_only']) retrieved from /home/airflow/.local/lib/python3.6/site-packages/airflow/example_dags/example_latest_only.py
[2022-03-26 01:05:30,200] {logging_mixin.py:104} INFO - [2022-03-26 01:05:30,200] {dag.py:1818} INFO - Sync 1 DAGs
[2022-03-26 01:05:30,284] {logging_mixin.py:104} INFO - [2022-03-26 01:05:30,284] {dag.py:2273} INFO - Setting next_dagrun for latest_only to 2022-03-24 00:00:00+00:00
[2022-03-26 01:05:30,391] {scheduler_job.py:190} INFO - Processing /home/airflow/.local/lib/python3.6/site-packages/airflow/example_dags/example_latest_only.py took 0.702 seconds
[2022-03-26 01:06:39,959] {scheduler_job.py:182} INFO - Started process (PID=1959) to work on /home/airflow/.local/lib/python3.6/site-packages/airflow/example_dags/example_latest_only.py
[2022-03-26 01:06:39,986] {scheduler_job.py:629} INFO - Processing file /home/airflow/.local/lib/python3.6/site-packages/airflow/example_dags/example_latest_only.py for tasks to queue
[2022-03-26 01:06:40,001] {logging_mixin.py:104} INFO - [2022-03-26 01:06:40,000] {dagbag.py:448} INFO - Filling up the DagBag from /home/airflow/.local/lib/python3.6/site-packages/airflow/example_dags/example_latest_only.py
[2022-03-26 01:06:40,330] {scheduler_job.py:639} INFO - DAG(s) dict_keys(['latest_only']) retrieved from /home/airflow/.local/lib/python3.6/site-packages/airflow/example_dags/example_latest_only.py
[2022-03-26 01:06:41,484] {logging_mixin.py:104} INFO - [2022-03-26 01:06:41,473] {dag.py:1818} INFO - Sync 1 DAGs
[2022-03-26 01:06:42,228] {logging_mixin.py:104} INFO - [2022-03-26 01:06:42,226] {dag.py:2273} INFO - Setting next_dagrun for latest_only to 2022-03-24 00:00:00+00:00
[2022-03-26 01:06:42,886] {scheduler_job.py:190} INFO - Processing /home/airflow/.local/lib/python3.6/site-packages/airflow/example_dags/example_latest_only.py took 2.981 seconds
[2022-03-26 01:06:58,456] {scheduler_job.py:182} INFO - Started process (PID=1875) to work on /home/airflow/.local/lib/python3.6/site-packages/airflow/example_dags/example_latest_only.py
[2022-03-26 01:06:58,477] {scheduler_job.py:629} INFO - Processing file /home/airflow/.local/lib/python3.6/site-packages/airflow/example_dags/example_latest_only.py for tasks to queue
[2022-03-26 01:06:58,485] {logging_mixin.py:104} INFO - [2022-03-26 01:06:58,485] {dagbag.py:448} INFO - Filling up the DagBag from /home/airflow/.local/lib/python3.6/site-packages/airflow/example_dags/example_latest_only.py
[2022-03-26 01:06:59,008] {scheduler_job.py:639} INFO - DAG(s) dict_keys(['latest_only']) retrieved from /home/airflow/.local/lib/python3.6/site-packages/airflow/example_dags/example_latest_only.py
[2022-03-26 01:06:59,688] {logging_mixin.py:104} INFO - [2022-03-26 01:06:59,688] {dag.py:1818} INFO - Sync 1 DAGs
[2022-03-26 01:07:00,146] {logging_mixin.py:104} INFO - [2022-03-26 01:07:00,139] {dag.py:2273} INFO - Setting next_dagrun for latest_only to 2022-03-24 00:00:00+00:00
[2022-03-26 01:07:00,373] {scheduler_job.py:190} INFO - Processing /home/airflow/.local/lib/python3.6/site-packages/airflow/example_dags/example_latest_only.py took 1.977 seconds
[2022-03-26 01:07:24,406] {scheduler_job.py:182} INFO - Started process (PID=2040) to work on /home/airflow/.local/lib/python3.6/site-packages/airflow/example_dags/example_latest_only.py
[2022-03-26 01:07:24,414] {scheduler_job.py:629} INFO - Processing file /home/airflow/.local/lib/python3.6/site-packages/airflow/example_dags/example_latest_only.py for tasks to queue
[2022-03-26 01:07:24,427] {logging_mixin.py:104} INFO - [2022-03-26 01:07:24,426] {dagbag.py:448} INFO - Filling up the DagBag from /home/airflow/.local/lib/python3.6/site-packages/airflow/example_dags/example_latest_only.py
[2022-03-26 01:07:24,566] {scheduler_job.py:639} INFO - DAG(s) dict_keys(['latest_only']) retrieved from /home/airflow/.local/lib/python3.6/site-packages/airflow/example_dags/example_latest_only.py
[2022-03-26 01:07:24,989] {logging_mixin.py:104} INFO - [2022-03-26 01:07:24,988] {dag.py:1818} INFO - Sync 1 DAGs
[2022-03-26 01:07:25,388] {logging_mixin.py:104} INFO - [2022-03-26 01:07:25,387] {dag.py:2273} INFO - Setting next_dagrun for latest_only to 2022-03-24 00:00:00+00:00
[2022-03-26 01:07:25,485] {scheduler_job.py:190} INFO - Processing /home/airflow/.local/lib/python3.6/site-packages/airflow/example_dags/example_latest_only.py took 1.099 seconds
[2022-03-26 01:08:19,481] {scheduler_job.py:182} INFO - Started process (PID=2140) to work on /home/airflow/.local/lib/python3.6/site-packages/airflow/example_dags/example_latest_only.py
[2022-03-26 01:08:19,508] {scheduler_job.py:629} INFO - Processing file /home/airflow/.local/lib/python3.6/site-packages/airflow/example_dags/example_latest_only.py for tasks to queue
[2022-03-26 01:08:19,533] {logging_mixin.py:104} INFO - [2022-03-26 01:08:19,523] {dagbag.py:448} INFO - Filling up the DagBag from /home/airflow/.local/lib/python3.6/site-packages/airflow/example_dags/example_latest_only.py
[2022-03-26 01:08:19,922] {scheduler_job.py:639} INFO - DAG(s) dict_keys(['latest_only']) retrieved from /home/airflow/.local/lib/python3.6/site-packages/airflow/example_dags/example_latest_only.py
[2022-03-26 01:08:20,166] {logging_mixin.py:104} INFO - [2022-03-26 01:08:20,165] {dag.py:1818} INFO - Sync 1 DAGs
[2022-03-26 01:08:20,396] {logging_mixin.py:104} INFO - [2022-03-26 01:08:20,395] {dag.py:2273} INFO - Setting next_dagrun for latest_only to 2022-03-24 00:00:00+00:00
[2022-03-26 01:08:20,693] {scheduler_job.py:190} INFO - Processing /home/airflow/.local/lib/python3.6/site-packages/airflow/example_dags/example_latest_only.py took 1.279 seconds
[2022-03-26 01:08:22,692] {scheduler_job.py:182} INFO - Started process (PID=2032) to work on /home/airflow/.local/lib/python3.6/site-packages/airflow/example_dags/example_latest_only.py
[2022-03-26 01:08:22,715] {scheduler_job.py:629} INFO - Processing file /home/airflow/.local/lib/python3.6/site-packages/airflow/example_dags/example_latest_only.py for tasks to queue
[2022-03-26 01:08:22,765] {logging_mixin.py:104} INFO - [2022-03-26 01:08:22,741] {dagbag.py:448} INFO - Filling up the DagBag from /home/airflow/.local/lib/python3.6/site-packages/airflow/example_dags/example_latest_only.py
[2022-03-26 01:08:23,013] {scheduler_job.py:639} INFO - DAG(s) dict_keys(['latest_only']) retrieved from /home/airflow/.local/lib/python3.6/site-packages/airflow/example_dags/example_latest_only.py
[2022-03-26 01:08:23,189] {logging_mixin.py:104} INFO - [2022-03-26 01:08:23,189] {dag.py:1818} INFO - Sync 1 DAGs
[2022-03-26 01:08:23,961] {logging_mixin.py:104} INFO - [2022-03-26 01:08:23,961] {dag.py:2273} INFO - Setting next_dagrun for latest_only to 2022-03-24 00:00:00+00:00
[2022-03-26 01:08:24,350] {scheduler_job.py:190} INFO - Processing /home/airflow/.local/lib/python3.6/site-packages/airflow/example_dags/example_latest_only.py took 1.687 seconds
[2022-03-26 01:09:14,236] {scheduler_job.py:182} INFO - Started process (PID=2245) to work on /home/airflow/.local/lib/python3.6/site-packages/airflow/example_dags/example_latest_only.py
[2022-03-26 01:09:14,286] {scheduler_job.py:629} INFO - Processing file /home/airflow/.local/lib/python3.6/site-packages/airflow/example_dags/example_latest_only.py for tasks to queue
[2022-03-26 01:09:14,329] {logging_mixin.py:104} INFO - [2022-03-26 01:09:14,329] {dagbag.py:448} INFO - Filling up the DagBag from /home/airflow/.local/lib/python3.6/site-packages/airflow/example_dags/example_latest_only.py
[2022-03-26 01:09:14,667] {scheduler_job.py:639} INFO - DAG(s) dict_keys(['latest_only']) retrieved from /home/airflow/.local/lib/python3.6/site-packages/airflow/example_dags/example_latest_only.py
[2022-03-26 01:09:15,339] {logging_mixin.py:104} INFO - [2022-03-26 01:09:15,339] {dag.py:1818} INFO - Sync 1 DAGs
[2022-03-26 01:09:15,633] {logging_mixin.py:104} INFO - [2022-03-26 01:09:15,633] {dag.py:2273} INFO - Setting next_dagrun for latest_only to 2022-03-24 00:00:00+00:00
[2022-03-26 01:09:15,738] {scheduler_job.py:190} INFO - Processing /home/airflow/.local/lib/python3.6/site-packages/airflow/example_dags/example_latest_only.py took 1.583 seconds
[2022-03-26 01:09:33,733] {scheduler_job.py:182} INFO - Started process (PID=2176) to work on /home/airflow/.local/lib/python3.6/site-packages/airflow/example_dags/example_latest_only.py
[2022-03-26 01:09:33,752] {scheduler_job.py:629} INFO - Processing file /home/airflow/.local/lib/python3.6/site-packages/airflow/example_dags/example_latest_only.py for tasks to queue
[2022-03-26 01:09:33,796] {logging_mixin.py:104} INFO - [2022-03-26 01:09:33,795] {dagbag.py:448} INFO - Filling up the DagBag from /home/airflow/.local/lib/python3.6/site-packages/airflow/example_dags/example_latest_only.py
[2022-03-26 01:09:34,105] {scheduler_job.py:639} INFO - DAG(s) dict_keys(['latest_only']) retrieved from /home/airflow/.local/lib/python3.6/site-packages/airflow/example_dags/example_latest_only.py
[2022-03-26 01:09:35,314] {logging_mixin.py:104} INFO - [2022-03-26 01:09:35,239] {dag.py:1818} INFO - Sync 1 DAGs
[2022-03-26 01:09:36,309] {logging_mixin.py:104} INFO - [2022-03-26 01:09:36,297] {dag.py:2273} INFO - Setting next_dagrun for latest_only to 2022-03-24 00:00:00+00:00
[2022-03-26 01:09:36,729] {scheduler_job.py:190} INFO - Processing /home/airflow/.local/lib/python3.6/site-packages/airflow/example_dags/example_latest_only.py took 3.036 seconds
[2022-03-26 01:10:25,911] {scheduler_job.py:182} INFO - Started process (PID=2364) to work on /home/airflow/.local/lib/python3.6/site-packages/airflow/example_dags/example_latest_only.py
[2022-03-26 01:10:25,960] {scheduler_job.py:629} INFO - Processing file /home/airflow/.local/lib/python3.6/site-packages/airflow/example_dags/example_latest_only.py for tasks to queue
[2022-03-26 01:10:26,112] {logging_mixin.py:104} INFO - [2022-03-26 01:10:26,111] {dagbag.py:448} INFO - Filling up the DagBag from /home/airflow/.local/lib/python3.6/site-packages/airflow/example_dags/example_latest_only.py
[2022-03-26 01:10:26,665] {scheduler_job.py:639} INFO - DAG(s) dict_keys(['latest_only']) retrieved from /home/airflow/.local/lib/python3.6/site-packages/airflow/example_dags/example_latest_only.py
[2022-03-26 01:10:27,152] {logging_mixin.py:104} INFO - [2022-03-26 01:10:27,151] {dag.py:1818} INFO - Sync 1 DAGs
[2022-03-26 01:10:27,895] {logging_mixin.py:104} INFO - [2022-03-26 01:10:27,894] {dag.py:2273} INFO - Setting next_dagrun for latest_only to 2022-03-24 00:00:00+00:00
[2022-03-26 01:10:28,548] {scheduler_job.py:190} INFO - Processing /home/airflow/.local/lib/python3.6/site-packages/airflow/example_dags/example_latest_only.py took 2.767 seconds
[2022-03-26 01:11:20,889] {scheduler_job.py:182} INFO - Started process (PID=2352) to work on /home/airflow/.local/lib/python3.6/site-packages/airflow/example_dags/example_latest_only.py
[2022-03-26 01:11:20,926] {scheduler_job.py:629} INFO - Processing file /home/airflow/.local/lib/python3.6/site-packages/airflow/example_dags/example_latest_only.py for tasks to queue
[2022-03-26 01:11:20,988] {logging_mixin.py:104} INFO - [2022-03-26 01:11:20,988] {dagbag.py:448} INFO - Filling up the DagBag from /home/airflow/.local/lib/python3.6/site-packages/airflow/example_dags/example_latest_only.py
[2022-03-26 01:11:21,328] {scheduler_job.py:182} INFO - Started process (PID=2451) to work on /home/airflow/.local/lib/python3.6/site-packages/airflow/example_dags/example_latest_only.py
[2022-03-26 01:11:21,338] {scheduler_job.py:639} INFO - DAG(s) dict_keys(['latest_only']) retrieved from /home/airflow/.local/lib/python3.6/site-packages/airflow/example_dags/example_latest_only.py
[2022-03-26 01:11:21,350] {scheduler_job.py:629} INFO - Processing file /home/airflow/.local/lib/python3.6/site-packages/airflow/example_dags/example_latest_only.py for tasks to queue
[2022-03-26 01:11:21,376] {logging_mixin.py:104} INFO - [2022-03-26 01:11:21,375] {dagbag.py:448} INFO - Filling up the DagBag from /home/airflow/.local/lib/python3.6/site-packages/airflow/example_dags/example_latest_only.py
[2022-03-26 01:11:21,513] {scheduler_job.py:639} INFO - DAG(s) dict_keys(['latest_only']) retrieved from /home/airflow/.local/lib/python3.6/site-packages/airflow/example_dags/example_latest_only.py
[2022-03-26 01:11:21,650] {logging_mixin.py:104} INFO - [2022-03-26 01:11:21,650] {dag.py:1818} INFO - Sync 1 DAGs
[2022-03-26 01:11:21,838] {logging_mixin.py:104} INFO - [2022-03-26 01:11:21,835] {dag.py:1818} INFO - Sync 1 DAGs
[2022-03-26 01:11:22,014] {logging_mixin.py:104} INFO - [2022-03-26 01:11:22,014] {dag.py:2273} INFO - Setting next_dagrun for latest_only to 2022-03-24 00:00:00+00:00
[2022-03-26 01:11:22,167] {scheduler_job.py:190} INFO - Processing /home/airflow/.local/lib/python3.6/site-packages/airflow/example_dags/example_latest_only.py took 1.442 seconds
[2022-03-26 01:11:22,317] {logging_mixin.py:104} INFO - [2022-03-26 01:11:22,316] {dag.py:2273} INFO - Setting next_dagrun for latest_only to 2022-03-24 00:00:00+00:00
[2022-03-26 01:11:22,959] {scheduler_job.py:190} INFO - Processing /home/airflow/.local/lib/python3.6/site-packages/airflow/example_dags/example_latest_only.py took 1.701 seconds
[2022-03-26 01:12:22,536] {scheduler_job.py:182} INFO - Started process (PID=2562) to work on /home/airflow/.local/lib/python3.6/site-packages/airflow/example_dags/example_latest_only.py
[2022-03-26 01:12:22,550] {scheduler_job.py:629} INFO - Processing file /home/airflow/.local/lib/python3.6/site-packages/airflow/example_dags/example_latest_only.py for tasks to queue
[2022-03-26 01:12:22,564] {logging_mixin.py:104} INFO - [2022-03-26 01:12:22,564] {dagbag.py:448} INFO - Filling up the DagBag from /home/airflow/.local/lib/python3.6/site-packages/airflow/example_dags/example_latest_only.py
[2022-03-26 01:12:22,757] {scheduler_job.py:639} INFO - DAG(s) dict_keys(['latest_only']) retrieved from /home/airflow/.local/lib/python3.6/site-packages/airflow/example_dags/example_latest_only.py
[2022-03-26 01:12:23,147] {logging_mixin.py:104} INFO - [2022-03-26 01:12:23,146] {dag.py:1818} INFO - Sync 1 DAGs
[2022-03-26 01:12:23,386] {logging_mixin.py:104} INFO - [2022-03-26 01:12:23,374] {dag.py:2273} INFO - Setting next_dagrun for latest_only to 2022-03-24 00:00:00+00:00
[2022-03-26 01:12:23,553] {scheduler_job.py:190} INFO - Processing /home/airflow/.local/lib/python3.6/site-packages/airflow/example_dags/example_latest_only.py took 1.058 seconds
[2022-03-26 01:12:40,674] {scheduler_job.py:182} INFO - Started process (PID=2503) to work on /home/airflow/.local/lib/python3.6/site-packages/airflow/example_dags/example_latest_only.py
[2022-03-26 01:12:40,760] {scheduler_job.py:629} INFO - Processing file /home/airflow/.local/lib/python3.6/site-packages/airflow/example_dags/example_latest_only.py for tasks to queue
[2022-03-26 01:12:40,797] {logging_mixin.py:104} INFO - [2022-03-26 01:12:40,796] {dagbag.py:448} INFO - Filling up the DagBag from /home/airflow/.local/lib/python3.6/site-packages/airflow/example_dags/example_latest_only.py
[2022-03-26 01:12:41,139] {scheduler_job.py:639} INFO - DAG(s) dict_keys(['latest_only']) retrieved from /home/airflow/.local/lib/python3.6/site-packages/airflow/example_dags/example_latest_only.py
[2022-03-26 01:12:41,720] {logging_mixin.py:104} INFO - [2022-03-26 01:12:41,719] {dag.py:1818} INFO - Sync 1 DAGs
[2022-03-26 01:12:42,149] {logging_mixin.py:104} INFO - [2022-03-26 01:12:42,148] {dag.py:2273} INFO - Setting next_dagrun for latest_only to 2022-03-24 00:00:00+00:00
[2022-03-26 01:12:42,277] {scheduler_job.py:190} INFO - Processing /home/airflow/.local/lib/python3.6/site-packages/airflow/example_dags/example_latest_only.py took 1.753 seconds
[2022-03-26 01:13:06,139] {scheduler_job.py:182} INFO - Started process (PID=2651) to work on /home/airflow/.local/lib/python3.6/site-packages/airflow/example_dags/example_latest_only.py
[2022-03-26 01:13:06,163] {scheduler_job.py:629} INFO - Processing file /home/airflow/.local/lib/python3.6/site-packages/airflow/example_dags/example_latest_only.py for tasks to queue
[2022-03-26 01:13:06,182] {logging_mixin.py:104} INFO - [2022-03-26 01:13:06,181] {dagbag.py:448} INFO - Filling up the DagBag from /home/airflow/.local/lib/python3.6/site-packages/airflow/example_dags/example_latest_only.py
[2022-03-26 01:13:06,550] {scheduler_job.py:639} INFO - DAG(s) dict_keys(['latest_only']) retrieved from /home/airflow/.local/lib/python3.6/site-packages/airflow/example_dags/example_latest_only.py
[2022-03-26 01:13:06,942] {logging_mixin.py:104} INFO - [2022-03-26 01:13:06,942] {dag.py:1818} INFO - Sync 1 DAGs
[2022-03-26 01:13:07,206] {logging_mixin.py:104} INFO - [2022-03-26 01:13:07,205] {dag.py:2273} INFO - Setting next_dagrun for latest_only to 2022-03-24 00:00:00+00:00
[2022-03-26 01:13:07,300] {scheduler_job.py:190} INFO - Processing /home/airflow/.local/lib/python3.6/site-packages/airflow/example_dags/example_latest_only.py took 1.235 seconds
[2022-03-26 01:14:07,622] {scheduler_job.py:182} INFO - Started process (PID=2658) to work on /home/airflow/.local/lib/python3.6/site-packages/airflow/example_dags/example_latest_only.py
[2022-03-26 01:14:07,652] {scheduler_job.py:629} INFO - Processing file /home/airflow/.local/lib/python3.6/site-packages/airflow/example_dags/example_latest_only.py for tasks to queue
[2022-03-26 01:14:07,671] {logging_mixin.py:104} INFO - [2022-03-26 01:14:07,670] {dagbag.py:448} INFO - Filling up the DagBag from /home/airflow/.local/lib/python3.6/site-packages/airflow/example_dags/example_latest_only.py
[2022-03-26 01:14:07,906] {scheduler_job.py:639} INFO - DAG(s) dict_keys(['latest_only']) retrieved from /home/airflow/.local/lib/python3.6/site-packages/airflow/example_dags/example_latest_only.py
[2022-03-26 01:14:08,480] {logging_mixin.py:104} INFO - [2022-03-26 01:14:08,472] {dag.py:1818} INFO - Sync 1 DAGs
[2022-03-26 01:14:09,002] {logging_mixin.py:104} INFO - [2022-03-26 01:14:09,002] {dag.py:2273} INFO - Setting next_dagrun for latest_only to 2022-03-24 00:00:00+00:00
[2022-03-26 01:14:09,236] {scheduler_job.py:190} INFO - Processing /home/airflow/.local/lib/python3.6/site-packages/airflow/example_dags/example_latest_only.py took 1.653 seconds
[2022-03-26 01:14:16,867] {scheduler_job.py:182} INFO - Started process (PID=2768) to work on /home/airflow/.local/lib/python3.6/site-packages/airflow/example_dags/example_latest_only.py
[2022-03-26 01:14:16,885] {scheduler_job.py:629} INFO - Processing file /home/airflow/.local/lib/python3.6/site-packages/airflow/example_dags/example_latest_only.py for tasks to queue
[2022-03-26 01:14:16,909] {logging_mixin.py:104} INFO - [2022-03-26 01:14:16,908] {dagbag.py:448} INFO - Filling up the DagBag from /home/airflow/.local/lib/python3.6/site-packages/airflow/example_dags/example_latest_only.py
[2022-03-26 01:14:17,137] {scheduler_job.py:639} INFO - DAG(s) dict_keys(['latest_only']) retrieved from /home/airflow/.local/lib/python3.6/site-packages/airflow/example_dags/example_latest_only.py
[2022-03-26 01:14:17,355] {logging_mixin.py:104} INFO - [2022-03-26 01:14:17,354] {dag.py:1818} INFO - Sync 1 DAGs
[2022-03-26 01:14:17,824] {logging_mixin.py:104} INFO - [2022-03-26 01:14:17,821] {dag.py:2273} INFO - Setting next_dagrun for latest_only to 2022-03-24 00:00:00+00:00
[2022-03-26 01:14:18,192] {scheduler_job.py:190} INFO - Processing /home/airflow/.local/lib/python3.6/site-packages/airflow/example_dags/example_latest_only.py took 1.369 seconds
[2022-03-26 01:15:03,246] {scheduler_job.py:182} INFO - Started process (PID=2863) to work on /home/airflow/.local/lib/python3.6/site-packages/airflow/example_dags/example_latest_only.py
[2022-03-26 01:15:03,273] {scheduler_job.py:629} INFO - Processing file /home/airflow/.local/lib/python3.6/site-packages/airflow/example_dags/example_latest_only.py for tasks to queue
[2022-03-26 01:15:03,305] {logging_mixin.py:104} INFO - [2022-03-26 01:15:03,304] {dagbag.py:448} INFO - Filling up the DagBag from /home/airflow/.local/lib/python3.6/site-packages/airflow/example_dags/example_latest_only.py
[2022-03-26 01:15:03,951] {scheduler_job.py:639} INFO - DAG(s) dict_keys(['latest_only']) retrieved from /home/airflow/.local/lib/python3.6/site-packages/airflow/example_dags/example_latest_only.py
[2022-03-26 01:15:04,916] {logging_mixin.py:104} INFO - [2022-03-26 01:15:04,915] {dag.py:1818} INFO - Sync 1 DAGs
[2022-03-26 01:15:06,158] {logging_mixin.py:104} INFO - [2022-03-26 01:15:06,157] {dag.py:2273} INFO - Setting next_dagrun for latest_only to 2022-03-24 00:00:00+00:00
[2022-03-26 01:15:06,621] {scheduler_job.py:190} INFO - Processing /home/airflow/.local/lib/python3.6/site-packages/airflow/example_dags/example_latest_only.py took 3.498 seconds
