[2022-03-26 00:35:57,769] {scheduler_job.py:182} INFO - Started process (PID=45) to work on /home/airflow/.local/lib/python3.6/site-packages/airflow/example_dags/example_bash_operator.py
[2022-03-26 00:35:57,779] {scheduler_job.py:629} INFO - Processing file /home/airflow/.local/lib/python3.6/site-packages/airflow/example_dags/example_bash_operator.py for tasks to queue
[2022-03-26 00:35:57,784] {logging_mixin.py:104} INFO - [2022-03-26 00:35:57,784] {dagbag.py:448} INFO - Filling up the DagBag from /home/airflow/.local/lib/python3.6/site-packages/airflow/example_dags/example_bash_operator.py
[2022-03-26 00:35:57,935] {scheduler_job.py:639} INFO - DAG(s) dict_keys(['example_bash_operator']) retrieved from /home/airflow/.local/lib/python3.6/site-packages/airflow/example_dags/example_bash_operator.py
[2022-03-26 00:35:58,147] {logging_mixin.py:104} INFO - [2022-03-26 00:35:58,147] {dag.py:1818} INFO - Sync 1 DAGs
[2022-03-26 00:35:58,283] {logging_mixin.py:104} INFO - [2022-03-26 00:35:58,283] {dag.py:1837} INFO - Creating ORM DAG for example_bash_operator
[2022-03-26 00:35:58,411] {logging_mixin.py:104} INFO - [2022-03-26 00:35:58,405] {dag.py:2273} INFO - Setting next_dagrun for example_bash_operator to 2022-03-24 00:00:00+00:00
[2022-03-26 00:35:58,553] {scheduler_job.py:190} INFO - Processing /home/airflow/.local/lib/python3.6/site-packages/airflow/example_dags/example_bash_operator.py took 0.812 seconds
[2022-03-26 00:36:28,932] {scheduler_job.py:182} INFO - Started process (PID=71) to work on /home/airflow/.local/lib/python3.6/site-packages/airflow/example_dags/example_bash_operator.py
[2022-03-26 00:36:28,977] {scheduler_job.py:629} INFO - Processing file /home/airflow/.local/lib/python3.6/site-packages/airflow/example_dags/example_bash_operator.py for tasks to queue
[2022-03-26 00:36:28,987] {logging_mixin.py:104} INFO - [2022-03-26 00:36:28,987] {dagbag.py:448} INFO - Filling up the DagBag from /home/airflow/.local/lib/python3.6/site-packages/airflow/example_dags/example_bash_operator.py
[2022-03-26 00:36:29,118] {scheduler_job.py:639} INFO - DAG(s) dict_keys(['example_bash_operator']) retrieved from /home/airflow/.local/lib/python3.6/site-packages/airflow/example_dags/example_bash_operator.py
[2022-03-26 00:36:29,302] {logging_mixin.py:104} INFO - [2022-03-26 00:36:29,300] {dag.py:1818} INFO - Sync 1 DAGs
[2022-03-26 00:36:29,457] {logging_mixin.py:104} INFO - [2022-03-26 00:36:29,451] {dag.py:2273} INFO - Setting next_dagrun for example_bash_operator to 2022-03-24 00:00:00+00:00
[2022-03-26 00:36:29,521] {scheduler_job.py:190} INFO - Processing /home/airflow/.local/lib/python3.6/site-packages/airflow/example_dags/example_bash_operator.py took 0.611 seconds
[2022-03-26 00:36:59,943] {scheduler_job.py:182} INFO - Started process (PID=98) to work on /home/airflow/.local/lib/python3.6/site-packages/airflow/example_dags/example_bash_operator.py
[2022-03-26 00:36:59,954] {scheduler_job.py:629} INFO - Processing file /home/airflow/.local/lib/python3.6/site-packages/airflow/example_dags/example_bash_operator.py for tasks to queue
[2022-03-26 00:36:59,962] {logging_mixin.py:104} INFO - [2022-03-26 00:36:59,960] {dagbag.py:448} INFO - Filling up the DagBag from /home/airflow/.local/lib/python3.6/site-packages/airflow/example_dags/example_bash_operator.py
[2022-03-26 00:37:00,034] {scheduler_job.py:639} INFO - DAG(s) dict_keys(['example_bash_operator']) retrieved from /home/airflow/.local/lib/python3.6/site-packages/airflow/example_dags/example_bash_operator.py
[2022-03-26 00:37:00,100] {logging_mixin.py:104} INFO - [2022-03-26 00:37:00,100] {dag.py:1818} INFO - Sync 1 DAGs
[2022-03-26 00:37:00,199] {logging_mixin.py:104} INFO - [2022-03-26 00:37:00,199] {dag.py:2273} INFO - Setting next_dagrun for example_bash_operator to 2022-03-24 00:00:00+00:00
[2022-03-26 00:37:00,275] {scheduler_job.py:190} INFO - Processing /home/airflow/.local/lib/python3.6/site-packages/airflow/example_dags/example_bash_operator.py took 0.347 seconds
[2022-03-26 00:37:31,739] {scheduler_job.py:182} INFO - Started process (PID=125) to work on /home/airflow/.local/lib/python3.6/site-packages/airflow/example_dags/example_bash_operator.py
[2022-03-26 00:37:31,748] {scheduler_job.py:629} INFO - Processing file /home/airflow/.local/lib/python3.6/site-packages/airflow/example_dags/example_bash_operator.py for tasks to queue
[2022-03-26 00:37:31,753] {logging_mixin.py:104} INFO - [2022-03-26 00:37:31,752] {dagbag.py:448} INFO - Filling up the DagBag from /home/airflow/.local/lib/python3.6/site-packages/airflow/example_dags/example_bash_operator.py
[2022-03-26 00:37:31,826] {scheduler_job.py:639} INFO - DAG(s) dict_keys(['example_bash_operator']) retrieved from /home/airflow/.local/lib/python3.6/site-packages/airflow/example_dags/example_bash_operator.py
[2022-03-26 00:37:31,919] {logging_mixin.py:104} INFO - [2022-03-26 00:37:31,919] {dag.py:1818} INFO - Sync 1 DAGs
[2022-03-26 00:37:31,982] {logging_mixin.py:104} INFO - [2022-03-26 00:37:31,981] {dag.py:2273} INFO - Setting next_dagrun for example_bash_operator to 2022-03-24 00:00:00+00:00
[2022-03-26 00:37:32,007] {scheduler_job.py:190} INFO - Processing /home/airflow/.local/lib/python3.6/site-packages/airflow/example_dags/example_bash_operator.py took 0.285 seconds
[2022-03-26 00:38:03,104] {scheduler_job.py:182} INFO - Started process (PID=151) to work on /home/airflow/.local/lib/python3.6/site-packages/airflow/example_dags/example_bash_operator.py
[2022-03-26 00:38:03,112] {scheduler_job.py:629} INFO - Processing file /home/airflow/.local/lib/python3.6/site-packages/airflow/example_dags/example_bash_operator.py for tasks to queue
[2022-03-26 00:38:03,115] {logging_mixin.py:104} INFO - [2022-03-26 00:38:03,115] {dagbag.py:448} INFO - Filling up the DagBag from /home/airflow/.local/lib/python3.6/site-packages/airflow/example_dags/example_bash_operator.py
[2022-03-26 00:38:03,184] {scheduler_job.py:639} INFO - DAG(s) dict_keys(['example_bash_operator']) retrieved from /home/airflow/.local/lib/python3.6/site-packages/airflow/example_dags/example_bash_operator.py
[2022-03-26 00:38:03,340] {logging_mixin.py:104} INFO - [2022-03-26 00:38:03,340] {dag.py:1818} INFO - Sync 1 DAGs
[2022-03-26 00:38:03,540] {logging_mixin.py:104} INFO - [2022-03-26 00:38:03,539] {dag.py:2273} INFO - Setting next_dagrun for example_bash_operator to 2022-03-24 00:00:00+00:00
[2022-03-26 00:38:03,615] {scheduler_job.py:190} INFO - Processing /home/airflow/.local/lib/python3.6/site-packages/airflow/example_dags/example_bash_operator.py took 0.526 seconds
[2022-03-26 00:38:34,739] {scheduler_job.py:182} INFO - Started process (PID=178) to work on /home/airflow/.local/lib/python3.6/site-packages/airflow/example_dags/example_bash_operator.py
[2022-03-26 00:38:34,754] {scheduler_job.py:629} INFO - Processing file /home/airflow/.local/lib/python3.6/site-packages/airflow/example_dags/example_bash_operator.py for tasks to queue
[2022-03-26 00:38:34,757] {logging_mixin.py:104} INFO - [2022-03-26 00:38:34,757] {dagbag.py:448} INFO - Filling up the DagBag from /home/airflow/.local/lib/python3.6/site-packages/airflow/example_dags/example_bash_operator.py
[2022-03-26 00:38:34,886] {scheduler_job.py:639} INFO - DAG(s) dict_keys(['example_bash_operator']) retrieved from /home/airflow/.local/lib/python3.6/site-packages/airflow/example_dags/example_bash_operator.py
[2022-03-26 00:38:35,006] {logging_mixin.py:104} INFO - [2022-03-26 00:38:35,006] {dag.py:1818} INFO - Sync 1 DAGs
[2022-03-26 00:38:35,087] {logging_mixin.py:104} INFO - [2022-03-26 00:38:35,087] {dag.py:2273} INFO - Setting next_dagrun for example_bash_operator to 2022-03-24 00:00:00+00:00
[2022-03-26 00:38:35,121] {scheduler_job.py:190} INFO - Processing /home/airflow/.local/lib/python3.6/site-packages/airflow/example_dags/example_bash_operator.py took 0.415 seconds
[2022-03-26 00:39:05,877] {scheduler_job.py:182} INFO - Started process (PID=204) to work on /home/airflow/.local/lib/python3.6/site-packages/airflow/example_dags/example_bash_operator.py
[2022-03-26 00:39:05,901] {scheduler_job.py:629} INFO - Processing file /home/airflow/.local/lib/python3.6/site-packages/airflow/example_dags/example_bash_operator.py for tasks to queue
[2022-03-26 00:39:05,908] {logging_mixin.py:104} INFO - [2022-03-26 00:39:05,907] {dagbag.py:448} INFO - Filling up the DagBag from /home/airflow/.local/lib/python3.6/site-packages/airflow/example_dags/example_bash_operator.py
[2022-03-26 00:39:05,988] {scheduler_job.py:639} INFO - DAG(s) dict_keys(['example_bash_operator']) retrieved from /home/airflow/.local/lib/python3.6/site-packages/airflow/example_dags/example_bash_operator.py
[2022-03-26 00:39:06,143] {logging_mixin.py:104} INFO - [2022-03-26 00:39:06,142] {dag.py:1818} INFO - Sync 1 DAGs
[2022-03-26 00:39:06,284] {logging_mixin.py:104} INFO - [2022-03-26 00:39:06,284] {dag.py:2273} INFO - Setting next_dagrun for example_bash_operator to 2022-03-24 00:00:00+00:00
[2022-03-26 00:39:06,344] {scheduler_job.py:190} INFO - Processing /home/airflow/.local/lib/python3.6/site-packages/airflow/example_dags/example_bash_operator.py took 0.496 seconds
[2022-03-26 00:39:37,455] {scheduler_job.py:182} INFO - Started process (PID=230) to work on /home/airflow/.local/lib/python3.6/site-packages/airflow/example_dags/example_bash_operator.py
[2022-03-26 00:39:37,461] {scheduler_job.py:629} INFO - Processing file /home/airflow/.local/lib/python3.6/site-packages/airflow/example_dags/example_bash_operator.py for tasks to queue
[2022-03-26 00:39:37,475] {logging_mixin.py:104} INFO - [2022-03-26 00:39:37,472] {dagbag.py:448} INFO - Filling up the DagBag from /home/airflow/.local/lib/python3.6/site-packages/airflow/example_dags/example_bash_operator.py
[2022-03-26 00:39:37,589] {scheduler_job.py:639} INFO - DAG(s) dict_keys(['example_bash_operator']) retrieved from /home/airflow/.local/lib/python3.6/site-packages/airflow/example_dags/example_bash_operator.py
[2022-03-26 00:39:37,774] {logging_mixin.py:104} INFO - [2022-03-26 00:39:37,773] {dag.py:1818} INFO - Sync 1 DAGs
[2022-03-26 00:39:37,906] {logging_mixin.py:104} INFO - [2022-03-26 00:39:37,906] {dag.py:2273} INFO - Setting next_dagrun for example_bash_operator to 2022-03-24 00:00:00+00:00
[2022-03-26 00:39:37,968] {scheduler_job.py:190} INFO - Processing /home/airflow/.local/lib/python3.6/site-packages/airflow/example_dags/example_bash_operator.py took 0.538 seconds
[2022-03-26 00:40:10,194] {scheduler_job.py:182} INFO - Started process (PID=256) to work on /home/airflow/.local/lib/python3.6/site-packages/airflow/example_dags/example_bash_operator.py
[2022-03-26 00:40:10,206] {scheduler_job.py:629} INFO - Processing file /home/airflow/.local/lib/python3.6/site-packages/airflow/example_dags/example_bash_operator.py for tasks to queue
[2022-03-26 00:40:10,214] {logging_mixin.py:104} INFO - [2022-03-26 00:40:10,214] {dagbag.py:448} INFO - Filling up the DagBag from /home/airflow/.local/lib/python3.6/site-packages/airflow/example_dags/example_bash_operator.py
[2022-03-26 00:40:10,287] {scheduler_job.py:639} INFO - DAG(s) dict_keys(['example_bash_operator']) retrieved from /home/airflow/.local/lib/python3.6/site-packages/airflow/example_dags/example_bash_operator.py
[2022-03-26 00:40:10,419] {logging_mixin.py:104} INFO - [2022-03-26 00:40:10,418] {dag.py:1818} INFO - Sync 1 DAGs
[2022-03-26 00:40:10,503] {logging_mixin.py:104} INFO - [2022-03-26 00:40:10,503] {dag.py:2273} INFO - Setting next_dagrun for example_bash_operator to 2022-03-24 00:00:00+00:00
[2022-03-26 00:40:10,526] {scheduler_job.py:190} INFO - Processing /home/airflow/.local/lib/python3.6/site-packages/airflow/example_dags/example_bash_operator.py took 0.367 seconds
[2022-03-26 00:40:40,892] {scheduler_job.py:182} INFO - Started process (PID=281) to work on /home/airflow/.local/lib/python3.6/site-packages/airflow/example_dags/example_bash_operator.py
[2022-03-26 00:40:40,900] {scheduler_job.py:629} INFO - Processing file /home/airflow/.local/lib/python3.6/site-packages/airflow/example_dags/example_bash_operator.py for tasks to queue
[2022-03-26 00:40:40,903] {logging_mixin.py:104} INFO - [2022-03-26 00:40:40,902] {dagbag.py:448} INFO - Filling up the DagBag from /home/airflow/.local/lib/python3.6/site-packages/airflow/example_dags/example_bash_operator.py
[2022-03-26 00:40:40,968] {scheduler_job.py:639} INFO - DAG(s) dict_keys(['example_bash_operator']) retrieved from /home/airflow/.local/lib/python3.6/site-packages/airflow/example_dags/example_bash_operator.py
[2022-03-26 00:40:41,067] {logging_mixin.py:104} INFO - [2022-03-26 00:40:41,067] {dag.py:1818} INFO - Sync 1 DAGs
[2022-03-26 00:40:41,174] {logging_mixin.py:104} INFO - [2022-03-26 00:40:41,174] {dag.py:2273} INFO - Setting next_dagrun for example_bash_operator to 2022-03-24 00:00:00+00:00
[2022-03-26 00:40:41,247] {scheduler_job.py:190} INFO - Processing /home/airflow/.local/lib/python3.6/site-packages/airflow/example_dags/example_bash_operator.py took 0.368 seconds
[2022-03-26 00:41:12,256] {scheduler_job.py:182} INFO - Started process (PID=307) to work on /home/airflow/.local/lib/python3.6/site-packages/airflow/example_dags/example_bash_operator.py
[2022-03-26 00:41:12,275] {scheduler_job.py:629} INFO - Processing file /home/airflow/.local/lib/python3.6/site-packages/airflow/example_dags/example_bash_operator.py for tasks to queue
[2022-03-26 00:41:12,292] {logging_mixin.py:104} INFO - [2022-03-26 00:41:12,292] {dagbag.py:448} INFO - Filling up the DagBag from /home/airflow/.local/lib/python3.6/site-packages/airflow/example_dags/example_bash_operator.py
[2022-03-26 00:41:12,428] {scheduler_job.py:639} INFO - DAG(s) dict_keys(['example_bash_operator']) retrieved from /home/airflow/.local/lib/python3.6/site-packages/airflow/example_dags/example_bash_operator.py
[2022-03-26 00:41:12,532] {logging_mixin.py:104} INFO - [2022-03-26 00:41:12,528] {dag.py:1818} INFO - Sync 1 DAGs
[2022-03-26 00:41:12,652] {logging_mixin.py:104} INFO - [2022-03-26 00:41:12,652] {dag.py:2273} INFO - Setting next_dagrun for example_bash_operator to 2022-03-24 00:00:00+00:00
[2022-03-26 00:41:12,696] {scheduler_job.py:190} INFO - Processing /home/airflow/.local/lib/python3.6/site-packages/airflow/example_dags/example_bash_operator.py took 0.468 seconds
[2022-03-26 00:41:43,026] {scheduler_job.py:182} INFO - Started process (PID=333) to work on /home/airflow/.local/lib/python3.6/site-packages/airflow/example_dags/example_bash_operator.py
[2022-03-26 00:41:43,034] {scheduler_job.py:629} INFO - Processing file /home/airflow/.local/lib/python3.6/site-packages/airflow/example_dags/example_bash_operator.py for tasks to queue
[2022-03-26 00:41:43,040] {logging_mixin.py:104} INFO - [2022-03-26 00:41:43,039] {dagbag.py:448} INFO - Filling up the DagBag from /home/airflow/.local/lib/python3.6/site-packages/airflow/example_dags/example_bash_operator.py
[2022-03-26 00:41:43,080] {scheduler_job.py:639} INFO - DAG(s) dict_keys(['example_bash_operator']) retrieved from /home/airflow/.local/lib/python3.6/site-packages/airflow/example_dags/example_bash_operator.py
[2022-03-26 00:41:43,138] {logging_mixin.py:104} INFO - [2022-03-26 00:41:43,138] {dag.py:1818} INFO - Sync 1 DAGs
[2022-03-26 00:41:43,191] {logging_mixin.py:104} INFO - [2022-03-26 00:41:43,191] {dag.py:2273} INFO - Setting next_dagrun for example_bash_operator to 2022-03-24 00:00:00+00:00
[2022-03-26 00:41:43,231] {scheduler_job.py:190} INFO - Processing /home/airflow/.local/lib/python3.6/site-packages/airflow/example_dags/example_bash_operator.py took 0.218 seconds
[2022-03-26 00:42:13,544] {scheduler_job.py:182} INFO - Started process (PID=359) to work on /home/airflow/.local/lib/python3.6/site-packages/airflow/example_dags/example_bash_operator.py
[2022-03-26 00:42:13,551] {scheduler_job.py:629} INFO - Processing file /home/airflow/.local/lib/python3.6/site-packages/airflow/example_dags/example_bash_operator.py for tasks to queue
[2022-03-26 00:42:13,565] {logging_mixin.py:104} INFO - [2022-03-26 00:42:13,559] {dagbag.py:448} INFO - Filling up the DagBag from /home/airflow/.local/lib/python3.6/site-packages/airflow/example_dags/example_bash_operator.py
[2022-03-26 00:42:13,702] {scheduler_job.py:639} INFO - DAG(s) dict_keys(['example_bash_operator']) retrieved from /home/airflow/.local/lib/python3.6/site-packages/airflow/example_dags/example_bash_operator.py
[2022-03-26 00:42:13,832] {logging_mixin.py:104} INFO - [2022-03-26 00:42:13,832] {dag.py:1818} INFO - Sync 1 DAGs
[2022-03-26 00:42:13,947] {logging_mixin.py:104} INFO - [2022-03-26 00:42:13,946] {dag.py:2273} INFO - Setting next_dagrun for example_bash_operator to 2022-03-24 00:00:00+00:00
[2022-03-26 00:42:13,993] {scheduler_job.py:190} INFO - Processing /home/airflow/.local/lib/python3.6/site-packages/airflow/example_dags/example_bash_operator.py took 0.480 seconds
[2022-03-26 00:42:44,196] {scheduler_job.py:182} INFO - Started process (PID=385) to work on /home/airflow/.local/lib/python3.6/site-packages/airflow/example_dags/example_bash_operator.py
[2022-03-26 00:42:44,217] {scheduler_job.py:629} INFO - Processing file /home/airflow/.local/lib/python3.6/site-packages/airflow/example_dags/example_bash_operator.py for tasks to queue
[2022-03-26 00:42:44,226] {logging_mixin.py:104} INFO - [2022-03-26 00:42:44,225] {dagbag.py:448} INFO - Filling up the DagBag from /home/airflow/.local/lib/python3.6/site-packages/airflow/example_dags/example_bash_operator.py
[2022-03-26 00:42:44,309] {scheduler_job.py:639} INFO - DAG(s) dict_keys(['example_bash_operator']) retrieved from /home/airflow/.local/lib/python3.6/site-packages/airflow/example_dags/example_bash_operator.py
[2022-03-26 00:42:44,402] {logging_mixin.py:104} INFO - [2022-03-26 00:42:44,402] {dag.py:1818} INFO - Sync 1 DAGs
[2022-03-26 00:42:44,558] {logging_mixin.py:104} INFO - [2022-03-26 00:42:44,558] {dag.py:2273} INFO - Setting next_dagrun for example_bash_operator to 2022-03-24 00:00:00+00:00
[2022-03-26 00:42:44,644] {scheduler_job.py:190} INFO - Processing /home/airflow/.local/lib/python3.6/site-packages/airflow/example_dags/example_bash_operator.py took 0.460 seconds
[2022-03-26 00:43:15,575] {scheduler_job.py:182} INFO - Started process (PID=411) to work on /home/airflow/.local/lib/python3.6/site-packages/airflow/example_dags/example_bash_operator.py
[2022-03-26 00:43:15,585] {scheduler_job.py:629} INFO - Processing file /home/airflow/.local/lib/python3.6/site-packages/airflow/example_dags/example_bash_operator.py for tasks to queue
[2022-03-26 00:43:15,593] {logging_mixin.py:104} INFO - [2022-03-26 00:43:15,593] {dagbag.py:448} INFO - Filling up the DagBag from /home/airflow/.local/lib/python3.6/site-packages/airflow/example_dags/example_bash_operator.py
[2022-03-26 00:43:15,743] {scheduler_job.py:639} INFO - DAG(s) dict_keys(['example_bash_operator']) retrieved from /home/airflow/.local/lib/python3.6/site-packages/airflow/example_dags/example_bash_operator.py
[2022-03-26 00:43:15,866] {logging_mixin.py:104} INFO - [2022-03-26 00:43:15,866] {dag.py:1818} INFO - Sync 1 DAGs
[2022-03-26 00:43:15,981] {logging_mixin.py:104} INFO - [2022-03-26 00:43:15,981] {dag.py:2273} INFO - Setting next_dagrun for example_bash_operator to 2022-03-24 00:00:00+00:00
[2022-03-26 00:43:16,021] {scheduler_job.py:190} INFO - Processing /home/airflow/.local/lib/python3.6/site-packages/airflow/example_dags/example_bash_operator.py took 0.478 seconds
[2022-03-26 00:43:47,687] {scheduler_job.py:182} INFO - Started process (PID=437) to work on /home/airflow/.local/lib/python3.6/site-packages/airflow/example_dags/example_bash_operator.py
[2022-03-26 00:43:47,698] {scheduler_job.py:629} INFO - Processing file /home/airflow/.local/lib/python3.6/site-packages/airflow/example_dags/example_bash_operator.py for tasks to queue
[2022-03-26 00:43:47,715] {logging_mixin.py:104} INFO - [2022-03-26 00:43:47,704] {dagbag.py:448} INFO - Filling up the DagBag from /home/airflow/.local/lib/python3.6/site-packages/airflow/example_dags/example_bash_operator.py
[2022-03-26 00:43:47,879] {scheduler_job.py:639} INFO - DAG(s) dict_keys(['example_bash_operator']) retrieved from /home/airflow/.local/lib/python3.6/site-packages/airflow/example_dags/example_bash_operator.py
[2022-03-26 00:43:47,994] {logging_mixin.py:104} INFO - [2022-03-26 00:43:47,993] {dag.py:1818} INFO - Sync 1 DAGs
[2022-03-26 00:43:48,169] {logging_mixin.py:104} INFO - [2022-03-26 00:43:48,169] {dag.py:2273} INFO - Setting next_dagrun for example_bash_operator to 2022-03-24 00:00:00+00:00
[2022-03-26 00:43:48,261] {scheduler_job.py:190} INFO - Processing /home/airflow/.local/lib/python3.6/site-packages/airflow/example_dags/example_bash_operator.py took 0.603 seconds
[2022-03-26 00:44:18,729] {scheduler_job.py:182} INFO - Started process (PID=463) to work on /home/airflow/.local/lib/python3.6/site-packages/airflow/example_dags/example_bash_operator.py
[2022-03-26 00:44:18,750] {scheduler_job.py:629} INFO - Processing file /home/airflow/.local/lib/python3.6/site-packages/airflow/example_dags/example_bash_operator.py for tasks to queue
[2022-03-26 00:44:18,762] {logging_mixin.py:104} INFO - [2022-03-26 00:44:18,759] {dagbag.py:448} INFO - Filling up the DagBag from /home/airflow/.local/lib/python3.6/site-packages/airflow/example_dags/example_bash_operator.py
[2022-03-26 00:44:18,825] {scheduler_job.py:639} INFO - DAG(s) dict_keys(['example_bash_operator']) retrieved from /home/airflow/.local/lib/python3.6/site-packages/airflow/example_dags/example_bash_operator.py
[2022-03-26 00:44:18,892] {logging_mixin.py:104} INFO - [2022-03-26 00:44:18,892] {dag.py:1818} INFO - Sync 1 DAGs
[2022-03-26 00:44:18,964] {logging_mixin.py:104} INFO - [2022-03-26 00:44:18,964] {dag.py:2273} INFO - Setting next_dagrun for example_bash_operator to 2022-03-24 00:00:00+00:00
[2022-03-26 00:44:18,990] {scheduler_job.py:190} INFO - Processing /home/airflow/.local/lib/python3.6/site-packages/airflow/example_dags/example_bash_operator.py took 0.277 seconds
[2022-03-26 00:44:49,380] {scheduler_job.py:182} INFO - Started process (PID=489) to work on /home/airflow/.local/lib/python3.6/site-packages/airflow/example_dags/example_bash_operator.py
[2022-03-26 00:44:49,400] {scheduler_job.py:629} INFO - Processing file /home/airflow/.local/lib/python3.6/site-packages/airflow/example_dags/example_bash_operator.py for tasks to queue
[2022-03-26 00:44:49,410] {logging_mixin.py:104} INFO - [2022-03-26 00:44:49,410] {dagbag.py:448} INFO - Filling up the DagBag from /home/airflow/.local/lib/python3.6/site-packages/airflow/example_dags/example_bash_operator.py
[2022-03-26 00:44:49,476] {scheduler_job.py:639} INFO - DAG(s) dict_keys(['example_bash_operator']) retrieved from /home/airflow/.local/lib/python3.6/site-packages/airflow/example_dags/example_bash_operator.py
[2022-03-26 00:44:49,540] {logging_mixin.py:104} INFO - [2022-03-26 00:44:49,539] {dag.py:1818} INFO - Sync 1 DAGs
[2022-03-26 00:44:49,609] {logging_mixin.py:104} INFO - [2022-03-26 00:44:49,609] {dag.py:2273} INFO - Setting next_dagrun for example_bash_operator to 2022-03-24 00:00:00+00:00
[2022-03-26 00:44:49,648] {scheduler_job.py:190} INFO - Processing /home/airflow/.local/lib/python3.6/site-packages/airflow/example_dags/example_bash_operator.py took 0.286 seconds
[2022-03-26 00:45:20,053] {scheduler_job.py:182} INFO - Started process (PID=514) to work on /home/airflow/.local/lib/python3.6/site-packages/airflow/example_dags/example_bash_operator.py
[2022-03-26 00:45:20,077] {scheduler_job.py:629} INFO - Processing file /home/airflow/.local/lib/python3.6/site-packages/airflow/example_dags/example_bash_operator.py for tasks to queue
[2022-03-26 00:45:20,093] {logging_mixin.py:104} INFO - [2022-03-26 00:45:20,093] {dagbag.py:448} INFO - Filling up the DagBag from /home/airflow/.local/lib/python3.6/site-packages/airflow/example_dags/example_bash_operator.py
[2022-03-26 00:45:20,319] {scheduler_job.py:639} INFO - DAG(s) dict_keys(['example_bash_operator']) retrieved from /home/airflow/.local/lib/python3.6/site-packages/airflow/example_dags/example_bash_operator.py
[2022-03-26 00:45:20,686] {logging_mixin.py:104} INFO - [2022-03-26 00:45:20,686] {dag.py:1818} INFO - Sync 1 DAGs
[2022-03-26 00:45:20,906] {logging_mixin.py:104} INFO - [2022-03-26 00:45:20,905] {dag.py:2273} INFO - Setting next_dagrun for example_bash_operator to 2022-03-24 00:00:00+00:00
[2022-03-26 00:45:20,977] {scheduler_job.py:190} INFO - Processing /home/airflow/.local/lib/python3.6/site-packages/airflow/example_dags/example_bash_operator.py took 0.985 seconds
[2022-03-26 00:45:51,788] {scheduler_job.py:182} INFO - Started process (PID=540) to work on /home/airflow/.local/lib/python3.6/site-packages/airflow/example_dags/example_bash_operator.py
[2022-03-26 00:45:51,804] {scheduler_job.py:629} INFO - Processing file /home/airflow/.local/lib/python3.6/site-packages/airflow/example_dags/example_bash_operator.py for tasks to queue
[2022-03-26 00:45:51,810] {logging_mixin.py:104} INFO - [2022-03-26 00:45:51,809] {dagbag.py:448} INFO - Filling up the DagBag from /home/airflow/.local/lib/python3.6/site-packages/airflow/example_dags/example_bash_operator.py
[2022-03-26 00:45:51,874] {scheduler_job.py:639} INFO - DAG(s) dict_keys(['example_bash_operator']) retrieved from /home/airflow/.local/lib/python3.6/site-packages/airflow/example_dags/example_bash_operator.py
[2022-03-26 00:45:52,020] {logging_mixin.py:104} INFO - [2022-03-26 00:45:52,017] {dag.py:1818} INFO - Sync 1 DAGs
[2022-03-26 00:45:52,238] {logging_mixin.py:104} INFO - [2022-03-26 00:45:52,238] {dag.py:2273} INFO - Setting next_dagrun for example_bash_operator to 2022-03-24 00:00:00+00:00
[2022-03-26 00:45:52,300] {scheduler_job.py:190} INFO - Processing /home/airflow/.local/lib/python3.6/site-packages/airflow/example_dags/example_bash_operator.py took 0.550 seconds
[2022-03-26 00:46:22,759] {scheduler_job.py:182} INFO - Started process (PID=567) to work on /home/airflow/.local/lib/python3.6/site-packages/airflow/example_dags/example_bash_operator.py
[2022-03-26 00:46:22,766] {scheduler_job.py:629} INFO - Processing file /home/airflow/.local/lib/python3.6/site-packages/airflow/example_dags/example_bash_operator.py for tasks to queue
[2022-03-26 00:46:22,789] {logging_mixin.py:104} INFO - [2022-03-26 00:46:22,778] {dagbag.py:448} INFO - Filling up the DagBag from /home/airflow/.local/lib/python3.6/site-packages/airflow/example_dags/example_bash_operator.py
[2022-03-26 00:46:22,969] {scheduler_job.py:639} INFO - DAG(s) dict_keys(['example_bash_operator']) retrieved from /home/airflow/.local/lib/python3.6/site-packages/airflow/example_dags/example_bash_operator.py
[2022-03-26 00:46:23,131] {logging_mixin.py:104} INFO - [2022-03-26 00:46:23,131] {dag.py:1818} INFO - Sync 1 DAGs
[2022-03-26 00:46:23,294] {logging_mixin.py:104} INFO - [2022-03-26 00:46:23,293] {dag.py:2273} INFO - Setting next_dagrun for example_bash_operator to 2022-03-24 00:00:00+00:00
[2022-03-26 00:46:23,339] {scheduler_job.py:190} INFO - Processing /home/airflow/.local/lib/python3.6/site-packages/airflow/example_dags/example_bash_operator.py took 0.614 seconds
[2022-03-26 00:46:53,727] {scheduler_job.py:182} INFO - Started process (PID=593) to work on /home/airflow/.local/lib/python3.6/site-packages/airflow/example_dags/example_bash_operator.py
[2022-03-26 00:46:53,746] {scheduler_job.py:629} INFO - Processing file /home/airflow/.local/lib/python3.6/site-packages/airflow/example_dags/example_bash_operator.py for tasks to queue
[2022-03-26 00:46:53,751] {logging_mixin.py:104} INFO - [2022-03-26 00:46:53,750] {dagbag.py:448} INFO - Filling up the DagBag from /home/airflow/.local/lib/python3.6/site-packages/airflow/example_dags/example_bash_operator.py
[2022-03-26 00:46:53,838] {scheduler_job.py:639} INFO - DAG(s) dict_keys(['example_bash_operator']) retrieved from /home/airflow/.local/lib/python3.6/site-packages/airflow/example_dags/example_bash_operator.py
[2022-03-26 00:46:54,000] {logging_mixin.py:104} INFO - [2022-03-26 00:46:53,999] {dag.py:1818} INFO - Sync 1 DAGs
[2022-03-26 00:46:54,117] {logging_mixin.py:104} INFO - [2022-03-26 00:46:54,116] {dag.py:2273} INFO - Setting next_dagrun for example_bash_operator to 2022-03-24 00:00:00+00:00
[2022-03-26 00:46:54,170] {scheduler_job.py:190} INFO - Processing /home/airflow/.local/lib/python3.6/site-packages/airflow/example_dags/example_bash_operator.py took 0.459 seconds
[2022-03-26 00:47:24,936] {scheduler_job.py:182} INFO - Started process (PID=618) to work on /home/airflow/.local/lib/python3.6/site-packages/airflow/example_dags/example_bash_operator.py
[2022-03-26 00:47:24,949] {scheduler_job.py:629} INFO - Processing file /home/airflow/.local/lib/python3.6/site-packages/airflow/example_dags/example_bash_operator.py for tasks to queue
[2022-03-26 00:47:24,980] {logging_mixin.py:104} INFO - [2022-03-26 00:47:24,977] {dagbag.py:448} INFO - Filling up the DagBag from /home/airflow/.local/lib/python3.6/site-packages/airflow/example_dags/example_bash_operator.py
[2022-03-26 00:47:25,151] {scheduler_job.py:639} INFO - DAG(s) dict_keys(['example_bash_operator']) retrieved from /home/airflow/.local/lib/python3.6/site-packages/airflow/example_dags/example_bash_operator.py
[2022-03-26 00:47:25,297] {logging_mixin.py:104} INFO - [2022-03-26 00:47:25,297] {dag.py:1818} INFO - Sync 1 DAGs
[2022-03-26 00:47:25,431] {logging_mixin.py:104} INFO - [2022-03-26 00:47:25,430] {dag.py:2273} INFO - Setting next_dagrun for example_bash_operator to 2022-03-24 00:00:00+00:00
[2022-03-26 00:47:25,487] {scheduler_job.py:190} INFO - Processing /home/airflow/.local/lib/python3.6/site-packages/airflow/example_dags/example_bash_operator.py took 0.571 seconds
[2022-03-26 00:47:55,630] {scheduler_job.py:182} INFO - Started process (PID=645) to work on /home/airflow/.local/lib/python3.6/site-packages/airflow/example_dags/example_bash_operator.py
[2022-03-26 00:47:55,635] {scheduler_job.py:629} INFO - Processing file /home/airflow/.local/lib/python3.6/site-packages/airflow/example_dags/example_bash_operator.py for tasks to queue
[2022-03-26 00:47:55,639] {logging_mixin.py:104} INFO - [2022-03-26 00:47:55,638] {dagbag.py:448} INFO - Filling up the DagBag from /home/airflow/.local/lib/python3.6/site-packages/airflow/example_dags/example_bash_operator.py
[2022-03-26 00:47:55,759] {scheduler_job.py:639} INFO - DAG(s) dict_keys(['example_bash_operator']) retrieved from /home/airflow/.local/lib/python3.6/site-packages/airflow/example_dags/example_bash_operator.py
[2022-03-26 00:47:55,890] {logging_mixin.py:104} INFO - [2022-03-26 00:47:55,889] {dag.py:1818} INFO - Sync 1 DAGs
[2022-03-26 00:47:56,013] {logging_mixin.py:104} INFO - [2022-03-26 00:47:56,012] {dag.py:2273} INFO - Setting next_dagrun for example_bash_operator to 2022-03-24 00:00:00+00:00
[2022-03-26 00:47:56,061] {scheduler_job.py:190} INFO - Processing /home/airflow/.local/lib/python3.6/site-packages/airflow/example_dags/example_bash_operator.py took 0.456 seconds
[2022-03-26 00:48:26,425] {scheduler_job.py:182} INFO - Started process (PID=671) to work on /home/airflow/.local/lib/python3.6/site-packages/airflow/example_dags/example_bash_operator.py
[2022-03-26 00:48:26,439] {scheduler_job.py:629} INFO - Processing file /home/airflow/.local/lib/python3.6/site-packages/airflow/example_dags/example_bash_operator.py for tasks to queue
[2022-03-26 00:48:26,447] {logging_mixin.py:104} INFO - [2022-03-26 00:48:26,444] {dagbag.py:448} INFO - Filling up the DagBag from /home/airflow/.local/lib/python3.6/site-packages/airflow/example_dags/example_bash_operator.py
[2022-03-26 00:48:26,575] {scheduler_job.py:639} INFO - DAG(s) dict_keys(['example_bash_operator']) retrieved from /home/airflow/.local/lib/python3.6/site-packages/airflow/example_dags/example_bash_operator.py
[2022-03-26 00:48:26,686] {logging_mixin.py:104} INFO - [2022-03-26 00:48:26,686] {dag.py:1818} INFO - Sync 1 DAGs
[2022-03-26 00:48:26,789] {logging_mixin.py:104} INFO - [2022-03-26 00:48:26,789] {dag.py:2273} INFO - Setting next_dagrun for example_bash_operator to 2022-03-24 00:00:00+00:00
[2022-03-26 00:48:26,831] {scheduler_job.py:190} INFO - Processing /home/airflow/.local/lib/python3.6/site-packages/airflow/example_dags/example_bash_operator.py took 0.424 seconds
[2022-03-26 00:48:57,135] {scheduler_job.py:182} INFO - Started process (PID=697) to work on /home/airflow/.local/lib/python3.6/site-packages/airflow/example_dags/example_bash_operator.py
[2022-03-26 00:48:57,146] {scheduler_job.py:629} INFO - Processing file /home/airflow/.local/lib/python3.6/site-packages/airflow/example_dags/example_bash_operator.py for tasks to queue
[2022-03-26 00:48:57,154] {logging_mixin.py:104} INFO - [2022-03-26 00:48:57,153] {dagbag.py:448} INFO - Filling up the DagBag from /home/airflow/.local/lib/python3.6/site-packages/airflow/example_dags/example_bash_operator.py
[2022-03-26 00:48:57,444] {scheduler_job.py:639} INFO - DAG(s) dict_keys(['example_bash_operator']) retrieved from /home/airflow/.local/lib/python3.6/site-packages/airflow/example_dags/example_bash_operator.py
[2022-03-26 00:48:57,656] {logging_mixin.py:104} INFO - [2022-03-26 00:48:57,655] {dag.py:1818} INFO - Sync 1 DAGs
[2022-03-26 00:48:57,798] {logging_mixin.py:104} INFO - [2022-03-26 00:48:57,798] {dag.py:2273} INFO - Setting next_dagrun for example_bash_operator to 2022-03-24 00:00:00+00:00
[2022-03-26 00:48:57,840] {scheduler_job.py:190} INFO - Processing /home/airflow/.local/lib/python3.6/site-packages/airflow/example_dags/example_bash_operator.py took 0.719 seconds
[2022-03-26 00:49:28,770] {scheduler_job.py:182} INFO - Started process (PID=722) to work on /home/airflow/.local/lib/python3.6/site-packages/airflow/example_dags/example_bash_operator.py
[2022-03-26 00:49:28,779] {scheduler_job.py:629} INFO - Processing file /home/airflow/.local/lib/python3.6/site-packages/airflow/example_dags/example_bash_operator.py for tasks to queue
[2022-03-26 00:49:28,784] {logging_mixin.py:104} INFO - [2022-03-26 00:49:28,784] {dagbag.py:448} INFO - Filling up the DagBag from /home/airflow/.local/lib/python3.6/site-packages/airflow/example_dags/example_bash_operator.py
[2022-03-26 00:49:28,917] {scheduler_job.py:639} INFO - DAG(s) dict_keys(['example_bash_operator']) retrieved from /home/airflow/.local/lib/python3.6/site-packages/airflow/example_dags/example_bash_operator.py
[2022-03-26 00:49:29,307] {logging_mixin.py:104} INFO - [2022-03-26 00:49:29,306] {dag.py:1818} INFO - Sync 1 DAGs
[2022-03-26 00:49:30,382] {logging_mixin.py:104} INFO - [2022-03-26 00:49:30,381] {dag.py:2273} INFO - Setting next_dagrun for example_bash_operator to 2022-03-24 00:00:00+00:00
[2022-03-26 00:49:30,452] {scheduler_job.py:190} INFO - Processing /home/airflow/.local/lib/python3.6/site-packages/airflow/example_dags/example_bash_operator.py took 1.726 seconds
[2022-03-26 00:50:01,411] {scheduler_job.py:182} INFO - Started process (PID=748) to work on /home/airflow/.local/lib/python3.6/site-packages/airflow/example_dags/example_bash_operator.py
[2022-03-26 00:50:01,432] {scheduler_job.py:629} INFO - Processing file /home/airflow/.local/lib/python3.6/site-packages/airflow/example_dags/example_bash_operator.py for tasks to queue
[2022-03-26 00:50:01,437] {logging_mixin.py:104} INFO - [2022-03-26 00:50:01,437] {dagbag.py:448} INFO - Filling up the DagBag from /home/airflow/.local/lib/python3.6/site-packages/airflow/example_dags/example_bash_operator.py
[2022-03-26 00:50:01,525] {scheduler_job.py:639} INFO - DAG(s) dict_keys(['example_bash_operator']) retrieved from /home/airflow/.local/lib/python3.6/site-packages/airflow/example_dags/example_bash_operator.py
[2022-03-26 00:50:01,691] {logging_mixin.py:104} INFO - [2022-03-26 00:50:01,691] {dag.py:1818} INFO - Sync 1 DAGs
[2022-03-26 00:50:01,838] {logging_mixin.py:104} INFO - [2022-03-26 00:50:01,838] {dag.py:2273} INFO - Setting next_dagrun for example_bash_operator to 2022-03-24 00:00:00+00:00
[2022-03-26 00:50:01,925] {scheduler_job.py:190} INFO - Processing /home/airflow/.local/lib/python3.6/site-packages/airflow/example_dags/example_bash_operator.py took 0.545 seconds
[2022-03-26 00:50:32,318] {scheduler_job.py:182} INFO - Started process (PID=775) to work on /home/airflow/.local/lib/python3.6/site-packages/airflow/example_dags/example_bash_operator.py
[2022-03-26 00:50:32,330] {scheduler_job.py:629} INFO - Processing file /home/airflow/.local/lib/python3.6/site-packages/airflow/example_dags/example_bash_operator.py for tasks to queue
[2022-03-26 00:50:32,341] {logging_mixin.py:104} INFO - [2022-03-26 00:50:32,339] {dagbag.py:448} INFO - Filling up the DagBag from /home/airflow/.local/lib/python3.6/site-packages/airflow/example_dags/example_bash_operator.py
[2022-03-26 00:50:32,436] {scheduler_job.py:639} INFO - DAG(s) dict_keys(['example_bash_operator']) retrieved from /home/airflow/.local/lib/python3.6/site-packages/airflow/example_dags/example_bash_operator.py
[2022-03-26 00:50:32,577] {logging_mixin.py:104} INFO - [2022-03-26 00:50:32,576] {dag.py:1818} INFO - Sync 1 DAGs
[2022-03-26 00:50:32,780] {logging_mixin.py:104} INFO - [2022-03-26 00:50:32,780] {dag.py:2273} INFO - Setting next_dagrun for example_bash_operator to 2022-03-24 00:00:00+00:00
[2022-03-26 00:50:32,830] {scheduler_job.py:190} INFO - Processing /home/airflow/.local/lib/python3.6/site-packages/airflow/example_dags/example_bash_operator.py took 0.545 seconds
[2022-03-26 00:51:03,006] {scheduler_job.py:182} INFO - Started process (PID=817) to work on /home/airflow/.local/lib/python3.6/site-packages/airflow/example_dags/example_bash_operator.py
[2022-03-26 00:51:03,016] {scheduler_job.py:629} INFO - Processing file /home/airflow/.local/lib/python3.6/site-packages/airflow/example_dags/example_bash_operator.py for tasks to queue
[2022-03-26 00:51:03,031] {logging_mixin.py:104} INFO - [2022-03-26 00:51:03,031] {dagbag.py:448} INFO - Filling up the DagBag from /home/airflow/.local/lib/python3.6/site-packages/airflow/example_dags/example_bash_operator.py
[2022-03-26 00:51:03,122] {scheduler_job.py:639} INFO - DAG(s) dict_keys(['example_bash_operator']) retrieved from /home/airflow/.local/lib/python3.6/site-packages/airflow/example_dags/example_bash_operator.py
[2022-03-26 00:51:03,221] {logging_mixin.py:104} INFO - [2022-03-26 00:51:03,221] {dag.py:1818} INFO - Sync 1 DAGs
[2022-03-26 00:51:03,341] {logging_mixin.py:104} INFO - [2022-03-26 00:51:03,337] {dag.py:2273} INFO - Setting next_dagrun for example_bash_operator to 2022-03-24 00:00:00+00:00
[2022-03-26 00:51:03,422] {scheduler_job.py:190} INFO - Processing /home/airflow/.local/lib/python3.6/site-packages/airflow/example_dags/example_bash_operator.py took 0.437 seconds
[2022-03-26 00:51:33,610] {scheduler_job.py:182} INFO - Started process (PID=859) to work on /home/airflow/.local/lib/python3.6/site-packages/airflow/example_dags/example_bash_operator.py
[2022-03-26 00:51:33,620] {scheduler_job.py:629} INFO - Processing file /home/airflow/.local/lib/python3.6/site-packages/airflow/example_dags/example_bash_operator.py for tasks to queue
[2022-03-26 00:51:33,629] {logging_mixin.py:104} INFO - [2022-03-26 00:51:33,628] {dagbag.py:448} INFO - Filling up the DagBag from /home/airflow/.local/lib/python3.6/site-packages/airflow/example_dags/example_bash_operator.py
[2022-03-26 00:51:33,698] {scheduler_job.py:639} INFO - DAG(s) dict_keys(['example_bash_operator']) retrieved from /home/airflow/.local/lib/python3.6/site-packages/airflow/example_dags/example_bash_operator.py
[2022-03-26 00:51:33,766] {logging_mixin.py:104} INFO - [2022-03-26 00:51:33,766] {dag.py:1818} INFO - Sync 1 DAGs
[2022-03-26 00:51:33,866] {logging_mixin.py:104} INFO - [2022-03-26 00:51:33,866] {dag.py:2273} INFO - Setting next_dagrun for example_bash_operator to 2022-03-24 00:00:00+00:00
[2022-03-26 00:51:33,941] {scheduler_job.py:190} INFO - Processing /home/airflow/.local/lib/python3.6/site-packages/airflow/example_dags/example_bash_operator.py took 0.347 seconds
[2022-03-26 00:52:04,124] {scheduler_job.py:182} INFO - Started process (PID=900) to work on /home/airflow/.local/lib/python3.6/site-packages/airflow/example_dags/example_bash_operator.py
[2022-03-26 00:52:04,134] {scheduler_job.py:629} INFO - Processing file /home/airflow/.local/lib/python3.6/site-packages/airflow/example_dags/example_bash_operator.py for tasks to queue
[2022-03-26 00:52:04,144] {logging_mixin.py:104} INFO - [2022-03-26 00:52:04,144] {dagbag.py:448} INFO - Filling up the DagBag from /home/airflow/.local/lib/python3.6/site-packages/airflow/example_dags/example_bash_operator.py
[2022-03-26 00:52:04,200] {scheduler_job.py:639} INFO - DAG(s) dict_keys(['example_bash_operator']) retrieved from /home/airflow/.local/lib/python3.6/site-packages/airflow/example_dags/example_bash_operator.py
[2022-03-26 00:52:04,289] {logging_mixin.py:104} INFO - [2022-03-26 00:52:04,288] {dag.py:1818} INFO - Sync 1 DAGs
[2022-03-26 00:52:04,391] {logging_mixin.py:104} INFO - [2022-03-26 00:52:04,391] {dag.py:2273} INFO - Setting next_dagrun for example_bash_operator to 2022-03-24 00:00:00+00:00
[2022-03-26 00:52:04,429] {scheduler_job.py:190} INFO - Processing /home/airflow/.local/lib/python3.6/site-packages/airflow/example_dags/example_bash_operator.py took 0.318 seconds
[2022-03-26 00:52:42,332] {scheduler_job.py:182} INFO - Started process (PID=940) to work on /home/airflow/.local/lib/python3.6/site-packages/airflow/example_dags/example_bash_operator.py
[2022-03-26 00:52:42,533] {scheduler_job.py:629} INFO - Processing file /home/airflow/.local/lib/python3.6/site-packages/airflow/example_dags/example_bash_operator.py for tasks to queue
[2022-03-26 00:52:42,547] {logging_mixin.py:104} INFO - [2022-03-26 00:52:42,545] {dagbag.py:448} INFO - Filling up the DagBag from /home/airflow/.local/lib/python3.6/site-packages/airflow/example_dags/example_bash_operator.py
[2022-03-26 00:52:43,697] {scheduler_job.py:639} INFO - DAG(s) dict_keys(['example_bash_operator']) retrieved from /home/airflow/.local/lib/python3.6/site-packages/airflow/example_dags/example_bash_operator.py
[2022-03-26 00:52:44,784] {logging_mixin.py:104} INFO - [2022-03-26 00:52:44,784] {dag.py:1818} INFO - Sync 1 DAGs
[2022-03-26 00:52:45,458] {logging_mixin.py:104} INFO - [2022-03-26 00:52:45,457] {dag.py:2273} INFO - Setting next_dagrun for example_bash_operator to 2022-03-24 00:00:00+00:00
[2022-03-26 00:52:45,564] {scheduler_job.py:190} INFO - Processing /home/airflow/.local/lib/python3.6/site-packages/airflow/example_dags/example_bash_operator.py took 3.556 seconds
[2022-03-26 00:53:25,511] {scheduler_job.py:182} INFO - Started process (PID=978) to work on /home/airflow/.local/lib/python3.6/site-packages/airflow/example_dags/example_bash_operator.py
[2022-03-26 00:53:25,519] {scheduler_job.py:629} INFO - Processing file /home/airflow/.local/lib/python3.6/site-packages/airflow/example_dags/example_bash_operator.py for tasks to queue
[2022-03-26 00:53:25,538] {logging_mixin.py:104} INFO - [2022-03-26 00:53:25,537] {dagbag.py:448} INFO - Filling up the DagBag from /home/airflow/.local/lib/python3.6/site-packages/airflow/example_dags/example_bash_operator.py
[2022-03-26 00:53:25,970] {scheduler_job.py:639} INFO - DAG(s) dict_keys(['example_bash_operator']) retrieved from /home/airflow/.local/lib/python3.6/site-packages/airflow/example_dags/example_bash_operator.py
[2022-03-26 00:53:26,749] {logging_mixin.py:104} INFO - [2022-03-26 00:53:26,749] {dag.py:1818} INFO - Sync 1 DAGs
[2022-03-26 00:53:27,431] {logging_mixin.py:104} INFO - [2022-03-26 00:53:27,431] {dag.py:2273} INFO - Setting next_dagrun for example_bash_operator to 2022-03-24 00:00:00+00:00
[2022-03-26 00:53:27,664] {scheduler_job.py:190} INFO - Processing /home/airflow/.local/lib/python3.6/site-packages/airflow/example_dags/example_bash_operator.py took 2.269 seconds
[2022-03-26 00:53:58,156] {scheduler_job.py:182} INFO - Started process (PID=1020) to work on /home/airflow/.local/lib/python3.6/site-packages/airflow/example_dags/example_bash_operator.py
[2022-03-26 00:53:58,168] {scheduler_job.py:629} INFO - Processing file /home/airflow/.local/lib/python3.6/site-packages/airflow/example_dags/example_bash_operator.py for tasks to queue
[2022-03-26 00:53:58,191] {logging_mixin.py:104} INFO - [2022-03-26 00:53:58,181] {dagbag.py:448} INFO - Filling up the DagBag from /home/airflow/.local/lib/python3.6/site-packages/airflow/example_dags/example_bash_operator.py
[2022-03-26 00:53:58,343] {scheduler_job.py:639} INFO - DAG(s) dict_keys(['example_bash_operator']) retrieved from /home/airflow/.local/lib/python3.6/site-packages/airflow/example_dags/example_bash_operator.py
[2022-03-26 00:53:58,604] {logging_mixin.py:104} INFO - [2022-03-26 00:53:58,603] {dag.py:1818} INFO - Sync 1 DAGs
[2022-03-26 00:53:58,823] {logging_mixin.py:104} INFO - [2022-03-26 00:53:58,823] {dag.py:2273} INFO - Setting next_dagrun for example_bash_operator to 2022-03-24 00:00:00+00:00
[2022-03-26 00:53:58,880] {scheduler_job.py:190} INFO - Processing /home/airflow/.local/lib/python3.6/site-packages/airflow/example_dags/example_bash_operator.py took 0.747 seconds
[2022-03-26 00:54:30,531] {scheduler_job.py:182} INFO - Started process (PID=1064) to work on /home/airflow/.local/lib/python3.6/site-packages/airflow/example_dags/example_bash_operator.py
[2022-03-26 00:54:30,536] {scheduler_job.py:629} INFO - Processing file /home/airflow/.local/lib/python3.6/site-packages/airflow/example_dags/example_bash_operator.py for tasks to queue
[2022-03-26 00:54:30,558] {logging_mixin.py:104} INFO - [2022-03-26 00:54:30,557] {dagbag.py:448} INFO - Filling up the DagBag from /home/airflow/.local/lib/python3.6/site-packages/airflow/example_dags/example_bash_operator.py
[2022-03-26 00:54:30,637] {scheduler_job.py:639} INFO - DAG(s) dict_keys(['example_bash_operator']) retrieved from /home/airflow/.local/lib/python3.6/site-packages/airflow/example_dags/example_bash_operator.py
[2022-03-26 00:54:30,705] {logging_mixin.py:104} INFO - [2022-03-26 00:54:30,705] {dag.py:1818} INFO - Sync 1 DAGs
[2022-03-26 00:54:30,778] {logging_mixin.py:104} INFO - [2022-03-26 00:54:30,777] {dag.py:2273} INFO - Setting next_dagrun for example_bash_operator to 2022-03-24 00:00:00+00:00
[2022-03-26 00:54:30,805] {scheduler_job.py:190} INFO - Processing /home/airflow/.local/lib/python3.6/site-packages/airflow/example_dags/example_bash_operator.py took 0.314 seconds
[2022-03-26 00:55:01,524] {scheduler_job.py:182} INFO - Started process (PID=1106) to work on /home/airflow/.local/lib/python3.6/site-packages/airflow/example_dags/example_bash_operator.py
[2022-03-26 00:55:01,534] {scheduler_job.py:629} INFO - Processing file /home/airflow/.local/lib/python3.6/site-packages/airflow/example_dags/example_bash_operator.py for tasks to queue
[2022-03-26 00:55:01,538] {logging_mixin.py:104} INFO - [2022-03-26 00:55:01,538] {dagbag.py:448} INFO - Filling up the DagBag from /home/airflow/.local/lib/python3.6/site-packages/airflow/example_dags/example_bash_operator.py
[2022-03-26 00:55:01,584] {scheduler_job.py:639} INFO - DAG(s) dict_keys(['example_bash_operator']) retrieved from /home/airflow/.local/lib/python3.6/site-packages/airflow/example_dags/example_bash_operator.py
[2022-03-26 00:55:01,650] {logging_mixin.py:104} INFO - [2022-03-26 00:55:01,649] {dag.py:1818} INFO - Sync 1 DAGs
[2022-03-26 00:55:01,726] {logging_mixin.py:104} INFO - [2022-03-26 00:55:01,726] {dag.py:2273} INFO - Setting next_dagrun for example_bash_operator to 2022-03-24 00:00:00+00:00
[2022-03-26 00:55:01,768] {scheduler_job.py:190} INFO - Processing /home/airflow/.local/lib/python3.6/site-packages/airflow/example_dags/example_bash_operator.py took 0.259 seconds
[2022-03-26 00:55:32,819] {scheduler_job.py:182} INFO - Started process (PID=1148) to work on /home/airflow/.local/lib/python3.6/site-packages/airflow/example_dags/example_bash_operator.py
[2022-03-26 00:55:32,836] {scheduler_job.py:629} INFO - Processing file /home/airflow/.local/lib/python3.6/site-packages/airflow/example_dags/example_bash_operator.py for tasks to queue
[2022-03-26 00:55:32,850] {logging_mixin.py:104} INFO - [2022-03-26 00:55:32,850] {dagbag.py:448} INFO - Filling up the DagBag from /home/airflow/.local/lib/python3.6/site-packages/airflow/example_dags/example_bash_operator.py
[2022-03-26 00:55:32,941] {scheduler_job.py:639} INFO - DAG(s) dict_keys(['example_bash_operator']) retrieved from /home/airflow/.local/lib/python3.6/site-packages/airflow/example_dags/example_bash_operator.py
[2022-03-26 00:55:33,100] {logging_mixin.py:104} INFO - [2022-03-26 00:55:33,100] {dag.py:1818} INFO - Sync 1 DAGs
[2022-03-26 00:55:33,194] {logging_mixin.py:104} INFO - [2022-03-26 00:55:33,194] {dag.py:2273} INFO - Setting next_dagrun for example_bash_operator to 2022-03-24 00:00:00+00:00
[2022-03-26 00:55:33,228] {scheduler_job.py:190} INFO - Processing /home/airflow/.local/lib/python3.6/site-packages/airflow/example_dags/example_bash_operator.py took 0.449 seconds
[2022-03-26 00:56:03,646] {scheduler_job.py:182} INFO - Started process (PID=1190) to work on /home/airflow/.local/lib/python3.6/site-packages/airflow/example_dags/example_bash_operator.py
[2022-03-26 00:56:03,656] {scheduler_job.py:629} INFO - Processing file /home/airflow/.local/lib/python3.6/site-packages/airflow/example_dags/example_bash_operator.py for tasks to queue
[2022-03-26 00:56:03,662] {logging_mixin.py:104} INFO - [2022-03-26 00:56:03,662] {dagbag.py:448} INFO - Filling up the DagBag from /home/airflow/.local/lib/python3.6/site-packages/airflow/example_dags/example_bash_operator.py
[2022-03-26 00:56:03,753] {scheduler_job.py:639} INFO - DAG(s) dict_keys(['example_bash_operator']) retrieved from /home/airflow/.local/lib/python3.6/site-packages/airflow/example_dags/example_bash_operator.py
[2022-03-26 00:56:03,824] {logging_mixin.py:104} INFO - [2022-03-26 00:56:03,824] {dag.py:1818} INFO - Sync 1 DAGs
[2022-03-26 00:56:03,922] {logging_mixin.py:104} INFO - [2022-03-26 00:56:03,921] {dag.py:2273} INFO - Setting next_dagrun for example_bash_operator to 2022-03-24 00:00:00+00:00
[2022-03-26 00:56:04,023] {scheduler_job.py:190} INFO - Processing /home/airflow/.local/lib/python3.6/site-packages/airflow/example_dags/example_bash_operator.py took 0.397 seconds
[2022-03-26 00:56:34,369] {scheduler_job.py:182} INFO - Started process (PID=1232) to work on /home/airflow/.local/lib/python3.6/site-packages/airflow/example_dags/example_bash_operator.py
[2022-03-26 00:56:34,378] {scheduler_job.py:629} INFO - Processing file /home/airflow/.local/lib/python3.6/site-packages/airflow/example_dags/example_bash_operator.py for tasks to queue
[2022-03-26 00:56:34,403] {logging_mixin.py:104} INFO - [2022-03-26 00:56:34,403] {dagbag.py:448} INFO - Filling up the DagBag from /home/airflow/.local/lib/python3.6/site-packages/airflow/example_dags/example_bash_operator.py
[2022-03-26 00:56:34,602] {scheduler_job.py:639} INFO - DAG(s) dict_keys(['example_bash_operator']) retrieved from /home/airflow/.local/lib/python3.6/site-packages/airflow/example_dags/example_bash_operator.py
[2022-03-26 00:56:34,888] {logging_mixin.py:104} INFO - [2022-03-26 00:56:34,888] {dag.py:1818} INFO - Sync 1 DAGs
[2022-03-26 00:56:35,336] {logging_mixin.py:104} INFO - [2022-03-26 00:56:35,327] {dag.py:2273} INFO - Setting next_dagrun for example_bash_operator to 2022-03-24 00:00:00+00:00
[2022-03-26 00:56:35,589] {scheduler_job.py:190} INFO - Processing /home/airflow/.local/lib/python3.6/site-packages/airflow/example_dags/example_bash_operator.py took 1.269 seconds
[2022-03-26 00:57:06,754] {scheduler_job.py:182} INFO - Started process (PID=1274) to work on /home/airflow/.local/lib/python3.6/site-packages/airflow/example_dags/example_bash_operator.py
[2022-03-26 00:57:06,765] {scheduler_job.py:629} INFO - Processing file /home/airflow/.local/lib/python3.6/site-packages/airflow/example_dags/example_bash_operator.py for tasks to queue
[2022-03-26 00:57:06,776] {logging_mixin.py:104} INFO - [2022-03-26 00:57:06,775] {dagbag.py:448} INFO - Filling up the DagBag from /home/airflow/.local/lib/python3.6/site-packages/airflow/example_dags/example_bash_operator.py
[2022-03-26 00:57:06,824] {scheduler_job.py:639} INFO - DAG(s) dict_keys(['example_bash_operator']) retrieved from /home/airflow/.local/lib/python3.6/site-packages/airflow/example_dags/example_bash_operator.py
[2022-03-26 00:57:06,895] {logging_mixin.py:104} INFO - [2022-03-26 00:57:06,895] {dag.py:1818} INFO - Sync 1 DAGs
[2022-03-26 00:57:07,044] {logging_mixin.py:104} INFO - [2022-03-26 00:57:07,044] {dag.py:2273} INFO - Setting next_dagrun for example_bash_operator to 2022-03-24 00:00:00+00:00
[2022-03-26 00:57:07,103] {scheduler_job.py:190} INFO - Processing /home/airflow/.local/lib/python3.6/site-packages/airflow/example_dags/example_bash_operator.py took 0.364 seconds
[2022-03-26 00:57:37,892] {scheduler_job.py:182} INFO - Started process (PID=1316) to work on /home/airflow/.local/lib/python3.6/site-packages/airflow/example_dags/example_bash_operator.py
[2022-03-26 00:57:37,898] {scheduler_job.py:629} INFO - Processing file /home/airflow/.local/lib/python3.6/site-packages/airflow/example_dags/example_bash_operator.py for tasks to queue
[2022-03-26 00:57:37,906] {logging_mixin.py:104} INFO - [2022-03-26 00:57:37,905] {dagbag.py:448} INFO - Filling up the DagBag from /home/airflow/.local/lib/python3.6/site-packages/airflow/example_dags/example_bash_operator.py
[2022-03-26 00:57:37,956] {scheduler_job.py:639} INFO - DAG(s) dict_keys(['example_bash_operator']) retrieved from /home/airflow/.local/lib/python3.6/site-packages/airflow/example_dags/example_bash_operator.py
[2022-03-26 00:57:38,014] {logging_mixin.py:104} INFO - [2022-03-26 00:57:38,014] {dag.py:1818} INFO - Sync 1 DAGs
[2022-03-26 00:57:38,078] {logging_mixin.py:104} INFO - [2022-03-26 00:57:38,077] {dag.py:2273} INFO - Setting next_dagrun for example_bash_operator to 2022-03-24 00:00:00+00:00
[2022-03-26 00:57:38,110] {scheduler_job.py:190} INFO - Processing /home/airflow/.local/lib/python3.6/site-packages/airflow/example_dags/example_bash_operator.py took 0.233 seconds
[2022-03-26 00:58:08,965] {scheduler_job.py:182} INFO - Started process (PID=1358) to work on /home/airflow/.local/lib/python3.6/site-packages/airflow/example_dags/example_bash_operator.py
[2022-03-26 00:58:08,978] {scheduler_job.py:629} INFO - Processing file /home/airflow/.local/lib/python3.6/site-packages/airflow/example_dags/example_bash_operator.py for tasks to queue
[2022-03-26 00:58:08,992] {logging_mixin.py:104} INFO - [2022-03-26 00:58:08,984] {dagbag.py:448} INFO - Filling up the DagBag from /home/airflow/.local/lib/python3.6/site-packages/airflow/example_dags/example_bash_operator.py
[2022-03-26 00:58:09,182] {scheduler_job.py:639} INFO - DAG(s) dict_keys(['example_bash_operator']) retrieved from /home/airflow/.local/lib/python3.6/site-packages/airflow/example_dags/example_bash_operator.py
[2022-03-26 00:58:09,304] {logging_mixin.py:104} INFO - [2022-03-26 00:58:09,304] {dag.py:1818} INFO - Sync 1 DAGs
[2022-03-26 00:58:09,397] {logging_mixin.py:104} INFO - [2022-03-26 00:58:09,397] {dag.py:2273} INFO - Setting next_dagrun for example_bash_operator to 2022-03-24 00:00:00+00:00
[2022-03-26 00:58:09,442] {scheduler_job.py:190} INFO - Processing /home/airflow/.local/lib/python3.6/site-packages/airflow/example_dags/example_bash_operator.py took 0.533 seconds
[2022-03-26 00:58:50,295] {scheduler_job.py:182} INFO - Started process (PID=1403) to work on /home/airflow/.local/lib/python3.6/site-packages/airflow/example_dags/example_bash_operator.py
[2022-03-26 00:58:50,323] {scheduler_job.py:629} INFO - Processing file /home/airflow/.local/lib/python3.6/site-packages/airflow/example_dags/example_bash_operator.py for tasks to queue
[2022-03-26 00:58:50,356] {logging_mixin.py:104} INFO - [2022-03-26 00:58:50,355] {dagbag.py:448} INFO - Filling up the DagBag from /home/airflow/.local/lib/python3.6/site-packages/airflow/example_dags/example_bash_operator.py
[2022-03-26 00:58:50,544] {scheduler_job.py:639} INFO - DAG(s) dict_keys(['example_bash_operator']) retrieved from /home/airflow/.local/lib/python3.6/site-packages/airflow/example_dags/example_bash_operator.py
[2022-03-26 00:58:50,749] {logging_mixin.py:104} INFO - [2022-03-26 00:58:50,748] {dag.py:1818} INFO - Sync 1 DAGs
[2022-03-26 00:58:51,953] {logging_mixin.py:104} INFO - [2022-03-26 00:58:51,952] {dag.py:2273} INFO - Setting next_dagrun for example_bash_operator to 2022-03-24 00:00:00+00:00
[2022-03-26 00:58:52,721] {scheduler_job.py:190} INFO - Processing /home/airflow/.local/lib/python3.6/site-packages/airflow/example_dags/example_bash_operator.py took 2.565 seconds
[2022-03-26 00:59:23,261] {scheduler_job.py:182} INFO - Started process (PID=1446) to work on /home/airflow/.local/lib/python3.6/site-packages/airflow/example_dags/example_bash_operator.py
[2022-03-26 00:59:23,269] {scheduler_job.py:629} INFO - Processing file /home/airflow/.local/lib/python3.6/site-packages/airflow/example_dags/example_bash_operator.py for tasks to queue
[2022-03-26 00:59:23,274] {logging_mixin.py:104} INFO - [2022-03-26 00:59:23,274] {dagbag.py:448} INFO - Filling up the DagBag from /home/airflow/.local/lib/python3.6/site-packages/airflow/example_dags/example_bash_operator.py
[2022-03-26 00:59:23,331] {scheduler_job.py:639} INFO - DAG(s) dict_keys(['example_bash_operator']) retrieved from /home/airflow/.local/lib/python3.6/site-packages/airflow/example_dags/example_bash_operator.py
[2022-03-26 00:59:23,399] {logging_mixin.py:104} INFO - [2022-03-26 00:59:23,398] {dag.py:1818} INFO - Sync 1 DAGs
[2022-03-26 00:59:23,461] {logging_mixin.py:104} INFO - [2022-03-26 00:59:23,460] {dag.py:2273} INFO - Setting next_dagrun for example_bash_operator to 2022-03-24 00:00:00+00:00
[2022-03-26 00:59:23,488] {scheduler_job.py:190} INFO - Processing /home/airflow/.local/lib/python3.6/site-packages/airflow/example_dags/example_bash_operator.py took 0.240 seconds
[2022-03-26 00:59:53,718] {scheduler_job.py:182} INFO - Started process (PID=1488) to work on /home/airflow/.local/lib/python3.6/site-packages/airflow/example_dags/example_bash_operator.py
[2022-03-26 00:59:53,722] {scheduler_job.py:629} INFO - Processing file /home/airflow/.local/lib/python3.6/site-packages/airflow/example_dags/example_bash_operator.py for tasks to queue
[2022-03-26 00:59:53,725] {logging_mixin.py:104} INFO - [2022-03-26 00:59:53,724] {dagbag.py:448} INFO - Filling up the DagBag from /home/airflow/.local/lib/python3.6/site-packages/airflow/example_dags/example_bash_operator.py
[2022-03-26 00:59:53,752] {scheduler_job.py:639} INFO - DAG(s) dict_keys(['example_bash_operator']) retrieved from /home/airflow/.local/lib/python3.6/site-packages/airflow/example_dags/example_bash_operator.py
[2022-03-26 00:59:53,796] {logging_mixin.py:104} INFO - [2022-03-26 00:59:53,796] {dag.py:1818} INFO - Sync 1 DAGs
[2022-03-26 00:59:53,839] {logging_mixin.py:104} INFO - [2022-03-26 00:59:53,838] {dag.py:2273} INFO - Setting next_dagrun for example_bash_operator to 2022-03-24 00:00:00+00:00
[2022-03-26 00:59:53,863] {scheduler_job.py:190} INFO - Processing /home/airflow/.local/lib/python3.6/site-packages/airflow/example_dags/example_bash_operator.py took 0.153 seconds
[2022-03-26 01:00:24,250] {scheduler_job.py:182} INFO - Started process (PID=1530) to work on /home/airflow/.local/lib/python3.6/site-packages/airflow/example_dags/example_bash_operator.py
[2022-03-26 01:00:24,276] {scheduler_job.py:629} INFO - Processing file /home/airflow/.local/lib/python3.6/site-packages/airflow/example_dags/example_bash_operator.py for tasks to queue
[2022-03-26 01:00:24,291] {logging_mixin.py:104} INFO - [2022-03-26 01:00:24,291] {dagbag.py:448} INFO - Filling up the DagBag from /home/airflow/.local/lib/python3.6/site-packages/airflow/example_dags/example_bash_operator.py
[2022-03-26 01:00:24,394] {scheduler_job.py:639} INFO - DAG(s) dict_keys(['example_bash_operator']) retrieved from /home/airflow/.local/lib/python3.6/site-packages/airflow/example_dags/example_bash_operator.py
[2022-03-26 01:00:24,531] {logging_mixin.py:104} INFO - [2022-03-26 01:00:24,531] {dag.py:1818} INFO - Sync 1 DAGs
[2022-03-26 01:00:24,633] {logging_mixin.py:104} INFO - [2022-03-26 01:00:24,633] {dag.py:2273} INFO - Setting next_dagrun for example_bash_operator to 2022-03-24 00:00:00+00:00
[2022-03-26 01:00:24,692] {scheduler_job.py:190} INFO - Processing /home/airflow/.local/lib/python3.6/site-packages/airflow/example_dags/example_bash_operator.py took 0.476 seconds
[2022-03-26 01:01:02,286] {scheduler_job.py:182} INFO - Started process (PID=1271) to work on /home/airflow/.local/lib/python3.6/site-packages/airflow/example_dags/example_bash_operator.py
[2022-03-26 01:01:02,377] {scheduler_job.py:629} INFO - Processing file /home/airflow/.local/lib/python3.6/site-packages/airflow/example_dags/example_bash_operator.py for tasks to queue
[2022-03-26 01:01:02,398] {logging_mixin.py:104} INFO - [2022-03-26 01:01:02,397] {dagbag.py:448} INFO - Filling up the DagBag from /home/airflow/.local/lib/python3.6/site-packages/airflow/example_dags/example_bash_operator.py
[2022-03-26 01:01:03,244] {scheduler_job.py:639} INFO - DAG(s) dict_keys(['example_bash_operator']) retrieved from /home/airflow/.local/lib/python3.6/site-packages/airflow/example_dags/example_bash_operator.py
[2022-03-26 01:01:03,947] {logging_mixin.py:104} INFO - [2022-03-26 01:01:03,947] {dag.py:1818} INFO - Sync 1 DAGs
[2022-03-26 01:01:04,917] {logging_mixin.py:104} INFO - [2022-03-26 01:01:04,917] {dag.py:2273} INFO - Setting next_dagrun for example_bash_operator to 2022-03-24 00:00:00+00:00
[2022-03-26 01:01:05,175] {scheduler_job.py:190} INFO - Processing /home/airflow/.local/lib/python3.6/site-packages/airflow/example_dags/example_bash_operator.py took 3.214 seconds
[2022-03-26 01:01:16,505] {scheduler_job.py:182} INFO - Started process (PID=1568) to work on /home/airflow/.local/lib/python3.6/site-packages/airflow/example_dags/example_bash_operator.py
[2022-03-26 01:01:16,515] {scheduler_job.py:629} INFO - Processing file /home/airflow/.local/lib/python3.6/site-packages/airflow/example_dags/example_bash_operator.py for tasks to queue
[2022-03-26 01:01:16,532] {logging_mixin.py:104} INFO - [2022-03-26 01:01:16,532] {dagbag.py:448} INFO - Filling up the DagBag from /home/airflow/.local/lib/python3.6/site-packages/airflow/example_dags/example_bash_operator.py
[2022-03-26 01:01:16,680] {scheduler_job.py:639} INFO - DAG(s) dict_keys(['example_bash_operator']) retrieved from /home/airflow/.local/lib/python3.6/site-packages/airflow/example_dags/example_bash_operator.py
[2022-03-26 01:01:16,874] {logging_mixin.py:104} INFO - [2022-03-26 01:01:16,873] {dag.py:1818} INFO - Sync 1 DAGs
[2022-03-26 01:01:17,149] {logging_mixin.py:104} INFO - [2022-03-26 01:01:17,149] {dag.py:2273} INFO - Setting next_dagrun for example_bash_operator to 2022-03-24 00:00:00+00:00
[2022-03-26 01:01:17,314] {scheduler_job.py:190} INFO - Processing /home/airflow/.local/lib/python3.6/site-packages/airflow/example_dags/example_bash_operator.py took 0.845 seconds
[2022-03-26 01:01:35,840] {scheduler_job.py:182} INFO - Started process (PID=1339) to work on /home/airflow/.local/lib/python3.6/site-packages/airflow/example_dags/example_bash_operator.py
[2022-03-26 01:01:35,883] {scheduler_job.py:629} INFO - Processing file /home/airflow/.local/lib/python3.6/site-packages/airflow/example_dags/example_bash_operator.py for tasks to queue
[2022-03-26 01:01:35,905] {logging_mixin.py:104} INFO - [2022-03-26 01:01:35,904] {dagbag.py:448} INFO - Filling up the DagBag from /home/airflow/.local/lib/python3.6/site-packages/airflow/example_dags/example_bash_operator.py
[2022-03-26 01:01:36,008] {scheduler_job.py:639} INFO - DAG(s) dict_keys(['example_bash_operator']) retrieved from /home/airflow/.local/lib/python3.6/site-packages/airflow/example_dags/example_bash_operator.py
[2022-03-26 01:01:36,162] {logging_mixin.py:104} INFO - [2022-03-26 01:01:36,162] {dag.py:1818} INFO - Sync 1 DAGs
[2022-03-26 01:01:36,611] {logging_mixin.py:104} INFO - [2022-03-26 01:01:36,610] {dag.py:2273} INFO - Setting next_dagrun for example_bash_operator to 2022-03-24 00:00:00+00:00
[2022-03-26 01:01:36,709] {scheduler_job.py:190} INFO - Processing /home/airflow/.local/lib/python3.6/site-packages/airflow/example_dags/example_bash_operator.py took 0.922 seconds
[2022-03-26 01:01:50,593] {scheduler_job.py:182} INFO - Started process (PID=1613) to work on /home/airflow/.local/lib/python3.6/site-packages/airflow/example_dags/example_bash_operator.py
[2022-03-26 01:01:50,605] {scheduler_job.py:629} INFO - Processing file /home/airflow/.local/lib/python3.6/site-packages/airflow/example_dags/example_bash_operator.py for tasks to queue
[2022-03-26 01:01:50,613] {logging_mixin.py:104} INFO - [2022-03-26 01:01:50,612] {dagbag.py:448} INFO - Filling up the DagBag from /home/airflow/.local/lib/python3.6/site-packages/airflow/example_dags/example_bash_operator.py
[2022-03-26 01:01:50,674] {scheduler_job.py:639} INFO - DAG(s) dict_keys(['example_bash_operator']) retrieved from /home/airflow/.local/lib/python3.6/site-packages/airflow/example_dags/example_bash_operator.py
[2022-03-26 01:01:50,964] {logging_mixin.py:104} INFO - [2022-03-26 01:01:50,963] {dag.py:1818} INFO - Sync 1 DAGs
[2022-03-26 01:01:51,123] {logging_mixin.py:104} INFO - [2022-03-26 01:01:51,122] {dag.py:2273} INFO - Setting next_dagrun for example_bash_operator to 2022-03-24 00:00:00+00:00
[2022-03-26 01:01:51,213] {scheduler_job.py:190} INFO - Processing /home/airflow/.local/lib/python3.6/site-packages/airflow/example_dags/example_bash_operator.py took 0.649 seconds
[2022-03-26 01:02:08,444] {scheduler_job.py:182} INFO - Started process (PID=1404) to work on /home/airflow/.local/lib/python3.6/site-packages/airflow/example_dags/example_bash_operator.py
[2022-03-26 01:02:08,477] {scheduler_job.py:629} INFO - Processing file /home/airflow/.local/lib/python3.6/site-packages/airflow/example_dags/example_bash_operator.py for tasks to queue
[2022-03-26 01:02:08,500] {logging_mixin.py:104} INFO - [2022-03-26 01:02:08,499] {dagbag.py:448} INFO - Filling up the DagBag from /home/airflow/.local/lib/python3.6/site-packages/airflow/example_dags/example_bash_operator.py
[2022-03-26 01:02:08,911] {scheduler_job.py:639} INFO - DAG(s) dict_keys(['example_bash_operator']) retrieved from /home/airflow/.local/lib/python3.6/site-packages/airflow/example_dags/example_bash_operator.py
[2022-03-26 01:02:09,480] {logging_mixin.py:104} INFO - [2022-03-26 01:02:09,480] {dag.py:1818} INFO - Sync 1 DAGs
[2022-03-26 01:02:09,783] {logging_mixin.py:104} INFO - [2022-03-26 01:02:09,783] {dag.py:2273} INFO - Setting next_dagrun for example_bash_operator to 2022-03-24 00:00:00+00:00
[2022-03-26 01:02:09,845] {scheduler_job.py:190} INFO - Processing /home/airflow/.local/lib/python3.6/site-packages/airflow/example_dags/example_bash_operator.py took 1.587 seconds
[2022-03-26 01:02:21,834] {scheduler_job.py:182} INFO - Started process (PID=1656) to work on /home/airflow/.local/lib/python3.6/site-packages/airflow/example_dags/example_bash_operator.py
[2022-03-26 01:02:21,848] {scheduler_job.py:629} INFO - Processing file /home/airflow/.local/lib/python3.6/site-packages/airflow/example_dags/example_bash_operator.py for tasks to queue
[2022-03-26 01:02:21,855] {logging_mixin.py:104} INFO - [2022-03-26 01:02:21,854] {dagbag.py:448} INFO - Filling up the DagBag from /home/airflow/.local/lib/python3.6/site-packages/airflow/example_dags/example_bash_operator.py
[2022-03-26 01:02:21,942] {scheduler_job.py:639} INFO - DAG(s) dict_keys(['example_bash_operator']) retrieved from /home/airflow/.local/lib/python3.6/site-packages/airflow/example_dags/example_bash_operator.py
[2022-03-26 01:02:22,126] {logging_mixin.py:104} INFO - [2022-03-26 01:02:22,125] {dag.py:1818} INFO - Sync 1 DAGs
[2022-03-26 01:02:22,279] {logging_mixin.py:104} INFO - [2022-03-26 01:02:22,279] {dag.py:2273} INFO - Setting next_dagrun for example_bash_operator to 2022-03-24 00:00:00+00:00
[2022-03-26 01:02:22,330] {scheduler_job.py:190} INFO - Processing /home/airflow/.local/lib/python3.6/site-packages/airflow/example_dags/example_bash_operator.py took 0.511 seconds
[2022-03-26 01:02:41,963] {scheduler_job.py:182} INFO - Started process (PID=1471) to work on /home/airflow/.local/lib/python3.6/site-packages/airflow/example_dags/example_bash_operator.py
[2022-03-26 01:02:41,978] {scheduler_job.py:629} INFO - Processing file /home/airflow/.local/lib/python3.6/site-packages/airflow/example_dags/example_bash_operator.py for tasks to queue
[2022-03-26 01:02:42,033] {logging_mixin.py:104} INFO - [2022-03-26 01:02:41,992] {dagbag.py:448} INFO - Filling up the DagBag from /home/airflow/.local/lib/python3.6/site-packages/airflow/example_dags/example_bash_operator.py
[2022-03-26 01:02:42,308] {scheduler_job.py:639} INFO - DAG(s) dict_keys(['example_bash_operator']) retrieved from /home/airflow/.local/lib/python3.6/site-packages/airflow/example_dags/example_bash_operator.py
[2022-03-26 01:02:43,052] {logging_mixin.py:104} INFO - [2022-03-26 01:02:43,051] {dag.py:1818} INFO - Sync 1 DAGs
[2022-03-26 01:02:43,715] {logging_mixin.py:104} INFO - [2022-03-26 01:02:43,715] {dag.py:2273} INFO - Setting next_dagrun for example_bash_operator to 2022-03-24 00:00:00+00:00
[2022-03-26 01:02:43,857] {scheduler_job.py:190} INFO - Processing /home/airflow/.local/lib/python3.6/site-packages/airflow/example_dags/example_bash_operator.py took 1.913 seconds
[2022-03-26 01:03:16,217] {scheduler_job.py:182} INFO - Started process (PID=1701) to work on /home/airflow/.local/lib/python3.6/site-packages/airflow/example_dags/example_bash_operator.py
[2022-03-26 01:03:16,241] {scheduler_job.py:629} INFO - Processing file /home/airflow/.local/lib/python3.6/site-packages/airflow/example_dags/example_bash_operator.py for tasks to queue
[2022-03-26 01:03:16,252] {logging_mixin.py:104} INFO - [2022-03-26 01:03:16,251] {dagbag.py:448} INFO - Filling up the DagBag from /home/airflow/.local/lib/python3.6/site-packages/airflow/example_dags/example_bash_operator.py
[2022-03-26 01:03:16,641] {scheduler_job.py:639} INFO - DAG(s) dict_keys(['example_bash_operator']) retrieved from /home/airflow/.local/lib/python3.6/site-packages/airflow/example_dags/example_bash_operator.py
[2022-03-26 01:03:16,988] {logging_mixin.py:104} INFO - [2022-03-26 01:03:16,983] {dag.py:1818} INFO - Sync 1 DAGs
[2022-03-26 01:03:17,574] {logging_mixin.py:104} INFO - [2022-03-26 01:03:17,573] {dag.py:2273} INFO - Setting next_dagrun for example_bash_operator to 2022-03-24 00:00:00+00:00
[2022-03-26 01:03:17,785] {scheduler_job.py:190} INFO - Processing /home/airflow/.local/lib/python3.6/site-packages/airflow/example_dags/example_bash_operator.py took 1.692 seconds
[2022-03-26 01:03:30,271] {scheduler_job.py:182} INFO - Started process (PID=1528) to work on /home/airflow/.local/lib/python3.6/site-packages/airflow/example_dags/example_bash_operator.py
[2022-03-26 01:03:30,298] {scheduler_job.py:629} INFO - Processing file /home/airflow/.local/lib/python3.6/site-packages/airflow/example_dags/example_bash_operator.py for tasks to queue
[2022-03-26 01:03:30,316] {logging_mixin.py:104} INFO - [2022-03-26 01:03:30,315] {dagbag.py:448} INFO - Filling up the DagBag from /home/airflow/.local/lib/python3.6/site-packages/airflow/example_dags/example_bash_operator.py
[2022-03-26 01:03:30,678] {scheduler_job.py:639} INFO - DAG(s) dict_keys(['example_bash_operator']) retrieved from /home/airflow/.local/lib/python3.6/site-packages/airflow/example_dags/example_bash_operator.py
[2022-03-26 01:03:31,005] {logging_mixin.py:104} INFO - [2022-03-26 01:03:31,005] {dag.py:1818} INFO - Sync 1 DAGs
[2022-03-26 01:03:31,550] {logging_mixin.py:104} INFO - [2022-03-26 01:03:31,550] {dag.py:2273} INFO - Setting next_dagrun for example_bash_operator to 2022-03-24 00:00:00+00:00
[2022-03-26 01:03:31,660] {scheduler_job.py:190} INFO - Processing /home/airflow/.local/lib/python3.6/site-packages/airflow/example_dags/example_bash_operator.py took 1.478 seconds
[2022-03-26 01:03:52,097] {scheduler_job.py:182} INFO - Started process (PID=1739) to work on /home/airflow/.local/lib/python3.6/site-packages/airflow/example_dags/example_bash_operator.py
[2022-03-26 01:03:52,166] {scheduler_job.py:629} INFO - Processing file /home/airflow/.local/lib/python3.6/site-packages/airflow/example_dags/example_bash_operator.py for tasks to queue
[2022-03-26 01:03:52,199] {logging_mixin.py:104} INFO - [2022-03-26 01:03:52,198] {dagbag.py:448} INFO - Filling up the DagBag from /home/airflow/.local/lib/python3.6/site-packages/airflow/example_dags/example_bash_operator.py
[2022-03-26 01:03:52,739] {scheduler_job.py:639} INFO - DAG(s) dict_keys(['example_bash_operator']) retrieved from /home/airflow/.local/lib/python3.6/site-packages/airflow/example_dags/example_bash_operator.py
[2022-03-26 01:03:53,133] {logging_mixin.py:104} INFO - [2022-03-26 01:03:53,133] {dag.py:1818} INFO - Sync 1 DAGs
[2022-03-26 01:03:53,546] {logging_mixin.py:104} INFO - [2022-03-26 01:03:53,546] {dag.py:2273} INFO - Setting next_dagrun for example_bash_operator to 2022-03-24 00:00:00+00:00
[2022-03-26 01:03:53,715] {scheduler_job.py:190} INFO - Processing /home/airflow/.local/lib/python3.6/site-packages/airflow/example_dags/example_bash_operator.py took 1.761 seconds
[2022-03-26 01:04:18,708] {scheduler_job.py:182} INFO - Started process (PID=1602) to work on /home/airflow/.local/lib/python3.6/site-packages/airflow/example_dags/example_bash_operator.py
[2022-03-26 01:04:18,803] {scheduler_job.py:629} INFO - Processing file /home/airflow/.local/lib/python3.6/site-packages/airflow/example_dags/example_bash_operator.py for tasks to queue
[2022-03-26 01:04:18,861] {logging_mixin.py:104} INFO - [2022-03-26 01:04:18,861] {dagbag.py:448} INFO - Filling up the DagBag from /home/airflow/.local/lib/python3.6/site-packages/airflow/example_dags/example_bash_operator.py
[2022-03-26 01:04:20,134] {scheduler_job.py:639} INFO - DAG(s) dict_keys(['example_bash_operator']) retrieved from /home/airflow/.local/lib/python3.6/site-packages/airflow/example_dags/example_bash_operator.py
[2022-03-26 01:04:20,817] {logging_mixin.py:104} INFO - [2022-03-26 01:04:20,817] {dag.py:1818} INFO - Sync 1 DAGs
[2022-03-26 01:04:22,351] {logging_mixin.py:104} INFO - [2022-03-26 01:04:22,349] {dag.py:2273} INFO - Setting next_dagrun for example_bash_operator to 2022-03-24 00:00:00+00:00
[2022-03-26 01:04:22,741] {scheduler_job.py:190} INFO - Processing /home/airflow/.local/lib/python3.6/site-packages/airflow/example_dags/example_bash_operator.py took 4.291 seconds
[2022-03-26 01:04:28,067] {scheduler_job.py:182} INFO - Started process (PID=1783) to work on /home/airflow/.local/lib/python3.6/site-packages/airflow/example_dags/example_bash_operator.py
[2022-03-26 01:04:28,099] {scheduler_job.py:629} INFO - Processing file /home/airflow/.local/lib/python3.6/site-packages/airflow/example_dags/example_bash_operator.py for tasks to queue
[2022-03-26 01:04:28,172] {logging_mixin.py:104} INFO - [2022-03-26 01:04:28,168] {dagbag.py:448} INFO - Filling up the DagBag from /home/airflow/.local/lib/python3.6/site-packages/airflow/example_dags/example_bash_operator.py
[2022-03-26 01:04:28,377] {scheduler_job.py:639} INFO - DAG(s) dict_keys(['example_bash_operator']) retrieved from /home/airflow/.local/lib/python3.6/site-packages/airflow/example_dags/example_bash_operator.py
[2022-03-26 01:04:28,870] {logging_mixin.py:104} INFO - [2022-03-26 01:04:28,870] {dag.py:1818} INFO - Sync 1 DAGs
[2022-03-26 01:04:30,188] {logging_mixin.py:104} INFO - [2022-03-26 01:04:30,176] {dag.py:2273} INFO - Setting next_dagrun for example_bash_operator to 2022-03-24 00:00:00+00:00
[2022-03-26 01:04:30,468] {scheduler_job.py:190} INFO - Processing /home/airflow/.local/lib/python3.6/site-packages/airflow/example_dags/example_bash_operator.py took 2.442 seconds
[2022-03-26 01:05:04,801] {scheduler_job.py:182} INFO - Started process (PID=1826) to work on /home/airflow/.local/lib/python3.6/site-packages/airflow/example_dags/example_bash_operator.py
[2022-03-26 01:05:04,836] {scheduler_job.py:629} INFO - Processing file /home/airflow/.local/lib/python3.6/site-packages/airflow/example_dags/example_bash_operator.py for tasks to queue
[2022-03-26 01:05:04,848] {logging_mixin.py:104} INFO - [2022-03-26 01:05:04,847] {dagbag.py:448} INFO - Filling up the DagBag from /home/airflow/.local/lib/python3.6/site-packages/airflow/example_dags/example_bash_operator.py
[2022-03-26 01:05:05,892] {scheduler_job.py:639} INFO - DAG(s) dict_keys(['example_bash_operator']) retrieved from /home/airflow/.local/lib/python3.6/site-packages/airflow/example_dags/example_bash_operator.py
[2022-03-26 01:05:06,918] {logging_mixin.py:104} INFO - [2022-03-26 01:05:06,918] {dag.py:1818} INFO - Sync 1 DAGs
[2022-03-26 01:05:07,356] {logging_mixin.py:104} INFO - [2022-03-26 01:05:07,356] {dag.py:2273} INFO - Setting next_dagrun for example_bash_operator to 2022-03-24 00:00:00+00:00
[2022-03-26 01:05:07,524] {scheduler_job.py:190} INFO - Processing /home/airflow/.local/lib/python3.6/site-packages/airflow/example_dags/example_bash_operator.py took 2.962 seconds
[2022-03-26 01:05:13,627] {scheduler_job.py:182} INFO - Started process (PID=1680) to work on /home/airflow/.local/lib/python3.6/site-packages/airflow/example_dags/example_bash_operator.py
[2022-03-26 01:05:13,653] {scheduler_job.py:629} INFO - Processing file /home/airflow/.local/lib/python3.6/site-packages/airflow/example_dags/example_bash_operator.py for tasks to queue
[2022-03-26 01:05:13,674] {logging_mixin.py:104} INFO - [2022-03-26 01:05:13,667] {dagbag.py:448} INFO - Filling up the DagBag from /home/airflow/.local/lib/python3.6/site-packages/airflow/example_dags/example_bash_operator.py
[2022-03-26 01:05:13,966] {scheduler_job.py:639} INFO - DAG(s) dict_keys(['example_bash_operator']) retrieved from /home/airflow/.local/lib/python3.6/site-packages/airflow/example_dags/example_bash_operator.py
[2022-03-26 01:05:14,256] {logging_mixin.py:104} INFO - [2022-03-26 01:05:14,256] {dag.py:1818} INFO - Sync 1 DAGs
[2022-03-26 01:05:14,587] {logging_mixin.py:104} INFO - [2022-03-26 01:05:14,587] {dag.py:2273} INFO - Setting next_dagrun for example_bash_operator to 2022-03-24 00:00:00+00:00
[2022-03-26 01:05:14,802] {scheduler_job.py:190} INFO - Processing /home/airflow/.local/lib/python3.6/site-packages/airflow/example_dags/example_bash_operator.py took 1.207 seconds
[2022-03-26 01:05:38,535] {scheduler_job.py:182} INFO - Started process (PID=1870) to work on /home/airflow/.local/lib/python3.6/site-packages/airflow/example_dags/example_bash_operator.py
[2022-03-26 01:05:38,544] {scheduler_job.py:629} INFO - Processing file /home/airflow/.local/lib/python3.6/site-packages/airflow/example_dags/example_bash_operator.py for tasks to queue
[2022-03-26 01:05:38,575] {logging_mixin.py:104} INFO - [2022-03-26 01:05:38,574] {dagbag.py:448} INFO - Filling up the DagBag from /home/airflow/.local/lib/python3.6/site-packages/airflow/example_dags/example_bash_operator.py
[2022-03-26 01:05:38,787] {scheduler_job.py:639} INFO - DAG(s) dict_keys(['example_bash_operator']) retrieved from /home/airflow/.local/lib/python3.6/site-packages/airflow/example_dags/example_bash_operator.py
[2022-03-26 01:05:38,997] {logging_mixin.py:104} INFO - [2022-03-26 01:05:38,997] {dag.py:1818} INFO - Sync 1 DAGs
[2022-03-26 01:05:39,268] {logging_mixin.py:104} INFO - [2022-03-26 01:05:39,268] {dag.py:2273} INFO - Setting next_dagrun for example_bash_operator to 2022-03-24 00:00:00+00:00
[2022-03-26 01:05:39,328] {scheduler_job.py:190} INFO - Processing /home/airflow/.local/lib/python3.6/site-packages/airflow/example_dags/example_bash_operator.py took 0.884 seconds
[2022-03-26 01:06:47,046] {scheduler_job.py:182} INFO - Started process (PID=1964) to work on /home/airflow/.local/lib/python3.6/site-packages/airflow/example_dags/example_bash_operator.py
[2022-03-26 01:06:47,098] {scheduler_job.py:629} INFO - Processing file /home/airflow/.local/lib/python3.6/site-packages/airflow/example_dags/example_bash_operator.py for tasks to queue
[2022-03-26 01:06:47,119] {logging_mixin.py:104} INFO - [2022-03-26 01:06:47,119] {dagbag.py:448} INFO - Filling up the DagBag from /home/airflow/.local/lib/python3.6/site-packages/airflow/example_dags/example_bash_operator.py
[2022-03-26 01:06:47,428] {scheduler_job.py:639} INFO - DAG(s) dict_keys(['example_bash_operator']) retrieved from /home/airflow/.local/lib/python3.6/site-packages/airflow/example_dags/example_bash_operator.py
[2022-03-26 01:06:47,909] {logging_mixin.py:104} INFO - [2022-03-26 01:06:47,903] {dag.py:1818} INFO - Sync 1 DAGs
[2022-03-26 01:06:48,431] {logging_mixin.py:104} INFO - [2022-03-26 01:06:48,427] {dag.py:2273} INFO - Setting next_dagrun for example_bash_operator to 2022-03-24 00:00:00+00:00
[2022-03-26 01:06:48,504] {scheduler_job.py:190} INFO - Processing /home/airflow/.local/lib/python3.6/site-packages/airflow/example_dags/example_bash_operator.py took 1.514 seconds
[2022-03-26 01:06:52,542] {scheduler_job.py:182} INFO - Started process (PID=1869) to work on /home/airflow/.local/lib/python3.6/site-packages/airflow/example_dags/example_bash_operator.py
[2022-03-26 01:06:52,634] {scheduler_job.py:629} INFO - Processing file /home/airflow/.local/lib/python3.6/site-packages/airflow/example_dags/example_bash_operator.py for tasks to queue
[2022-03-26 01:06:52,670] {logging_mixin.py:104} INFO - [2022-03-26 01:06:52,653] {dagbag.py:448} INFO - Filling up the DagBag from /home/airflow/.local/lib/python3.6/site-packages/airflow/example_dags/example_bash_operator.py
[2022-03-26 01:06:53,435] {scheduler_job.py:639} INFO - DAG(s) dict_keys(['example_bash_operator']) retrieved from /home/airflow/.local/lib/python3.6/site-packages/airflow/example_dags/example_bash_operator.py
[2022-03-26 01:06:54,219] {logging_mixin.py:104} INFO - [2022-03-26 01:06:54,217] {dag.py:1818} INFO - Sync 1 DAGs
[2022-03-26 01:06:54,633] {logging_mixin.py:104} INFO - [2022-03-26 01:06:54,633] {dag.py:2273} INFO - Setting next_dagrun for example_bash_operator to 2022-03-24 00:00:00+00:00
[2022-03-26 01:06:54,733] {scheduler_job.py:190} INFO - Processing /home/airflow/.local/lib/python3.6/site-packages/airflow/example_dags/example_bash_operator.py took 2.581 seconds
[2022-03-26 01:07:42,550] {scheduler_job.py:182} INFO - Started process (PID=2079) to work on /home/airflow/.local/lib/python3.6/site-packages/airflow/example_dags/example_bash_operator.py
[2022-03-26 01:07:42,586] {scheduler_job.py:629} INFO - Processing file /home/airflow/.local/lib/python3.6/site-packages/airflow/example_dags/example_bash_operator.py for tasks to queue
[2022-03-26 01:07:42,606] {logging_mixin.py:104} INFO - [2022-03-26 01:07:42,593] {dagbag.py:448} INFO - Filling up the DagBag from /home/airflow/.local/lib/python3.6/site-packages/airflow/example_dags/example_bash_operator.py
[2022-03-26 01:07:42,940] {scheduler_job.py:639} INFO - DAG(s) dict_keys(['example_bash_operator']) retrieved from /home/airflow/.local/lib/python3.6/site-packages/airflow/example_dags/example_bash_operator.py
[2022-03-26 01:07:43,577] {logging_mixin.py:104} INFO - [2022-03-26 01:07:43,573] {dag.py:1818} INFO - Sync 1 DAGs
[2022-03-26 01:07:44,536] {logging_mixin.py:104} INFO - [2022-03-26 01:07:44,536] {dag.py:2273} INFO - Setting next_dagrun for example_bash_operator to 2022-03-24 00:00:00+00:00
[2022-03-26 01:07:44,734] {scheduler_job.py:190} INFO - Processing /home/airflow/.local/lib/python3.6/site-packages/airflow/example_dags/example_bash_operator.py took 2.259 seconds
[2022-03-26 01:08:18,529] {scheduler_job.py:182} INFO - Started process (PID=2025) to work on /home/airflow/.local/lib/python3.6/site-packages/airflow/example_dags/example_bash_operator.py
[2022-03-26 01:08:18,658] {scheduler_job.py:629} INFO - Processing file /home/airflow/.local/lib/python3.6/site-packages/airflow/example_dags/example_bash_operator.py for tasks to queue
[2022-03-26 01:08:18,712] {logging_mixin.py:104} INFO - [2022-03-26 01:08:18,711] {dagbag.py:448} INFO - Filling up the DagBag from /home/airflow/.local/lib/python3.6/site-packages/airflow/example_dags/example_bash_operator.py
[2022-03-26 01:08:19,080] {scheduler_job.py:639} INFO - DAG(s) dict_keys(['example_bash_operator']) retrieved from /home/airflow/.local/lib/python3.6/site-packages/airflow/example_dags/example_bash_operator.py
[2022-03-26 01:08:19,494] {logging_mixin.py:104} INFO - [2022-03-26 01:08:19,494] {dag.py:1818} INFO - Sync 1 DAGs
[2022-03-26 01:08:20,014] {logging_mixin.py:104} INFO - [2022-03-26 01:08:20,014] {dag.py:2273} INFO - Setting next_dagrun for example_bash_operator to 2022-03-24 00:00:00+00:00
[2022-03-26 01:08:20,127] {scheduler_job.py:190} INFO - Processing /home/airflow/.local/lib/python3.6/site-packages/airflow/example_dags/example_bash_operator.py took 1.638 seconds
[2022-03-26 01:08:37,863] {scheduler_job.py:182} INFO - Started process (PID=2176) to work on /home/airflow/.local/lib/python3.6/site-packages/airflow/example_dags/example_bash_operator.py
[2022-03-26 01:08:37,909] {scheduler_job.py:629} INFO - Processing file /home/airflow/.local/lib/python3.6/site-packages/airflow/example_dags/example_bash_operator.py for tasks to queue
[2022-03-26 01:08:37,930] {logging_mixin.py:104} INFO - [2022-03-26 01:08:37,926] {dagbag.py:448} INFO - Filling up the DagBag from /home/airflow/.local/lib/python3.6/site-packages/airflow/example_dags/example_bash_operator.py
[2022-03-26 01:08:38,084] {scheduler_job.py:639} INFO - DAG(s) dict_keys(['example_bash_operator']) retrieved from /home/airflow/.local/lib/python3.6/site-packages/airflow/example_dags/example_bash_operator.py
[2022-03-26 01:08:38,241] {logging_mixin.py:104} INFO - [2022-03-26 01:08:38,240] {dag.py:1818} INFO - Sync 1 DAGs
[2022-03-26 01:08:38,366] {logging_mixin.py:104} INFO - [2022-03-26 01:08:38,365] {dag.py:2273} INFO - Setting next_dagrun for example_bash_operator to 2022-03-24 00:00:00+00:00
[2022-03-26 01:08:38,430] {scheduler_job.py:190} INFO - Processing /home/airflow/.local/lib/python3.6/site-packages/airflow/example_dags/example_bash_operator.py took 0.592 seconds
[2022-03-26 01:09:24,723] {scheduler_job.py:182} INFO - Started process (PID=2271) to work on /home/airflow/.local/lib/python3.6/site-packages/airflow/example_dags/example_bash_operator.py
[2022-03-26 01:09:24,740] {scheduler_job.py:629} INFO - Processing file /home/airflow/.local/lib/python3.6/site-packages/airflow/example_dags/example_bash_operator.py for tasks to queue
[2022-03-26 01:09:24,748] {logging_mixin.py:104} INFO - [2022-03-26 01:09:24,748] {dagbag.py:448} INFO - Filling up the DagBag from /home/airflow/.local/lib/python3.6/site-packages/airflow/example_dags/example_bash_operator.py
[2022-03-26 01:09:24,914] {scheduler_job.py:639} INFO - DAG(s) dict_keys(['example_bash_operator']) retrieved from /home/airflow/.local/lib/python3.6/site-packages/airflow/example_dags/example_bash_operator.py
[2022-03-26 01:09:25,177] {logging_mixin.py:104} INFO - [2022-03-26 01:09:25,177] {dag.py:1818} INFO - Sync 1 DAGs
[2022-03-26 01:09:25,424] {logging_mixin.py:104} INFO - [2022-03-26 01:09:25,423] {dag.py:2273} INFO - Setting next_dagrun for example_bash_operator to 2022-03-24 00:00:00+00:00
[2022-03-26 01:09:25,524] {scheduler_job.py:190} INFO - Processing /home/airflow/.local/lib/python3.6/site-packages/airflow/example_dags/example_bash_operator.py took 0.837 seconds
[2022-03-26 01:09:29,091] {scheduler_job.py:182} INFO - Started process (PID=2171) to work on /home/airflow/.local/lib/python3.6/site-packages/airflow/example_dags/example_bash_operator.py
[2022-03-26 01:09:29,162] {scheduler_job.py:629} INFO - Processing file /home/airflow/.local/lib/python3.6/site-packages/airflow/example_dags/example_bash_operator.py for tasks to queue
[2022-03-26 01:09:29,192] {logging_mixin.py:104} INFO - [2022-03-26 01:09:29,192] {dagbag.py:448} INFO - Filling up the DagBag from /home/airflow/.local/lib/python3.6/site-packages/airflow/example_dags/example_bash_operator.py
[2022-03-26 01:09:29,817] {scheduler_job.py:639} INFO - DAG(s) dict_keys(['example_bash_operator']) retrieved from /home/airflow/.local/lib/python3.6/site-packages/airflow/example_dags/example_bash_operator.py
[2022-03-26 01:09:30,494] {logging_mixin.py:104} INFO - [2022-03-26 01:09:30,494] {dag.py:1818} INFO - Sync 1 DAGs
[2022-03-26 01:09:31,157] {logging_mixin.py:104} INFO - [2022-03-26 01:09:31,156] {dag.py:2273} INFO - Setting next_dagrun for example_bash_operator to 2022-03-24 00:00:00+00:00
[2022-03-26 01:09:31,523] {scheduler_job.py:190} INFO - Processing /home/airflow/.local/lib/python3.6/site-packages/airflow/example_dags/example_bash_operator.py took 2.532 seconds
[2022-03-26 01:10:30,847] {scheduler_job.py:182} INFO - Started process (PID=2369) to work on /home/airflow/.local/lib/python3.6/site-packages/airflow/example_dags/example_bash_operator.py
[2022-03-26 01:10:30,860] {scheduler_job.py:629} INFO - Processing file /home/airflow/.local/lib/python3.6/site-packages/airflow/example_dags/example_bash_operator.py for tasks to queue
[2022-03-26 01:10:30,881] {logging_mixin.py:104} INFO - [2022-03-26 01:10:30,873] {dagbag.py:448} INFO - Filling up the DagBag from /home/airflow/.local/lib/python3.6/site-packages/airflow/example_dags/example_bash_operator.py
[2022-03-26 01:10:31,049] {scheduler_job.py:639} INFO - DAG(s) dict_keys(['example_bash_operator']) retrieved from /home/airflow/.local/lib/python3.6/site-packages/airflow/example_dags/example_bash_operator.py
[2022-03-26 01:10:31,209] {logging_mixin.py:104} INFO - [2022-03-26 01:10:31,208] {dag.py:1818} INFO - Sync 1 DAGs
[2022-03-26 01:10:31,699] {logging_mixin.py:104} INFO - [2022-03-26 01:10:31,699] {dag.py:2273} INFO - Setting next_dagrun for example_bash_operator to 2022-03-24 00:00:00+00:00
[2022-03-26 01:10:31,844] {scheduler_job.py:190} INFO - Processing /home/airflow/.local/lib/python3.6/site-packages/airflow/example_dags/example_bash_operator.py took 1.046 seconds
[2022-03-26 01:11:15,634] {scheduler_job.py:182} INFO - Started process (PID=2340) to work on /home/airflow/.local/lib/python3.6/site-packages/airflow/example_dags/example_bash_operator.py
[2022-03-26 01:11:15,657] {scheduler_job.py:629} INFO - Processing file /home/airflow/.local/lib/python3.6/site-packages/airflow/example_dags/example_bash_operator.py for tasks to queue
[2022-03-26 01:11:15,674] {logging_mixin.py:104} INFO - [2022-03-26 01:11:15,673] {dagbag.py:448} INFO - Filling up the DagBag from /home/airflow/.local/lib/python3.6/site-packages/airflow/example_dags/example_bash_operator.py
[2022-03-26 01:11:16,114] {scheduler_job.py:639} INFO - DAG(s) dict_keys(['example_bash_operator']) retrieved from /home/airflow/.local/lib/python3.6/site-packages/airflow/example_dags/example_bash_operator.py
[2022-03-26 01:11:16,412] {logging_mixin.py:104} INFO - [2022-03-26 01:11:16,411] {dag.py:1818} INFO - Sync 1 DAGs
[2022-03-26 01:11:16,963] {logging_mixin.py:104} INFO - [2022-03-26 01:11:16,937] {dag.py:2273} INFO - Setting next_dagrun for example_bash_operator to 2022-03-24 00:00:00+00:00
[2022-03-26 01:11:17,745] {scheduler_job.py:190} INFO - Processing /home/airflow/.local/lib/python3.6/site-packages/airflow/example_dags/example_bash_operator.py took 2.162 seconds
[2022-03-26 01:11:25,987] {scheduler_job.py:182} INFO - Started process (PID=2457) to work on /home/airflow/.local/lib/python3.6/site-packages/airflow/example_dags/example_bash_operator.py
[2022-03-26 01:11:26,020] {scheduler_job.py:629} INFO - Processing file /home/airflow/.local/lib/python3.6/site-packages/airflow/example_dags/example_bash_operator.py for tasks to queue
[2022-03-26 01:11:26,026] {logging_mixin.py:104} INFO - [2022-03-26 01:11:26,026] {dagbag.py:448} INFO - Filling up the DagBag from /home/airflow/.local/lib/python3.6/site-packages/airflow/example_dags/example_bash_operator.py
[2022-03-26 01:11:26,294] {scheduler_job.py:639} INFO - DAG(s) dict_keys(['example_bash_operator']) retrieved from /home/airflow/.local/lib/python3.6/site-packages/airflow/example_dags/example_bash_operator.py
[2022-03-26 01:11:26,564] {logging_mixin.py:104} INFO - [2022-03-26 01:11:26,558] {dag.py:1818} INFO - Sync 1 DAGs
[2022-03-26 01:11:26,808] {logging_mixin.py:104} INFO - [2022-03-26 01:11:26,808] {dag.py:2273} INFO - Setting next_dagrun for example_bash_operator to 2022-03-24 00:00:00+00:00
[2022-03-26 01:11:26,936] {scheduler_job.py:190} INFO - Processing /home/airflow/.local/lib/python3.6/site-packages/airflow/example_dags/example_bash_operator.py took 1.016 seconds
[2022-03-26 01:12:24,886] {scheduler_job.py:182} INFO - Started process (PID=2568) to work on /home/airflow/.local/lib/python3.6/site-packages/airflow/example_dags/example_bash_operator.py
[2022-03-26 01:12:24,895] {scheduler_job.py:629} INFO - Processing file /home/airflow/.local/lib/python3.6/site-packages/airflow/example_dags/example_bash_operator.py for tasks to queue
[2022-03-26 01:12:24,903] {logging_mixin.py:104} INFO - [2022-03-26 01:12:24,903] {dagbag.py:448} INFO - Filling up the DagBag from /home/airflow/.local/lib/python3.6/site-packages/airflow/example_dags/example_bash_operator.py
[2022-03-26 01:12:25,400] {scheduler_job.py:639} INFO - DAG(s) dict_keys(['example_bash_operator']) retrieved from /home/airflow/.local/lib/python3.6/site-packages/airflow/example_dags/example_bash_operator.py
[2022-03-26 01:12:25,695] {logging_mixin.py:104} INFO - [2022-03-26 01:12:25,694] {dag.py:1818} INFO - Sync 1 DAGs
[2022-03-26 01:12:25,952] {logging_mixin.py:104} INFO - [2022-03-26 01:12:25,952] {dag.py:2273} INFO - Setting next_dagrun for example_bash_operator to 2022-03-24 00:00:00+00:00
[2022-03-26 01:12:26,089] {scheduler_job.py:190} INFO - Processing /home/airflow/.local/lib/python3.6/site-packages/airflow/example_dags/example_bash_operator.py took 1.279 seconds
[2022-03-26 01:12:35,396] {scheduler_job.py:182} INFO - Started process (PID=2498) to work on /home/airflow/.local/lib/python3.6/site-packages/airflow/example_dags/example_bash_operator.py
[2022-03-26 01:12:35,438] {scheduler_job.py:629} INFO - Processing file /home/airflow/.local/lib/python3.6/site-packages/airflow/example_dags/example_bash_operator.py for tasks to queue
[2022-03-26 01:12:35,449] {logging_mixin.py:104} INFO - [2022-03-26 01:12:35,449] {dagbag.py:448} INFO - Filling up the DagBag from /home/airflow/.local/lib/python3.6/site-packages/airflow/example_dags/example_bash_operator.py
[2022-03-26 01:12:35,821] {scheduler_job.py:639} INFO - DAG(s) dict_keys(['example_bash_operator']) retrieved from /home/airflow/.local/lib/python3.6/site-packages/airflow/example_dags/example_bash_operator.py
[2022-03-26 01:12:35,987] {logging_mixin.py:104} INFO - [2022-03-26 01:12:35,986] {dag.py:1818} INFO - Sync 1 DAGs
[2022-03-26 01:12:36,582] {logging_mixin.py:104} INFO - [2022-03-26 01:12:36,580] {dag.py:2273} INFO - Setting next_dagrun for example_bash_operator to 2022-03-24 00:00:00+00:00
[2022-03-26 01:12:36,957] {scheduler_job.py:190} INFO - Processing /home/airflow/.local/lib/python3.6/site-packages/airflow/example_dags/example_bash_operator.py took 1.597 seconds
[2022-03-26 01:13:14,134] {scheduler_job.py:182} INFO - Started process (PID=2660) to work on /home/airflow/.local/lib/python3.6/site-packages/airflow/example_dags/example_bash_operator.py
[2022-03-26 01:13:14,233] {scheduler_job.py:629} INFO - Processing file /home/airflow/.local/lib/python3.6/site-packages/airflow/example_dags/example_bash_operator.py for tasks to queue
[2022-03-26 01:13:14,268] {logging_mixin.py:104} INFO - [2022-03-26 01:13:14,268] {dagbag.py:448} INFO - Filling up the DagBag from /home/airflow/.local/lib/python3.6/site-packages/airflow/example_dags/example_bash_operator.py
[2022-03-26 01:13:14,903] {scheduler_job.py:639} INFO - DAG(s) dict_keys(['example_bash_operator']) retrieved from /home/airflow/.local/lib/python3.6/site-packages/airflow/example_dags/example_bash_operator.py
[2022-03-26 01:13:15,140] {logging_mixin.py:104} INFO - [2022-03-26 01:13:15,140] {dag.py:1818} INFO - Sync 1 DAGs
[2022-03-26 01:13:15,525] {logging_mixin.py:104} INFO - [2022-03-26 01:13:15,524] {dag.py:2273} INFO - Setting next_dagrun for example_bash_operator to 2022-03-24 00:00:00+00:00
[2022-03-26 01:13:15,673] {scheduler_job.py:190} INFO - Processing /home/airflow/.local/lib/python3.6/site-packages/airflow/example_dags/example_bash_operator.py took 1.802 seconds
[2022-03-26 01:14:03,461] {scheduler_job.py:182} INFO - Started process (PID=2653) to work on /home/airflow/.local/lib/python3.6/site-packages/airflow/example_dags/example_bash_operator.py
[2022-03-26 01:14:03,496] {scheduler_job.py:629} INFO - Processing file /home/airflow/.local/lib/python3.6/site-packages/airflow/example_dags/example_bash_operator.py for tasks to queue
[2022-03-26 01:14:03,520] {logging_mixin.py:104} INFO - [2022-03-26 01:14:03,510] {dagbag.py:448} INFO - Filling up the DagBag from /home/airflow/.local/lib/python3.6/site-packages/airflow/example_dags/example_bash_operator.py
[2022-03-26 01:14:03,842] {scheduler_job.py:639} INFO - DAG(s) dict_keys(['example_bash_operator']) retrieved from /home/airflow/.local/lib/python3.6/site-packages/airflow/example_dags/example_bash_operator.py
[2022-03-26 01:14:04,195] {logging_mixin.py:104} INFO - [2022-03-26 01:14:04,181] {dag.py:1818} INFO - Sync 1 DAGs
[2022-03-26 01:14:05,005] {logging_mixin.py:104} INFO - [2022-03-26 01:14:05,004] {dag.py:2273} INFO - Setting next_dagrun for example_bash_operator to 2022-03-24 00:00:00+00:00
[2022-03-26 01:14:05,266] {scheduler_job.py:190} INFO - Processing /home/airflow/.local/lib/python3.6/site-packages/airflow/example_dags/example_bash_operator.py took 1.949 seconds
[2022-03-26 01:14:20,537] {scheduler_job.py:182} INFO - Started process (PID=2774) to work on /home/airflow/.local/lib/python3.6/site-packages/airflow/example_dags/example_bash_operator.py
[2022-03-26 01:14:20,553] {scheduler_job.py:629} INFO - Processing file /home/airflow/.local/lib/python3.6/site-packages/airflow/example_dags/example_bash_operator.py for tasks to queue
[2022-03-26 01:14:20,562] {logging_mixin.py:104} INFO - [2022-03-26 01:14:20,560] {dagbag.py:448} INFO - Filling up the DagBag from /home/airflow/.local/lib/python3.6/site-packages/airflow/example_dags/example_bash_operator.py
[2022-03-26 01:14:21,034] {scheduler_job.py:639} INFO - DAG(s) dict_keys(['example_bash_operator']) retrieved from /home/airflow/.local/lib/python3.6/site-packages/airflow/example_dags/example_bash_operator.py
[2022-03-26 01:14:21,458] {logging_mixin.py:104} INFO - [2022-03-26 01:14:21,458] {dag.py:1818} INFO - Sync 1 DAGs
[2022-03-26 01:14:21,957] {logging_mixin.py:104} INFO - [2022-03-26 01:14:21,956] {dag.py:2273} INFO - Setting next_dagrun for example_bash_operator to 2022-03-24 00:00:00+00:00
[2022-03-26 01:14:22,074] {scheduler_job.py:190} INFO - Processing /home/airflow/.local/lib/python3.6/site-packages/airflow/example_dags/example_bash_operator.py took 1.567 seconds
