[2022-03-26 00:35:46,517] {scheduler_job.py:182} INFO - Started process (PID=26) to work on /home/airflow/.local/lib/python3.6/site-packages/airflow/example_dags/tutorial.py
[2022-03-26 00:35:46,555] {scheduler_job.py:629} INFO - Processing file /home/airflow/.local/lib/python3.6/site-packages/airflow/example_dags/tutorial.py for tasks to queue
[2022-03-26 00:35:46,560] {logging_mixin.py:104} INFO - [2022-03-26 00:35:46,560] {dagbag.py:448} INFO - Filling up the DagBag from /home/airflow/.local/lib/python3.6/site-packages/airflow/example_dags/tutorial.py
[2022-03-26 00:35:46,742] {scheduler_job.py:639} INFO - DAG(s) dict_keys(['tutorial']) retrieved from /home/airflow/.local/lib/python3.6/site-packages/airflow/example_dags/tutorial.py
[2022-03-26 00:35:47,090] {logging_mixin.py:104} INFO - [2022-03-26 00:35:47,082] {dag.py:1818} INFO - Sync 1 DAGs
[2022-03-26 00:35:47,246] {logging_mixin.py:104} INFO - [2022-03-26 00:35:47,246] {dag.py:1837} INFO - Creating ORM DAG for tutorial
[2022-03-26 00:35:47,318] {logging_mixin.py:104} INFO - [2022-03-26 00:35:47,318] {dag.py:2273} INFO - Setting next_dagrun for tutorial to 2022-03-24 00:00:00+00:00
[2022-03-26 00:35:47,550] {scheduler_job.py:190} INFO - Processing /home/airflow/.local/lib/python3.6/site-packages/airflow/example_dags/tutorial.py took 1.107 seconds
[2022-03-26 00:36:17,870] {scheduler_job.py:182} INFO - Started process (PID=52) to work on /home/airflow/.local/lib/python3.6/site-packages/airflow/example_dags/tutorial.py
[2022-03-26 00:36:17,882] {scheduler_job.py:629} INFO - Processing file /home/airflow/.local/lib/python3.6/site-packages/airflow/example_dags/tutorial.py for tasks to queue
[2022-03-26 00:36:17,892] {logging_mixin.py:104} INFO - [2022-03-26 00:36:17,891] {dagbag.py:448} INFO - Filling up the DagBag from /home/airflow/.local/lib/python3.6/site-packages/airflow/example_dags/tutorial.py
[2022-03-26 00:36:17,975] {scheduler_job.py:639} INFO - DAG(s) dict_keys(['tutorial']) retrieved from /home/airflow/.local/lib/python3.6/site-packages/airflow/example_dags/tutorial.py
[2022-03-26 00:36:18,176] {logging_mixin.py:104} INFO - [2022-03-26 00:36:18,176] {dag.py:1818} INFO - Sync 1 DAGs
[2022-03-26 00:36:18,448] {logging_mixin.py:104} INFO - [2022-03-26 00:36:18,448] {dag.py:2273} INFO - Setting next_dagrun for tutorial to 2022-03-24 00:00:00+00:00
[2022-03-26 00:36:18,549] {scheduler_job.py:190} INFO - Processing /home/airflow/.local/lib/python3.6/site-packages/airflow/example_dags/tutorial.py took 0.688 seconds
[2022-03-26 00:36:49,001] {scheduler_job.py:182} INFO - Started process (PID=78) to work on /home/airflow/.local/lib/python3.6/site-packages/airflow/example_dags/tutorial.py
[2022-03-26 00:36:49,016] {scheduler_job.py:629} INFO - Processing file /home/airflow/.local/lib/python3.6/site-packages/airflow/example_dags/tutorial.py for tasks to queue
[2022-03-26 00:36:49,025] {logging_mixin.py:104} INFO - [2022-03-26 00:36:49,024] {dagbag.py:448} INFO - Filling up the DagBag from /home/airflow/.local/lib/python3.6/site-packages/airflow/example_dags/tutorial.py
[2022-03-26 00:36:49,195] {scheduler_job.py:639} INFO - DAG(s) dict_keys(['tutorial']) retrieved from /home/airflow/.local/lib/python3.6/site-packages/airflow/example_dags/tutorial.py
[2022-03-26 00:36:49,358] {logging_mixin.py:104} INFO - [2022-03-26 00:36:49,358] {dag.py:1818} INFO - Sync 1 DAGs
[2022-03-26 00:36:49,529] {logging_mixin.py:104} INFO - [2022-03-26 00:36:49,528] {dag.py:2273} INFO - Setting next_dagrun for tutorial to 2022-03-24 00:00:00+00:00
[2022-03-26 00:36:49,638] {scheduler_job.py:190} INFO - Processing /home/airflow/.local/lib/python3.6/site-packages/airflow/example_dags/tutorial.py took 0.681 seconds
[2022-03-26 00:37:19,779] {scheduler_job.py:182} INFO - Started process (PID=104) to work on /home/airflow/.local/lib/python3.6/site-packages/airflow/example_dags/tutorial.py
[2022-03-26 00:37:19,786] {scheduler_job.py:629} INFO - Processing file /home/airflow/.local/lib/python3.6/site-packages/airflow/example_dags/tutorial.py for tasks to queue
[2022-03-26 00:37:19,791] {logging_mixin.py:104} INFO - [2022-03-26 00:37:19,791] {dagbag.py:448} INFO - Filling up the DagBag from /home/airflow/.local/lib/python3.6/site-packages/airflow/example_dags/tutorial.py
[2022-03-26 00:37:20,024] {scheduler_job.py:639} INFO - DAG(s) dict_keys(['tutorial']) retrieved from /home/airflow/.local/lib/python3.6/site-packages/airflow/example_dags/tutorial.py
[2022-03-26 00:37:20,311] {logging_mixin.py:104} INFO - [2022-03-26 00:37:20,311] {dag.py:1818} INFO - Sync 1 DAGs
[2022-03-26 00:37:20,754] {logging_mixin.py:104} INFO - [2022-03-26 00:37:20,754] {dag.py:2273} INFO - Setting next_dagrun for tutorial to 2022-03-24 00:00:00+00:00
[2022-03-26 00:37:20,884] {scheduler_job.py:190} INFO - Processing /home/airflow/.local/lib/python3.6/site-packages/airflow/example_dags/tutorial.py took 1.130 seconds
[2022-03-26 00:37:51,676] {scheduler_job.py:182} INFO - Started process (PID=130) to work on /home/airflow/.local/lib/python3.6/site-packages/airflow/example_dags/tutorial.py
[2022-03-26 00:37:51,686] {scheduler_job.py:629} INFO - Processing file /home/airflow/.local/lib/python3.6/site-packages/airflow/example_dags/tutorial.py for tasks to queue
[2022-03-26 00:37:51,707] {logging_mixin.py:104} INFO - [2022-03-26 00:37:51,706] {dagbag.py:448} INFO - Filling up the DagBag from /home/airflow/.local/lib/python3.6/site-packages/airflow/example_dags/tutorial.py
[2022-03-26 00:37:51,749] {scheduler_job.py:639} INFO - DAG(s) dict_keys(['tutorial']) retrieved from /home/airflow/.local/lib/python3.6/site-packages/airflow/example_dags/tutorial.py
[2022-03-26 00:37:51,795] {logging_mixin.py:104} INFO - [2022-03-26 00:37:51,795] {dag.py:1818} INFO - Sync 1 DAGs
[2022-03-26 00:37:51,834] {logging_mixin.py:104} INFO - [2022-03-26 00:37:51,834] {dag.py:2273} INFO - Setting next_dagrun for tutorial to 2022-03-24 00:00:00+00:00
[2022-03-26 00:37:51,871] {scheduler_job.py:190} INFO - Processing /home/airflow/.local/lib/python3.6/site-packages/airflow/example_dags/tutorial.py took 0.210 seconds
[2022-03-26 00:38:22,114] {scheduler_job.py:182} INFO - Started process (PID=156) to work on /home/airflow/.local/lib/python3.6/site-packages/airflow/example_dags/tutorial.py
[2022-03-26 00:38:22,129] {scheduler_job.py:629} INFO - Processing file /home/airflow/.local/lib/python3.6/site-packages/airflow/example_dags/tutorial.py for tasks to queue
[2022-03-26 00:38:22,133] {logging_mixin.py:104} INFO - [2022-03-26 00:38:22,133] {dagbag.py:448} INFO - Filling up the DagBag from /home/airflow/.local/lib/python3.6/site-packages/airflow/example_dags/tutorial.py
[2022-03-26 00:38:22,221] {scheduler_job.py:639} INFO - DAG(s) dict_keys(['tutorial']) retrieved from /home/airflow/.local/lib/python3.6/site-packages/airflow/example_dags/tutorial.py
[2022-03-26 00:38:22,357] {logging_mixin.py:104} INFO - [2022-03-26 00:38:22,356] {dag.py:1818} INFO - Sync 1 DAGs
[2022-03-26 00:38:22,464] {logging_mixin.py:104} INFO - [2022-03-26 00:38:22,464] {dag.py:2273} INFO - Setting next_dagrun for tutorial to 2022-03-24 00:00:00+00:00
[2022-03-26 00:38:22,522] {scheduler_job.py:190} INFO - Processing /home/airflow/.local/lib/python3.6/site-packages/airflow/example_dags/tutorial.py took 0.415 seconds
[2022-03-26 00:38:52,707] {scheduler_job.py:182} INFO - Started process (PID=182) to work on /home/airflow/.local/lib/python3.6/site-packages/airflow/example_dags/tutorial.py
[2022-03-26 00:38:52,713] {scheduler_job.py:629} INFO - Processing file /home/airflow/.local/lib/python3.6/site-packages/airflow/example_dags/tutorial.py for tasks to queue
[2022-03-26 00:38:52,716] {logging_mixin.py:104} INFO - [2022-03-26 00:38:52,716] {dagbag.py:448} INFO - Filling up the DagBag from /home/airflow/.local/lib/python3.6/site-packages/airflow/example_dags/tutorial.py
[2022-03-26 00:38:52,807] {scheduler_job.py:639} INFO - DAG(s) dict_keys(['tutorial']) retrieved from /home/airflow/.local/lib/python3.6/site-packages/airflow/example_dags/tutorial.py
[2022-03-26 00:38:52,961] {logging_mixin.py:104} INFO - [2022-03-26 00:38:52,960] {dag.py:1818} INFO - Sync 1 DAGs
[2022-03-26 00:38:53,041] {logging_mixin.py:104} INFO - [2022-03-26 00:38:53,041] {dag.py:2273} INFO - Setting next_dagrun for tutorial to 2022-03-24 00:00:00+00:00
[2022-03-26 00:38:53,082] {scheduler_job.py:190} INFO - Processing /home/airflow/.local/lib/python3.6/site-packages/airflow/example_dags/tutorial.py took 0.391 seconds
[2022-03-26 00:39:23,782] {scheduler_job.py:182} INFO - Started process (PID=208) to work on /home/airflow/.local/lib/python3.6/site-packages/airflow/example_dags/tutorial.py
[2022-03-26 00:39:23,793] {scheduler_job.py:629} INFO - Processing file /home/airflow/.local/lib/python3.6/site-packages/airflow/example_dags/tutorial.py for tasks to queue
[2022-03-26 00:39:23,801] {logging_mixin.py:104} INFO - [2022-03-26 00:39:23,801] {dagbag.py:448} INFO - Filling up the DagBag from /home/airflow/.local/lib/python3.6/site-packages/airflow/example_dags/tutorial.py
[2022-03-26 00:39:23,870] {scheduler_job.py:639} INFO - DAG(s) dict_keys(['tutorial']) retrieved from /home/airflow/.local/lib/python3.6/site-packages/airflow/example_dags/tutorial.py
[2022-03-26 00:39:23,968] {logging_mixin.py:104} INFO - [2022-03-26 00:39:23,968] {dag.py:1818} INFO - Sync 1 DAGs
[2022-03-26 00:39:24,069] {logging_mixin.py:104} INFO - [2022-03-26 00:39:24,069] {dag.py:2273} INFO - Setting next_dagrun for tutorial to 2022-03-24 00:00:00+00:00
[2022-03-26 00:39:24,105] {scheduler_job.py:190} INFO - Processing /home/airflow/.local/lib/python3.6/site-packages/airflow/example_dags/tutorial.py took 0.363 seconds
[2022-03-26 00:39:54,673] {scheduler_job.py:182} INFO - Started process (PID=234) to work on /home/airflow/.local/lib/python3.6/site-packages/airflow/example_dags/tutorial.py
[2022-03-26 00:39:54,720] {scheduler_job.py:629} INFO - Processing file /home/airflow/.local/lib/python3.6/site-packages/airflow/example_dags/tutorial.py for tasks to queue
[2022-03-26 00:39:54,728] {logging_mixin.py:104} INFO - [2022-03-26 00:39:54,728] {dagbag.py:448} INFO - Filling up the DagBag from /home/airflow/.local/lib/python3.6/site-packages/airflow/example_dags/tutorial.py
[2022-03-26 00:39:54,776] {scheduler_job.py:639} INFO - DAG(s) dict_keys(['tutorial']) retrieved from /home/airflow/.local/lib/python3.6/site-packages/airflow/example_dags/tutorial.py
[2022-03-26 00:39:54,945] {logging_mixin.py:104} INFO - [2022-03-26 00:39:54,945] {dag.py:1818} INFO - Sync 1 DAGs
[2022-03-26 00:39:55,156] {logging_mixin.py:104} INFO - [2022-03-26 00:39:55,156] {dag.py:2273} INFO - Setting next_dagrun for tutorial to 2022-03-24 00:00:00+00:00
[2022-03-26 00:39:55,273] {scheduler_job.py:190} INFO - Processing /home/airflow/.local/lib/python3.6/site-packages/airflow/example_dags/tutorial.py took 0.661 seconds
[2022-03-26 00:40:25,594] {scheduler_job.py:182} INFO - Started process (PID=260) to work on /home/airflow/.local/lib/python3.6/site-packages/airflow/example_dags/tutorial.py
[2022-03-26 00:40:25,604] {scheduler_job.py:629} INFO - Processing file /home/airflow/.local/lib/python3.6/site-packages/airflow/example_dags/tutorial.py for tasks to queue
[2022-03-26 00:40:25,608] {logging_mixin.py:104} INFO - [2022-03-26 00:40:25,608] {dagbag.py:448} INFO - Filling up the DagBag from /home/airflow/.local/lib/python3.6/site-packages/airflow/example_dags/tutorial.py
[2022-03-26 00:40:25,633] {scheduler_job.py:639} INFO - DAG(s) dict_keys(['tutorial']) retrieved from /home/airflow/.local/lib/python3.6/site-packages/airflow/example_dags/tutorial.py
[2022-03-26 00:40:25,716] {logging_mixin.py:104} INFO - [2022-03-26 00:40:25,716] {dag.py:1818} INFO - Sync 1 DAGs
[2022-03-26 00:40:25,766] {logging_mixin.py:104} INFO - [2022-03-26 00:40:25,765] {dag.py:2273} INFO - Setting next_dagrun for tutorial to 2022-03-24 00:00:00+00:00
[2022-03-26 00:40:25,787] {scheduler_job.py:190} INFO - Processing /home/airflow/.local/lib/python3.6/site-packages/airflow/example_dags/tutorial.py took 0.204 seconds
[2022-03-26 00:40:55,929] {scheduler_job.py:182} INFO - Started process (PID=286) to work on /home/airflow/.local/lib/python3.6/site-packages/airflow/example_dags/tutorial.py
[2022-03-26 00:40:55,934] {scheduler_job.py:629} INFO - Processing file /home/airflow/.local/lib/python3.6/site-packages/airflow/example_dags/tutorial.py for tasks to queue
[2022-03-26 00:40:55,938] {logging_mixin.py:104} INFO - [2022-03-26 00:40:55,937] {dagbag.py:448} INFO - Filling up the DagBag from /home/airflow/.local/lib/python3.6/site-packages/airflow/example_dags/tutorial.py
[2022-03-26 00:40:55,958] {scheduler_job.py:639} INFO - DAG(s) dict_keys(['tutorial']) retrieved from /home/airflow/.local/lib/python3.6/site-packages/airflow/example_dags/tutorial.py
[2022-03-26 00:40:55,996] {logging_mixin.py:104} INFO - [2022-03-26 00:40:55,996] {dag.py:1818} INFO - Sync 1 DAGs
[2022-03-26 00:40:56,025] {logging_mixin.py:104} INFO - [2022-03-26 00:40:56,025] {dag.py:2273} INFO - Setting next_dagrun for tutorial to 2022-03-24 00:00:00+00:00
[2022-03-26 00:40:56,044] {scheduler_job.py:190} INFO - Processing /home/airflow/.local/lib/python3.6/site-packages/airflow/example_dags/tutorial.py took 0.124 seconds
[2022-03-26 00:41:26,163] {scheduler_job.py:182} INFO - Started process (PID=312) to work on /home/airflow/.local/lib/python3.6/site-packages/airflow/example_dags/tutorial.py
[2022-03-26 00:41:26,165] {scheduler_job.py:629} INFO - Processing file /home/airflow/.local/lib/python3.6/site-packages/airflow/example_dags/tutorial.py for tasks to queue
[2022-03-26 00:41:26,168] {logging_mixin.py:104} INFO - [2022-03-26 00:41:26,168] {dagbag.py:448} INFO - Filling up the DagBag from /home/airflow/.local/lib/python3.6/site-packages/airflow/example_dags/tutorial.py
[2022-03-26 00:41:26,185] {scheduler_job.py:639} INFO - DAG(s) dict_keys(['tutorial']) retrieved from /home/airflow/.local/lib/python3.6/site-packages/airflow/example_dags/tutorial.py
[2022-03-26 00:41:26,225] {logging_mixin.py:104} INFO - [2022-03-26 00:41:26,225] {dag.py:1818} INFO - Sync 1 DAGs
[2022-03-26 00:41:26,262] {logging_mixin.py:104} INFO - [2022-03-26 00:41:26,262] {dag.py:2273} INFO - Setting next_dagrun for tutorial to 2022-03-24 00:00:00+00:00
[2022-03-26 00:41:26,281] {scheduler_job.py:190} INFO - Processing /home/airflow/.local/lib/python3.6/site-packages/airflow/example_dags/tutorial.py took 0.124 seconds
[2022-03-26 00:41:56,600] {scheduler_job.py:182} INFO - Started process (PID=338) to work on /home/airflow/.local/lib/python3.6/site-packages/airflow/example_dags/tutorial.py
[2022-03-26 00:41:56,606] {scheduler_job.py:629} INFO - Processing file /home/airflow/.local/lib/python3.6/site-packages/airflow/example_dags/tutorial.py for tasks to queue
[2022-03-26 00:41:56,609] {logging_mixin.py:104} INFO - [2022-03-26 00:41:56,608] {dagbag.py:448} INFO - Filling up the DagBag from /home/airflow/.local/lib/python3.6/site-packages/airflow/example_dags/tutorial.py
[2022-03-26 00:41:56,627] {scheduler_job.py:639} INFO - DAG(s) dict_keys(['tutorial']) retrieved from /home/airflow/.local/lib/python3.6/site-packages/airflow/example_dags/tutorial.py
[2022-03-26 00:41:56,666] {logging_mixin.py:104} INFO - [2022-03-26 00:41:56,666] {dag.py:1818} INFO - Sync 1 DAGs
[2022-03-26 00:41:56,689] {logging_mixin.py:104} INFO - [2022-03-26 00:41:56,689] {dag.py:2273} INFO - Setting next_dagrun for tutorial to 2022-03-24 00:00:00+00:00
[2022-03-26 00:41:56,706] {scheduler_job.py:190} INFO - Processing /home/airflow/.local/lib/python3.6/site-packages/airflow/example_dags/tutorial.py took 0.115 seconds
[2022-03-26 00:42:27,356] {scheduler_job.py:182} INFO - Started process (PID=364) to work on /home/airflow/.local/lib/python3.6/site-packages/airflow/example_dags/tutorial.py
[2022-03-26 00:42:27,360] {scheduler_job.py:629} INFO - Processing file /home/airflow/.local/lib/python3.6/site-packages/airflow/example_dags/tutorial.py for tasks to queue
[2022-03-26 00:42:27,363] {logging_mixin.py:104} INFO - [2022-03-26 00:42:27,363] {dagbag.py:448} INFO - Filling up the DagBag from /home/airflow/.local/lib/python3.6/site-packages/airflow/example_dags/tutorial.py
[2022-03-26 00:42:27,383] {scheduler_job.py:639} INFO - DAG(s) dict_keys(['tutorial']) retrieved from /home/airflow/.local/lib/python3.6/site-packages/airflow/example_dags/tutorial.py
[2022-03-26 00:42:27,427] {logging_mixin.py:104} INFO - [2022-03-26 00:42:27,427] {dag.py:1818} INFO - Sync 1 DAGs
[2022-03-26 00:42:27,463] {logging_mixin.py:104} INFO - [2022-03-26 00:42:27,463] {dag.py:2273} INFO - Setting next_dagrun for tutorial to 2022-03-24 00:00:00+00:00
[2022-03-26 00:42:27,484] {scheduler_job.py:190} INFO - Processing /home/airflow/.local/lib/python3.6/site-packages/airflow/example_dags/tutorial.py took 0.136 seconds
[2022-03-26 00:42:57,577] {scheduler_job.py:182} INFO - Started process (PID=390) to work on /home/airflow/.local/lib/python3.6/site-packages/airflow/example_dags/tutorial.py
[2022-03-26 00:42:57,583] {scheduler_job.py:629} INFO - Processing file /home/airflow/.local/lib/python3.6/site-packages/airflow/example_dags/tutorial.py for tasks to queue
[2022-03-26 00:42:57,586] {logging_mixin.py:104} INFO - [2022-03-26 00:42:57,585] {dagbag.py:448} INFO - Filling up the DagBag from /home/airflow/.local/lib/python3.6/site-packages/airflow/example_dags/tutorial.py
[2022-03-26 00:42:57,604] {scheduler_job.py:639} INFO - DAG(s) dict_keys(['tutorial']) retrieved from /home/airflow/.local/lib/python3.6/site-packages/airflow/example_dags/tutorial.py
[2022-03-26 00:42:57,638] {logging_mixin.py:104} INFO - [2022-03-26 00:42:57,638] {dag.py:1818} INFO - Sync 1 DAGs
[2022-03-26 00:42:57,667] {logging_mixin.py:104} INFO - [2022-03-26 00:42:57,667] {dag.py:2273} INFO - Setting next_dagrun for tutorial to 2022-03-24 00:00:00+00:00
[2022-03-26 00:42:57,688] {scheduler_job.py:190} INFO - Processing /home/airflow/.local/lib/python3.6/site-packages/airflow/example_dags/tutorial.py took 0.117 seconds
[2022-03-26 00:43:28,407] {scheduler_job.py:182} INFO - Started process (PID=416) to work on /home/airflow/.local/lib/python3.6/site-packages/airflow/example_dags/tutorial.py
[2022-03-26 00:43:28,410] {scheduler_job.py:629} INFO - Processing file /home/airflow/.local/lib/python3.6/site-packages/airflow/example_dags/tutorial.py for tasks to queue
[2022-03-26 00:43:28,413] {logging_mixin.py:104} INFO - [2022-03-26 00:43:28,413] {dagbag.py:448} INFO - Filling up the DagBag from /home/airflow/.local/lib/python3.6/site-packages/airflow/example_dags/tutorial.py
[2022-03-26 00:43:28,430] {scheduler_job.py:639} INFO - DAG(s) dict_keys(['tutorial']) retrieved from /home/airflow/.local/lib/python3.6/site-packages/airflow/example_dags/tutorial.py
[2022-03-26 00:43:28,464] {logging_mixin.py:104} INFO - [2022-03-26 00:43:28,464] {dag.py:1818} INFO - Sync 1 DAGs
[2022-03-26 00:43:28,492] {logging_mixin.py:104} INFO - [2022-03-26 00:43:28,492] {dag.py:2273} INFO - Setting next_dagrun for tutorial to 2022-03-24 00:00:00+00:00
[2022-03-26 00:43:28,510] {scheduler_job.py:190} INFO - Processing /home/airflow/.local/lib/python3.6/site-packages/airflow/example_dags/tutorial.py took 0.109 seconds
[2022-03-26 00:43:58,800] {scheduler_job.py:182} INFO - Started process (PID=442) to work on /home/airflow/.local/lib/python3.6/site-packages/airflow/example_dags/tutorial.py
[2022-03-26 00:43:58,809] {scheduler_job.py:629} INFO - Processing file /home/airflow/.local/lib/python3.6/site-packages/airflow/example_dags/tutorial.py for tasks to queue
[2022-03-26 00:43:58,815] {logging_mixin.py:104} INFO - [2022-03-26 00:43:58,814] {dagbag.py:448} INFO - Filling up the DagBag from /home/airflow/.local/lib/python3.6/site-packages/airflow/example_dags/tutorial.py
[2022-03-26 00:43:58,876] {scheduler_job.py:639} INFO - DAG(s) dict_keys(['tutorial']) retrieved from /home/airflow/.local/lib/python3.6/site-packages/airflow/example_dags/tutorial.py
[2022-03-26 00:43:58,999] {logging_mixin.py:104} INFO - [2022-03-26 00:43:58,998] {dag.py:1818} INFO - Sync 1 DAGs
[2022-03-26 00:43:59,175] {logging_mixin.py:104} INFO - [2022-03-26 00:43:59,175] {dag.py:2273} INFO - Setting next_dagrun for tutorial to 2022-03-24 00:00:00+00:00
[2022-03-26 00:43:59,219] {scheduler_job.py:190} INFO - Processing /home/airflow/.local/lib/python3.6/site-packages/airflow/example_dags/tutorial.py took 0.446 seconds
[2022-03-26 00:44:29,553] {scheduler_job.py:182} INFO - Started process (PID=468) to work on /home/airflow/.local/lib/python3.6/site-packages/airflow/example_dags/tutorial.py
[2022-03-26 00:44:29,577] {scheduler_job.py:629} INFO - Processing file /home/airflow/.local/lib/python3.6/site-packages/airflow/example_dags/tutorial.py for tasks to queue
[2022-03-26 00:44:29,582] {logging_mixin.py:104} INFO - [2022-03-26 00:44:29,582] {dagbag.py:448} INFO - Filling up the DagBag from /home/airflow/.local/lib/python3.6/site-packages/airflow/example_dags/tutorial.py
[2022-03-26 00:44:29,660] {scheduler_job.py:639} INFO - DAG(s) dict_keys(['tutorial']) retrieved from /home/airflow/.local/lib/python3.6/site-packages/airflow/example_dags/tutorial.py
[2022-03-26 00:44:29,842] {logging_mixin.py:104} INFO - [2022-03-26 00:44:29,842] {dag.py:1818} INFO - Sync 1 DAGs
[2022-03-26 00:44:29,895] {logging_mixin.py:104} INFO - [2022-03-26 00:44:29,895] {dag.py:2273} INFO - Setting next_dagrun for tutorial to 2022-03-24 00:00:00+00:00
[2022-03-26 00:44:29,926] {scheduler_job.py:190} INFO - Processing /home/airflow/.local/lib/python3.6/site-packages/airflow/example_dags/tutorial.py took 0.436 seconds
[2022-03-26 00:45:00,687] {scheduler_job.py:182} INFO - Started process (PID=494) to work on /home/airflow/.local/lib/python3.6/site-packages/airflow/example_dags/tutorial.py
[2022-03-26 00:45:00,693] {scheduler_job.py:629} INFO - Processing file /home/airflow/.local/lib/python3.6/site-packages/airflow/example_dags/tutorial.py for tasks to queue
[2022-03-26 00:45:00,699] {logging_mixin.py:104} INFO - [2022-03-26 00:45:00,698] {dagbag.py:448} INFO - Filling up the DagBag from /home/airflow/.local/lib/python3.6/site-packages/airflow/example_dags/tutorial.py
[2022-03-26 00:45:00,751] {scheduler_job.py:639} INFO - DAG(s) dict_keys(['tutorial']) retrieved from /home/airflow/.local/lib/python3.6/site-packages/airflow/example_dags/tutorial.py
[2022-03-26 00:45:00,836] {logging_mixin.py:104} INFO - [2022-03-26 00:45:00,836] {dag.py:1818} INFO - Sync 1 DAGs
[2022-03-26 00:45:00,877] {logging_mixin.py:104} INFO - [2022-03-26 00:45:00,876] {dag.py:2273} INFO - Setting next_dagrun for tutorial to 2022-03-24 00:00:00+00:00
[2022-03-26 00:45:00,905] {scheduler_job.py:190} INFO - Processing /home/airflow/.local/lib/python3.6/site-packages/airflow/example_dags/tutorial.py took 0.229 seconds
[2022-03-26 00:45:31,792] {scheduler_job.py:182} INFO - Started process (PID=520) to work on /home/airflow/.local/lib/python3.6/site-packages/airflow/example_dags/tutorial.py
[2022-03-26 00:45:31,804] {scheduler_job.py:629} INFO - Processing file /home/airflow/.local/lib/python3.6/site-packages/airflow/example_dags/tutorial.py for tasks to queue
[2022-03-26 00:45:31,812] {logging_mixin.py:104} INFO - [2022-03-26 00:45:31,811] {dagbag.py:448} INFO - Filling up the DagBag from /home/airflow/.local/lib/python3.6/site-packages/airflow/example_dags/tutorial.py
[2022-03-26 00:45:31,864] {scheduler_job.py:639} INFO - DAG(s) dict_keys(['tutorial']) retrieved from /home/airflow/.local/lib/python3.6/site-packages/airflow/example_dags/tutorial.py
[2022-03-26 00:45:31,957] {logging_mixin.py:104} INFO - [2022-03-26 00:45:31,957] {dag.py:1818} INFO - Sync 1 DAGs
[2022-03-26 00:45:32,054] {logging_mixin.py:104} INFO - [2022-03-26 00:45:32,049] {dag.py:2273} INFO - Setting next_dagrun for tutorial to 2022-03-24 00:00:00+00:00
[2022-03-26 00:45:32,163] {scheduler_job.py:190} INFO - Processing /home/airflow/.local/lib/python3.6/site-packages/airflow/example_dags/tutorial.py took 0.383 seconds
[2022-03-26 00:46:02,938] {scheduler_job.py:182} INFO - Started process (PID=546) to work on /home/airflow/.local/lib/python3.6/site-packages/airflow/example_dags/tutorial.py
[2022-03-26 00:46:02,958] {scheduler_job.py:629} INFO - Processing file /home/airflow/.local/lib/python3.6/site-packages/airflow/example_dags/tutorial.py for tasks to queue
[2022-03-26 00:46:02,968] {logging_mixin.py:104} INFO - [2022-03-26 00:46:02,967] {dagbag.py:448} INFO - Filling up the DagBag from /home/airflow/.local/lib/python3.6/site-packages/airflow/example_dags/tutorial.py
[2022-03-26 00:46:03,081] {scheduler_job.py:639} INFO - DAG(s) dict_keys(['tutorial']) retrieved from /home/airflow/.local/lib/python3.6/site-packages/airflow/example_dags/tutorial.py
[2022-03-26 00:46:03,194] {logging_mixin.py:104} INFO - [2022-03-26 00:46:03,193] {dag.py:1818} INFO - Sync 1 DAGs
[2022-03-26 00:46:03,333] {logging_mixin.py:104} INFO - [2022-03-26 00:46:03,333] {dag.py:2273} INFO - Setting next_dagrun for tutorial to 2022-03-24 00:00:00+00:00
[2022-03-26 00:46:03,382] {scheduler_job.py:190} INFO - Processing /home/airflow/.local/lib/python3.6/site-packages/airflow/example_dags/tutorial.py took 0.478 seconds
[2022-03-26 00:46:33,602] {scheduler_job.py:182} INFO - Started process (PID=572) to work on /home/airflow/.local/lib/python3.6/site-packages/airflow/example_dags/tutorial.py
[2022-03-26 00:46:33,610] {scheduler_job.py:629} INFO - Processing file /home/airflow/.local/lib/python3.6/site-packages/airflow/example_dags/tutorial.py for tasks to queue
[2022-03-26 00:46:33,618] {logging_mixin.py:104} INFO - [2022-03-26 00:46:33,617] {dagbag.py:448} INFO - Filling up the DagBag from /home/airflow/.local/lib/python3.6/site-packages/airflow/example_dags/tutorial.py
[2022-03-26 00:46:33,655] {scheduler_job.py:639} INFO - DAG(s) dict_keys(['tutorial']) retrieved from /home/airflow/.local/lib/python3.6/site-packages/airflow/example_dags/tutorial.py
[2022-03-26 00:46:33,727] {logging_mixin.py:104} INFO - [2022-03-26 00:46:33,726] {dag.py:1818} INFO - Sync 1 DAGs
[2022-03-26 00:46:33,792] {logging_mixin.py:104} INFO - [2022-03-26 00:46:33,792] {dag.py:2273} INFO - Setting next_dagrun for tutorial to 2022-03-24 00:00:00+00:00
[2022-03-26 00:46:33,822] {scheduler_job.py:190} INFO - Processing /home/airflow/.local/lib/python3.6/site-packages/airflow/example_dags/tutorial.py took 0.239 seconds
[2022-03-26 00:47:04,085] {scheduler_job.py:182} INFO - Started process (PID=598) to work on /home/airflow/.local/lib/python3.6/site-packages/airflow/example_dags/tutorial.py
[2022-03-26 00:47:04,101] {scheduler_job.py:629} INFO - Processing file /home/airflow/.local/lib/python3.6/site-packages/airflow/example_dags/tutorial.py for tasks to queue
[2022-03-26 00:47:04,116] {logging_mixin.py:104} INFO - [2022-03-26 00:47:04,115] {dagbag.py:448} INFO - Filling up the DagBag from /home/airflow/.local/lib/python3.6/site-packages/airflow/example_dags/tutorial.py
[2022-03-26 00:47:04,301] {scheduler_job.py:639} INFO - DAG(s) dict_keys(['tutorial']) retrieved from /home/airflow/.local/lib/python3.6/site-packages/airflow/example_dags/tutorial.py
[2022-03-26 00:47:04,583] {logging_mixin.py:104} INFO - [2022-03-26 00:47:04,582] {dag.py:1818} INFO - Sync 1 DAGs
[2022-03-26 00:47:04,676] {logging_mixin.py:104} INFO - [2022-03-26 00:47:04,676] {dag.py:2273} INFO - Setting next_dagrun for tutorial to 2022-03-24 00:00:00+00:00
[2022-03-26 00:47:04,741] {scheduler_job.py:190} INFO - Processing /home/airflow/.local/lib/python3.6/site-packages/airflow/example_dags/tutorial.py took 0.671 seconds
[2022-03-26 00:47:35,615] {scheduler_job.py:182} INFO - Started process (PID=624) to work on /home/airflow/.local/lib/python3.6/site-packages/airflow/example_dags/tutorial.py
[2022-03-26 00:47:35,632] {scheduler_job.py:629} INFO - Processing file /home/airflow/.local/lib/python3.6/site-packages/airflow/example_dags/tutorial.py for tasks to queue
[2022-03-26 00:47:35,637] {logging_mixin.py:104} INFO - [2022-03-26 00:47:35,637] {dagbag.py:448} INFO - Filling up the DagBag from /home/airflow/.local/lib/python3.6/site-packages/airflow/example_dags/tutorial.py
[2022-03-26 00:47:35,691] {scheduler_job.py:639} INFO - DAG(s) dict_keys(['tutorial']) retrieved from /home/airflow/.local/lib/python3.6/site-packages/airflow/example_dags/tutorial.py
[2022-03-26 00:47:35,783] {logging_mixin.py:104} INFO - [2022-03-26 00:47:35,782] {dag.py:1818} INFO - Sync 1 DAGs
[2022-03-26 00:47:35,845] {logging_mixin.py:104} INFO - [2022-03-26 00:47:35,845] {dag.py:2273} INFO - Setting next_dagrun for tutorial to 2022-03-24 00:00:00+00:00
[2022-03-26 00:47:35,879] {scheduler_job.py:190} INFO - Processing /home/airflow/.local/lib/python3.6/site-packages/airflow/example_dags/tutorial.py took 0.279 seconds
[2022-03-26 00:48:06,224] {scheduler_job.py:182} INFO - Started process (PID=650) to work on /home/airflow/.local/lib/python3.6/site-packages/airflow/example_dags/tutorial.py
[2022-03-26 00:48:06,232] {scheduler_job.py:629} INFO - Processing file /home/airflow/.local/lib/python3.6/site-packages/airflow/example_dags/tutorial.py for tasks to queue
[2022-03-26 00:48:06,237] {logging_mixin.py:104} INFO - [2022-03-26 00:48:06,236] {dagbag.py:448} INFO - Filling up the DagBag from /home/airflow/.local/lib/python3.6/site-packages/airflow/example_dags/tutorial.py
[2022-03-26 00:48:06,266] {scheduler_job.py:639} INFO - DAG(s) dict_keys(['tutorial']) retrieved from /home/airflow/.local/lib/python3.6/site-packages/airflow/example_dags/tutorial.py
[2022-03-26 00:48:06,334] {logging_mixin.py:104} INFO - [2022-03-26 00:48:06,333] {dag.py:1818} INFO - Sync 1 DAGs
[2022-03-26 00:48:06,382] {logging_mixin.py:104} INFO - [2022-03-26 00:48:06,381] {dag.py:2273} INFO - Setting next_dagrun for tutorial to 2022-03-24 00:00:00+00:00
[2022-03-26 00:48:06,409] {scheduler_job.py:190} INFO - Processing /home/airflow/.local/lib/python3.6/site-packages/airflow/example_dags/tutorial.py took 0.195 seconds
[2022-03-26 00:48:36,498] {scheduler_job.py:182} INFO - Started process (PID=676) to work on /home/airflow/.local/lib/python3.6/site-packages/airflow/example_dags/tutorial.py
[2022-03-26 00:48:36,516] {scheduler_job.py:629} INFO - Processing file /home/airflow/.local/lib/python3.6/site-packages/airflow/example_dags/tutorial.py for tasks to queue
[2022-03-26 00:48:36,531] {logging_mixin.py:104} INFO - [2022-03-26 00:48:36,529] {dagbag.py:448} INFO - Filling up the DagBag from /home/airflow/.local/lib/python3.6/site-packages/airflow/example_dags/tutorial.py
[2022-03-26 00:48:36,586] {scheduler_job.py:639} INFO - DAG(s) dict_keys(['tutorial']) retrieved from /home/airflow/.local/lib/python3.6/site-packages/airflow/example_dags/tutorial.py
[2022-03-26 00:48:36,700] {logging_mixin.py:104} INFO - [2022-03-26 00:48:36,700] {dag.py:1818} INFO - Sync 1 DAGs
[2022-03-26 00:48:36,847] {logging_mixin.py:104} INFO - [2022-03-26 00:48:36,846] {dag.py:2273} INFO - Setting next_dagrun for tutorial to 2022-03-24 00:00:00+00:00
[2022-03-26 00:48:36,875] {scheduler_job.py:190} INFO - Processing /home/airflow/.local/lib/python3.6/site-packages/airflow/example_dags/tutorial.py took 0.392 seconds
[2022-03-26 00:49:07,051] {scheduler_job.py:182} INFO - Started process (PID=702) to work on /home/airflow/.local/lib/python3.6/site-packages/airflow/example_dags/tutorial.py
[2022-03-26 00:49:07,075] {scheduler_job.py:629} INFO - Processing file /home/airflow/.local/lib/python3.6/site-packages/airflow/example_dags/tutorial.py for tasks to queue
[2022-03-26 00:49:07,083] {logging_mixin.py:104} INFO - [2022-03-26 00:49:07,082] {dagbag.py:448} INFO - Filling up the DagBag from /home/airflow/.local/lib/python3.6/site-packages/airflow/example_dags/tutorial.py
[2022-03-26 00:49:07,333] {scheduler_job.py:639} INFO - DAG(s) dict_keys(['tutorial']) retrieved from /home/airflow/.local/lib/python3.6/site-packages/airflow/example_dags/tutorial.py
[2022-03-26 00:49:07,568] {logging_mixin.py:104} INFO - [2022-03-26 00:49:07,568] {dag.py:1818} INFO - Sync 1 DAGs
[2022-03-26 00:49:07,655] {logging_mixin.py:104} INFO - [2022-03-26 00:49:07,647] {dag.py:2273} INFO - Setting next_dagrun for tutorial to 2022-03-24 00:00:00+00:00
[2022-03-26 00:49:07,821] {scheduler_job.py:190} INFO - Processing /home/airflow/.local/lib/python3.6/site-packages/airflow/example_dags/tutorial.py took 0.816 seconds
[2022-03-26 00:49:38,299] {scheduler_job.py:182} INFO - Started process (PID=728) to work on /home/airflow/.local/lib/python3.6/site-packages/airflow/example_dags/tutorial.py
[2022-03-26 00:49:38,313] {scheduler_job.py:629} INFO - Processing file /home/airflow/.local/lib/python3.6/site-packages/airflow/example_dags/tutorial.py for tasks to queue
[2022-03-26 00:49:38,321] {logging_mixin.py:104} INFO - [2022-03-26 00:49:38,321] {dagbag.py:448} INFO - Filling up the DagBag from /home/airflow/.local/lib/python3.6/site-packages/airflow/example_dags/tutorial.py
[2022-03-26 00:49:38,436] {scheduler_job.py:639} INFO - DAG(s) dict_keys(['tutorial']) retrieved from /home/airflow/.local/lib/python3.6/site-packages/airflow/example_dags/tutorial.py
[2022-03-26 00:49:38,540] {logging_mixin.py:104} INFO - [2022-03-26 00:49:38,539] {dag.py:1818} INFO - Sync 1 DAGs
[2022-03-26 00:49:38,637] {logging_mixin.py:104} INFO - [2022-03-26 00:49:38,636] {dag.py:2273} INFO - Setting next_dagrun for tutorial to 2022-03-24 00:00:00+00:00
[2022-03-26 00:49:38,667] {scheduler_job.py:190} INFO - Processing /home/airflow/.local/lib/python3.6/site-packages/airflow/example_dags/tutorial.py took 0.414 seconds
[2022-03-26 00:50:09,759] {scheduler_job.py:182} INFO - Started process (PID=754) to work on /home/airflow/.local/lib/python3.6/site-packages/airflow/example_dags/tutorial.py
[2022-03-26 00:50:09,765] {scheduler_job.py:629} INFO - Processing file /home/airflow/.local/lib/python3.6/site-packages/airflow/example_dags/tutorial.py for tasks to queue
[2022-03-26 00:50:09,774] {logging_mixin.py:104} INFO - [2022-03-26 00:50:09,773] {dagbag.py:448} INFO - Filling up the DagBag from /home/airflow/.local/lib/python3.6/site-packages/airflow/example_dags/tutorial.py
[2022-03-26 00:50:09,817] {scheduler_job.py:639} INFO - DAG(s) dict_keys(['tutorial']) retrieved from /home/airflow/.local/lib/python3.6/site-packages/airflow/example_dags/tutorial.py
[2022-03-26 00:50:09,897] {logging_mixin.py:104} INFO - [2022-03-26 00:50:09,896] {dag.py:1818} INFO - Sync 1 DAGs
[2022-03-26 00:50:09,942] {logging_mixin.py:104} INFO - [2022-03-26 00:50:09,942] {dag.py:2273} INFO - Setting next_dagrun for tutorial to 2022-03-24 00:00:00+00:00
[2022-03-26 00:50:09,969] {scheduler_job.py:190} INFO - Processing /home/airflow/.local/lib/python3.6/site-packages/airflow/example_dags/tutorial.py took 0.222 seconds
[2022-03-26 00:50:40,305] {scheduler_job.py:182} INFO - Started process (PID=780) to work on /home/airflow/.local/lib/python3.6/site-packages/airflow/example_dags/tutorial.py
[2022-03-26 00:50:40,322] {scheduler_job.py:629} INFO - Processing file /home/airflow/.local/lib/python3.6/site-packages/airflow/example_dags/tutorial.py for tasks to queue
[2022-03-26 00:50:40,327] {logging_mixin.py:104} INFO - [2022-03-26 00:50:40,326] {dagbag.py:448} INFO - Filling up the DagBag from /home/airflow/.local/lib/python3.6/site-packages/airflow/example_dags/tutorial.py
[2022-03-26 00:50:40,409] {scheduler_job.py:639} INFO - DAG(s) dict_keys(['tutorial']) retrieved from /home/airflow/.local/lib/python3.6/site-packages/airflow/example_dags/tutorial.py
[2022-03-26 00:50:40,506] {logging_mixin.py:104} INFO - [2022-03-26 00:50:40,506] {dag.py:1818} INFO - Sync 1 DAGs
[2022-03-26 00:50:40,689] {logging_mixin.py:104} INFO - [2022-03-26 00:50:40,689] {dag.py:2273} INFO - Setting next_dagrun for tutorial to 2022-03-24 00:00:00+00:00
[2022-03-26 00:50:40,760] {scheduler_job.py:190} INFO - Processing /home/airflow/.local/lib/python3.6/site-packages/airflow/example_dags/tutorial.py took 0.470 seconds
[2022-03-26 00:51:11,200] {scheduler_job.py:182} INFO - Started process (PID=822) to work on /home/airflow/.local/lib/python3.6/site-packages/airflow/example_dags/tutorial.py
[2022-03-26 00:51:11,212] {scheduler_job.py:629} INFO - Processing file /home/airflow/.local/lib/python3.6/site-packages/airflow/example_dags/tutorial.py for tasks to queue
[2022-03-26 00:51:11,218] {logging_mixin.py:104} INFO - [2022-03-26 00:51:11,218] {dagbag.py:448} INFO - Filling up the DagBag from /home/airflow/.local/lib/python3.6/site-packages/airflow/example_dags/tutorial.py
[2022-03-26 00:51:11,262] {scheduler_job.py:639} INFO - DAG(s) dict_keys(['tutorial']) retrieved from /home/airflow/.local/lib/python3.6/site-packages/airflow/example_dags/tutorial.py
[2022-03-26 00:51:11,426] {logging_mixin.py:104} INFO - [2022-03-26 00:51:11,426] {dag.py:1818} INFO - Sync 1 DAGs
[2022-03-26 00:51:11,480] {logging_mixin.py:104} INFO - [2022-03-26 00:51:11,480] {dag.py:2273} INFO - Setting next_dagrun for tutorial to 2022-03-24 00:00:00+00:00
[2022-03-26 00:51:11,519] {scheduler_job.py:190} INFO - Processing /home/airflow/.local/lib/python3.6/site-packages/airflow/example_dags/tutorial.py took 0.336 seconds
[2022-03-26 00:51:42,049] {scheduler_job.py:182} INFO - Started process (PID=864) to work on /home/airflow/.local/lib/python3.6/site-packages/airflow/example_dags/tutorial.py
[2022-03-26 00:51:42,056] {scheduler_job.py:629} INFO - Processing file /home/airflow/.local/lib/python3.6/site-packages/airflow/example_dags/tutorial.py for tasks to queue
[2022-03-26 00:51:42,061] {logging_mixin.py:104} INFO - [2022-03-26 00:51:42,060] {dagbag.py:448} INFO - Filling up the DagBag from /home/airflow/.local/lib/python3.6/site-packages/airflow/example_dags/tutorial.py
[2022-03-26 00:51:42,102] {scheduler_job.py:639} INFO - DAG(s) dict_keys(['tutorial']) retrieved from /home/airflow/.local/lib/python3.6/site-packages/airflow/example_dags/tutorial.py
[2022-03-26 00:51:42,178] {logging_mixin.py:104} INFO - [2022-03-26 00:51:42,177] {dag.py:1818} INFO - Sync 1 DAGs
[2022-03-26 00:51:42,242] {logging_mixin.py:104} INFO - [2022-03-26 00:51:42,241] {dag.py:2273} INFO - Setting next_dagrun for tutorial to 2022-03-24 00:00:00+00:00
[2022-03-26 00:51:42,337] {scheduler_job.py:190} INFO - Processing /home/airflow/.local/lib/python3.6/site-packages/airflow/example_dags/tutorial.py took 0.300 seconds
[2022-03-26 00:52:12,924] {scheduler_job.py:182} INFO - Started process (PID=906) to work on /home/airflow/.local/lib/python3.6/site-packages/airflow/example_dags/tutorial.py
[2022-03-26 00:52:12,947] {scheduler_job.py:629} INFO - Processing file /home/airflow/.local/lib/python3.6/site-packages/airflow/example_dags/tutorial.py for tasks to queue
[2022-03-26 00:52:12,957] {logging_mixin.py:104} INFO - [2022-03-26 00:52:12,957] {dagbag.py:448} INFO - Filling up the DagBag from /home/airflow/.local/lib/python3.6/site-packages/airflow/example_dags/tutorial.py
[2022-03-26 00:52:13,136] {scheduler_job.py:639} INFO - DAG(s) dict_keys(['tutorial']) retrieved from /home/airflow/.local/lib/python3.6/site-packages/airflow/example_dags/tutorial.py
[2022-03-26 00:52:13,468] {logging_mixin.py:104} INFO - [2022-03-26 00:52:13,467] {dag.py:1818} INFO - Sync 1 DAGs
[2022-03-26 00:52:13,615] {logging_mixin.py:104} INFO - [2022-03-26 00:52:13,615] {dag.py:2273} INFO - Setting next_dagrun for tutorial to 2022-03-24 00:00:00+00:00
[2022-03-26 00:52:13,767] {scheduler_job.py:190} INFO - Processing /home/airflow/.local/lib/python3.6/site-packages/airflow/example_dags/tutorial.py took 0.899 seconds
[2022-03-26 00:52:57,017] {scheduler_job.py:182} INFO - Started process (PID=949) to work on /home/airflow/.local/lib/python3.6/site-packages/airflow/example_dags/tutorial.py
[2022-03-26 00:52:57,030] {scheduler_job.py:629} INFO - Processing file /home/airflow/.local/lib/python3.6/site-packages/airflow/example_dags/tutorial.py for tasks to queue
[2022-03-26 00:52:57,044] {logging_mixin.py:104} INFO - [2022-03-26 00:52:57,044] {dagbag.py:448} INFO - Filling up the DagBag from /home/airflow/.local/lib/python3.6/site-packages/airflow/example_dags/tutorial.py
[2022-03-26 00:52:57,263] {scheduler_job.py:639} INFO - DAG(s) dict_keys(['tutorial']) retrieved from /home/airflow/.local/lib/python3.6/site-packages/airflow/example_dags/tutorial.py
[2022-03-26 00:52:57,647] {logging_mixin.py:104} INFO - [2022-03-26 00:52:57,647] {dag.py:1818} INFO - Sync 1 DAGs
[2022-03-26 00:52:58,037] {logging_mixin.py:104} INFO - [2022-03-26 00:52:58,036] {dag.py:2273} INFO - Setting next_dagrun for tutorial to 2022-03-24 00:00:00+00:00
[2022-03-26 00:52:58,141] {scheduler_job.py:190} INFO - Processing /home/airflow/.local/lib/python3.6/site-packages/airflow/example_dags/tutorial.py took 1.222 seconds
[2022-03-26 00:53:35,309] {scheduler_job.py:182} INFO - Started process (PID=991) to work on /home/airflow/.local/lib/python3.6/site-packages/airflow/example_dags/tutorial.py
[2022-03-26 00:53:35,340] {scheduler_job.py:629} INFO - Processing file /home/airflow/.local/lib/python3.6/site-packages/airflow/example_dags/tutorial.py for tasks to queue
[2022-03-26 00:53:35,372] {logging_mixin.py:104} INFO - [2022-03-26 00:53:35,369] {dagbag.py:448} INFO - Filling up the DagBag from /home/airflow/.local/lib/python3.6/site-packages/airflow/example_dags/tutorial.py
[2022-03-26 00:53:35,569] {scheduler_job.py:639} INFO - DAG(s) dict_keys(['tutorial']) retrieved from /home/airflow/.local/lib/python3.6/site-packages/airflow/example_dags/tutorial.py
[2022-03-26 00:53:35,925] {logging_mixin.py:104} INFO - [2022-03-26 00:53:35,924] {dag.py:1818} INFO - Sync 1 DAGs
[2022-03-26 00:53:36,268] {logging_mixin.py:104} INFO - [2022-03-26 00:53:36,267] {dag.py:2273} INFO - Setting next_dagrun for tutorial to 2022-03-24 00:00:00+00:00
[2022-03-26 00:53:36,425] {scheduler_job.py:190} INFO - Processing /home/airflow/.local/lib/python3.6/site-packages/airflow/example_dags/tutorial.py took 1.156 seconds
[2022-03-26 00:54:06,783] {scheduler_job.py:182} INFO - Started process (PID=1033) to work on /home/airflow/.local/lib/python3.6/site-packages/airflow/example_dags/tutorial.py
[2022-03-26 00:54:06,791] {scheduler_job.py:629} INFO - Processing file /home/airflow/.local/lib/python3.6/site-packages/airflow/example_dags/tutorial.py for tasks to queue
[2022-03-26 00:54:06,795] {logging_mixin.py:104} INFO - [2022-03-26 00:54:06,795] {dagbag.py:448} INFO - Filling up the DagBag from /home/airflow/.local/lib/python3.6/site-packages/airflow/example_dags/tutorial.py
[2022-03-26 00:54:06,839] {scheduler_job.py:639} INFO - DAG(s) dict_keys(['tutorial']) retrieved from /home/airflow/.local/lib/python3.6/site-packages/airflow/example_dags/tutorial.py
[2022-03-26 00:54:06,954] {logging_mixin.py:104} INFO - [2022-03-26 00:54:06,953] {dag.py:1818} INFO - Sync 1 DAGs
[2022-03-26 00:54:07,019] {logging_mixin.py:104} INFO - [2022-03-26 00:54:07,019] {dag.py:2273} INFO - Setting next_dagrun for tutorial to 2022-03-24 00:00:00+00:00
[2022-03-26 00:54:07,071] {scheduler_job.py:190} INFO - Processing /home/airflow/.local/lib/python3.6/site-packages/airflow/example_dags/tutorial.py took 0.300 seconds
[2022-03-26 00:54:37,946] {scheduler_job.py:182} INFO - Started process (PID=1075) to work on /home/airflow/.local/lib/python3.6/site-packages/airflow/example_dags/tutorial.py
[2022-03-26 00:54:37,952] {scheduler_job.py:629} INFO - Processing file /home/airflow/.local/lib/python3.6/site-packages/airflow/example_dags/tutorial.py for tasks to queue
[2022-03-26 00:54:37,960] {logging_mixin.py:104} INFO - [2022-03-26 00:54:37,958] {dagbag.py:448} INFO - Filling up the DagBag from /home/airflow/.local/lib/python3.6/site-packages/airflow/example_dags/tutorial.py
[2022-03-26 00:54:38,096] {scheduler_job.py:639} INFO - DAG(s) dict_keys(['tutorial']) retrieved from /home/airflow/.local/lib/python3.6/site-packages/airflow/example_dags/tutorial.py
[2022-03-26 00:54:38,458] {logging_mixin.py:104} INFO - [2022-03-26 00:54:38,457] {dag.py:1818} INFO - Sync 1 DAGs
[2022-03-26 00:54:38,699] {logging_mixin.py:104} INFO - [2022-03-26 00:54:38,695] {dag.py:2273} INFO - Setting next_dagrun for tutorial to 2022-03-24 00:00:00+00:00
[2022-03-26 00:54:38,837] {scheduler_job.py:190} INFO - Processing /home/airflow/.local/lib/python3.6/site-packages/airflow/example_dags/tutorial.py took 0.955 seconds
[2022-03-26 00:55:09,331] {scheduler_job.py:182} INFO - Started process (PID=1117) to work on /home/airflow/.local/lib/python3.6/site-packages/airflow/example_dags/tutorial.py
[2022-03-26 00:55:09,342] {scheduler_job.py:629} INFO - Processing file /home/airflow/.local/lib/python3.6/site-packages/airflow/example_dags/tutorial.py for tasks to queue
[2022-03-26 00:55:09,346] {logging_mixin.py:104} INFO - [2022-03-26 00:55:09,346] {dagbag.py:448} INFO - Filling up the DagBag from /home/airflow/.local/lib/python3.6/site-packages/airflow/example_dags/tutorial.py
[2022-03-26 00:55:09,428] {scheduler_job.py:639} INFO - DAG(s) dict_keys(['tutorial']) retrieved from /home/airflow/.local/lib/python3.6/site-packages/airflow/example_dags/tutorial.py
[2022-03-26 00:55:09,632] {logging_mixin.py:104} INFO - [2022-03-26 00:55:09,623] {dag.py:1818} INFO - Sync 1 DAGs
[2022-03-26 00:55:09,822] {logging_mixin.py:104} INFO - [2022-03-26 00:55:09,821] {dag.py:2273} INFO - Setting next_dagrun for tutorial to 2022-03-24 00:00:00+00:00
[2022-03-26 00:55:09,892] {scheduler_job.py:190} INFO - Processing /home/airflow/.local/lib/python3.6/site-packages/airflow/example_dags/tutorial.py took 0.594 seconds
[2022-03-26 00:55:41,388] {scheduler_job.py:182} INFO - Started process (PID=1161) to work on /home/airflow/.local/lib/python3.6/site-packages/airflow/example_dags/tutorial.py
[2022-03-26 00:55:41,405] {scheduler_job.py:629} INFO - Processing file /home/airflow/.local/lib/python3.6/site-packages/airflow/example_dags/tutorial.py for tasks to queue
[2022-03-26 00:55:41,411] {logging_mixin.py:104} INFO - [2022-03-26 00:55:41,411] {dagbag.py:448} INFO - Filling up the DagBag from /home/airflow/.local/lib/python3.6/site-packages/airflow/example_dags/tutorial.py
[2022-03-26 00:55:41,450] {scheduler_job.py:639} INFO - DAG(s) dict_keys(['tutorial']) retrieved from /home/airflow/.local/lib/python3.6/site-packages/airflow/example_dags/tutorial.py
[2022-03-26 00:55:41,523] {logging_mixin.py:104} INFO - [2022-03-26 00:55:41,522] {dag.py:1818} INFO - Sync 1 DAGs
[2022-03-26 00:55:41,583] {logging_mixin.py:104} INFO - [2022-03-26 00:55:41,582] {dag.py:2273} INFO - Setting next_dagrun for tutorial to 2022-03-24 00:00:00+00:00
[2022-03-26 00:55:41,614] {scheduler_job.py:190} INFO - Processing /home/airflow/.local/lib/python3.6/site-packages/airflow/example_dags/tutorial.py took 0.254 seconds
[2022-03-26 00:56:12,005] {scheduler_job.py:182} INFO - Started process (PID=1203) to work on /home/airflow/.local/lib/python3.6/site-packages/airflow/example_dags/tutorial.py
[2022-03-26 00:56:12,018] {scheduler_job.py:629} INFO - Processing file /home/airflow/.local/lib/python3.6/site-packages/airflow/example_dags/tutorial.py for tasks to queue
[2022-03-26 00:56:12,023] {logging_mixin.py:104} INFO - [2022-03-26 00:56:12,023] {dagbag.py:448} INFO - Filling up the DagBag from /home/airflow/.local/lib/python3.6/site-packages/airflow/example_dags/tutorial.py
[2022-03-26 00:56:12,118] {scheduler_job.py:639} INFO - DAG(s) dict_keys(['tutorial']) retrieved from /home/airflow/.local/lib/python3.6/site-packages/airflow/example_dags/tutorial.py
[2022-03-26 00:56:12,350] {logging_mixin.py:104} INFO - [2022-03-26 00:56:12,349] {dag.py:1818} INFO - Sync 1 DAGs
[2022-03-26 00:56:12,499] {logging_mixin.py:104} INFO - [2022-03-26 00:56:12,499] {dag.py:2273} INFO - Setting next_dagrun for tutorial to 2022-03-24 00:00:00+00:00
[2022-03-26 00:56:12,564] {scheduler_job.py:190} INFO - Processing /home/airflow/.local/lib/python3.6/site-packages/airflow/example_dags/tutorial.py took 0.580 seconds
[2022-03-26 00:56:43,239] {scheduler_job.py:182} INFO - Started process (PID=1245) to work on /home/airflow/.local/lib/python3.6/site-packages/airflow/example_dags/tutorial.py
[2022-03-26 00:56:43,251] {scheduler_job.py:629} INFO - Processing file /home/airflow/.local/lib/python3.6/site-packages/airflow/example_dags/tutorial.py for tasks to queue
[2022-03-26 00:56:43,260] {logging_mixin.py:104} INFO - [2022-03-26 00:56:43,260] {dagbag.py:448} INFO - Filling up the DagBag from /home/airflow/.local/lib/python3.6/site-packages/airflow/example_dags/tutorial.py
[2022-03-26 00:56:43,362] {scheduler_job.py:639} INFO - DAG(s) dict_keys(['tutorial']) retrieved from /home/airflow/.local/lib/python3.6/site-packages/airflow/example_dags/tutorial.py
[2022-03-26 00:56:43,560] {logging_mixin.py:104} INFO - [2022-03-26 00:56:43,560] {dag.py:1818} INFO - Sync 1 DAGs
[2022-03-26 00:56:43,737] {logging_mixin.py:104} INFO - [2022-03-26 00:56:43,737] {dag.py:2273} INFO - Setting next_dagrun for tutorial to 2022-03-24 00:00:00+00:00
[2022-03-26 00:56:43,834] {scheduler_job.py:190} INFO - Processing /home/airflow/.local/lib/python3.6/site-packages/airflow/example_dags/tutorial.py took 0.665 seconds
[2022-03-26 00:57:14,735] {scheduler_job.py:182} INFO - Started process (PID=1287) to work on /home/airflow/.local/lib/python3.6/site-packages/airflow/example_dags/tutorial.py
[2022-03-26 00:57:14,813] {scheduler_job.py:629} INFO - Processing file /home/airflow/.local/lib/python3.6/site-packages/airflow/example_dags/tutorial.py for tasks to queue
[2022-03-26 00:57:14,835] {logging_mixin.py:104} INFO - [2022-03-26 00:57:14,830] {dagbag.py:448} INFO - Filling up the DagBag from /home/airflow/.local/lib/python3.6/site-packages/airflow/example_dags/tutorial.py
[2022-03-26 00:57:15,027] {scheduler_job.py:639} INFO - DAG(s) dict_keys(['tutorial']) retrieved from /home/airflow/.local/lib/python3.6/site-packages/airflow/example_dags/tutorial.py
[2022-03-26 00:57:15,380] {logging_mixin.py:104} INFO - [2022-03-26 00:57:15,380] {dag.py:1818} INFO - Sync 1 DAGs
[2022-03-26 00:57:15,622] {logging_mixin.py:104} INFO - [2022-03-26 00:57:15,622] {dag.py:2273} INFO - Setting next_dagrun for tutorial to 2022-03-24 00:00:00+00:00
[2022-03-26 00:57:15,719] {scheduler_job.py:190} INFO - Processing /home/airflow/.local/lib/python3.6/site-packages/airflow/example_dags/tutorial.py took 1.037 seconds
[2022-03-26 00:57:47,504] {scheduler_job.py:182} INFO - Started process (PID=1330) to work on /home/airflow/.local/lib/python3.6/site-packages/airflow/example_dags/tutorial.py
[2022-03-26 00:57:47,523] {scheduler_job.py:629} INFO - Processing file /home/airflow/.local/lib/python3.6/site-packages/airflow/example_dags/tutorial.py for tasks to queue
[2022-03-26 00:57:47,533] {logging_mixin.py:104} INFO - [2022-03-26 00:57:47,533] {dagbag.py:448} INFO - Filling up the DagBag from /home/airflow/.local/lib/python3.6/site-packages/airflow/example_dags/tutorial.py
[2022-03-26 00:57:47,589] {scheduler_job.py:639} INFO - DAG(s) dict_keys(['tutorial']) retrieved from /home/airflow/.local/lib/python3.6/site-packages/airflow/example_dags/tutorial.py
[2022-03-26 00:57:47,663] {logging_mixin.py:104} INFO - [2022-03-26 00:57:47,663] {dag.py:1818} INFO - Sync 1 DAGs
[2022-03-26 00:57:47,754] {logging_mixin.py:104} INFO - [2022-03-26 00:57:47,753] {dag.py:2273} INFO - Setting next_dagrun for tutorial to 2022-03-24 00:00:00+00:00
[2022-03-26 00:57:47,812] {scheduler_job.py:190} INFO - Processing /home/airflow/.local/lib/python3.6/site-packages/airflow/example_dags/tutorial.py took 0.348 seconds
[2022-03-26 00:58:18,517] {scheduler_job.py:182} INFO - Started process (PID=1372) to work on /home/airflow/.local/lib/python3.6/site-packages/airflow/example_dags/tutorial.py
[2022-03-26 00:58:18,531] {scheduler_job.py:629} INFO - Processing file /home/airflow/.local/lib/python3.6/site-packages/airflow/example_dags/tutorial.py for tasks to queue
[2022-03-26 00:58:18,536] {logging_mixin.py:104} INFO - [2022-03-26 00:58:18,536] {dagbag.py:448} INFO - Filling up the DagBag from /home/airflow/.local/lib/python3.6/site-packages/airflow/example_dags/tutorial.py
[2022-03-26 00:58:18,603] {scheduler_job.py:639} INFO - DAG(s) dict_keys(['tutorial']) retrieved from /home/airflow/.local/lib/python3.6/site-packages/airflow/example_dags/tutorial.py
[2022-03-26 00:58:18,897] {logging_mixin.py:104} INFO - [2022-03-26 00:58:18,896] {dag.py:1818} INFO - Sync 1 DAGs
[2022-03-26 00:58:19,082] {logging_mixin.py:104} INFO - [2022-03-26 00:58:19,082] {dag.py:2273} INFO - Setting next_dagrun for tutorial to 2022-03-24 00:00:00+00:00
[2022-03-26 00:58:19,170] {scheduler_job.py:190} INFO - Processing /home/airflow/.local/lib/python3.6/site-packages/airflow/example_dags/tutorial.py took 0.708 seconds
[2022-03-26 00:59:10,291] {scheduler_job.py:182} INFO - Started process (PID=1413) to work on /home/airflow/.local/lib/python3.6/site-packages/airflow/example_dags/tutorial.py
[2022-03-26 00:59:10,325] {scheduler_job.py:629} INFO - Processing file /home/airflow/.local/lib/python3.6/site-packages/airflow/example_dags/tutorial.py for tasks to queue
[2022-03-26 00:59:10,353] {logging_mixin.py:104} INFO - [2022-03-26 00:59:10,347] {dagbag.py:448} INFO - Filling up the DagBag from /home/airflow/.local/lib/python3.6/site-packages/airflow/example_dags/tutorial.py
[2022-03-26 00:59:10,802] {scheduler_job.py:639} INFO - DAG(s) dict_keys(['tutorial']) retrieved from /home/airflow/.local/lib/python3.6/site-packages/airflow/example_dags/tutorial.py
[2022-03-26 00:59:11,459] {logging_mixin.py:104} INFO - [2022-03-26 00:59:11,458] {dag.py:1818} INFO - Sync 1 DAGs
[2022-03-26 00:59:11,775] {logging_mixin.py:104} INFO - [2022-03-26 00:59:11,775] {dag.py:2273} INFO - Setting next_dagrun for tutorial to 2022-03-24 00:00:00+00:00
[2022-03-26 00:59:11,890] {scheduler_job.py:190} INFO - Processing /home/airflow/.local/lib/python3.6/site-packages/airflow/example_dags/tutorial.py took 1.665 seconds
[2022-03-26 00:59:42,447] {scheduler_job.py:182} INFO - Started process (PID=1455) to work on /home/airflow/.local/lib/python3.6/site-packages/airflow/example_dags/tutorial.py
[2022-03-26 00:59:42,457] {scheduler_job.py:629} INFO - Processing file /home/airflow/.local/lib/python3.6/site-packages/airflow/example_dags/tutorial.py for tasks to queue
[2022-03-26 00:59:42,465] {logging_mixin.py:104} INFO - [2022-03-26 00:59:42,462] {dagbag.py:448} INFO - Filling up the DagBag from /home/airflow/.local/lib/python3.6/site-packages/airflow/example_dags/tutorial.py
[2022-03-26 00:59:42,504] {scheduler_job.py:639} INFO - DAG(s) dict_keys(['tutorial']) retrieved from /home/airflow/.local/lib/python3.6/site-packages/airflow/example_dags/tutorial.py
[2022-03-26 00:59:42,616] {logging_mixin.py:104} INFO - [2022-03-26 00:59:42,616] {dag.py:1818} INFO - Sync 1 DAGs
[2022-03-26 00:59:42,699] {logging_mixin.py:104} INFO - [2022-03-26 00:59:42,695] {dag.py:2273} INFO - Setting next_dagrun for tutorial to 2022-03-24 00:00:00+00:00
[2022-03-26 00:59:42,755] {scheduler_job.py:190} INFO - Processing /home/airflow/.local/lib/python3.6/site-packages/airflow/example_dags/tutorial.py took 0.328 seconds
[2022-03-26 01:00:12,904] {scheduler_job.py:182} INFO - Started process (PID=1497) to work on /home/airflow/.local/lib/python3.6/site-packages/airflow/example_dags/tutorial.py
[2022-03-26 01:00:12,919] {scheduler_job.py:629} INFO - Processing file /home/airflow/.local/lib/python3.6/site-packages/airflow/example_dags/tutorial.py for tasks to queue
[2022-03-26 01:00:12,925] {logging_mixin.py:104} INFO - [2022-03-26 01:00:12,925] {dagbag.py:448} INFO - Filling up the DagBag from /home/airflow/.local/lib/python3.6/site-packages/airflow/example_dags/tutorial.py
[2022-03-26 01:00:12,976] {scheduler_job.py:639} INFO - DAG(s) dict_keys(['tutorial']) retrieved from /home/airflow/.local/lib/python3.6/site-packages/airflow/example_dags/tutorial.py
[2022-03-26 01:00:13,074] {logging_mixin.py:104} INFO - [2022-03-26 01:00:13,073] {dag.py:1818} INFO - Sync 1 DAGs
[2022-03-26 01:00:13,137] {logging_mixin.py:104} INFO - [2022-03-26 01:00:13,137] {dag.py:2273} INFO - Setting next_dagrun for tutorial to 2022-03-24 00:00:00+00:00
[2022-03-26 01:00:13,161] {scheduler_job.py:190} INFO - Processing /home/airflow/.local/lib/python3.6/site-packages/airflow/example_dags/tutorial.py took 0.280 seconds
[2022-03-26 01:00:51,082] {scheduler_job.py:182} INFO - Started process (PID=1539) to work on /home/airflow/.local/lib/python3.6/site-packages/airflow/example_dags/tutorial.py
[2022-03-26 01:00:51,130] {scheduler_job.py:629} INFO - Processing file /home/airflow/.local/lib/python3.6/site-packages/airflow/example_dags/tutorial.py for tasks to queue
[2022-03-26 01:00:51,181] {logging_mixin.py:104} INFO - [2022-03-26 01:00:51,181] {dagbag.py:448} INFO - Filling up the DagBag from /home/airflow/.local/lib/python3.6/site-packages/airflow/example_dags/tutorial.py
[2022-03-26 01:00:51,500] {scheduler_job.py:639} INFO - DAG(s) dict_keys(['tutorial']) retrieved from /home/airflow/.local/lib/python3.6/site-packages/airflow/example_dags/tutorial.py
[2022-03-26 01:00:52,180] {logging_mixin.py:104} INFO - [2022-03-26 01:00:52,179] {dag.py:1818} INFO - Sync 1 DAGs
[2022-03-26 01:00:52,984] {logging_mixin.py:104} INFO - [2022-03-26 01:00:52,983] {dag.py:2273} INFO - Setting next_dagrun for tutorial to 2022-03-24 00:00:00+00:00
[2022-03-26 01:00:53,407] {scheduler_job.py:190} INFO - Processing /home/airflow/.local/lib/python3.6/site-packages/airflow/example_dags/tutorial.py took 2.410 seconds
[2022-03-26 01:01:05,986] {scheduler_job.py:182} INFO - Started process (PID=1282) to work on /home/airflow/.local/lib/python3.6/site-packages/airflow/example_dags/tutorial.py
[2022-03-26 01:01:06,020] {scheduler_job.py:629} INFO - Processing file /home/airflow/.local/lib/python3.6/site-packages/airflow/example_dags/tutorial.py for tasks to queue
[2022-03-26 01:01:06,030] {logging_mixin.py:104} INFO - [2022-03-26 01:01:06,030] {dagbag.py:448} INFO - Filling up the DagBag from /home/airflow/.local/lib/python3.6/site-packages/airflow/example_dags/tutorial.py
[2022-03-26 01:01:06,250] {scheduler_job.py:639} INFO - DAG(s) dict_keys(['tutorial']) retrieved from /home/airflow/.local/lib/python3.6/site-packages/airflow/example_dags/tutorial.py
[2022-03-26 01:01:07,322] {logging_mixin.py:104} INFO - [2022-03-26 01:01:07,322] {dag.py:1818} INFO - Sync 1 DAGs
[2022-03-26 01:01:08,682] {logging_mixin.py:104} INFO - [2022-03-26 01:01:08,682] {dag.py:2273} INFO - Setting next_dagrun for tutorial to 2022-03-24 00:00:00+00:00
[2022-03-26 01:01:09,136] {scheduler_job.py:190} INFO - Processing /home/airflow/.local/lib/python3.6/site-packages/airflow/example_dags/tutorial.py took 3.223 seconds
[2022-03-26 01:01:24,496] {scheduler_job.py:182} INFO - Started process (PID=1582) to work on /home/airflow/.local/lib/python3.6/site-packages/airflow/example_dags/tutorial.py
[2022-03-26 01:01:24,515] {scheduler_job.py:629} INFO - Processing file /home/airflow/.local/lib/python3.6/site-packages/airflow/example_dags/tutorial.py for tasks to queue
[2022-03-26 01:01:24,519] {logging_mixin.py:104} INFO - [2022-03-26 01:01:24,519] {dagbag.py:448} INFO - Filling up the DagBag from /home/airflow/.local/lib/python3.6/site-packages/airflow/example_dags/tutorial.py
[2022-03-26 01:01:24,632] {scheduler_job.py:639} INFO - DAG(s) dict_keys(['tutorial']) retrieved from /home/airflow/.local/lib/python3.6/site-packages/airflow/example_dags/tutorial.py
[2022-03-26 01:01:24,726] {logging_mixin.py:104} INFO - [2022-03-26 01:01:24,726] {dag.py:1818} INFO - Sync 1 DAGs
[2022-03-26 01:01:24,900] {logging_mixin.py:104} INFO - [2022-03-26 01:01:24,900] {dag.py:2273} INFO - Setting next_dagrun for tutorial to 2022-03-24 00:00:00+00:00
[2022-03-26 01:01:24,958] {scheduler_job.py:190} INFO - Processing /home/airflow/.local/lib/python3.6/site-packages/airflow/example_dags/tutorial.py took 0.498 seconds
[2022-03-26 01:01:39,771] {scheduler_job.py:182} INFO - Started process (PID=1349) to work on /home/airflow/.local/lib/python3.6/site-packages/airflow/example_dags/tutorial.py
[2022-03-26 01:01:39,791] {scheduler_job.py:629} INFO - Processing file /home/airflow/.local/lib/python3.6/site-packages/airflow/example_dags/tutorial.py for tasks to queue
[2022-03-26 01:01:39,806] {logging_mixin.py:104} INFO - [2022-03-26 01:01:39,805] {dagbag.py:448} INFO - Filling up the DagBag from /home/airflow/.local/lib/python3.6/site-packages/airflow/example_dags/tutorial.py
[2022-03-26 01:01:40,016] {scheduler_job.py:639} INFO - DAG(s) dict_keys(['tutorial']) retrieved from /home/airflow/.local/lib/python3.6/site-packages/airflow/example_dags/tutorial.py
[2022-03-26 01:01:40,207] {logging_mixin.py:104} INFO - [2022-03-26 01:01:40,207] {dag.py:1818} INFO - Sync 1 DAGs
[2022-03-26 01:01:40,613] {logging_mixin.py:104} INFO - [2022-03-26 01:01:40,613] {dag.py:2273} INFO - Setting next_dagrun for tutorial to 2022-03-24 00:00:00+00:00
[2022-03-26 01:01:40,682] {scheduler_job.py:190} INFO - Processing /home/airflow/.local/lib/python3.6/site-packages/airflow/example_dags/tutorial.py took 0.944 seconds
[2022-03-26 01:01:55,662] {scheduler_job.py:182} INFO - Started process (PID=1622) to work on /home/airflow/.local/lib/python3.6/site-packages/airflow/example_dags/tutorial.py
[2022-03-26 01:01:55,679] {scheduler_job.py:629} INFO - Processing file /home/airflow/.local/lib/python3.6/site-packages/airflow/example_dags/tutorial.py for tasks to queue
[2022-03-26 01:01:55,689] {logging_mixin.py:104} INFO - [2022-03-26 01:01:55,688] {dagbag.py:448} INFO - Filling up the DagBag from /home/airflow/.local/lib/python3.6/site-packages/airflow/example_dags/tutorial.py
[2022-03-26 01:01:55,823] {scheduler_job.py:639} INFO - DAG(s) dict_keys(['tutorial']) retrieved from /home/airflow/.local/lib/python3.6/site-packages/airflow/example_dags/tutorial.py
[2022-03-26 01:01:56,039] {logging_mixin.py:104} INFO - [2022-03-26 01:01:56,039] {dag.py:1818} INFO - Sync 1 DAGs
[2022-03-26 01:01:56,345] {logging_mixin.py:104} INFO - [2022-03-26 01:01:56,345] {dag.py:2273} INFO - Setting next_dagrun for tutorial to 2022-03-24 00:00:00+00:00
[2022-03-26 01:01:56,419] {scheduler_job.py:190} INFO - Processing /home/airflow/.local/lib/python3.6/site-packages/airflow/example_dags/tutorial.py took 0.779 seconds
[2022-03-26 01:02:11,021] {scheduler_job.py:182} INFO - Started process (PID=1407) to work on /home/airflow/.local/lib/python3.6/site-packages/airflow/example_dags/tutorial.py
[2022-03-26 01:02:11,036] {scheduler_job.py:629} INFO - Processing file /home/airflow/.local/lib/python3.6/site-packages/airflow/example_dags/tutorial.py for tasks to queue
[2022-03-26 01:02:11,049] {logging_mixin.py:104} INFO - [2022-03-26 01:02:11,045] {dagbag.py:448} INFO - Filling up the DagBag from /home/airflow/.local/lib/python3.6/site-packages/airflow/example_dags/tutorial.py
[2022-03-26 01:02:11,109] {scheduler_job.py:639} INFO - DAG(s) dict_keys(['tutorial']) retrieved from /home/airflow/.local/lib/python3.6/site-packages/airflow/example_dags/tutorial.py
[2022-03-26 01:02:11,207] {logging_mixin.py:104} INFO - [2022-03-26 01:02:11,207] {dag.py:1818} INFO - Sync 1 DAGs
[2022-03-26 01:02:11,300] {logging_mixin.py:104} INFO - [2022-03-26 01:02:11,300] {dag.py:2273} INFO - Setting next_dagrun for tutorial to 2022-03-24 00:00:00+00:00
[2022-03-26 01:02:11,420] {scheduler_job.py:190} INFO - Processing /home/airflow/.local/lib/python3.6/site-packages/airflow/example_dags/tutorial.py took 0.417 seconds
[2022-03-26 01:02:28,489] {scheduler_job.py:182} INFO - Started process (PID=1665) to work on /home/airflow/.local/lib/python3.6/site-packages/airflow/example_dags/tutorial.py
[2022-03-26 01:02:28,520] {scheduler_job.py:629} INFO - Processing file /home/airflow/.local/lib/python3.6/site-packages/airflow/example_dags/tutorial.py for tasks to queue
[2022-03-26 01:02:28,550] {logging_mixin.py:104} INFO - [2022-03-26 01:02:28,550] {dagbag.py:448} INFO - Filling up the DagBag from /home/airflow/.local/lib/python3.6/site-packages/airflow/example_dags/tutorial.py
[2022-03-26 01:02:28,927] {scheduler_job.py:639} INFO - DAG(s) dict_keys(['tutorial']) retrieved from /home/airflow/.local/lib/python3.6/site-packages/airflow/example_dags/tutorial.py
[2022-03-26 01:02:29,351] {logging_mixin.py:104} INFO - [2022-03-26 01:02:29,351] {dag.py:1818} INFO - Sync 1 DAGs
[2022-03-26 01:02:29,492] {logging_mixin.py:104} INFO - [2022-03-26 01:02:29,491] {dag.py:2273} INFO - Setting next_dagrun for tutorial to 2022-03-24 00:00:00+00:00
[2022-03-26 01:02:29,554] {scheduler_job.py:190} INFO - Processing /home/airflow/.local/lib/python3.6/site-packages/airflow/example_dags/tutorial.py took 1.137 seconds
[2022-03-26 01:02:46,002] {scheduler_job.py:182} INFO - Started process (PID=1474) to work on /home/airflow/.local/lib/python3.6/site-packages/airflow/example_dags/tutorial.py
[2022-03-26 01:02:46,396] {scheduler_job.py:629} INFO - Processing file /home/airflow/.local/lib/python3.6/site-packages/airflow/example_dags/tutorial.py for tasks to queue
[2022-03-26 01:02:46,419] {logging_mixin.py:104} INFO - [2022-03-26 01:02:46,418] {dagbag.py:448} INFO - Filling up the DagBag from /home/airflow/.local/lib/python3.6/site-packages/airflow/example_dags/tutorial.py
[2022-03-26 01:02:47,287] {scheduler_job.py:639} INFO - DAG(s) dict_keys(['tutorial']) retrieved from /home/airflow/.local/lib/python3.6/site-packages/airflow/example_dags/tutorial.py
[2022-03-26 01:02:49,310] {logging_mixin.py:104} INFO - [2022-03-26 01:02:49,309] {dag.py:1818} INFO - Sync 1 DAGs
[2022-03-26 01:02:52,674] {logging_mixin.py:104} INFO - [2022-03-26 01:02:52,674] {dag.py:2273} INFO - Setting next_dagrun for tutorial to 2022-03-24 00:00:00+00:00
[2022-03-26 01:02:53,882] {scheduler_job.py:190} INFO - Processing /home/airflow/.local/lib/python3.6/site-packages/airflow/example_dags/tutorial.py took 8.024 seconds
[2022-03-26 01:03:06,679] {scheduler_job.py:182} INFO - Started process (PID=1693) to work on /home/airflow/.local/lib/python3.6/site-packages/airflow/example_dags/tutorial.py
[2022-03-26 01:03:06,742] {scheduler_job.py:629} INFO - Processing file /home/airflow/.local/lib/python3.6/site-packages/airflow/example_dags/tutorial.py for tasks to queue
[2022-03-26 01:03:06,929] {logging_mixin.py:104} INFO - [2022-03-26 01:03:06,928] {dagbag.py:448} INFO - Filling up the DagBag from /home/airflow/.local/lib/python3.6/site-packages/airflow/example_dags/tutorial.py
[2022-03-26 01:03:07,285] {scheduler_job.py:639} INFO - DAG(s) dict_keys(['tutorial']) retrieved from /home/airflow/.local/lib/python3.6/site-packages/airflow/example_dags/tutorial.py
[2022-03-26 01:03:07,856] {logging_mixin.py:104} INFO - [2022-03-26 01:03:07,856] {dag.py:1818} INFO - Sync 1 DAGs
[2022-03-26 01:03:08,376] {logging_mixin.py:104} INFO - [2022-03-26 01:03:08,376] {dag.py:2273} INFO - Setting next_dagrun for tutorial to 2022-03-24 00:00:00+00:00
[2022-03-26 01:03:08,732] {scheduler_job.py:190} INFO - Processing /home/airflow/.local/lib/python3.6/site-packages/airflow/example_dags/tutorial.py took 2.225 seconds
[2022-03-26 01:03:50,518] {scheduler_job.py:182} INFO - Started process (PID=1737) to work on /home/airflow/.local/lib/python3.6/site-packages/airflow/example_dags/tutorial.py
[2022-03-26 01:03:50,533] {scheduler_job.py:629} INFO - Processing file /home/airflow/.local/lib/python3.6/site-packages/airflow/example_dags/tutorial.py for tasks to queue
[2022-03-26 01:03:50,543] {logging_mixin.py:104} INFO - [2022-03-26 01:03:50,542] {dagbag.py:448} INFO - Filling up the DagBag from /home/airflow/.local/lib/python3.6/site-packages/airflow/example_dags/tutorial.py
[2022-03-26 01:03:50,805] {scheduler_job.py:639} INFO - DAG(s) dict_keys(['tutorial']) retrieved from /home/airflow/.local/lib/python3.6/site-packages/airflow/example_dags/tutorial.py
[2022-03-26 01:03:51,128] {logging_mixin.py:104} INFO - [2022-03-26 01:03:51,128] {dag.py:1818} INFO - Sync 1 DAGs
[2022-03-26 01:03:51,431] {logging_mixin.py:104} INFO - [2022-03-26 01:03:51,430] {dag.py:2273} INFO - Setting next_dagrun for tutorial to 2022-03-24 00:00:00+00:00
[2022-03-26 01:03:51,711] {scheduler_job.py:190} INFO - Processing /home/airflow/.local/lib/python3.6/site-packages/airflow/example_dags/tutorial.py took 1.290 seconds
[2022-03-26 01:04:01,380] {scheduler_job.py:182} INFO - Started process (PID=1575) to work on /home/airflow/.local/lib/python3.6/site-packages/airflow/example_dags/tutorial.py
[2022-03-26 01:04:01,404] {scheduler_job.py:629} INFO - Processing file /home/airflow/.local/lib/python3.6/site-packages/airflow/example_dags/tutorial.py for tasks to queue
[2022-03-26 01:04:01,430] {logging_mixin.py:104} INFO - [2022-03-26 01:04:01,429] {dagbag.py:448} INFO - Filling up the DagBag from /home/airflow/.local/lib/python3.6/site-packages/airflow/example_dags/tutorial.py
[2022-03-26 01:04:02,147] {scheduler_job.py:639} INFO - DAG(s) dict_keys(['tutorial']) retrieved from /home/airflow/.local/lib/python3.6/site-packages/airflow/example_dags/tutorial.py
[2022-03-26 01:04:03,532] {logging_mixin.py:104} INFO - [2022-03-26 01:04:03,531] {dag.py:1818} INFO - Sync 1 DAGs
[2022-03-26 01:04:04,091] {logging_mixin.py:104} INFO - [2022-03-26 01:04:04,091] {dag.py:2273} INFO - Setting next_dagrun for tutorial to 2022-03-24 00:00:00+00:00
[2022-03-26 01:04:04,274] {scheduler_job.py:190} INFO - Processing /home/airflow/.local/lib/python3.6/site-packages/airflow/example_dags/tutorial.py took 3.109 seconds
[2022-03-26 01:04:24,150] {scheduler_job.py:182} INFO - Started process (PID=1779) to work on /home/airflow/.local/lib/python3.6/site-packages/airflow/example_dags/tutorial.py
[2022-03-26 01:04:24,200] {scheduler_job.py:629} INFO - Processing file /home/airflow/.local/lib/python3.6/site-packages/airflow/example_dags/tutorial.py for tasks to queue
[2022-03-26 01:04:24,214] {logging_mixin.py:104} INFO - [2022-03-26 01:04:24,213] {dagbag.py:448} INFO - Filling up the DagBag from /home/airflow/.local/lib/python3.6/site-packages/airflow/example_dags/tutorial.py
[2022-03-26 01:04:24,340] {scheduler_job.py:639} INFO - DAG(s) dict_keys(['tutorial']) retrieved from /home/airflow/.local/lib/python3.6/site-packages/airflow/example_dags/tutorial.py
[2022-03-26 01:04:24,845] {logging_mixin.py:104} INFO - [2022-03-26 01:04:24,844] {dag.py:1818} INFO - Sync 1 DAGs
[2022-03-26 01:04:25,937] {logging_mixin.py:104} INFO - [2022-03-26 01:04:25,936] {dag.py:2273} INFO - Setting next_dagrun for tutorial to 2022-03-24 00:00:00+00:00
[2022-03-26 01:04:26,195] {scheduler_job.py:190} INFO - Processing /home/airflow/.local/lib/python3.6/site-packages/airflow/example_dags/tutorial.py took 2.097 seconds
[2022-03-26 01:04:40,938] {scheduler_job.py:182} INFO - Started process (PID=1633) to work on /home/airflow/.local/lib/python3.6/site-packages/airflow/example_dags/tutorial.py
[2022-03-26 01:04:40,968] {scheduler_job.py:629} INFO - Processing file /home/airflow/.local/lib/python3.6/site-packages/airflow/example_dags/tutorial.py for tasks to queue
[2022-03-26 01:04:40,998] {logging_mixin.py:104} INFO - [2022-03-26 01:04:40,998] {dagbag.py:448} INFO - Filling up the DagBag from /home/airflow/.local/lib/python3.6/site-packages/airflow/example_dags/tutorial.py
[2022-03-26 01:04:41,635] {scheduler_job.py:639} INFO - DAG(s) dict_keys(['tutorial']) retrieved from /home/airflow/.local/lib/python3.6/site-packages/airflow/example_dags/tutorial.py
[2022-03-26 01:04:42,170] {logging_mixin.py:104} INFO - [2022-03-26 01:04:42,169] {dag.py:1818} INFO - Sync 1 DAGs
[2022-03-26 01:04:42,405] {logging_mixin.py:104} INFO - [2022-03-26 01:04:42,405] {dag.py:2273} INFO - Setting next_dagrun for tutorial to 2022-03-24 00:00:00+00:00
[2022-03-26 01:04:42,520] {scheduler_job.py:190} INFO - Processing /home/airflow/.local/lib/python3.6/site-packages/airflow/example_dags/tutorial.py took 1.754 seconds
[2022-03-26 01:04:57,920] {scheduler_job.py:182} INFO - Started process (PID=1822) to work on /home/airflow/.local/lib/python3.6/site-packages/airflow/example_dags/tutorial.py
[2022-03-26 01:04:57,956] {scheduler_job.py:629} INFO - Processing file /home/airflow/.local/lib/python3.6/site-packages/airflow/example_dags/tutorial.py for tasks to queue
[2022-03-26 01:04:57,974] {logging_mixin.py:104} INFO - [2022-03-26 01:04:57,973] {dagbag.py:448} INFO - Filling up the DagBag from /home/airflow/.local/lib/python3.6/site-packages/airflow/example_dags/tutorial.py
[2022-03-26 01:04:58,027] {scheduler_job.py:639} INFO - DAG(s) dict_keys(['tutorial']) retrieved from /home/airflow/.local/lib/python3.6/site-packages/airflow/example_dags/tutorial.py
[2022-03-26 01:04:58,204] {logging_mixin.py:104} INFO - [2022-03-26 01:04:58,204] {dag.py:1818} INFO - Sync 1 DAGs
[2022-03-26 01:04:58,438] {logging_mixin.py:104} INFO - [2022-03-26 01:04:58,431] {dag.py:2273} INFO - Setting next_dagrun for tutorial to 2022-03-24 00:00:00+00:00
[2022-03-26 01:04:58,875] {scheduler_job.py:190} INFO - Processing /home/airflow/.local/lib/python3.6/site-packages/airflow/example_dags/tutorial.py took 0.977 seconds
[2022-03-26 01:05:31,082] {scheduler_job.py:182} INFO - Started process (PID=1861) to work on /home/airflow/.local/lib/python3.6/site-packages/airflow/example_dags/tutorial.py
[2022-03-26 01:05:31,088] {scheduler_job.py:629} INFO - Processing file /home/airflow/.local/lib/python3.6/site-packages/airflow/example_dags/tutorial.py for tasks to queue
[2022-03-26 01:05:31,102] {logging_mixin.py:104} INFO - [2022-03-26 01:05:31,101] {dagbag.py:448} INFO - Filling up the DagBag from /home/airflow/.local/lib/python3.6/site-packages/airflow/example_dags/tutorial.py
[2022-03-26 01:05:31,257] {scheduler_job.py:639} INFO - DAG(s) dict_keys(['tutorial']) retrieved from /home/airflow/.local/lib/python3.6/site-packages/airflow/example_dags/tutorial.py
[2022-03-26 01:05:31,395] {logging_mixin.py:104} INFO - [2022-03-26 01:05:31,395] {dag.py:1818} INFO - Sync 1 DAGs
[2022-03-26 01:05:31,544] {scheduler_job.py:182} INFO - Started process (PID=1709) to work on /home/airflow/.local/lib/python3.6/site-packages/airflow/example_dags/tutorial.py
[2022-03-26 01:05:31,562] {logging_mixin.py:104} INFO - [2022-03-26 01:05:31,562] {dag.py:2273} INFO - Setting next_dagrun for tutorial to 2022-03-24 00:00:00+00:00
[2022-03-26 01:05:31,566] {scheduler_job.py:629} INFO - Processing file /home/airflow/.local/lib/python3.6/site-packages/airflow/example_dags/tutorial.py for tasks to queue
[2022-03-26 01:05:31,608] {logging_mixin.py:104} INFO - [2022-03-26 01:05:31,605] {dagbag.py:448} INFO - Filling up the DagBag from /home/airflow/.local/lib/python3.6/site-packages/airflow/example_dags/tutorial.py
[2022-03-26 01:05:31,665] {scheduler_job.py:190} INFO - Processing /home/airflow/.local/lib/python3.6/site-packages/airflow/example_dags/tutorial.py took 0.621 seconds
[2022-03-26 01:05:31,767] {scheduler_job.py:639} INFO - DAG(s) dict_keys(['tutorial']) retrieved from /home/airflow/.local/lib/python3.6/site-packages/airflow/example_dags/tutorial.py
[2022-03-26 01:05:32,094] {logging_mixin.py:104} INFO - [2022-03-26 01:05:32,093] {dag.py:1818} INFO - Sync 1 DAGs
[2022-03-26 01:05:32,374] {logging_mixin.py:104} INFO - [2022-03-26 01:05:32,374] {dag.py:2273} INFO - Setting next_dagrun for tutorial to 2022-03-24 00:00:00+00:00
[2022-03-26 01:05:32,556] {scheduler_job.py:190} INFO - Processing /home/airflow/.local/lib/python3.6/site-packages/airflow/example_dags/tutorial.py took 1.064 seconds
[2022-03-26 01:06:25,139] {scheduler_job.py:182} INFO - Started process (PID=1939) to work on /home/airflow/.local/lib/python3.6/site-packages/airflow/example_dags/tutorial.py
[2022-03-26 01:06:25,208] {scheduler_job.py:629} INFO - Processing file /home/airflow/.local/lib/python3.6/site-packages/airflow/example_dags/tutorial.py for tasks to queue
[2022-03-26 01:06:25,236] {logging_mixin.py:104} INFO - [2022-03-26 01:06:25,236] {dagbag.py:448} INFO - Filling up the DagBag from /home/airflow/.local/lib/python3.6/site-packages/airflow/example_dags/tutorial.py
[2022-03-26 01:06:25,453] {scheduler_job.py:639} INFO - DAG(s) dict_keys(['tutorial']) retrieved from /home/airflow/.local/lib/python3.6/site-packages/airflow/example_dags/tutorial.py
[2022-03-26 01:06:25,630] {logging_mixin.py:104} INFO - [2022-03-26 01:06:25,629] {dag.py:1818} INFO - Sync 1 DAGs
[2022-03-26 01:06:25,888] {logging_mixin.py:104} INFO - [2022-03-26 01:06:25,888] {dag.py:2273} INFO - Setting next_dagrun for tutorial to 2022-03-24 00:00:00+00:00
[2022-03-26 01:06:26,075] {scheduler_job.py:190} INFO - Processing /home/airflow/.local/lib/python3.6/site-packages/airflow/example_dags/tutorial.py took 1.084 seconds
[2022-03-26 01:06:56,522] {scheduler_job.py:182} INFO - Started process (PID=1874) to work on /home/airflow/.local/lib/python3.6/site-packages/airflow/example_dags/tutorial.py
[2022-03-26 01:06:56,607] {scheduler_job.py:629} INFO - Processing file /home/airflow/.local/lib/python3.6/site-packages/airflow/example_dags/tutorial.py for tasks to queue
[2022-03-26 01:06:56,685] {logging_mixin.py:104} INFO - [2022-03-26 01:06:56,665] {dagbag.py:448} INFO - Filling up the DagBag from /home/airflow/.local/lib/python3.6/site-packages/airflow/example_dags/tutorial.py
[2022-03-26 01:06:57,271] {scheduler_job.py:639} INFO - DAG(s) dict_keys(['tutorial']) retrieved from /home/airflow/.local/lib/python3.6/site-packages/airflow/example_dags/tutorial.py
[2022-03-26 01:06:57,777] {logging_mixin.py:104} INFO - [2022-03-26 01:06:57,776] {dag.py:1818} INFO - Sync 1 DAGs
[2022-03-26 01:06:58,068] {logging_mixin.py:104} INFO - [2022-03-26 01:06:58,068] {dag.py:2273} INFO - Setting next_dagrun for tutorial to 2022-03-24 00:00:00+00:00
[2022-03-26 01:06:58,191] {scheduler_job.py:190} INFO - Processing /home/airflow/.local/lib/python3.6/site-packages/airflow/example_dags/tutorial.py took 1.822 seconds
[2022-03-26 01:07:15,993] {scheduler_job.py:182} INFO - Started process (PID=2026) to work on /home/airflow/.local/lib/python3.6/site-packages/airflow/example_dags/tutorial.py
[2022-03-26 01:07:16,006] {scheduler_job.py:629} INFO - Processing file /home/airflow/.local/lib/python3.6/site-packages/airflow/example_dags/tutorial.py for tasks to queue
[2022-03-26 01:07:16,018] {logging_mixin.py:104} INFO - [2022-03-26 01:07:16,017] {dagbag.py:448} INFO - Filling up the DagBag from /home/airflow/.local/lib/python3.6/site-packages/airflow/example_dags/tutorial.py
[2022-03-26 01:07:16,145] {scheduler_job.py:639} INFO - DAG(s) dict_keys(['tutorial']) retrieved from /home/airflow/.local/lib/python3.6/site-packages/airflow/example_dags/tutorial.py
[2022-03-26 01:07:16,363] {logging_mixin.py:104} INFO - [2022-03-26 01:07:16,355] {dag.py:1818} INFO - Sync 1 DAGs
[2022-03-26 01:07:16,606] {logging_mixin.py:104} INFO - [2022-03-26 01:07:16,598] {dag.py:2273} INFO - Setting next_dagrun for tutorial to 2022-03-24 00:00:00+00:00
[2022-03-26 01:07:16,880] {scheduler_job.py:190} INFO - Processing /home/airflow/.local/lib/python3.6/site-packages/airflow/example_dags/tutorial.py took 0.924 seconds
[2022-03-26 01:08:04,763] {scheduler_job.py:182} INFO - Started process (PID=2117) to work on /home/airflow/.local/lib/python3.6/site-packages/airflow/example_dags/tutorial.py
[2022-03-26 01:08:04,790] {scheduler_job.py:629} INFO - Processing file /home/airflow/.local/lib/python3.6/site-packages/airflow/example_dags/tutorial.py for tasks to queue
[2022-03-26 01:08:04,828] {logging_mixin.py:104} INFO - [2022-03-26 01:08:04,816] {dagbag.py:448} INFO - Filling up the DagBag from /home/airflow/.local/lib/python3.6/site-packages/airflow/example_dags/tutorial.py
[2022-03-26 01:08:05,017] {scheduler_job.py:639} INFO - DAG(s) dict_keys(['tutorial']) retrieved from /home/airflow/.local/lib/python3.6/site-packages/airflow/example_dags/tutorial.py
[2022-03-26 01:08:05,225] {logging_mixin.py:104} INFO - [2022-03-26 01:08:05,224] {dag.py:1818} INFO - Sync 1 DAGs
[2022-03-26 01:08:05,363] {logging_mixin.py:104} INFO - [2022-03-26 01:08:05,363] {dag.py:2273} INFO - Setting next_dagrun for tutorial to 2022-03-24 00:00:00+00:00
[2022-03-26 01:08:05,416] {scheduler_job.py:190} INFO - Processing /home/airflow/.local/lib/python3.6/site-packages/airflow/example_dags/tutorial.py took 0.698 seconds
[2022-03-26 01:08:21,021] {scheduler_job.py:182} INFO - Started process (PID=2031) to work on /home/airflow/.local/lib/python3.6/site-packages/airflow/example_dags/tutorial.py
[2022-03-26 01:08:21,030] {scheduler_job.py:629} INFO - Processing file /home/airflow/.local/lib/python3.6/site-packages/airflow/example_dags/tutorial.py for tasks to queue
[2022-03-26 01:08:21,042] {logging_mixin.py:104} INFO - [2022-03-26 01:08:21,036] {dagbag.py:448} INFO - Filling up the DagBag from /home/airflow/.local/lib/python3.6/site-packages/airflow/example_dags/tutorial.py
[2022-03-26 01:08:21,179] {scheduler_job.py:639} INFO - DAG(s) dict_keys(['tutorial']) retrieved from /home/airflow/.local/lib/python3.6/site-packages/airflow/example_dags/tutorial.py
[2022-03-26 01:08:21,801] {logging_mixin.py:104} INFO - [2022-03-26 01:08:21,801] {dag.py:1818} INFO - Sync 1 DAGs
[2022-03-26 01:08:22,281] {logging_mixin.py:104} INFO - [2022-03-26 01:08:22,280] {dag.py:2273} INFO - Setting next_dagrun for tutorial to 2022-03-24 00:00:00+00:00
[2022-03-26 01:08:22,438] {scheduler_job.py:190} INFO - Processing /home/airflow/.local/lib/python3.6/site-packages/airflow/example_dags/tutorial.py took 1.455 seconds
[2022-03-26 01:08:42,156] {scheduler_job.py:182} INFO - Started process (PID=2183) to work on /home/airflow/.local/lib/python3.6/site-packages/airflow/example_dags/tutorial.py
[2022-03-26 01:08:42,178] {scheduler_job.py:629} INFO - Processing file /home/airflow/.local/lib/python3.6/site-packages/airflow/example_dags/tutorial.py for tasks to queue
[2022-03-26 01:08:42,193] {logging_mixin.py:104} INFO - [2022-03-26 01:08:42,193] {dagbag.py:448} INFO - Filling up the DagBag from /home/airflow/.local/lib/python3.6/site-packages/airflow/example_dags/tutorial.py
[2022-03-26 01:08:42,392] {scheduler_job.py:639} INFO - DAG(s) dict_keys(['tutorial']) retrieved from /home/airflow/.local/lib/python3.6/site-packages/airflow/example_dags/tutorial.py
[2022-03-26 01:08:43,016] {logging_mixin.py:104} INFO - [2022-03-26 01:08:42,998] {dag.py:1818} INFO - Sync 1 DAGs
[2022-03-26 01:08:43,353] {logging_mixin.py:104} INFO - [2022-03-26 01:08:43,353] {dag.py:2273} INFO - Setting next_dagrun for tutorial to 2022-03-24 00:00:00+00:00
[2022-03-26 01:08:43,609] {scheduler_job.py:190} INFO - Processing /home/airflow/.local/lib/python3.6/site-packages/airflow/example_dags/tutorial.py took 1.542 seconds
[2022-03-26 01:09:19,070] {scheduler_job.py:182} INFO - Started process (PID=2255) to work on /home/airflow/.local/lib/python3.6/site-packages/airflow/example_dags/tutorial.py
[2022-03-26 01:09:19,076] {scheduler_job.py:629} INFO - Processing file /home/airflow/.local/lib/python3.6/site-packages/airflow/example_dags/tutorial.py for tasks to queue
[2022-03-26 01:09:19,096] {logging_mixin.py:104} INFO - [2022-03-26 01:09:19,082] {dagbag.py:448} INFO - Filling up the DagBag from /home/airflow/.local/lib/python3.6/site-packages/airflow/example_dags/tutorial.py
[2022-03-26 01:09:19,219] {scheduler_job.py:639} INFO - DAG(s) dict_keys(['tutorial']) retrieved from /home/airflow/.local/lib/python3.6/site-packages/airflow/example_dags/tutorial.py
[2022-03-26 01:09:19,507] {logging_mixin.py:104} INFO - [2022-03-26 01:09:19,507] {dag.py:1818} INFO - Sync 1 DAGs
[2022-03-26 01:09:19,762] {logging_mixin.py:104} INFO - [2022-03-26 01:09:19,761] {dag.py:2273} INFO - Setting next_dagrun for tutorial to 2022-03-24 00:00:00+00:00
[2022-03-26 01:09:19,901] {scheduler_job.py:190} INFO - Processing /home/airflow/.local/lib/python3.6/site-packages/airflow/example_dags/tutorial.py took 0.929 seconds
[2022-03-26 01:09:32,921] {scheduler_job.py:182} INFO - Started process (PID=2175) to work on /home/airflow/.local/lib/python3.6/site-packages/airflow/example_dags/tutorial.py
[2022-03-26 01:09:32,990] {scheduler_job.py:629} INFO - Processing file /home/airflow/.local/lib/python3.6/site-packages/airflow/example_dags/tutorial.py for tasks to queue
[2022-03-26 01:09:33,028] {logging_mixin.py:104} INFO - [2022-03-26 01:09:33,027] {dagbag.py:448} INFO - Filling up the DagBag from /home/airflow/.local/lib/python3.6/site-packages/airflow/example_dags/tutorial.py
[2022-03-26 01:09:33,318] {scheduler_job.py:639} INFO - DAG(s) dict_keys(['tutorial']) retrieved from /home/airflow/.local/lib/python3.6/site-packages/airflow/example_dags/tutorial.py
[2022-03-26 01:09:33,768] {logging_mixin.py:104} INFO - [2022-03-26 01:09:33,767] {dag.py:1818} INFO - Sync 1 DAGs
[2022-03-26 01:09:34,294] {logging_mixin.py:104} INFO - [2022-03-26 01:09:34,228] {dag.py:2273} INFO - Setting next_dagrun for tutorial to 2022-03-24 00:00:00+00:00
[2022-03-26 01:09:34,523] {scheduler_job.py:190} INFO - Processing /home/airflow/.local/lib/python3.6/site-packages/airflow/example_dags/tutorial.py took 1.731 seconds
[2022-03-26 01:10:06,339] {scheduler_job.py:182} INFO - Started process (PID=2336) to work on /home/airflow/.local/lib/python3.6/site-packages/airflow/example_dags/tutorial.py
[2022-03-26 01:10:06,347] {scheduler_job.py:629} INFO - Processing file /home/airflow/.local/lib/python3.6/site-packages/airflow/example_dags/tutorial.py for tasks to queue
[2022-03-26 01:10:06,355] {logging_mixin.py:104} INFO - [2022-03-26 01:10:06,354] {dagbag.py:448} INFO - Filling up the DagBag from /home/airflow/.local/lib/python3.6/site-packages/airflow/example_dags/tutorial.py
[2022-03-26 01:10:06,469] {scheduler_job.py:639} INFO - DAG(s) dict_keys(['tutorial']) retrieved from /home/airflow/.local/lib/python3.6/site-packages/airflow/example_dags/tutorial.py
[2022-03-26 01:10:06,718] {logging_mixin.py:104} INFO - [2022-03-26 01:10:06,718] {dag.py:1818} INFO - Sync 1 DAGs
[2022-03-26 01:10:07,074] {logging_mixin.py:104} INFO - [2022-03-26 01:10:07,043] {dag.py:2273} INFO - Setting next_dagrun for tutorial to 2022-03-24 00:00:00+00:00
[2022-03-26 01:10:07,335] {scheduler_job.py:190} INFO - Processing /home/airflow/.local/lib/python3.6/site-packages/airflow/example_dags/tutorial.py took 1.033 seconds
[2022-03-26 01:11:03,637] {scheduler_job.py:182} INFO - Started process (PID=2421) to work on /home/airflow/.local/lib/python3.6/site-packages/airflow/example_dags/tutorial.py
[2022-03-26 01:11:03,677] {scheduler_job.py:629} INFO - Processing file /home/airflow/.local/lib/python3.6/site-packages/airflow/example_dags/tutorial.py for tasks to queue
[2022-03-26 01:11:03,694] {logging_mixin.py:104} INFO - [2022-03-26 01:11:03,688] {dagbag.py:448} INFO - Filling up the DagBag from /home/airflow/.local/lib/python3.6/site-packages/airflow/example_dags/tutorial.py
[2022-03-26 01:11:04,088] {scheduler_job.py:639} INFO - DAG(s) dict_keys(['tutorial']) retrieved from /home/airflow/.local/lib/python3.6/site-packages/airflow/example_dags/tutorial.py
[2022-03-26 01:11:04,564] {logging_mixin.py:104} INFO - [2022-03-26 01:11:04,563] {dag.py:1818} INFO - Sync 1 DAGs
[2022-03-26 01:11:04,972] {logging_mixin.py:104} INFO - [2022-03-26 01:11:04,971] {dag.py:2273} INFO - Setting next_dagrun for tutorial to 2022-03-24 00:00:00+00:00
[2022-03-26 01:11:05,174] {scheduler_job.py:190} INFO - Processing /home/airflow/.local/lib/python3.6/site-packages/airflow/example_dags/tutorial.py took 1.758 seconds
[2022-03-26 01:11:19,715] {scheduler_job.py:182} INFO - Started process (PID=2351) to work on /home/airflow/.local/lib/python3.6/site-packages/airflow/example_dags/tutorial.py
[2022-03-26 01:11:19,751] {scheduler_job.py:629} INFO - Processing file /home/airflow/.local/lib/python3.6/site-packages/airflow/example_dags/tutorial.py for tasks to queue
[2022-03-26 01:11:19,784] {logging_mixin.py:104} INFO - [2022-03-26 01:11:19,783] {dagbag.py:448} INFO - Filling up the DagBag from /home/airflow/.local/lib/python3.6/site-packages/airflow/example_dags/tutorial.py
[2022-03-26 01:11:19,976] {scheduler_job.py:639} INFO - DAG(s) dict_keys(['tutorial']) retrieved from /home/airflow/.local/lib/python3.6/site-packages/airflow/example_dags/tutorial.py
[2022-03-26 01:11:20,272] {logging_mixin.py:104} INFO - [2022-03-26 01:11:20,271] {dag.py:1818} INFO - Sync 1 DAGs
[2022-03-26 01:11:20,606] {logging_mixin.py:104} INFO - [2022-03-26 01:11:20,605] {dag.py:2273} INFO - Setting next_dagrun for tutorial to 2022-03-24 00:00:00+00:00
[2022-03-26 01:11:20,897] {scheduler_job.py:190} INFO - Processing /home/airflow/.local/lib/python3.6/site-packages/airflow/example_dags/tutorial.py took 1.265 seconds
[2022-03-26 01:11:51,191] {scheduler_job.py:182} INFO - Started process (PID=2503) to work on /home/airflow/.local/lib/python3.6/site-packages/airflow/example_dags/tutorial.py
[2022-03-26 01:11:51,269] {scheduler_job.py:629} INFO - Processing file /home/airflow/.local/lib/python3.6/site-packages/airflow/example_dags/tutorial.py for tasks to queue
[2022-03-26 01:11:51,357] {logging_mixin.py:104} INFO - [2022-03-26 01:11:51,340] {dagbag.py:448} INFO - Filling up the DagBag from /home/airflow/.local/lib/python3.6/site-packages/airflow/example_dags/tutorial.py
[2022-03-26 01:11:51,841] {scheduler_job.py:639} INFO - DAG(s) dict_keys(['tutorial']) retrieved from /home/airflow/.local/lib/python3.6/site-packages/airflow/example_dags/tutorial.py
[2022-03-26 01:11:53,206] {logging_mixin.py:104} INFO - [2022-03-26 01:11:53,205] {dag.py:1818} INFO - Sync 1 DAGs
[2022-03-26 01:11:53,654] {logging_mixin.py:104} INFO - [2022-03-26 01:11:53,653] {dag.py:2273} INFO - Setting next_dagrun for tutorial to 2022-03-24 00:00:00+00:00
[2022-03-26 01:11:53,779] {scheduler_job.py:190} INFO - Processing /home/airflow/.local/lib/python3.6/site-packages/airflow/example_dags/tutorial.py took 2.642 seconds
[2022-03-26 01:12:29,263] {scheduler_job.py:182} INFO - Started process (PID=2579) to work on /home/airflow/.local/lib/python3.6/site-packages/airflow/example_dags/tutorial.py
[2022-03-26 01:12:29,274] {scheduler_job.py:629} INFO - Processing file /home/airflow/.local/lib/python3.6/site-packages/airflow/example_dags/tutorial.py for tasks to queue
[2022-03-26 01:12:29,292] {logging_mixin.py:104} INFO - [2022-03-26 01:12:29,292] {dagbag.py:448} INFO - Filling up the DagBag from /home/airflow/.local/lib/python3.6/site-packages/airflow/example_dags/tutorial.py
[2022-03-26 01:12:29,387] {scheduler_job.py:639} INFO - DAG(s) dict_keys(['tutorial']) retrieved from /home/airflow/.local/lib/python3.6/site-packages/airflow/example_dags/tutorial.py
[2022-03-26 01:12:29,815] {logging_mixin.py:104} INFO - [2022-03-26 01:12:29,814] {dag.py:1818} INFO - Sync 1 DAGs
[2022-03-26 01:12:30,222] {logging_mixin.py:104} INFO - [2022-03-26 01:12:30,218] {dag.py:2273} INFO - Setting next_dagrun for tutorial to 2022-03-24 00:00:00+00:00
[2022-03-26 01:12:30,416] {scheduler_job.py:190} INFO - Processing /home/airflow/.local/lib/python3.6/site-packages/airflow/example_dags/tutorial.py took 1.191 seconds
[2022-03-26 01:12:39,294] {scheduler_job.py:182} INFO - Started process (PID=2502) to work on /home/airflow/.local/lib/python3.6/site-packages/airflow/example_dags/tutorial.py
[2022-03-26 01:12:39,321] {scheduler_job.py:629} INFO - Processing file /home/airflow/.local/lib/python3.6/site-packages/airflow/example_dags/tutorial.py for tasks to queue
[2022-03-26 01:12:39,334] {logging_mixin.py:104} INFO - [2022-03-26 01:12:39,328] {dagbag.py:448} INFO - Filling up the DagBag from /home/airflow/.local/lib/python3.6/site-packages/airflow/example_dags/tutorial.py
[2022-03-26 01:12:39,611] {scheduler_job.py:639} INFO - DAG(s) dict_keys(['tutorial']) retrieved from /home/airflow/.local/lib/python3.6/site-packages/airflow/example_dags/tutorial.py
[2022-03-26 01:12:40,056] {logging_mixin.py:104} INFO - [2022-03-26 01:12:40,029] {dag.py:1818} INFO - Sync 1 DAGs
[2022-03-26 01:12:40,777] {logging_mixin.py:104} INFO - [2022-03-26 01:12:40,777] {dag.py:2273} INFO - Setting next_dagrun for tutorial to 2022-03-24 00:00:00+00:00
[2022-03-26 01:12:40,984] {scheduler_job.py:190} INFO - Processing /home/airflow/.local/lib/python3.6/site-packages/airflow/example_dags/tutorial.py took 1.825 seconds
[2022-03-26 01:13:17,423] {scheduler_job.py:182} INFO - Started process (PID=2667) to work on /home/airflow/.local/lib/python3.6/site-packages/airflow/example_dags/tutorial.py
[2022-03-26 01:13:17,446] {scheduler_job.py:629} INFO - Processing file /home/airflow/.local/lib/python3.6/site-packages/airflow/example_dags/tutorial.py for tasks to queue
[2022-03-26 01:13:17,467] {logging_mixin.py:104} INFO - [2022-03-26 01:13:17,464] {dagbag.py:448} INFO - Filling up the DagBag from /home/airflow/.local/lib/python3.6/site-packages/airflow/example_dags/tutorial.py
[2022-03-26 01:13:17,525] {scheduler_job.py:639} INFO - DAG(s) dict_keys(['tutorial']) retrieved from /home/airflow/.local/lib/python3.6/site-packages/airflow/example_dags/tutorial.py
[2022-03-26 01:13:17,860] {logging_mixin.py:104} INFO - [2022-03-26 01:13:17,858] {dag.py:1818} INFO - Sync 1 DAGs
[2022-03-26 01:13:18,174] {logging_mixin.py:104} INFO - [2022-03-26 01:13:18,167] {dag.py:2273} INFO - Setting next_dagrun for tutorial to 2022-03-24 00:00:00+00:00
[2022-03-26 01:13:18,309] {scheduler_job.py:190} INFO - Processing /home/airflow/.local/lib/python3.6/site-packages/airflow/example_dags/tutorial.py took 0.918 seconds
[2022-03-26 01:14:00,874] {scheduler_job.py:182} INFO - Started process (PID=2740) to work on /home/airflow/.local/lib/python3.6/site-packages/airflow/example_dags/tutorial.py
[2022-03-26 01:14:00,938] {scheduler_job.py:629} INFO - Processing file /home/airflow/.local/lib/python3.6/site-packages/airflow/example_dags/tutorial.py for tasks to queue
[2022-03-26 01:14:00,962] {logging_mixin.py:104} INFO - [2022-03-26 01:14:00,961] {dagbag.py:448} INFO - Filling up the DagBag from /home/airflow/.local/lib/python3.6/site-packages/airflow/example_dags/tutorial.py
[2022-03-26 01:14:01,482] {scheduler_job.py:639} INFO - DAG(s) dict_keys(['tutorial']) retrieved from /home/airflow/.local/lib/python3.6/site-packages/airflow/example_dags/tutorial.py
[2022-03-26 01:14:02,449] {logging_mixin.py:104} INFO - [2022-03-26 01:14:02,449] {dag.py:1818} INFO - Sync 1 DAGs
[2022-03-26 01:14:02,892] {logging_mixin.py:104} INFO - [2022-03-26 01:14:02,892] {dag.py:2273} INFO - Setting next_dagrun for tutorial to 2022-03-24 00:00:00+00:00
[2022-03-26 01:14:03,129] {scheduler_job.py:190} INFO - Processing /home/airflow/.local/lib/python3.6/site-packages/airflow/example_dags/tutorial.py took 2.369 seconds
[2022-03-26 01:14:06,192] {scheduler_job.py:182} INFO - Started process (PID=2657) to work on /home/airflow/.local/lib/python3.6/site-packages/airflow/example_dags/tutorial.py
[2022-03-26 01:14:06,206] {scheduler_job.py:629} INFO - Processing file /home/airflow/.local/lib/python3.6/site-packages/airflow/example_dags/tutorial.py for tasks to queue
[2022-03-26 01:14:06,234] {logging_mixin.py:104} INFO - [2022-03-26 01:14:06,233] {dagbag.py:448} INFO - Filling up the DagBag from /home/airflow/.local/lib/python3.6/site-packages/airflow/example_dags/tutorial.py
[2022-03-26 01:14:06,414] {scheduler_job.py:639} INFO - DAG(s) dict_keys(['tutorial']) retrieved from /home/airflow/.local/lib/python3.6/site-packages/airflow/example_dags/tutorial.py
[2022-03-26 01:14:06,845] {logging_mixin.py:104} INFO - [2022-03-26 01:14:06,844] {dag.py:1818} INFO - Sync 1 DAGs
[2022-03-26 01:14:07,151] {logging_mixin.py:104} INFO - [2022-03-26 01:14:07,150] {dag.py:2273} INFO - Setting next_dagrun for tutorial to 2022-03-24 00:00:00+00:00
[2022-03-26 01:14:07,415] {scheduler_job.py:190} INFO - Processing /home/airflow/.local/lib/python3.6/site-packages/airflow/example_dags/tutorial.py took 1.289 seconds
[2022-03-26 01:14:45,209] {scheduler_job.py:182} INFO - Started process (PID=2826) to work on /home/airflow/.local/lib/python3.6/site-packages/airflow/example_dags/tutorial.py
[2022-03-26 01:14:45,268] {scheduler_job.py:629} INFO - Processing file /home/airflow/.local/lib/python3.6/site-packages/airflow/example_dags/tutorial.py for tasks to queue
[2022-03-26 01:14:45,283] {logging_mixin.py:104} INFO - [2022-03-26 01:14:45,282] {dagbag.py:448} INFO - Filling up the DagBag from /home/airflow/.local/lib/python3.6/site-packages/airflow/example_dags/tutorial.py
[2022-03-26 01:14:45,601] {scheduler_job.py:639} INFO - DAG(s) dict_keys(['tutorial']) retrieved from /home/airflow/.local/lib/python3.6/site-packages/airflow/example_dags/tutorial.py
[2022-03-26 01:14:46,037] {logging_mixin.py:104} INFO - [2022-03-26 01:14:46,037] {dag.py:1818} INFO - Sync 1 DAGs
[2022-03-26 01:14:46,465] {logging_mixin.py:104} INFO - [2022-03-26 01:14:46,443] {dag.py:2273} INFO - Setting next_dagrun for tutorial to 2022-03-24 00:00:00+00:00
[2022-03-26 01:14:46,754] {scheduler_job.py:190} INFO - Processing /home/airflow/.local/lib/python3.6/site-packages/airflow/example_dags/tutorial.py took 1.654 seconds
