[2022-03-26 01:05:52,490] {scheduler_job.py:182} INFO - Started process (PID=1764) to work on /opt/airflow/dags/JobCuratedVendas_0.1/lib/dom4j-2.1.3.jar
[2022-03-26 01:05:52,511] {scheduler_job.py:629} INFO - Processing file /opt/airflow/dags/JobCuratedVendas_0.1/lib/dom4j-2.1.3.jar for tasks to queue
[2022-03-26 01:05:52,545] {logging_mixin.py:104} INFO - [2022-03-26 01:05:52,530] {dagbag.py:448} INFO - Filling up the DagBag from /opt/airflow/dags/JobCuratedVendas_0.1/lib/dom4j-2.1.3.jar
[2022-03-26 01:05:52,685] {scheduler_job.py:641} WARNING - No viable dags retrieved from /opt/airflow/dags/JobCuratedVendas_0.1/lib/dom4j-2.1.3.jar
[2022-03-26 01:05:52,873] {scheduler_job.py:190} INFO - Processing /opt/airflow/dags/JobCuratedVendas_0.1/lib/dom4j-2.1.3.jar took 0.464 seconds
[2022-03-26 01:06:06,747] {scheduler_job.py:182} INFO - Started process (PID=1908) to work on /opt/airflow/dags/JobCuratedVendas_0.1/lib/dom4j-2.1.3.jar
[2022-03-26 01:06:06,764] {scheduler_job.py:629} INFO - Processing file /opt/airflow/dags/JobCuratedVendas_0.1/lib/dom4j-2.1.3.jar for tasks to queue
[2022-03-26 01:06:06,775] {logging_mixin.py:104} INFO - [2022-03-26 01:06:06,774] {dagbag.py:448} INFO - Filling up the DagBag from /opt/airflow/dags/JobCuratedVendas_0.1/lib/dom4j-2.1.3.jar
[2022-03-26 01:06:06,873] {scheduler_job.py:641} WARNING - No viable dags retrieved from /opt/airflow/dags/JobCuratedVendas_0.1/lib/dom4j-2.1.3.jar
[2022-03-26 01:06:06,951] {scheduler_job.py:190} INFO - Processing /opt/airflow/dags/JobCuratedVendas_0.1/lib/dom4j-2.1.3.jar took 0.232 seconds
[2022-03-26 01:07:02,592] {scheduler_job.py:182} INFO - Started process (PID=1999) to work on /opt/airflow/dags/JobCuratedVendas_0.1/lib/dom4j-2.1.3.jar
[2022-03-26 01:07:02,611] {scheduler_job.py:629} INFO - Processing file /opt/airflow/dags/JobCuratedVendas_0.1/lib/dom4j-2.1.3.jar for tasks to queue
[2022-03-26 01:07:02,640] {logging_mixin.py:104} INFO - [2022-03-26 01:07:02,637] {dagbag.py:448} INFO - Filling up the DagBag from /opt/airflow/dags/JobCuratedVendas_0.1/lib/dom4j-2.1.3.jar
[2022-03-26 01:07:02,927] {scheduler_job.py:641} WARNING - No viable dags retrieved from /opt/airflow/dags/JobCuratedVendas_0.1/lib/dom4j-2.1.3.jar
[2022-03-26 01:07:03,592] {scheduler_job.py:190} INFO - Processing /opt/airflow/dags/JobCuratedVendas_0.1/lib/dom4j-2.1.3.jar took 1.139 seconds
[2022-03-26 01:07:27,134] {scheduler_job.py:182} INFO - Started process (PID=1929) to work on /opt/airflow/dags/JobCuratedVendas_0.1/lib/dom4j-2.1.3.jar
[2022-03-26 01:07:27,148] {scheduler_job.py:629} INFO - Processing file /opt/airflow/dags/JobCuratedVendas_0.1/lib/dom4j-2.1.3.jar for tasks to queue
[2022-03-26 01:07:27,163] {logging_mixin.py:104} INFO - [2022-03-26 01:07:27,162] {dagbag.py:448} INFO - Filling up the DagBag from /opt/airflow/dags/JobCuratedVendas_0.1/lib/dom4j-2.1.3.jar
[2022-03-26 01:07:27,274] {scheduler_job.py:641} WARNING - No viable dags retrieved from /opt/airflow/dags/JobCuratedVendas_0.1/lib/dom4j-2.1.3.jar
[2022-03-26 01:07:27,448] {scheduler_job.py:190} INFO - Processing /opt/airflow/dags/JobCuratedVendas_0.1/lib/dom4j-2.1.3.jar took 0.397 seconds
[2022-03-26 01:07:47,310] {scheduler_job.py:182} INFO - Started process (PID=2086) to work on /opt/airflow/dags/JobCuratedVendas_0.1/lib/dom4j-2.1.3.jar
[2022-03-26 01:07:47,340] {scheduler_job.py:629} INFO - Processing file /opt/airflow/dags/JobCuratedVendas_0.1/lib/dom4j-2.1.3.jar for tasks to queue
[2022-03-26 01:07:47,352] {logging_mixin.py:104} INFO - [2022-03-26 01:07:47,347] {dagbag.py:448} INFO - Filling up the DagBag from /opt/airflow/dags/JobCuratedVendas_0.1/lib/dom4j-2.1.3.jar
[2022-03-26 01:07:47,461] {scheduler_job.py:641} WARNING - No viable dags retrieved from /opt/airflow/dags/JobCuratedVendas_0.1/lib/dom4j-2.1.3.jar
[2022-03-26 01:07:47,597] {scheduler_job.py:190} INFO - Processing /opt/airflow/dags/JobCuratedVendas_0.1/lib/dom4j-2.1.3.jar took 0.349 seconds
[2022-03-26 01:08:33,868] {scheduler_job.py:182} INFO - Started process (PID=2169) to work on /opt/airflow/dags/JobCuratedVendas_0.1/lib/dom4j-2.1.3.jar
[2022-03-26 01:08:33,913] {scheduler_job.py:629} INFO - Processing file /opt/airflow/dags/JobCuratedVendas_0.1/lib/dom4j-2.1.3.jar for tasks to queue
[2022-03-26 01:08:33,940] {logging_mixin.py:104} INFO - [2022-03-26 01:08:33,939] {dagbag.py:448} INFO - Filling up the DagBag from /opt/airflow/dags/JobCuratedVendas_0.1/lib/dom4j-2.1.3.jar
[2022-03-26 01:08:34,059] {scheduler_job.py:641} WARNING - No viable dags retrieved from /opt/airflow/dags/JobCuratedVendas_0.1/lib/dom4j-2.1.3.jar
[2022-03-26 01:08:34,339] {scheduler_job.py:190} INFO - Processing /opt/airflow/dags/JobCuratedVendas_0.1/lib/dom4j-2.1.3.jar took 0.557 seconds
[2022-03-26 01:08:49,548] {scheduler_job.py:182} INFO - Started process (PID=2085) to work on /opt/airflow/dags/JobCuratedVendas_0.1/lib/dom4j-2.1.3.jar
[2022-03-26 01:08:49,571] {scheduler_job.py:629} INFO - Processing file /opt/airflow/dags/JobCuratedVendas_0.1/lib/dom4j-2.1.3.jar for tasks to queue
[2022-03-26 01:08:49,629] {logging_mixin.py:104} INFO - [2022-03-26 01:08:49,628] {dagbag.py:448} INFO - Filling up the DagBag from /opt/airflow/dags/JobCuratedVendas_0.1/lib/dom4j-2.1.3.jar
[2022-03-26 01:08:49,835] {scheduler_job.py:641} WARNING - No viable dags retrieved from /opt/airflow/dags/JobCuratedVendas_0.1/lib/dom4j-2.1.3.jar
[2022-03-26 01:08:50,049] {scheduler_job.py:190} INFO - Processing /opt/airflow/dags/JobCuratedVendas_0.1/lib/dom4j-2.1.3.jar took 0.557 seconds
[2022-03-26 01:09:19,921] {scheduler_job.py:182} INFO - Started process (PID=2257) to work on /opt/airflow/dags/JobCuratedVendas_0.1/lib/dom4j-2.1.3.jar
[2022-03-26 01:09:19,945] {scheduler_job.py:629} INFO - Processing file /opt/airflow/dags/JobCuratedVendas_0.1/lib/dom4j-2.1.3.jar for tasks to queue
[2022-03-26 01:09:19,958] {logging_mixin.py:104} INFO - [2022-03-26 01:09:19,957] {dagbag.py:448} INFO - Filling up the DagBag from /opt/airflow/dags/JobCuratedVendas_0.1/lib/dom4j-2.1.3.jar
[2022-03-26 01:09:20,018] {scheduler_job.py:641} WARNING - No viable dags retrieved from /opt/airflow/dags/JobCuratedVendas_0.1/lib/dom4j-2.1.3.jar
[2022-03-26 01:09:20,105] {scheduler_job.py:190} INFO - Processing /opt/airflow/dags/JobCuratedVendas_0.1/lib/dom4j-2.1.3.jar took 0.280 seconds
[2022-03-26 01:10:08,441] {scheduler_job.py:182} INFO - Started process (PID=2236) to work on /opt/airflow/dags/JobCuratedVendas_0.1/lib/dom4j-2.1.3.jar
[2022-03-26 01:10:08,477] {scheduler_job.py:629} INFO - Processing file /opt/airflow/dags/JobCuratedVendas_0.1/lib/dom4j-2.1.3.jar for tasks to queue
[2022-03-26 01:10:08,519] {logging_mixin.py:104} INFO - [2022-03-26 01:10:08,513] {dagbag.py:448} INFO - Filling up the DagBag from /opt/airflow/dags/JobCuratedVendas_0.1/lib/dom4j-2.1.3.jar
[2022-03-26 01:10:08,736] {scheduler_job.py:641} WARNING - No viable dags retrieved from /opt/airflow/dags/JobCuratedVendas_0.1/lib/dom4j-2.1.3.jar
[2022-03-26 01:10:09,337] {scheduler_job.py:190} INFO - Processing /opt/airflow/dags/JobCuratedVendas_0.1/lib/dom4j-2.1.3.jar took 0.990 seconds
[2022-03-26 01:10:14,130] {scheduler_job.py:182} INFO - Started process (PID=2352) to work on /opt/airflow/dags/JobCuratedVendas_0.1/lib/dom4j-2.1.3.jar
[2022-03-26 01:10:14,200] {scheduler_job.py:629} INFO - Processing file /opt/airflow/dags/JobCuratedVendas_0.1/lib/dom4j-2.1.3.jar for tasks to queue
[2022-03-26 01:10:14,263] {logging_mixin.py:104} INFO - [2022-03-26 01:10:14,263] {dagbag.py:448} INFO - Filling up the DagBag from /opt/airflow/dags/JobCuratedVendas_0.1/lib/dom4j-2.1.3.jar
[2022-03-26 01:10:14,467] {scheduler_job.py:641} WARNING - No viable dags retrieved from /opt/airflow/dags/JobCuratedVendas_0.1/lib/dom4j-2.1.3.jar
[2022-03-26 01:10:14,685] {scheduler_job.py:190} INFO - Processing /opt/airflow/dags/JobCuratedVendas_0.1/lib/dom4j-2.1.3.jar took 0.651 seconds
[2022-03-26 01:11:14,457] {scheduler_job.py:182} INFO - Started process (PID=2438) to work on /opt/airflow/dags/JobCuratedVendas_0.1/lib/dom4j-2.1.3.jar
[2022-03-26 01:11:14,475] {scheduler_job.py:629} INFO - Processing file /opt/airflow/dags/JobCuratedVendas_0.1/lib/dom4j-2.1.3.jar for tasks to queue
[2022-03-26 01:11:14,491] {logging_mixin.py:104} INFO - [2022-03-26 01:11:14,491] {dagbag.py:448} INFO - Filling up the DagBag from /opt/airflow/dags/JobCuratedVendas_0.1/lib/dom4j-2.1.3.jar
[2022-03-26 01:11:14,577] {scheduler_job.py:641} WARNING - No viable dags retrieved from /opt/airflow/dags/JobCuratedVendas_0.1/lib/dom4j-2.1.3.jar
[2022-03-26 01:11:14,701] {scheduler_job.py:190} INFO - Processing /opt/airflow/dags/JobCuratedVendas_0.1/lib/dom4j-2.1.3.jar took 0.283 seconds
[2022-03-26 01:11:52,889] {scheduler_job.py:182} INFO - Started process (PID=2404) to work on /opt/airflow/dags/JobCuratedVendas_0.1/lib/dom4j-2.1.3.jar
[2022-03-26 01:11:52,914] {scheduler_job.py:629} INFO - Processing file /opt/airflow/dags/JobCuratedVendas_0.1/lib/dom4j-2.1.3.jar for tasks to queue
[2022-03-26 01:11:52,978] {logging_mixin.py:104} INFO - [2022-03-26 01:11:52,966] {dagbag.py:448} INFO - Filling up the DagBag from /opt/airflow/dags/JobCuratedVendas_0.1/lib/dom4j-2.1.3.jar
[2022-03-26 01:11:53,191] {scheduler_job.py:641} WARNING - No viable dags retrieved from /opt/airflow/dags/JobCuratedVendas_0.1/lib/dom4j-2.1.3.jar
[2022-03-26 01:11:53,587] {scheduler_job.py:190} INFO - Processing /opt/airflow/dags/JobCuratedVendas_0.1/lib/dom4j-2.1.3.jar took 0.740 seconds
[2022-03-26 01:12:02,288] {scheduler_job.py:182} INFO - Started process (PID=2521) to work on /opt/airflow/dags/JobCuratedVendas_0.1/lib/dom4j-2.1.3.jar
[2022-03-26 01:12:02,308] {scheduler_job.py:629} INFO - Processing file /opt/airflow/dags/JobCuratedVendas_0.1/lib/dom4j-2.1.3.jar for tasks to queue
[2022-03-26 01:12:02,325] {logging_mixin.py:104} INFO - [2022-03-26 01:12:02,325] {dagbag.py:448} INFO - Filling up the DagBag from /opt/airflow/dags/JobCuratedVendas_0.1/lib/dom4j-2.1.3.jar
[2022-03-26 01:12:02,413] {scheduler_job.py:641} WARNING - No viable dags retrieved from /opt/airflow/dags/JobCuratedVendas_0.1/lib/dom4j-2.1.3.jar
[2022-03-26 01:12:02,523] {scheduler_job.py:190} INFO - Processing /opt/airflow/dags/JobCuratedVendas_0.1/lib/dom4j-2.1.3.jar took 0.323 seconds
[2022-03-26 01:12:45,379] {scheduler_job.py:182} INFO - Started process (PID=2608) to work on /opt/airflow/dags/JobCuratedVendas_0.1/lib/dom4j-2.1.3.jar
[2022-03-26 01:12:45,393] {scheduler_job.py:629} INFO - Processing file /opt/airflow/dags/JobCuratedVendas_0.1/lib/dom4j-2.1.3.jar for tasks to queue
[2022-03-26 01:12:45,404] {logging_mixin.py:104} INFO - [2022-03-26 01:12:45,404] {dagbag.py:448} INFO - Filling up the DagBag from /opt/airflow/dags/JobCuratedVendas_0.1/lib/dom4j-2.1.3.jar
[2022-03-26 01:12:45,530] {scheduler_job.py:641} WARNING - No viable dags retrieved from /opt/airflow/dags/JobCuratedVendas_0.1/lib/dom4j-2.1.3.jar
[2022-03-26 01:12:45,710] {scheduler_job.py:190} INFO - Processing /opt/airflow/dags/JobCuratedVendas_0.1/lib/dom4j-2.1.3.jar took 0.364 seconds
[2022-03-26 01:13:07,123] {scheduler_job.py:182} INFO - Started process (PID=2554) to work on /opt/airflow/dags/JobCuratedVendas_0.1/lib/dom4j-2.1.3.jar
[2022-03-26 01:13:07,194] {scheduler_job.py:629} INFO - Processing file /opt/airflow/dags/JobCuratedVendas_0.1/lib/dom4j-2.1.3.jar for tasks to queue
[2022-03-26 01:13:07,210] {logging_mixin.py:104} INFO - [2022-03-26 01:13:07,209] {dagbag.py:448} INFO - Filling up the DagBag from /opt/airflow/dags/JobCuratedVendas_0.1/lib/dom4j-2.1.3.jar
[2022-03-26 01:13:07,328] {scheduler_job.py:641} WARNING - No viable dags retrieved from /opt/airflow/dags/JobCuratedVendas_0.1/lib/dom4j-2.1.3.jar
[2022-03-26 01:13:07,599] {scheduler_job.py:190} INFO - Processing /opt/airflow/dags/JobCuratedVendas_0.1/lib/dom4j-2.1.3.jar took 0.569 seconds
[2022-03-26 01:13:28,289] {scheduler_job.py:182} INFO - Started process (PID=2689) to work on /opt/airflow/dags/JobCuratedVendas_0.1/lib/dom4j-2.1.3.jar
[2022-03-26 01:13:28,301] {scheduler_job.py:629} INFO - Processing file /opt/airflow/dags/JobCuratedVendas_0.1/lib/dom4j-2.1.3.jar for tasks to queue
[2022-03-26 01:13:28,330] {logging_mixin.py:104} INFO - [2022-03-26 01:13:28,328] {dagbag.py:448} INFO - Filling up the DagBag from /opt/airflow/dags/JobCuratedVendas_0.1/lib/dom4j-2.1.3.jar
[2022-03-26 01:13:28,400] {scheduler_job.py:641} WARNING - No viable dags retrieved from /opt/airflow/dags/JobCuratedVendas_0.1/lib/dom4j-2.1.3.jar
[2022-03-26 01:13:28,524] {scheduler_job.py:190} INFO - Processing /opt/airflow/dags/JobCuratedVendas_0.1/lib/dom4j-2.1.3.jar took 0.267 seconds
[2022-03-26 01:14:29,646] {scheduler_job.py:182} INFO - Started process (PID=2700) to work on /opt/airflow/dags/JobCuratedVendas_0.1/lib/dom4j-2.1.3.jar
[2022-03-26 01:14:29,675] {scheduler_job.py:629} INFO - Processing file /opt/airflow/dags/JobCuratedVendas_0.1/lib/dom4j-2.1.3.jar for tasks to queue
[2022-03-26 01:14:29,703] {logging_mixin.py:104} INFO - [2022-03-26 01:14:29,702] {dagbag.py:448} INFO - Filling up the DagBag from /opt/airflow/dags/JobCuratedVendas_0.1/lib/dom4j-2.1.3.jar
[2022-03-26 01:14:29,792] {scheduler_job.py:641} WARNING - No viable dags retrieved from /opt/airflow/dags/JobCuratedVendas_0.1/lib/dom4j-2.1.3.jar
[2022-03-26 01:14:30,010] {scheduler_job.py:190} INFO - Processing /opt/airflow/dags/JobCuratedVendas_0.1/lib/dom4j-2.1.3.jar took 0.421 seconds
[2022-03-26 01:14:31,786] {scheduler_job.py:182} INFO - Started process (PID=2799) to work on /opt/airflow/dags/JobCuratedVendas_0.1/lib/dom4j-2.1.3.jar
[2022-03-26 01:14:31,823] {scheduler_job.py:629} INFO - Processing file /opt/airflow/dags/JobCuratedVendas_0.1/lib/dom4j-2.1.3.jar for tasks to queue
[2022-03-26 01:14:31,847] {logging_mixin.py:104} INFO - [2022-03-26 01:14:31,847] {dagbag.py:448} INFO - Filling up the DagBag from /opt/airflow/dags/JobCuratedVendas_0.1/lib/dom4j-2.1.3.jar
[2022-03-26 01:14:31,946] {scheduler_job.py:641} WARNING - No viable dags retrieved from /opt/airflow/dags/JobCuratedVendas_0.1/lib/dom4j-2.1.3.jar
[2022-03-26 01:14:32,086] {scheduler_job.py:190} INFO - Processing /opt/airflow/dags/JobCuratedVendas_0.1/lib/dom4j-2.1.3.jar took 0.333 seconds
