[2022-03-26 01:05:46,866] {scheduler_job.py:182} INFO - Started process (PID=1751) to work on /opt/airflow/dags/JobCuratedVendas_0.1/lib/log4j-core-2.13.2.jar
[2022-03-26 01:05:47,086] {scheduler_job.py:629} INFO - Processing file /opt/airflow/dags/JobCuratedVendas_0.1/lib/log4j-core-2.13.2.jar for tasks to queue
[2022-03-26 01:05:47,107] {logging_mixin.py:104} INFO - [2022-03-26 01:05:47,104] {dagbag.py:448} INFO - Filling up the DagBag from /opt/airflow/dags/JobCuratedVendas_0.1/lib/log4j-core-2.13.2.jar
[2022-03-26 01:05:48,316] {scheduler_job.py:641} WARNING - No viable dags retrieved from /opt/airflow/dags/JobCuratedVendas_0.1/lib/log4j-core-2.13.2.jar
[2022-03-26 01:05:48,874] {scheduler_job.py:190} INFO - Processing /opt/airflow/dags/JobCuratedVendas_0.1/lib/log4j-core-2.13.2.jar took 2.247 seconds
[2022-03-26 01:06:05,183] {scheduler_job.py:182} INFO - Started process (PID=1904) to work on /opt/airflow/dags/JobCuratedVendas_0.1/lib/log4j-core-2.13.2.jar
[2022-03-26 01:06:05,205] {scheduler_job.py:629} INFO - Processing file /opt/airflow/dags/JobCuratedVendas_0.1/lib/log4j-core-2.13.2.jar for tasks to queue
[2022-03-26 01:06:05,218] {logging_mixin.py:104} INFO - [2022-03-26 01:06:05,217] {dagbag.py:448} INFO - Filling up the DagBag from /opt/airflow/dags/JobCuratedVendas_0.1/lib/log4j-core-2.13.2.jar
[2022-03-26 01:06:05,604] {scheduler_job.py:641} WARNING - No viable dags retrieved from /opt/airflow/dags/JobCuratedVendas_0.1/lib/log4j-core-2.13.2.jar
[2022-03-26 01:06:05,787] {scheduler_job.py:190} INFO - Processing /opt/airflow/dags/JobCuratedVendas_0.1/lib/log4j-core-2.13.2.jar took 0.715 seconds
[2022-03-26 01:07:00,865] {scheduler_job.py:182} INFO - Started process (PID=1995) to work on /opt/airflow/dags/JobCuratedVendas_0.1/lib/log4j-core-2.13.2.jar
[2022-03-26 01:07:00,874] {scheduler_job.py:629} INFO - Processing file /opt/airflow/dags/JobCuratedVendas_0.1/lib/log4j-core-2.13.2.jar for tasks to queue
[2022-03-26 01:07:00,889] {logging_mixin.py:104} INFO - [2022-03-26 01:07:00,889] {dagbag.py:448} INFO - Filling up the DagBag from /opt/airflow/dags/JobCuratedVendas_0.1/lib/log4j-core-2.13.2.jar
[2022-03-26 01:07:01,098] {scheduler_job.py:641} WARNING - No viable dags retrieved from /opt/airflow/dags/JobCuratedVendas_0.1/lib/log4j-core-2.13.2.jar
[2022-03-26 01:07:01,200] {scheduler_job.py:190} INFO - Processing /opt/airflow/dags/JobCuratedVendas_0.1/lib/log4j-core-2.13.2.jar took 0.358 seconds
[2022-03-26 01:07:24,480] {scheduler_job.py:182} INFO - Started process (PID=1924) to work on /opt/airflow/dags/JobCuratedVendas_0.1/lib/log4j-core-2.13.2.jar
[2022-03-26 01:07:24,500] {scheduler_job.py:629} INFO - Processing file /opt/airflow/dags/JobCuratedVendas_0.1/lib/log4j-core-2.13.2.jar for tasks to queue
[2022-03-26 01:07:24,539] {logging_mixin.py:104} INFO - [2022-03-26 01:07:24,538] {dagbag.py:448} INFO - Filling up the DagBag from /opt/airflow/dags/JobCuratedVendas_0.1/lib/log4j-core-2.13.2.jar
[2022-03-26 01:07:25,049] {scheduler_job.py:641} WARNING - No viable dags retrieved from /opt/airflow/dags/JobCuratedVendas_0.1/lib/log4j-core-2.13.2.jar
[2022-03-26 01:07:25,315] {scheduler_job.py:190} INFO - Processing /opt/airflow/dags/JobCuratedVendas_0.1/lib/log4j-core-2.13.2.jar took 1.002 seconds
[2022-03-26 01:08:03,291] {scheduler_job.py:182} INFO - Started process (PID=2113) to work on /opt/airflow/dags/JobCuratedVendas_0.1/lib/log4j-core-2.13.2.jar
[2022-03-26 01:08:03,314] {scheduler_job.py:629} INFO - Processing file /opt/airflow/dags/JobCuratedVendas_0.1/lib/log4j-core-2.13.2.jar for tasks to queue
[2022-03-26 01:08:03,322] {logging_mixin.py:104} INFO - [2022-03-26 01:08:03,321] {dagbag.py:448} INFO - Filling up the DagBag from /opt/airflow/dags/JobCuratedVendas_0.1/lib/log4j-core-2.13.2.jar
[2022-03-26 01:08:03,694] {scheduler_job.py:641} WARNING - No viable dags retrieved from /opt/airflow/dags/JobCuratedVendas_0.1/lib/log4j-core-2.13.2.jar
[2022-03-26 01:08:04,046] {scheduler_job.py:190} INFO - Processing /opt/airflow/dags/JobCuratedVendas_0.1/lib/log4j-core-2.13.2.jar took 0.815 seconds
[2022-03-26 01:08:46,907] {scheduler_job.py:182} INFO - Started process (PID=2080) to work on /opt/airflow/dags/JobCuratedVendas_0.1/lib/log4j-core-2.13.2.jar
[2022-03-26 01:08:46,978] {scheduler_job.py:629} INFO - Processing file /opt/airflow/dags/JobCuratedVendas_0.1/lib/log4j-core-2.13.2.jar for tasks to queue
[2022-03-26 01:08:46,998] {logging_mixin.py:104} INFO - [2022-03-26 01:08:46,997] {dagbag.py:448} INFO - Filling up the DagBag from /opt/airflow/dags/JobCuratedVendas_0.1/lib/log4j-core-2.13.2.jar
[2022-03-26 01:08:47,582] {scheduler_job.py:641} WARNING - No viable dags retrieved from /opt/airflow/dags/JobCuratedVendas_0.1/lib/log4j-core-2.13.2.jar
[2022-03-26 01:08:47,932] {scheduler_job.py:190} INFO - Processing /opt/airflow/dags/JobCuratedVendas_0.1/lib/log4j-core-2.13.2.jar took 1.189 seconds
[2022-03-26 01:08:48,740] {scheduler_job.py:182} INFO - Started process (PID=2193) to work on /opt/airflow/dags/JobCuratedVendas_0.1/lib/log4j-core-2.13.2.jar
[2022-03-26 01:08:48,793] {scheduler_job.py:629} INFO - Processing file /opt/airflow/dags/JobCuratedVendas_0.1/lib/log4j-core-2.13.2.jar for tasks to queue
[2022-03-26 01:08:48,813] {logging_mixin.py:104} INFO - [2022-03-26 01:08:48,811] {dagbag.py:448} INFO - Filling up the DagBag from /opt/airflow/dags/JobCuratedVendas_0.1/lib/log4j-core-2.13.2.jar
[2022-03-26 01:08:49,406] {scheduler_job.py:641} WARNING - No viable dags retrieved from /opt/airflow/dags/JobCuratedVendas_0.1/lib/log4j-core-2.13.2.jar
[2022-03-26 01:08:49,639] {scheduler_job.py:190} INFO - Processing /opt/airflow/dags/JobCuratedVendas_0.1/lib/log4j-core-2.13.2.jar took 1.016 seconds
[2022-03-26 01:09:43,040] {scheduler_job.py:182} INFO - Started process (PID=2299) to work on /opt/airflow/dags/JobCuratedVendas_0.1/lib/log4j-core-2.13.2.jar
[2022-03-26 01:09:43,083] {scheduler_job.py:629} INFO - Processing file /opt/airflow/dags/JobCuratedVendas_0.1/lib/log4j-core-2.13.2.jar for tasks to queue
[2022-03-26 01:09:43,113] {logging_mixin.py:104} INFO - [2022-03-26 01:09:43,113] {dagbag.py:448} INFO - Filling up the DagBag from /opt/airflow/dags/JobCuratedVendas_0.1/lib/log4j-core-2.13.2.jar
[2022-03-26 01:09:44,228] {scheduler_job.py:641} WARNING - No viable dags retrieved from /opt/airflow/dags/JobCuratedVendas_0.1/lib/log4j-core-2.13.2.jar
[2022-03-26 01:09:44,570] {scheduler_job.py:190} INFO - Processing /opt/airflow/dags/JobCuratedVendas_0.1/lib/log4j-core-2.13.2.jar took 1.653 seconds
[2022-03-26 01:10:06,129] {scheduler_job.py:182} INFO - Started process (PID=2231) to work on /opt/airflow/dags/JobCuratedVendas_0.1/lib/log4j-core-2.13.2.jar
[2022-03-26 01:10:06,150] {scheduler_job.py:629} INFO - Processing file /opt/airflow/dags/JobCuratedVendas_0.1/lib/log4j-core-2.13.2.jar for tasks to queue
[2022-03-26 01:10:06,174] {logging_mixin.py:104} INFO - [2022-03-26 01:10:06,174] {dagbag.py:448} INFO - Filling up the DagBag from /opt/airflow/dags/JobCuratedVendas_0.1/lib/log4j-core-2.13.2.jar
[2022-03-26 01:10:06,444] {scheduler_job.py:641} WARNING - No viable dags retrieved from /opt/airflow/dags/JobCuratedVendas_0.1/lib/log4j-core-2.13.2.jar
[2022-03-26 01:10:06,764] {scheduler_job.py:190} INFO - Processing /opt/airflow/dags/JobCuratedVendas_0.1/lib/log4j-core-2.13.2.jar took 0.651 seconds
[2022-03-26 01:10:56,195] {scheduler_job.py:182} INFO - Started process (PID=2403) to work on /opt/airflow/dags/JobCuratedVendas_0.1/lib/log4j-core-2.13.2.jar
[2022-03-26 01:10:56,215] {scheduler_job.py:629} INFO - Processing file /opt/airflow/dags/JobCuratedVendas_0.1/lib/log4j-core-2.13.2.jar for tasks to queue
[2022-03-26 01:10:56,227] {logging_mixin.py:104} INFO - [2022-03-26 01:10:56,224] {dagbag.py:448} INFO - Filling up the DagBag from /opt/airflow/dags/JobCuratedVendas_0.1/lib/log4j-core-2.13.2.jar
[2022-03-26 01:10:56,460] {scheduler_job.py:641} WARNING - No viable dags retrieved from /opt/airflow/dags/JobCuratedVendas_0.1/lib/log4j-core-2.13.2.jar
[2022-03-26 01:10:56,657] {scheduler_job.py:190} INFO - Processing /opt/airflow/dags/JobCuratedVendas_0.1/lib/log4j-core-2.13.2.jar took 0.493 seconds
[2022-03-26 01:11:41,703] {scheduler_job.py:182} INFO - Started process (PID=2492) to work on /opt/airflow/dags/JobCuratedVendas_0.1/lib/log4j-core-2.13.2.jar
[2022-03-26 01:11:41,721] {scheduler_job.py:629} INFO - Processing file /opt/airflow/dags/JobCuratedVendas_0.1/lib/log4j-core-2.13.2.jar for tasks to queue
[2022-03-26 01:11:41,732] {logging_mixin.py:104} INFO - [2022-03-26 01:11:41,731] {dagbag.py:448} INFO - Filling up the DagBag from /opt/airflow/dags/JobCuratedVendas_0.1/lib/log4j-core-2.13.2.jar
[2022-03-26 01:11:42,335] {scheduler_job.py:641} WARNING - No viable dags retrieved from /opt/airflow/dags/JobCuratedVendas_0.1/lib/log4j-core-2.13.2.jar
[2022-03-26 01:11:42,698] {scheduler_job.py:190} INFO - Processing /opt/airflow/dags/JobCuratedVendas_0.1/lib/log4j-core-2.13.2.jar took 1.092 seconds
[2022-03-26 01:11:49,181] {scheduler_job.py:182} INFO - Started process (PID=2399) to work on /opt/airflow/dags/JobCuratedVendas_0.1/lib/log4j-core-2.13.2.jar
[2022-03-26 01:11:49,280] {scheduler_job.py:629} INFO - Processing file /opt/airflow/dags/JobCuratedVendas_0.1/lib/log4j-core-2.13.2.jar for tasks to queue
[2022-03-26 01:11:49,350] {logging_mixin.py:104} INFO - [2022-03-26 01:11:49,344] {dagbag.py:448} INFO - Filling up the DagBag from /opt/airflow/dags/JobCuratedVendas_0.1/lib/log4j-core-2.13.2.jar
[2022-03-26 01:11:50,472] {scheduler_job.py:641} WARNING - No viable dags retrieved from /opt/airflow/dags/JobCuratedVendas_0.1/lib/log4j-core-2.13.2.jar
[2022-03-26 01:11:50,630] {scheduler_job.py:190} INFO - Processing /opt/airflow/dags/JobCuratedVendas_0.1/lib/log4j-core-2.13.2.jar took 1.595 seconds
[2022-03-26 01:12:41,299] {scheduler_job.py:182} INFO - Started process (PID=2603) to work on /opt/airflow/dags/JobCuratedVendas_0.1/lib/log4j-core-2.13.2.jar
[2022-03-26 01:12:41,377] {scheduler_job.py:629} INFO - Processing file /opt/airflow/dags/JobCuratedVendas_0.1/lib/log4j-core-2.13.2.jar for tasks to queue
[2022-03-26 01:12:41,398] {logging_mixin.py:104} INFO - [2022-03-26 01:12:41,398] {dagbag.py:448} INFO - Filling up the DagBag from /opt/airflow/dags/JobCuratedVendas_0.1/lib/log4j-core-2.13.2.jar
[2022-03-26 01:12:41,703] {scheduler_job.py:641} WARNING - No viable dags retrieved from /opt/airflow/dags/JobCuratedVendas_0.1/lib/log4j-core-2.13.2.jar
[2022-03-26 01:12:41,880] {scheduler_job.py:190} INFO - Processing /opt/airflow/dags/JobCuratedVendas_0.1/lib/log4j-core-2.13.2.jar took 0.629 seconds
[2022-03-26 01:13:04,241] {scheduler_job.py:182} INFO - Started process (PID=2549) to work on /opt/airflow/dags/JobCuratedVendas_0.1/lib/log4j-core-2.13.2.jar
[2022-03-26 01:13:04,327] {scheduler_job.py:629} INFO - Processing file /opt/airflow/dags/JobCuratedVendas_0.1/lib/log4j-core-2.13.2.jar for tasks to queue
[2022-03-26 01:13:04,408] {logging_mixin.py:104} INFO - [2022-03-26 01:13:04,406] {dagbag.py:448} INFO - Filling up the DagBag from /opt/airflow/dags/JobCuratedVendas_0.1/lib/log4j-core-2.13.2.jar
[2022-03-26 01:13:05,189] {scheduler_job.py:641} WARNING - No viable dags retrieved from /opt/airflow/dags/JobCuratedVendas_0.1/lib/log4j-core-2.13.2.jar
[2022-03-26 01:13:05,547] {scheduler_job.py:190} INFO - Processing /opt/airflow/dags/JobCuratedVendas_0.1/lib/log4j-core-2.13.2.jar took 1.473 seconds
[2022-03-26 01:13:27,017] {scheduler_job.py:182} INFO - Started process (PID=2685) to work on /opt/airflow/dags/JobCuratedVendas_0.1/lib/log4j-core-2.13.2.jar
[2022-03-26 01:13:27,038] {scheduler_job.py:629} INFO - Processing file /opt/airflow/dags/JobCuratedVendas_0.1/lib/log4j-core-2.13.2.jar for tasks to queue
[2022-03-26 01:13:27,060] {logging_mixin.py:104} INFO - [2022-03-26 01:13:27,052] {dagbag.py:448} INFO - Filling up the DagBag from /opt/airflow/dags/JobCuratedVendas_0.1/lib/log4j-core-2.13.2.jar
[2022-03-26 01:13:27,384] {scheduler_job.py:641} WARNING - No viable dags retrieved from /opt/airflow/dags/JobCuratedVendas_0.1/lib/log4j-core-2.13.2.jar
[2022-03-26 01:13:27,625] {scheduler_job.py:190} INFO - Processing /opt/airflow/dags/JobCuratedVendas_0.1/lib/log4j-core-2.13.2.jar took 0.702 seconds
[2022-03-26 01:14:28,364] {scheduler_job.py:182} INFO - Started process (PID=2698) to work on /opt/airflow/dags/JobCuratedVendas_0.1/lib/log4j-core-2.13.2.jar
[2022-03-26 01:14:28,399] {scheduler_job.py:629} INFO - Processing file /opt/airflow/dags/JobCuratedVendas_0.1/lib/log4j-core-2.13.2.jar for tasks to queue
[2022-03-26 01:14:28,417] {logging_mixin.py:104} INFO - [2022-03-26 01:14:28,416] {dagbag.py:448} INFO - Filling up the DagBag from /opt/airflow/dags/JobCuratedVendas_0.1/lib/log4j-core-2.13.2.jar
[2022-03-26 01:14:28,840] {scheduler_job.py:641} WARNING - No viable dags retrieved from /opt/airflow/dags/JobCuratedVendas_0.1/lib/log4j-core-2.13.2.jar
[2022-03-26 01:14:29,180] {scheduler_job.py:190} INFO - Processing /opt/airflow/dags/JobCuratedVendas_0.1/lib/log4j-core-2.13.2.jar took 0.947 seconds
[2022-03-26 01:14:29,305] {scheduler_job.py:182} INFO - Started process (PID=2794) to work on /opt/airflow/dags/JobCuratedVendas_0.1/lib/log4j-core-2.13.2.jar
[2022-03-26 01:14:29,339] {scheduler_job.py:629} INFO - Processing file /opt/airflow/dags/JobCuratedVendas_0.1/lib/log4j-core-2.13.2.jar for tasks to queue
[2022-03-26 01:14:29,361] {logging_mixin.py:104} INFO - [2022-03-26 01:14:29,360] {dagbag.py:448} INFO - Filling up the DagBag from /opt/airflow/dags/JobCuratedVendas_0.1/lib/log4j-core-2.13.2.jar
[2022-03-26 01:14:29,831] {scheduler_job.py:641} WARNING - No viable dags retrieved from /opt/airflow/dags/JobCuratedVendas_0.1/lib/log4j-core-2.13.2.jar
[2022-03-26 01:14:30,058] {scheduler_job.py:190} INFO - Processing /opt/airflow/dags/JobCuratedVendas_0.1/lib/log4j-core-2.13.2.jar took 0.815 seconds
