[2022-03-26 00:50:46,249] {scheduler_job.py:182} INFO - Started process (PID=788) to work on /opt/airflow/dags/JobCuratedChurn_0.2/lib/advancedPersistentLookupLib-1.3.jar
[2022-03-26 00:50:46,257] {scheduler_job.py:629} INFO - Processing file /opt/airflow/dags/JobCuratedChurn_0.2/lib/advancedPersistentLookupLib-1.3.jar for tasks to queue
[2022-03-26 00:50:46,271] {logging_mixin.py:104} INFO - [2022-03-26 00:50:46,270] {dagbag.py:448} INFO - Filling up the DagBag from /opt/airflow/dags/JobCuratedChurn_0.2/lib/advancedPersistentLookupLib-1.3.jar
[2022-03-26 00:50:46,304] {scheduler_job.py:641} WARNING - No viable dags retrieved from /opt/airflow/dags/JobCuratedChurn_0.2/lib/advancedPersistentLookupLib-1.3.jar
[2022-03-26 00:50:46,383] {scheduler_job.py:190} INFO - Processing /opt/airflow/dags/JobCuratedChurn_0.2/lib/advancedPersistentLookupLib-1.3.jar took 0.156 seconds
[2022-03-26 00:51:16,936] {scheduler_job.py:182} INFO - Started process (PID=829) to work on /opt/airflow/dags/JobCuratedChurn_0.2/lib/advancedPersistentLookupLib-1.3.jar
[2022-03-26 00:51:16,950] {scheduler_job.py:629} INFO - Processing file /opt/airflow/dags/JobCuratedChurn_0.2/lib/advancedPersistentLookupLib-1.3.jar for tasks to queue
[2022-03-26 00:51:16,958] {logging_mixin.py:104} INFO - [2022-03-26 00:51:16,957] {dagbag.py:448} INFO - Filling up the DagBag from /opt/airflow/dags/JobCuratedChurn_0.2/lib/advancedPersistentLookupLib-1.3.jar
[2022-03-26 00:51:16,994] {scheduler_job.py:641} WARNING - No viable dags retrieved from /opt/airflow/dags/JobCuratedChurn_0.2/lib/advancedPersistentLookupLib-1.3.jar
[2022-03-26 00:51:17,136] {scheduler_job.py:190} INFO - Processing /opt/airflow/dags/JobCuratedChurn_0.2/lib/advancedPersistentLookupLib-1.3.jar took 0.212 seconds
[2022-03-26 00:51:47,669] {scheduler_job.py:182} INFO - Started process (PID=872) to work on /opt/airflow/dags/JobCuratedChurn_0.2/lib/advancedPersistentLookupLib-1.3.jar
[2022-03-26 00:51:47,674] {scheduler_job.py:629} INFO - Processing file /opt/airflow/dags/JobCuratedChurn_0.2/lib/advancedPersistentLookupLib-1.3.jar for tasks to queue
[2022-03-26 00:51:47,685] {logging_mixin.py:104} INFO - [2022-03-26 00:51:47,685] {dagbag.py:448} INFO - Filling up the DagBag from /opt/airflow/dags/JobCuratedChurn_0.2/lib/advancedPersistentLookupLib-1.3.jar
[2022-03-26 00:51:47,721] {scheduler_job.py:641} WARNING - No viable dags retrieved from /opt/airflow/dags/JobCuratedChurn_0.2/lib/advancedPersistentLookupLib-1.3.jar
[2022-03-26 00:51:47,770] {scheduler_job.py:190} INFO - Processing /opt/airflow/dags/JobCuratedChurn_0.2/lib/advancedPersistentLookupLib-1.3.jar took 0.164 seconds
[2022-03-26 00:52:19,985] {scheduler_job.py:182} INFO - Started process (PID=915) to work on /opt/airflow/dags/JobCuratedChurn_0.2/lib/advancedPersistentLookupLib-1.3.jar
[2022-03-26 00:52:20,017] {scheduler_job.py:629} INFO - Processing file /opt/airflow/dags/JobCuratedChurn_0.2/lib/advancedPersistentLookupLib-1.3.jar for tasks to queue
[2022-03-26 00:52:20,051] {logging_mixin.py:104} INFO - [2022-03-26 00:52:20,050] {dagbag.py:448} INFO - Filling up the DagBag from /opt/airflow/dags/JobCuratedChurn_0.2/lib/advancedPersistentLookupLib-1.3.jar
[2022-03-26 00:52:20,098] {scheduler_job.py:641} WARNING - No viable dags retrieved from /opt/airflow/dags/JobCuratedChurn_0.2/lib/advancedPersistentLookupLib-1.3.jar
[2022-03-26 00:52:20,335] {scheduler_job.py:190} INFO - Processing /opt/airflow/dags/JobCuratedChurn_0.2/lib/advancedPersistentLookupLib-1.3.jar took 0.530 seconds
[2022-03-26 00:53:13,770] {scheduler_job.py:182} INFO - Started process (PID=962) to work on /opt/airflow/dags/JobCuratedChurn_0.2/lib/advancedPersistentLookupLib-1.3.jar
[2022-03-26 00:53:13,855] {scheduler_job.py:629} INFO - Processing file /opt/airflow/dags/JobCuratedChurn_0.2/lib/advancedPersistentLookupLib-1.3.jar for tasks to queue
[2022-03-26 00:53:13,931] {logging_mixin.py:104} INFO - [2022-03-26 00:53:13,930] {dagbag.py:448} INFO - Filling up the DagBag from /opt/airflow/dags/JobCuratedChurn_0.2/lib/advancedPersistentLookupLib-1.3.jar
[2022-03-26 00:53:14,003] {scheduler_job.py:641} WARNING - No viable dags retrieved from /opt/airflow/dags/JobCuratedChurn_0.2/lib/advancedPersistentLookupLib-1.3.jar
[2022-03-26 00:53:15,691] {scheduler_job.py:190} INFO - Processing /opt/airflow/dags/JobCuratedChurn_0.2/lib/advancedPersistentLookupLib-1.3.jar took 1.997 seconds
[2022-03-26 00:53:45,924] {scheduler_job.py:182} INFO - Started process (PID=1003) to work on /opt/airflow/dags/JobCuratedChurn_0.2/lib/advancedPersistentLookupLib-1.3.jar
[2022-03-26 00:53:45,933] {scheduler_job.py:629} INFO - Processing file /opt/airflow/dags/JobCuratedChurn_0.2/lib/advancedPersistentLookupLib-1.3.jar for tasks to queue
[2022-03-26 00:53:45,937] {logging_mixin.py:104} INFO - [2022-03-26 00:53:45,937] {dagbag.py:448} INFO - Filling up the DagBag from /opt/airflow/dags/JobCuratedChurn_0.2/lib/advancedPersistentLookupLib-1.3.jar
[2022-03-26 00:53:45,956] {scheduler_job.py:641} WARNING - No viable dags retrieved from /opt/airflow/dags/JobCuratedChurn_0.2/lib/advancedPersistentLookupLib-1.3.jar
[2022-03-26 00:53:45,988] {scheduler_job.py:190} INFO - Processing /opt/airflow/dags/JobCuratedChurn_0.2/lib/advancedPersistentLookupLib-1.3.jar took 0.070 seconds
[2022-03-26 00:54:16,144] {scheduler_job.py:182} INFO - Started process (PID=1045) to work on /opt/airflow/dags/JobCuratedChurn_0.2/lib/advancedPersistentLookupLib-1.3.jar
[2022-03-26 00:54:16,157] {scheduler_job.py:629} INFO - Processing file /opt/airflow/dags/JobCuratedChurn_0.2/lib/advancedPersistentLookupLib-1.3.jar for tasks to queue
[2022-03-26 00:54:16,166] {logging_mixin.py:104} INFO - [2022-03-26 00:54:16,166] {dagbag.py:448} INFO - Filling up the DagBag from /opt/airflow/dags/JobCuratedChurn_0.2/lib/advancedPersistentLookupLib-1.3.jar
[2022-03-26 00:54:16,193] {scheduler_job.py:641} WARNING - No viable dags retrieved from /opt/airflow/dags/JobCuratedChurn_0.2/lib/advancedPersistentLookupLib-1.3.jar
[2022-03-26 00:54:16,246] {scheduler_job.py:190} INFO - Processing /opt/airflow/dags/JobCuratedChurn_0.2/lib/advancedPersistentLookupLib-1.3.jar took 0.118 seconds
[2022-03-26 00:54:47,071] {scheduler_job.py:182} INFO - Started process (PID=1087) to work on /opt/airflow/dags/JobCuratedChurn_0.2/lib/advancedPersistentLookupLib-1.3.jar
[2022-03-26 00:54:47,078] {scheduler_job.py:629} INFO - Processing file /opt/airflow/dags/JobCuratedChurn_0.2/lib/advancedPersistentLookupLib-1.3.jar for tasks to queue
[2022-03-26 00:54:47,090] {logging_mixin.py:104} INFO - [2022-03-26 00:54:47,090] {dagbag.py:448} INFO - Filling up the DagBag from /opt/airflow/dags/JobCuratedChurn_0.2/lib/advancedPersistentLookupLib-1.3.jar
[2022-03-26 00:54:47,126] {scheduler_job.py:641} WARNING - No viable dags retrieved from /opt/airflow/dags/JobCuratedChurn_0.2/lib/advancedPersistentLookupLib-1.3.jar
[2022-03-26 00:54:47,174] {scheduler_job.py:190} INFO - Processing /opt/airflow/dags/JobCuratedChurn_0.2/lib/advancedPersistentLookupLib-1.3.jar took 0.115 seconds
[2022-03-26 00:55:17,324] {scheduler_job.py:182} INFO - Started process (PID=1129) to work on /opt/airflow/dags/JobCuratedChurn_0.2/lib/advancedPersistentLookupLib-1.3.jar
[2022-03-26 00:55:17,329] {scheduler_job.py:629} INFO - Processing file /opt/airflow/dags/JobCuratedChurn_0.2/lib/advancedPersistentLookupLib-1.3.jar for tasks to queue
[2022-03-26 00:55:17,332] {logging_mixin.py:104} INFO - [2022-03-26 00:55:17,332] {dagbag.py:448} INFO - Filling up the DagBag from /opt/airflow/dags/JobCuratedChurn_0.2/lib/advancedPersistentLookupLib-1.3.jar
[2022-03-26 00:55:17,362] {scheduler_job.py:641} WARNING - No viable dags retrieved from /opt/airflow/dags/JobCuratedChurn_0.2/lib/advancedPersistentLookupLib-1.3.jar
[2022-03-26 00:55:17,486] {scheduler_job.py:190} INFO - Processing /opt/airflow/dags/JobCuratedChurn_0.2/lib/advancedPersistentLookupLib-1.3.jar took 0.181 seconds
[2022-03-26 00:55:47,899] {scheduler_job.py:182} INFO - Started process (PID=1171) to work on /opt/airflow/dags/JobCuratedChurn_0.2/lib/advancedPersistentLookupLib-1.3.jar
[2022-03-26 00:55:47,924] {scheduler_job.py:629} INFO - Processing file /opt/airflow/dags/JobCuratedChurn_0.2/lib/advancedPersistentLookupLib-1.3.jar for tasks to queue
[2022-03-26 00:55:47,964] {logging_mixin.py:104} INFO - [2022-03-26 00:55:47,963] {dagbag.py:448} INFO - Filling up the DagBag from /opt/airflow/dags/JobCuratedChurn_0.2/lib/advancedPersistentLookupLib-1.3.jar
[2022-03-26 00:55:48,145] {scheduler_job.py:641} WARNING - No viable dags retrieved from /opt/airflow/dags/JobCuratedChurn_0.2/lib/advancedPersistentLookupLib-1.3.jar
[2022-03-26 00:55:48,335] {scheduler_job.py:190} INFO - Processing /opt/airflow/dags/JobCuratedChurn_0.2/lib/advancedPersistentLookupLib-1.3.jar took 0.513 seconds
[2022-03-26 00:56:18,728] {scheduler_job.py:182} INFO - Started process (PID=1212) to work on /opt/airflow/dags/JobCuratedChurn_0.2/lib/advancedPersistentLookupLib-1.3.jar
[2022-03-26 00:56:18,742] {scheduler_job.py:629} INFO - Processing file /opt/airflow/dags/JobCuratedChurn_0.2/lib/advancedPersistentLookupLib-1.3.jar for tasks to queue
[2022-03-26 00:56:18,754] {logging_mixin.py:104} INFO - [2022-03-26 00:56:18,754] {dagbag.py:448} INFO - Filling up the DagBag from /opt/airflow/dags/JobCuratedChurn_0.2/lib/advancedPersistentLookupLib-1.3.jar
[2022-03-26 00:56:18,790] {scheduler_job.py:641} WARNING - No viable dags retrieved from /opt/airflow/dags/JobCuratedChurn_0.2/lib/advancedPersistentLookupLib-1.3.jar
[2022-03-26 00:56:18,826] {scheduler_job.py:190} INFO - Processing /opt/airflow/dags/JobCuratedChurn_0.2/lib/advancedPersistentLookupLib-1.3.jar took 0.112 seconds
[2022-03-26 00:56:49,390] {scheduler_job.py:182} INFO - Started process (PID=1255) to work on /opt/airflow/dags/JobCuratedChurn_0.2/lib/advancedPersistentLookupLib-1.3.jar
[2022-03-26 00:56:49,408] {scheduler_job.py:629} INFO - Processing file /opt/airflow/dags/JobCuratedChurn_0.2/lib/advancedPersistentLookupLib-1.3.jar for tasks to queue
[2022-03-26 00:56:49,412] {logging_mixin.py:104} INFO - [2022-03-26 00:56:49,412] {dagbag.py:448} INFO - Filling up the DagBag from /opt/airflow/dags/JobCuratedChurn_0.2/lib/advancedPersistentLookupLib-1.3.jar
[2022-03-26 00:56:49,443] {scheduler_job.py:641} WARNING - No viable dags retrieved from /opt/airflow/dags/JobCuratedChurn_0.2/lib/advancedPersistentLookupLib-1.3.jar
[2022-03-26 00:56:49,509] {scheduler_job.py:190} INFO - Processing /opt/airflow/dags/JobCuratedChurn_0.2/lib/advancedPersistentLookupLib-1.3.jar took 0.156 seconds
[2022-03-26 00:57:19,868] {scheduler_job.py:182} INFO - Started process (PID=1297) to work on /opt/airflow/dags/JobCuratedChurn_0.2/lib/advancedPersistentLookupLib-1.3.jar
[2022-03-26 00:57:19,874] {scheduler_job.py:629} INFO - Processing file /opt/airflow/dags/JobCuratedChurn_0.2/lib/advancedPersistentLookupLib-1.3.jar for tasks to queue
[2022-03-26 00:57:19,884] {logging_mixin.py:104} INFO - [2022-03-26 00:57:19,884] {dagbag.py:448} INFO - Filling up the DagBag from /opt/airflow/dags/JobCuratedChurn_0.2/lib/advancedPersistentLookupLib-1.3.jar
[2022-03-26 00:57:19,928] {scheduler_job.py:641} WARNING - No viable dags retrieved from /opt/airflow/dags/JobCuratedChurn_0.2/lib/advancedPersistentLookupLib-1.3.jar
[2022-03-26 00:57:20,000] {scheduler_job.py:190} INFO - Processing /opt/airflow/dags/JobCuratedChurn_0.2/lib/advancedPersistentLookupLib-1.3.jar took 0.154 seconds
[2022-03-26 00:57:50,246] {scheduler_job.py:182} INFO - Started process (PID=1338) to work on /opt/airflow/dags/JobCuratedChurn_0.2/lib/advancedPersistentLookupLib-1.3.jar
[2022-03-26 00:57:50,256] {scheduler_job.py:629} INFO - Processing file /opt/airflow/dags/JobCuratedChurn_0.2/lib/advancedPersistentLookupLib-1.3.jar for tasks to queue
[2022-03-26 00:57:50,266] {logging_mixin.py:104} INFO - [2022-03-26 00:57:50,266] {dagbag.py:448} INFO - Filling up the DagBag from /opt/airflow/dags/JobCuratedChurn_0.2/lib/advancedPersistentLookupLib-1.3.jar
[2022-03-26 00:57:50,312] {scheduler_job.py:641} WARNING - No viable dags retrieved from /opt/airflow/dags/JobCuratedChurn_0.2/lib/advancedPersistentLookupLib-1.3.jar
[2022-03-26 00:57:50,412] {scheduler_job.py:190} INFO - Processing /opt/airflow/dags/JobCuratedChurn_0.2/lib/advancedPersistentLookupLib-1.3.jar took 0.182 seconds
[2022-03-26 00:58:23,505] {scheduler_job.py:182} INFO - Started process (PID=1381) to work on /opt/airflow/dags/JobCuratedChurn_0.2/lib/advancedPersistentLookupLib-1.3.jar
[2022-03-26 00:58:23,526] {scheduler_job.py:629} INFO - Processing file /opt/airflow/dags/JobCuratedChurn_0.2/lib/advancedPersistentLookupLib-1.3.jar for tasks to queue
[2022-03-26 00:58:23,543] {logging_mixin.py:104} INFO - [2022-03-26 00:58:23,543] {dagbag.py:448} INFO - Filling up the DagBag from /opt/airflow/dags/JobCuratedChurn_0.2/lib/advancedPersistentLookupLib-1.3.jar
[2022-03-26 00:58:23,600] {scheduler_job.py:641} WARNING - No viable dags retrieved from /opt/airflow/dags/JobCuratedChurn_0.2/lib/advancedPersistentLookupLib-1.3.jar
[2022-03-26 00:58:23,678] {scheduler_job.py:190} INFO - Processing /opt/airflow/dags/JobCuratedChurn_0.2/lib/advancedPersistentLookupLib-1.3.jar took 0.212 seconds
[2022-03-26 00:59:13,983] {scheduler_job.py:182} INFO - Started process (PID=1422) to work on /opt/airflow/dags/JobCuratedChurn_0.2/lib/advancedPersistentLookupLib-1.3.jar
[2022-03-26 00:59:13,996] {scheduler_job.py:629} INFO - Processing file /opt/airflow/dags/JobCuratedChurn_0.2/lib/advancedPersistentLookupLib-1.3.jar for tasks to queue
[2022-03-26 00:59:14,003] {logging_mixin.py:104} INFO - [2022-03-26 00:59:14,003] {dagbag.py:448} INFO - Filling up the DagBag from /opt/airflow/dags/JobCuratedChurn_0.2/lib/advancedPersistentLookupLib-1.3.jar
[2022-03-26 00:59:14,072] {scheduler_job.py:641} WARNING - No viable dags retrieved from /opt/airflow/dags/JobCuratedChurn_0.2/lib/advancedPersistentLookupLib-1.3.jar
[2022-03-26 00:59:14,168] {scheduler_job.py:190} INFO - Processing /opt/airflow/dags/JobCuratedChurn_0.2/lib/advancedPersistentLookupLib-1.3.jar took 0.207 seconds
[2022-03-26 00:59:45,485] {scheduler_job.py:182} INFO - Started process (PID=1464) to work on /opt/airflow/dags/JobCuratedChurn_0.2/lib/advancedPersistentLookupLib-1.3.jar
[2022-03-26 00:59:45,489] {scheduler_job.py:629} INFO - Processing file /opt/airflow/dags/JobCuratedChurn_0.2/lib/advancedPersistentLookupLib-1.3.jar for tasks to queue
[2022-03-26 00:59:45,495] {logging_mixin.py:104} INFO - [2022-03-26 00:59:45,495] {dagbag.py:448} INFO - Filling up the DagBag from /opt/airflow/dags/JobCuratedChurn_0.2/lib/advancedPersistentLookupLib-1.3.jar
[2022-03-26 00:59:45,521] {scheduler_job.py:641} WARNING - No viable dags retrieved from /opt/airflow/dags/JobCuratedChurn_0.2/lib/advancedPersistentLookupLib-1.3.jar
[2022-03-26 00:59:45,586] {scheduler_job.py:190} INFO - Processing /opt/airflow/dags/JobCuratedChurn_0.2/lib/advancedPersistentLookupLib-1.3.jar took 0.115 seconds
[2022-03-26 01:00:16,754] {scheduler_job.py:182} INFO - Started process (PID=1507) to work on /opt/airflow/dags/JobCuratedChurn_0.2/lib/advancedPersistentLookupLib-1.3.jar
[2022-03-26 01:00:16,819] {scheduler_job.py:629} INFO - Processing file /opt/airflow/dags/JobCuratedChurn_0.2/lib/advancedPersistentLookupLib-1.3.jar for tasks to queue
[2022-03-26 01:00:16,846] {logging_mixin.py:104} INFO - [2022-03-26 01:00:16,846] {dagbag.py:448} INFO - Filling up the DagBag from /opt/airflow/dags/JobCuratedChurn_0.2/lib/advancedPersistentLookupLib-1.3.jar
[2022-03-26 01:00:16,896] {scheduler_job.py:641} WARNING - No viable dags retrieved from /opt/airflow/dags/JobCuratedChurn_0.2/lib/advancedPersistentLookupLib-1.3.jar
[2022-03-26 01:00:17,032] {scheduler_job.py:190} INFO - Processing /opt/airflow/dags/JobCuratedChurn_0.2/lib/advancedPersistentLookupLib-1.3.jar took 0.294 seconds
[2022-03-26 01:01:06,061] {scheduler_job.py:182} INFO - Started process (PID=1550) to work on /opt/airflow/dags/JobCuratedChurn_0.2/lib/advancedPersistentLookupLib-1.3.jar
[2022-03-26 01:01:06,070] {scheduler_job.py:629} INFO - Processing file /opt/airflow/dags/JobCuratedChurn_0.2/lib/advancedPersistentLookupLib-1.3.jar for tasks to queue
[2022-03-26 01:01:06,087] {logging_mixin.py:104} INFO - [2022-03-26 01:01:06,084] {dagbag.py:448} INFO - Filling up the DagBag from /opt/airflow/dags/JobCuratedChurn_0.2/lib/advancedPersistentLookupLib-1.3.jar
[2022-03-26 01:01:06,168] {scheduler_job.py:641} WARNING - No viable dags retrieved from /opt/airflow/dags/JobCuratedChurn_0.2/lib/advancedPersistentLookupLib-1.3.jar
[2022-03-26 01:01:06,266] {scheduler_job.py:190} INFO - Processing /opt/airflow/dags/JobCuratedChurn_0.2/lib/advancedPersistentLookupLib-1.3.jar took 0.249 seconds
[2022-03-26 01:01:12,322] {scheduler_job.py:182} INFO - Started process (PID=1287) to work on /opt/airflow/dags/JobCuratedChurn_0.2/lib/advancedPersistentLookupLib-1.3.jar
[2022-03-26 01:01:12,333] {scheduler_job.py:629} INFO - Processing file /opt/airflow/dags/JobCuratedChurn_0.2/lib/advancedPersistentLookupLib-1.3.jar for tasks to queue
[2022-03-26 01:01:12,349] {logging_mixin.py:104} INFO - [2022-03-26 01:01:12,348] {dagbag.py:448} INFO - Filling up the DagBag from /opt/airflow/dags/JobCuratedChurn_0.2/lib/advancedPersistentLookupLib-1.3.jar
[2022-03-26 01:01:12,439] {scheduler_job.py:641} WARNING - No viable dags retrieved from /opt/airflow/dags/JobCuratedChurn_0.2/lib/advancedPersistentLookupLib-1.3.jar
[2022-03-26 01:01:12,720] {scheduler_job.py:190} INFO - Processing /opt/airflow/dags/JobCuratedChurn_0.2/lib/advancedPersistentLookupLib-1.3.jar took 0.481 seconds
[2022-03-26 01:01:36,627] {scheduler_job.py:182} INFO - Started process (PID=1593) to work on /opt/airflow/dags/JobCuratedChurn_0.2/lib/advancedPersistentLookupLib-1.3.jar
[2022-03-26 01:01:36,644] {scheduler_job.py:629} INFO - Processing file /opt/airflow/dags/JobCuratedChurn_0.2/lib/advancedPersistentLookupLib-1.3.jar for tasks to queue
[2022-03-26 01:01:36,648] {logging_mixin.py:104} INFO - [2022-03-26 01:01:36,648] {dagbag.py:448} INFO - Filling up the DagBag from /opt/airflow/dags/JobCuratedChurn_0.2/lib/advancedPersistentLookupLib-1.3.jar
[2022-03-26 01:01:36,681] {scheduler_job.py:641} WARNING - No viable dags retrieved from /opt/airflow/dags/JobCuratedChurn_0.2/lib/advancedPersistentLookupLib-1.3.jar
[2022-03-26 01:01:36,789] {scheduler_job.py:190} INFO - Processing /opt/airflow/dags/JobCuratedChurn_0.2/lib/advancedPersistentLookupLib-1.3.jar took 0.189 seconds
[2022-03-26 01:01:43,419] {scheduler_job.py:182} INFO - Started process (PID=1352) to work on /opt/airflow/dags/JobCuratedChurn_0.2/lib/advancedPersistentLookupLib-1.3.jar
[2022-03-26 01:01:43,446] {scheduler_job.py:629} INFO - Processing file /opt/airflow/dags/JobCuratedChurn_0.2/lib/advancedPersistentLookupLib-1.3.jar for tasks to queue
[2022-03-26 01:01:43,449] {logging_mixin.py:104} INFO - [2022-03-26 01:01:43,449] {dagbag.py:448} INFO - Filling up the DagBag from /opt/airflow/dags/JobCuratedChurn_0.2/lib/advancedPersistentLookupLib-1.3.jar
[2022-03-26 01:01:43,497] {scheduler_job.py:641} WARNING - No viable dags retrieved from /opt/airflow/dags/JobCuratedChurn_0.2/lib/advancedPersistentLookupLib-1.3.jar
[2022-03-26 01:01:43,608] {scheduler_job.py:190} INFO - Processing /opt/airflow/dags/JobCuratedChurn_0.2/lib/advancedPersistentLookupLib-1.3.jar took 0.217 seconds
[2022-03-26 01:02:07,914] {scheduler_job.py:182} INFO - Started process (PID=1636) to work on /opt/airflow/dags/JobCuratedChurn_0.2/lib/advancedPersistentLookupLib-1.3.jar
[2022-03-26 01:02:07,926] {scheduler_job.py:629} INFO - Processing file /opt/airflow/dags/JobCuratedChurn_0.2/lib/advancedPersistentLookupLib-1.3.jar for tasks to queue
[2022-03-26 01:02:07,937] {logging_mixin.py:104} INFO - [2022-03-26 01:02:07,937] {dagbag.py:448} INFO - Filling up the DagBag from /opt/airflow/dags/JobCuratedChurn_0.2/lib/advancedPersistentLookupLib-1.3.jar
[2022-03-26 01:02:07,999] {scheduler_job.py:641} WARNING - No viable dags retrieved from /opt/airflow/dags/JobCuratedChurn_0.2/lib/advancedPersistentLookupLib-1.3.jar
[2022-03-26 01:02:08,083] {scheduler_job.py:190} INFO - Processing /opt/airflow/dags/JobCuratedChurn_0.2/lib/advancedPersistentLookupLib-1.3.jar took 0.231 seconds
[2022-03-26 01:02:15,406] {scheduler_job.py:182} INFO - Started process (PID=1418) to work on /opt/airflow/dags/JobCuratedChurn_0.2/lib/advancedPersistentLookupLib-1.3.jar
[2022-03-26 01:02:15,439] {scheduler_job.py:629} INFO - Processing file /opt/airflow/dags/JobCuratedChurn_0.2/lib/advancedPersistentLookupLib-1.3.jar for tasks to queue
[2022-03-26 01:02:15,465] {logging_mixin.py:104} INFO - [2022-03-26 01:02:15,464] {dagbag.py:448} INFO - Filling up the DagBag from /opt/airflow/dags/JobCuratedChurn_0.2/lib/advancedPersistentLookupLib-1.3.jar
[2022-03-26 01:02:15,554] {scheduler_job.py:641} WARNING - No viable dags retrieved from /opt/airflow/dags/JobCuratedChurn_0.2/lib/advancedPersistentLookupLib-1.3.jar
[2022-03-26 01:02:15,686] {scheduler_job.py:190} INFO - Processing /opt/airflow/dags/JobCuratedChurn_0.2/lib/advancedPersistentLookupLib-1.3.jar took 0.337 seconds
[2022-03-26 01:02:39,515] {scheduler_job.py:182} INFO - Started process (PID=1679) to work on /opt/airflow/dags/JobCuratedChurn_0.2/lib/advancedPersistentLookupLib-1.3.jar
[2022-03-26 01:02:39,542] {scheduler_job.py:629} INFO - Processing file /opt/airflow/dags/JobCuratedChurn_0.2/lib/advancedPersistentLookupLib-1.3.jar for tasks to queue
[2022-03-26 01:02:39,556] {logging_mixin.py:104} INFO - [2022-03-26 01:02:39,555] {dagbag.py:448} INFO - Filling up the DagBag from /opt/airflow/dags/JobCuratedChurn_0.2/lib/advancedPersistentLookupLib-1.3.jar
[2022-03-26 01:02:39,591] {scheduler_job.py:641} WARNING - No viable dags retrieved from /opt/airflow/dags/JobCuratedChurn_0.2/lib/advancedPersistentLookupLib-1.3.jar
[2022-03-26 01:02:39,777] {scheduler_job.py:190} INFO - Processing /opt/airflow/dags/JobCuratedChurn_0.2/lib/advancedPersistentLookupLib-1.3.jar took 0.277 seconds
[2022-03-26 01:03:03,335] {scheduler_job.py:182} INFO - Started process (PID=1493) to work on /opt/airflow/dags/JobCuratedChurn_0.2/lib/advancedPersistentLookupLib-1.3.jar
[2022-03-26 01:03:03,363] {scheduler_job.py:629} INFO - Processing file /opt/airflow/dags/JobCuratedChurn_0.2/lib/advancedPersistentLookupLib-1.3.jar for tasks to queue
[2022-03-26 01:03:03,433] {logging_mixin.py:104} INFO - [2022-03-26 01:03:03,432] {dagbag.py:448} INFO - Filling up the DagBag from /opt/airflow/dags/JobCuratedChurn_0.2/lib/advancedPersistentLookupLib-1.3.jar
[2022-03-26 01:03:03,662] {scheduler_job.py:641} WARNING - No viable dags retrieved from /opt/airflow/dags/JobCuratedChurn_0.2/lib/advancedPersistentLookupLib-1.3.jar
[2022-03-26 01:03:04,233] {scheduler_job.py:190} INFO - Processing /opt/airflow/dags/JobCuratedChurn_0.2/lib/advancedPersistentLookupLib-1.3.jar took 1.320 seconds
[2022-03-26 01:03:31,027] {scheduler_job.py:182} INFO - Started process (PID=1718) to work on /opt/airflow/dags/JobCuratedChurn_0.2/lib/advancedPersistentLookupLib-1.3.jar
[2022-03-26 01:03:31,057] {scheduler_job.py:629} INFO - Processing file /opt/airflow/dags/JobCuratedChurn_0.2/lib/advancedPersistentLookupLib-1.3.jar for tasks to queue
[2022-03-26 01:03:31,067] {logging_mixin.py:104} INFO - [2022-03-26 01:03:31,066] {dagbag.py:448} INFO - Filling up the DagBag from /opt/airflow/dags/JobCuratedChurn_0.2/lib/advancedPersistentLookupLib-1.3.jar
[2022-03-26 01:03:31,144] {scheduler_job.py:641} WARNING - No viable dags retrieved from /opt/airflow/dags/JobCuratedChurn_0.2/lib/advancedPersistentLookupLib-1.3.jar
[2022-03-26 01:03:31,283] {scheduler_job.py:190} INFO - Processing /opt/airflow/dags/JobCuratedChurn_0.2/lib/advancedPersistentLookupLib-1.3.jar took 0.294 seconds
[2022-03-26 01:04:06,524] {scheduler_job.py:182} INFO - Started process (PID=1581) to work on /opt/airflow/dags/JobCuratedChurn_0.2/lib/advancedPersistentLookupLib-1.3.jar
[2022-03-26 01:04:06,569] {scheduler_job.py:629} INFO - Processing file /opt/airflow/dags/JobCuratedChurn_0.2/lib/advancedPersistentLookupLib-1.3.jar for tasks to queue
[2022-03-26 01:04:06,583] {logging_mixin.py:104} INFO - [2022-03-26 01:04:06,582] {dagbag.py:448} INFO - Filling up the DagBag from /opt/airflow/dags/JobCuratedChurn_0.2/lib/advancedPersistentLookupLib-1.3.jar
[2022-03-26 01:04:06,673] {scheduler_job.py:641} WARNING - No viable dags retrieved from /opt/airflow/dags/JobCuratedChurn_0.2/lib/advancedPersistentLookupLib-1.3.jar
[2022-03-26 01:04:06,849] {scheduler_job.py:190} INFO - Processing /opt/airflow/dags/JobCuratedChurn_0.2/lib/advancedPersistentLookupLib-1.3.jar took 0.424 seconds
[2022-03-26 01:04:10,050] {scheduler_job.py:182} INFO - Started process (PID=1764) to work on /opt/airflow/dags/JobCuratedChurn_0.2/lib/advancedPersistentLookupLib-1.3.jar
[2022-03-26 01:04:10,071] {scheduler_job.py:629} INFO - Processing file /opt/airflow/dags/JobCuratedChurn_0.2/lib/advancedPersistentLookupLib-1.3.jar for tasks to queue
[2022-03-26 01:04:10,075] {logging_mixin.py:104} INFO - [2022-03-26 01:04:10,075] {dagbag.py:448} INFO - Filling up the DagBag from /opt/airflow/dags/JobCuratedChurn_0.2/lib/advancedPersistentLookupLib-1.3.jar
[2022-03-26 01:04:10,159] {scheduler_job.py:641} WARNING - No viable dags retrieved from /opt/airflow/dags/JobCuratedChurn_0.2/lib/advancedPersistentLookupLib-1.3.jar
[2022-03-26 01:04:10,353] {scheduler_job.py:190} INFO - Processing /opt/airflow/dags/JobCuratedChurn_0.2/lib/advancedPersistentLookupLib-1.3.jar took 0.383 seconds
[2022-03-26 01:04:46,492] {scheduler_job.py:182} INFO - Started process (PID=1803) to work on /opt/airflow/dags/JobCuratedChurn_0.2/lib/advancedPersistentLookupLib-1.3.jar
[2022-03-26 01:04:46,510] {scheduler_job.py:629} INFO - Processing file /opt/airflow/dags/JobCuratedChurn_0.2/lib/advancedPersistentLookupLib-1.3.jar for tasks to queue
[2022-03-26 01:04:46,518] {logging_mixin.py:104} INFO - [2022-03-26 01:04:46,518] {dagbag.py:448} INFO - Filling up the DagBag from /opt/airflow/dags/JobCuratedChurn_0.2/lib/advancedPersistentLookupLib-1.3.jar
[2022-03-26 01:04:46,555] {scheduler_job.py:641} WARNING - No viable dags retrieved from /opt/airflow/dags/JobCuratedChurn_0.2/lib/advancedPersistentLookupLib-1.3.jar
[2022-03-26 01:04:46,637] {scheduler_job.py:190} INFO - Processing /opt/airflow/dags/JobCuratedChurn_0.2/lib/advancedPersistentLookupLib-1.3.jar took 0.172 seconds
[2022-03-26 01:05:09,730] {scheduler_job.py:182} INFO - Started process (PID=1674) to work on /opt/airflow/dags/JobCuratedChurn_0.2/lib/advancedPersistentLookupLib-1.3.jar
[2022-03-26 01:05:09,815] {scheduler_job.py:629} INFO - Processing file /opt/airflow/dags/JobCuratedChurn_0.2/lib/advancedPersistentLookupLib-1.3.jar for tasks to queue
[2022-03-26 01:05:09,863] {logging_mixin.py:104} INFO - [2022-03-26 01:05:09,863] {dagbag.py:448} INFO - Filling up the DagBag from /opt/airflow/dags/JobCuratedChurn_0.2/lib/advancedPersistentLookupLib-1.3.jar
[2022-03-26 01:05:10,104] {scheduler_job.py:641} WARNING - No viable dags retrieved from /opt/airflow/dags/JobCuratedChurn_0.2/lib/advancedPersistentLookupLib-1.3.jar
[2022-03-26 01:05:10,388] {scheduler_job.py:190} INFO - Processing /opt/airflow/dags/JobCuratedChurn_0.2/lib/advancedPersistentLookupLib-1.3.jar took 0.920 seconds
[2022-03-26 01:05:22,975] {scheduler_job.py:182} INFO - Started process (PID=1848) to work on /opt/airflow/dags/JobCuratedChurn_0.2/lib/advancedPersistentLookupLib-1.3.jar
[2022-03-26 01:05:23,099] {scheduler_job.py:629} INFO - Processing file /opt/airflow/dags/JobCuratedChurn_0.2/lib/advancedPersistentLookupLib-1.3.jar for tasks to queue
[2022-03-26 01:05:23,121] {logging_mixin.py:104} INFO - [2022-03-26 01:05:23,120] {dagbag.py:448} INFO - Filling up the DagBag from /opt/airflow/dags/JobCuratedChurn_0.2/lib/advancedPersistentLookupLib-1.3.jar
[2022-03-26 01:05:23,163] {scheduler_job.py:641} WARNING - No viable dags retrieved from /opt/airflow/dags/JobCuratedChurn_0.2/lib/advancedPersistentLookupLib-1.3.jar
[2022-03-26 01:05:23,347] {scheduler_job.py:190} INFO - Processing /opt/airflow/dags/JobCuratedChurn_0.2/lib/advancedPersistentLookupLib-1.3.jar took 0.541 seconds
[2022-03-26 01:06:27,520] {scheduler_job.py:182} INFO - Started process (PID=1942) to work on /opt/airflow/dags/JobCuratedChurn_0.2/lib/advancedPersistentLookupLib-1.3.jar
[2022-03-26 01:06:27,535] {scheduler_job.py:629} INFO - Processing file /opt/airflow/dags/JobCuratedChurn_0.2/lib/advancedPersistentLookupLib-1.3.jar for tasks to queue
[2022-03-26 01:06:27,559] {logging_mixin.py:104} INFO - [2022-03-26 01:06:27,559] {dagbag.py:448} INFO - Filling up the DagBag from /opt/airflow/dags/JobCuratedChurn_0.2/lib/advancedPersistentLookupLib-1.3.jar
[2022-03-26 01:06:27,623] {scheduler_job.py:641} WARNING - No viable dags retrieved from /opt/airflow/dags/JobCuratedChurn_0.2/lib/advancedPersistentLookupLib-1.3.jar
[2022-03-26 01:06:27,748] {scheduler_job.py:190} INFO - Processing /opt/airflow/dags/JobCuratedChurn_0.2/lib/advancedPersistentLookupLib-1.3.jar took 0.270 seconds
[2022-03-26 01:07:00,560] {scheduler_job.py:182} INFO - Started process (PID=1877) to work on /opt/airflow/dags/JobCuratedChurn_0.2/lib/advancedPersistentLookupLib-1.3.jar
[2022-03-26 01:07:00,580] {scheduler_job.py:629} INFO - Processing file /opt/airflow/dags/JobCuratedChurn_0.2/lib/advancedPersistentLookupLib-1.3.jar for tasks to queue
[2022-03-26 01:07:00,591] {logging_mixin.py:104} INFO - [2022-03-26 01:07:00,591] {dagbag.py:448} INFO - Filling up the DagBag from /opt/airflow/dags/JobCuratedChurn_0.2/lib/advancedPersistentLookupLib-1.3.jar
[2022-03-26 01:07:00,716] {scheduler_job.py:641} WARNING - No viable dags retrieved from /opt/airflow/dags/JobCuratedChurn_0.2/lib/advancedPersistentLookupLib-1.3.jar
[2022-03-26 01:07:00,998] {scheduler_job.py:190} INFO - Processing /opt/airflow/dags/JobCuratedChurn_0.2/lib/advancedPersistentLookupLib-1.3.jar took 0.486 seconds
[2022-03-26 01:07:20,199] {scheduler_job.py:182} INFO - Started process (PID=2032) to work on /opt/airflow/dags/JobCuratedChurn_0.2/lib/advancedPersistentLookupLib-1.3.jar
[2022-03-26 01:07:20,206] {scheduler_job.py:629} INFO - Processing file /opt/airflow/dags/JobCuratedChurn_0.2/lib/advancedPersistentLookupLib-1.3.jar for tasks to queue
[2022-03-26 01:07:20,219] {logging_mixin.py:104} INFO - [2022-03-26 01:07:20,219] {dagbag.py:448} INFO - Filling up the DagBag from /opt/airflow/dags/JobCuratedChurn_0.2/lib/advancedPersistentLookupLib-1.3.jar
[2022-03-26 01:07:20,308] {scheduler_job.py:641} WARNING - No viable dags retrieved from /opt/airflow/dags/JobCuratedChurn_0.2/lib/advancedPersistentLookupLib-1.3.jar
[2022-03-26 01:07:20,594] {scheduler_job.py:190} INFO - Processing /opt/airflow/dags/JobCuratedChurn_0.2/lib/advancedPersistentLookupLib-1.3.jar took 0.447 seconds
[2022-03-26 01:08:08,024] {scheduler_job.py:182} INFO - Started process (PID=2123) to work on /opt/airflow/dags/JobCuratedChurn_0.2/lib/advancedPersistentLookupLib-1.3.jar
[2022-03-26 01:08:08,069] {scheduler_job.py:629} INFO - Processing file /opt/airflow/dags/JobCuratedChurn_0.2/lib/advancedPersistentLookupLib-1.3.jar for tasks to queue
[2022-03-26 01:08:08,078] {logging_mixin.py:104} INFO - [2022-03-26 01:08:08,077] {dagbag.py:448} INFO - Filling up the DagBag from /opt/airflow/dags/JobCuratedChurn_0.2/lib/advancedPersistentLookupLib-1.3.jar
[2022-03-26 01:08:08,213] {scheduler_job.py:641} WARNING - No viable dags retrieved from /opt/airflow/dags/JobCuratedChurn_0.2/lib/advancedPersistentLookupLib-1.3.jar
[2022-03-26 01:08:08,431] {scheduler_job.py:190} INFO - Processing /opt/airflow/dags/JobCuratedChurn_0.2/lib/advancedPersistentLookupLib-1.3.jar took 0.518 seconds
[2022-03-26 01:08:24,965] {scheduler_job.py:182} INFO - Started process (PID=2034) to work on /opt/airflow/dags/JobCuratedChurn_0.2/lib/advancedPersistentLookupLib-1.3.jar
[2022-03-26 01:08:24,992] {scheduler_job.py:629} INFO - Processing file /opt/airflow/dags/JobCuratedChurn_0.2/lib/advancedPersistentLookupLib-1.3.jar for tasks to queue
[2022-03-26 01:08:25,027] {logging_mixin.py:104} INFO - [2022-03-26 01:08:25,026] {dagbag.py:448} INFO - Filling up the DagBag from /opt/airflow/dags/JobCuratedChurn_0.2/lib/advancedPersistentLookupLib-1.3.jar
[2022-03-26 01:08:25,195] {scheduler_job.py:641} WARNING - No viable dags retrieved from /opt/airflow/dags/JobCuratedChurn_0.2/lib/advancedPersistentLookupLib-1.3.jar
[2022-03-26 01:08:25,446] {scheduler_job.py:190} INFO - Processing /opt/airflow/dags/JobCuratedChurn_0.2/lib/advancedPersistentLookupLib-1.3.jar took 0.601 seconds
[2022-03-26 01:08:47,104] {scheduler_job.py:182} INFO - Started process (PID=2189) to work on /opt/airflow/dags/JobCuratedChurn_0.2/lib/advancedPersistentLookupLib-1.3.jar
[2022-03-26 01:08:47,121] {scheduler_job.py:629} INFO - Processing file /opt/airflow/dags/JobCuratedChurn_0.2/lib/advancedPersistentLookupLib-1.3.jar for tasks to queue
[2022-03-26 01:08:47,139] {logging_mixin.py:104} INFO - [2022-03-26 01:08:47,134] {dagbag.py:448} INFO - Filling up the DagBag from /opt/airflow/dags/JobCuratedChurn_0.2/lib/advancedPersistentLookupLib-1.3.jar
[2022-03-26 01:08:47,194] {scheduler_job.py:641} WARNING - No viable dags retrieved from /opt/airflow/dags/JobCuratedChurn_0.2/lib/advancedPersistentLookupLib-1.3.jar
[2022-03-26 01:08:47,322] {scheduler_job.py:190} INFO - Processing /opt/airflow/dags/JobCuratedChurn_0.2/lib/advancedPersistentLookupLib-1.3.jar took 0.255 seconds
[2022-03-26 01:09:22,780] {scheduler_job.py:182} INFO - Started process (PID=2265) to work on /opt/airflow/dags/JobCuratedChurn_0.2/lib/advancedPersistentLookupLib-1.3.jar
[2022-03-26 01:09:22,809] {scheduler_job.py:629} INFO - Processing file /opt/airflow/dags/JobCuratedChurn_0.2/lib/advancedPersistentLookupLib-1.3.jar for tasks to queue
[2022-03-26 01:09:22,815] {logging_mixin.py:104} INFO - [2022-03-26 01:09:22,815] {dagbag.py:448} INFO - Filling up the DagBag from /opt/airflow/dags/JobCuratedChurn_0.2/lib/advancedPersistentLookupLib-1.3.jar
[2022-03-26 01:09:22,875] {scheduler_job.py:641} WARNING - No viable dags retrieved from /opt/airflow/dags/JobCuratedChurn_0.2/lib/advancedPersistentLookupLib-1.3.jar
[2022-03-26 01:09:23,099] {scheduler_job.py:190} INFO - Processing /opt/airflow/dags/JobCuratedChurn_0.2/lib/advancedPersistentLookupLib-1.3.jar took 0.363 seconds
[2022-03-26 01:09:37,362] {scheduler_job.py:182} INFO - Started process (PID=2178) to work on /opt/airflow/dags/JobCuratedChurn_0.2/lib/advancedPersistentLookupLib-1.3.jar
[2022-03-26 01:09:37,404] {scheduler_job.py:629} INFO - Processing file /opt/airflow/dags/JobCuratedChurn_0.2/lib/advancedPersistentLookupLib-1.3.jar for tasks to queue
[2022-03-26 01:09:37,479] {logging_mixin.py:104} INFO - [2022-03-26 01:09:37,479] {dagbag.py:448} INFO - Filling up the DagBag from /opt/airflow/dags/JobCuratedChurn_0.2/lib/advancedPersistentLookupLib-1.3.jar
[2022-03-26 01:09:37,570] {scheduler_job.py:641} WARNING - No viable dags retrieved from /opt/airflow/dags/JobCuratedChurn_0.2/lib/advancedPersistentLookupLib-1.3.jar
[2022-03-26 01:09:38,005] {scheduler_job.py:190} INFO - Processing /opt/airflow/dags/JobCuratedChurn_0.2/lib/advancedPersistentLookupLib-1.3.jar took 0.725 seconds
[2022-03-26 01:10:10,128] {scheduler_job.py:182} INFO - Started process (PID=2342) to work on /opt/airflow/dags/JobCuratedChurn_0.2/lib/advancedPersistentLookupLib-1.3.jar
[2022-03-26 01:10:10,159] {scheduler_job.py:629} INFO - Processing file /opt/airflow/dags/JobCuratedChurn_0.2/lib/advancedPersistentLookupLib-1.3.jar for tasks to queue
[2022-03-26 01:10:10,164] {logging_mixin.py:104} INFO - [2022-03-26 01:10:10,164] {dagbag.py:448} INFO - Filling up the DagBag from /opt/airflow/dags/JobCuratedChurn_0.2/lib/advancedPersistentLookupLib-1.3.jar
[2022-03-26 01:10:10,238] {scheduler_job.py:641} WARNING - No viable dags retrieved from /opt/airflow/dags/JobCuratedChurn_0.2/lib/advancedPersistentLookupLib-1.3.jar
[2022-03-26 01:10:10,454] {scheduler_job.py:190} INFO - Processing /opt/airflow/dags/JobCuratedChurn_0.2/lib/advancedPersistentLookupLib-1.3.jar took 0.369 seconds
[2022-03-26 01:11:08,915] {scheduler_job.py:182} INFO - Started process (PID=2428) to work on /opt/airflow/dags/JobCuratedChurn_0.2/lib/advancedPersistentLookupLib-1.3.jar
[2022-03-26 01:11:09,143] {scheduler_job.py:629} INFO - Processing file /opt/airflow/dags/JobCuratedChurn_0.2/lib/advancedPersistentLookupLib-1.3.jar for tasks to queue
[2022-03-26 01:11:09,155] {logging_mixin.py:104} INFO - [2022-03-26 01:11:09,155] {dagbag.py:448} INFO - Filling up the DagBag from /opt/airflow/dags/JobCuratedChurn_0.2/lib/advancedPersistentLookupLib-1.3.jar
[2022-03-26 01:11:09,464] {scheduler_job.py:641} WARNING - No viable dags retrieved from /opt/airflow/dags/JobCuratedChurn_0.2/lib/advancedPersistentLookupLib-1.3.jar
[2022-03-26 01:11:09,710] {scheduler_job.py:190} INFO - Processing /opt/airflow/dags/JobCuratedChurn_0.2/lib/advancedPersistentLookupLib-1.3.jar took 0.858 seconds
[2022-03-26 01:11:23,067] {scheduler_job.py:182} INFO - Started process (PID=2354) to work on /opt/airflow/dags/JobCuratedChurn_0.2/lib/advancedPersistentLookupLib-1.3.jar
[2022-03-26 01:11:23,087] {scheduler_job.py:629} INFO - Processing file /opt/airflow/dags/JobCuratedChurn_0.2/lib/advancedPersistentLookupLib-1.3.jar for tasks to queue
[2022-03-26 01:11:23,110] {logging_mixin.py:104} INFO - [2022-03-26 01:11:23,109] {dagbag.py:448} INFO - Filling up the DagBag from /opt/airflow/dags/JobCuratedChurn_0.2/lib/advancedPersistentLookupLib-1.3.jar
[2022-03-26 01:11:23,677] {scheduler_job.py:641} WARNING - No viable dags retrieved from /opt/airflow/dags/JobCuratedChurn_0.2/lib/advancedPersistentLookupLib-1.3.jar
[2022-03-26 01:11:24,848] {scheduler_job.py:190} INFO - Processing /opt/airflow/dags/JobCuratedChurn_0.2/lib/advancedPersistentLookupLib-1.3.jar took 1.990 seconds
[2022-03-26 01:11:56,506] {scheduler_job.py:182} INFO - Started process (PID=2510) to work on /opt/airflow/dags/JobCuratedChurn_0.2/lib/advancedPersistentLookupLib-1.3.jar
[2022-03-26 01:11:56,515] {scheduler_job.py:629} INFO - Processing file /opt/airflow/dags/JobCuratedChurn_0.2/lib/advancedPersistentLookupLib-1.3.jar for tasks to queue
[2022-03-26 01:11:56,534] {logging_mixin.py:104} INFO - [2022-03-26 01:11:56,534] {dagbag.py:448} INFO - Filling up the DagBag from /opt/airflow/dags/JobCuratedChurn_0.2/lib/advancedPersistentLookupLib-1.3.jar
[2022-03-26 01:11:56,621] {scheduler_job.py:641} WARNING - No viable dags retrieved from /opt/airflow/dags/JobCuratedChurn_0.2/lib/advancedPersistentLookupLib-1.3.jar
[2022-03-26 01:11:57,096] {scheduler_job.py:190} INFO - Processing /opt/airflow/dags/JobCuratedChurn_0.2/lib/advancedPersistentLookupLib-1.3.jar took 0.659 seconds
[2022-03-26 01:12:33,695] {scheduler_job.py:182} INFO - Started process (PID=2587) to work on /opt/airflow/dags/JobCuratedChurn_0.2/lib/advancedPersistentLookupLib-1.3.jar
[2022-03-26 01:12:33,707] {scheduler_job.py:629} INFO - Processing file /opt/airflow/dags/JobCuratedChurn_0.2/lib/advancedPersistentLookupLib-1.3.jar for tasks to queue
[2022-03-26 01:12:33,715] {logging_mixin.py:104} INFO - [2022-03-26 01:12:33,715] {dagbag.py:448} INFO - Filling up the DagBag from /opt/airflow/dags/JobCuratedChurn_0.2/lib/advancedPersistentLookupLib-1.3.jar
[2022-03-26 01:12:33,786] {scheduler_job.py:641} WARNING - No viable dags retrieved from /opt/airflow/dags/JobCuratedChurn_0.2/lib/advancedPersistentLookupLib-1.3.jar
[2022-03-26 01:12:33,871] {scheduler_job.py:190} INFO - Processing /opt/airflow/dags/JobCuratedChurn_0.2/lib/advancedPersistentLookupLib-1.3.jar took 0.244 seconds
[2022-03-26 01:12:42,721] {scheduler_job.py:182} INFO - Started process (PID=2505) to work on /opt/airflow/dags/JobCuratedChurn_0.2/lib/advancedPersistentLookupLib-1.3.jar
[2022-03-26 01:12:42,744] {scheduler_job.py:629} INFO - Processing file /opt/airflow/dags/JobCuratedChurn_0.2/lib/advancedPersistentLookupLib-1.3.jar for tasks to queue
[2022-03-26 01:12:42,767] {logging_mixin.py:104} INFO - [2022-03-26 01:12:42,766] {dagbag.py:448} INFO - Filling up the DagBag from /opt/airflow/dags/JobCuratedChurn_0.2/lib/advancedPersistentLookupLib-1.3.jar
[2022-03-26 01:12:42,844] {scheduler_job.py:641} WARNING - No viable dags retrieved from /opt/airflow/dags/JobCuratedChurn_0.2/lib/advancedPersistentLookupLib-1.3.jar
[2022-03-26 01:12:43,164] {scheduler_job.py:190} INFO - Processing /opt/airflow/dags/JobCuratedChurn_0.2/lib/advancedPersistentLookupLib-1.3.jar took 0.545 seconds
[2022-03-26 01:13:21,566] {scheduler_job.py:182} INFO - Started process (PID=2674) to work on /opt/airflow/dags/JobCuratedChurn_0.2/lib/advancedPersistentLookupLib-1.3.jar
[2022-03-26 01:13:21,585] {scheduler_job.py:629} INFO - Processing file /opt/airflow/dags/JobCuratedChurn_0.2/lib/advancedPersistentLookupLib-1.3.jar for tasks to queue
[2022-03-26 01:13:21,612] {logging_mixin.py:104} INFO - [2022-03-26 01:13:21,612] {dagbag.py:448} INFO - Filling up the DagBag from /opt/airflow/dags/JobCuratedChurn_0.2/lib/advancedPersistentLookupLib-1.3.jar
[2022-03-26 01:13:21,645] {scheduler_job.py:641} WARNING - No viable dags retrieved from /opt/airflow/dags/JobCuratedChurn_0.2/lib/advancedPersistentLookupLib-1.3.jar
[2022-03-26 01:13:21,804] {scheduler_job.py:190} INFO - Processing /opt/airflow/dags/JobCuratedChurn_0.2/lib/advancedPersistentLookupLib-1.3.jar took 0.255 seconds
[2022-03-26 01:14:05,473] {scheduler_job.py:182} INFO - Started process (PID=2747) to work on /opt/airflow/dags/JobCuratedChurn_0.2/lib/advancedPersistentLookupLib-1.3.jar
[2022-03-26 01:14:05,493] {scheduler_job.py:629} INFO - Processing file /opt/airflow/dags/JobCuratedChurn_0.2/lib/advancedPersistentLookupLib-1.3.jar for tasks to queue
[2022-03-26 01:14:05,510] {logging_mixin.py:104} INFO - [2022-03-26 01:14:05,509] {dagbag.py:448} INFO - Filling up the DagBag from /opt/airflow/dags/JobCuratedChurn_0.2/lib/advancedPersistentLookupLib-1.3.jar
[2022-03-26 01:14:05,562] {scheduler_job.py:641} WARNING - No viable dags retrieved from /opt/airflow/dags/JobCuratedChurn_0.2/lib/advancedPersistentLookupLib-1.3.jar
[2022-03-26 01:14:05,683] {scheduler_job.py:190} INFO - Processing /opt/airflow/dags/JobCuratedChurn_0.2/lib/advancedPersistentLookupLib-1.3.jar took 0.253 seconds
[2022-03-26 01:14:09,881] {scheduler_job.py:182} INFO - Started process (PID=2667) to work on /opt/airflow/dags/JobCuratedChurn_0.2/lib/advancedPersistentLookupLib-1.3.jar
[2022-03-26 01:14:09,964] {scheduler_job.py:629} INFO - Processing file /opt/airflow/dags/JobCuratedChurn_0.2/lib/advancedPersistentLookupLib-1.3.jar for tasks to queue
[2022-03-26 01:14:09,973] {logging_mixin.py:104} INFO - [2022-03-26 01:14:09,972] {dagbag.py:448} INFO - Filling up the DagBag from /opt/airflow/dags/JobCuratedChurn_0.2/lib/advancedPersistentLookupLib-1.3.jar
[2022-03-26 01:14:10,140] {scheduler_job.py:641} WARNING - No viable dags retrieved from /opt/airflow/dags/JobCuratedChurn_0.2/lib/advancedPersistentLookupLib-1.3.jar
[2022-03-26 01:14:10,526] {scheduler_job.py:190} INFO - Processing /opt/airflow/dags/JobCuratedChurn_0.2/lib/advancedPersistentLookupLib-1.3.jar took 0.789 seconds
[2022-03-26 01:14:50,854] {scheduler_job.py:182} INFO - Started process (PID=2833) to work on /opt/airflow/dags/JobCuratedChurn_0.2/lib/advancedPersistentLookupLib-1.3.jar
[2022-03-26 01:14:50,884] {scheduler_job.py:629} INFO - Processing file /opt/airflow/dags/JobCuratedChurn_0.2/lib/advancedPersistentLookupLib-1.3.jar for tasks to queue
[2022-03-26 01:14:50,892] {logging_mixin.py:104} INFO - [2022-03-26 01:14:50,891] {dagbag.py:448} INFO - Filling up the DagBag from /opt/airflow/dags/JobCuratedChurn_0.2/lib/advancedPersistentLookupLib-1.3.jar
[2022-03-26 01:14:50,972] {scheduler_job.py:641} WARNING - No viable dags retrieved from /opt/airflow/dags/JobCuratedChurn_0.2/lib/advancedPersistentLookupLib-1.3.jar
[2022-03-26 01:14:51,062] {scheduler_job.py:190} INFO - Processing /opt/airflow/dags/JobCuratedChurn_0.2/lib/advancedPersistentLookupLib-1.3.jar took 0.301 seconds
