[2022-03-26 00:50:47,702] {scheduler_job.py:182} INFO - Started process (PID=796) to work on /opt/airflow/dags/JobCuratedChurn_0.2/lib/commons-collections-3.2.2.jar
[2022-03-26 00:50:47,706] {scheduler_job.py:629} INFO - Processing file /opt/airflow/dags/JobCuratedChurn_0.2/lib/commons-collections-3.2.2.jar for tasks to queue
[2022-03-26 00:50:47,712] {logging_mixin.py:104} INFO - [2022-03-26 00:50:47,712] {dagbag.py:448} INFO - Filling up the DagBag from /opt/airflow/dags/JobCuratedChurn_0.2/lib/commons-collections-3.2.2.jar
[2022-03-26 00:50:47,779] {scheduler_job.py:641} WARNING - No viable dags retrieved from /opt/airflow/dags/JobCuratedChurn_0.2/lib/commons-collections-3.2.2.jar
[2022-03-26 00:50:47,829] {scheduler_job.py:190} INFO - Processing /opt/airflow/dags/JobCuratedChurn_0.2/lib/commons-collections-3.2.2.jar took 0.158 seconds
[2022-03-26 00:51:18,572] {scheduler_job.py:182} INFO - Started process (PID=838) to work on /opt/airflow/dags/JobCuratedChurn_0.2/lib/commons-collections-3.2.2.jar
[2022-03-26 00:51:18,584] {scheduler_job.py:629} INFO - Processing file /opt/airflow/dags/JobCuratedChurn_0.2/lib/commons-collections-3.2.2.jar for tasks to queue
[2022-03-26 00:51:18,588] {logging_mixin.py:104} INFO - [2022-03-26 00:51:18,588] {dagbag.py:448} INFO - Filling up the DagBag from /opt/airflow/dags/JobCuratedChurn_0.2/lib/commons-collections-3.2.2.jar
[2022-03-26 00:51:18,670] {scheduler_job.py:641} WARNING - No viable dags retrieved from /opt/airflow/dags/JobCuratedChurn_0.2/lib/commons-collections-3.2.2.jar
[2022-03-26 00:51:18,776] {scheduler_job.py:190} INFO - Processing /opt/airflow/dags/JobCuratedChurn_0.2/lib/commons-collections-3.2.2.jar took 0.234 seconds
[2022-03-26 00:51:49,155] {scheduler_job.py:182} INFO - Started process (PID=878) to work on /opt/airflow/dags/JobCuratedChurn_0.2/lib/commons-collections-3.2.2.jar
[2022-03-26 00:51:49,188] {scheduler_job.py:629} INFO - Processing file /opt/airflow/dags/JobCuratedChurn_0.2/lib/commons-collections-3.2.2.jar for tasks to queue
[2022-03-26 00:51:49,202] {logging_mixin.py:104} INFO - [2022-03-26 00:51:49,195] {dagbag.py:448} INFO - Filling up the DagBag from /opt/airflow/dags/JobCuratedChurn_0.2/lib/commons-collections-3.2.2.jar
[2022-03-26 00:51:49,435] {scheduler_job.py:641} WARNING - No viable dags retrieved from /opt/airflow/dags/JobCuratedChurn_0.2/lib/commons-collections-3.2.2.jar
[2022-03-26 00:51:49,594] {scheduler_job.py:190} INFO - Processing /opt/airflow/dags/JobCuratedChurn_0.2/lib/commons-collections-3.2.2.jar took 0.491 seconds
[2022-03-26 00:52:21,685] {scheduler_job.py:182} INFO - Started process (PID=919) to work on /opt/airflow/dags/JobCuratedChurn_0.2/lib/commons-collections-3.2.2.jar
[2022-03-26 00:52:21,700] {scheduler_job.py:629} INFO - Processing file /opt/airflow/dags/JobCuratedChurn_0.2/lib/commons-collections-3.2.2.jar for tasks to queue
[2022-03-26 00:52:21,708] {logging_mixin.py:104} INFO - [2022-03-26 00:52:21,707] {dagbag.py:448} INFO - Filling up the DagBag from /opt/airflow/dags/JobCuratedChurn_0.2/lib/commons-collections-3.2.2.jar
[2022-03-26 00:52:21,886] {scheduler_job.py:641} WARNING - No viable dags retrieved from /opt/airflow/dags/JobCuratedChurn_0.2/lib/commons-collections-3.2.2.jar
[2022-03-26 00:52:22,100] {scheduler_job.py:190} INFO - Processing /opt/airflow/dags/JobCuratedChurn_0.2/lib/commons-collections-3.2.2.jar took 0.488 seconds
[2022-03-26 00:53:23,301] {scheduler_job.py:182} INFO - Started process (PID=974) to work on /opt/airflow/dags/JobCuratedChurn_0.2/lib/commons-collections-3.2.2.jar
[2022-03-26 00:53:23,331] {scheduler_job.py:629} INFO - Processing file /opt/airflow/dags/JobCuratedChurn_0.2/lib/commons-collections-3.2.2.jar for tasks to queue
[2022-03-26 00:53:23,339] {logging_mixin.py:104} INFO - [2022-03-26 00:53:23,338] {dagbag.py:448} INFO - Filling up the DagBag from /opt/airflow/dags/JobCuratedChurn_0.2/lib/commons-collections-3.2.2.jar
[2022-03-26 00:53:23,592] {scheduler_job.py:641} WARNING - No viable dags retrieved from /opt/airflow/dags/JobCuratedChurn_0.2/lib/commons-collections-3.2.2.jar
[2022-03-26 00:53:23,734] {scheduler_job.py:190} INFO - Processing /opt/airflow/dags/JobCuratedChurn_0.2/lib/commons-collections-3.2.2.jar took 0.540 seconds
[2022-03-26 00:53:54,163] {scheduler_job.py:182} INFO - Started process (PID=1016) to work on /opt/airflow/dags/JobCuratedChurn_0.2/lib/commons-collections-3.2.2.jar
[2022-03-26 00:53:54,173] {scheduler_job.py:629} INFO - Processing file /opt/airflow/dags/JobCuratedChurn_0.2/lib/commons-collections-3.2.2.jar for tasks to queue
[2022-03-26 00:53:54,185] {logging_mixin.py:104} INFO - [2022-03-26 00:53:54,184] {dagbag.py:448} INFO - Filling up the DagBag from /opt/airflow/dags/JobCuratedChurn_0.2/lib/commons-collections-3.2.2.jar
[2022-03-26 00:53:54,313] {scheduler_job.py:641} WARNING - No viable dags retrieved from /opt/airflow/dags/JobCuratedChurn_0.2/lib/commons-collections-3.2.2.jar
[2022-03-26 00:53:54,521] {scheduler_job.py:190} INFO - Processing /opt/airflow/dags/JobCuratedChurn_0.2/lib/commons-collections-3.2.2.jar took 0.389 seconds
[2022-03-26 00:54:25,020] {scheduler_job.py:182} INFO - Started process (PID=1058) to work on /opt/airflow/dags/JobCuratedChurn_0.2/lib/commons-collections-3.2.2.jar
[2022-03-26 00:54:25,039] {scheduler_job.py:629} INFO - Processing file /opt/airflow/dags/JobCuratedChurn_0.2/lib/commons-collections-3.2.2.jar for tasks to queue
[2022-03-26 00:54:25,051] {logging_mixin.py:104} INFO - [2022-03-26 00:54:25,049] {dagbag.py:448} INFO - Filling up the DagBag from /opt/airflow/dags/JobCuratedChurn_0.2/lib/commons-collections-3.2.2.jar
[2022-03-26 00:54:25,127] {scheduler_job.py:641} WARNING - No viable dags retrieved from /opt/airflow/dags/JobCuratedChurn_0.2/lib/commons-collections-3.2.2.jar
[2022-03-26 00:54:25,195] {scheduler_job.py:190} INFO - Processing /opt/airflow/dags/JobCuratedChurn_0.2/lib/commons-collections-3.2.2.jar took 0.201 seconds
[2022-03-26 00:54:55,319] {scheduler_job.py:182} INFO - Started process (PID=1100) to work on /opt/airflow/dags/JobCuratedChurn_0.2/lib/commons-collections-3.2.2.jar
[2022-03-26 00:54:55,323] {scheduler_job.py:629} INFO - Processing file /opt/airflow/dags/JobCuratedChurn_0.2/lib/commons-collections-3.2.2.jar for tasks to queue
[2022-03-26 00:54:55,327] {logging_mixin.py:104} INFO - [2022-03-26 00:54:55,326] {dagbag.py:448} INFO - Filling up the DagBag from /opt/airflow/dags/JobCuratedChurn_0.2/lib/commons-collections-3.2.2.jar
[2022-03-26 00:54:55,356] {scheduler_job.py:641} WARNING - No viable dags retrieved from /opt/airflow/dags/JobCuratedChurn_0.2/lib/commons-collections-3.2.2.jar
[2022-03-26 00:54:55,413] {scheduler_job.py:190} INFO - Processing /opt/airflow/dags/JobCuratedChurn_0.2/lib/commons-collections-3.2.2.jar took 0.100 seconds
[2022-03-26 00:55:25,594] {scheduler_job.py:182} INFO - Started process (PID=1142) to work on /opt/airflow/dags/JobCuratedChurn_0.2/lib/commons-collections-3.2.2.jar
[2022-03-26 00:55:25,609] {scheduler_job.py:629} INFO - Processing file /opt/airflow/dags/JobCuratedChurn_0.2/lib/commons-collections-3.2.2.jar for tasks to queue
[2022-03-26 00:55:25,615] {logging_mixin.py:104} INFO - [2022-03-26 00:55:25,614] {dagbag.py:448} INFO - Filling up the DagBag from /opt/airflow/dags/JobCuratedChurn_0.2/lib/commons-collections-3.2.2.jar
[2022-03-26 00:55:25,660] {scheduler_job.py:641} WARNING - No viable dags retrieved from /opt/airflow/dags/JobCuratedChurn_0.2/lib/commons-collections-3.2.2.jar
[2022-03-26 00:55:25,711] {scheduler_job.py:190} INFO - Processing /opt/airflow/dags/JobCuratedChurn_0.2/lib/commons-collections-3.2.2.jar took 0.138 seconds
[2022-03-26 00:55:57,744] {scheduler_job.py:182} INFO - Started process (PID=1184) to work on /opt/airflow/dags/JobCuratedChurn_0.2/lib/commons-collections-3.2.2.jar
[2022-03-26 00:55:57,761] {scheduler_job.py:629} INFO - Processing file /opt/airflow/dags/JobCuratedChurn_0.2/lib/commons-collections-3.2.2.jar for tasks to queue
[2022-03-26 00:55:57,774] {logging_mixin.py:104} INFO - [2022-03-26 00:55:57,773] {dagbag.py:448} INFO - Filling up the DagBag from /opt/airflow/dags/JobCuratedChurn_0.2/lib/commons-collections-3.2.2.jar
[2022-03-26 00:55:57,883] {scheduler_job.py:641} WARNING - No viable dags retrieved from /opt/airflow/dags/JobCuratedChurn_0.2/lib/commons-collections-3.2.2.jar
[2022-03-26 00:55:58,005] {scheduler_job.py:190} INFO - Processing /opt/airflow/dags/JobCuratedChurn_0.2/lib/commons-collections-3.2.2.jar took 0.281 seconds
[2022-03-26 00:56:28,137] {scheduler_job.py:182} INFO - Started process (PID=1226) to work on /opt/airflow/dags/JobCuratedChurn_0.2/lib/commons-collections-3.2.2.jar
[2022-03-26 00:56:28,142] {scheduler_job.py:629} INFO - Processing file /opt/airflow/dags/JobCuratedChurn_0.2/lib/commons-collections-3.2.2.jar for tasks to queue
[2022-03-26 00:56:28,148] {logging_mixin.py:104} INFO - [2022-03-26 00:56:28,147] {dagbag.py:448} INFO - Filling up the DagBag from /opt/airflow/dags/JobCuratedChurn_0.2/lib/commons-collections-3.2.2.jar
[2022-03-26 00:56:28,189] {scheduler_job.py:641} WARNING - No viable dags retrieved from /opt/airflow/dags/JobCuratedChurn_0.2/lib/commons-collections-3.2.2.jar
[2022-03-26 00:56:28,226] {scheduler_job.py:190} INFO - Processing /opt/airflow/dags/JobCuratedChurn_0.2/lib/commons-collections-3.2.2.jar took 0.102 seconds
[2022-03-26 00:56:58,470] {scheduler_job.py:182} INFO - Started process (PID=1265) to work on /opt/airflow/dags/JobCuratedChurn_0.2/lib/commons-collections-3.2.2.jar
[2022-03-26 00:56:58,509] {scheduler_job.py:629} INFO - Processing file /opt/airflow/dags/JobCuratedChurn_0.2/lib/commons-collections-3.2.2.jar for tasks to queue
[2022-03-26 00:56:58,522] {logging_mixin.py:104} INFO - [2022-03-26 00:56:58,522] {dagbag.py:448} INFO - Filling up the DagBag from /opt/airflow/dags/JobCuratedChurn_0.2/lib/commons-collections-3.2.2.jar
[2022-03-26 00:56:58,925] {scheduler_job.py:641} WARNING - No viable dags retrieved from /opt/airflow/dags/JobCuratedChurn_0.2/lib/commons-collections-3.2.2.jar
[2022-03-26 00:56:59,126] {scheduler_job.py:190} INFO - Processing /opt/airflow/dags/JobCuratedChurn_0.2/lib/commons-collections-3.2.2.jar took 0.707 seconds
[2022-03-26 00:57:29,796] {scheduler_job.py:182} INFO - Started process (PID=1307) to work on /opt/airflow/dags/JobCuratedChurn_0.2/lib/commons-collections-3.2.2.jar
[2022-03-26 00:57:29,801] {scheduler_job.py:629} INFO - Processing file /opt/airflow/dags/JobCuratedChurn_0.2/lib/commons-collections-3.2.2.jar for tasks to queue
[2022-03-26 00:57:29,805] {logging_mixin.py:104} INFO - [2022-03-26 00:57:29,804] {dagbag.py:448} INFO - Filling up the DagBag from /opt/airflow/dags/JobCuratedChurn_0.2/lib/commons-collections-3.2.2.jar
[2022-03-26 00:57:29,854] {scheduler_job.py:641} WARNING - No viable dags retrieved from /opt/airflow/dags/JobCuratedChurn_0.2/lib/commons-collections-3.2.2.jar
[2022-03-26 00:57:29,900] {scheduler_job.py:190} INFO - Processing /opt/airflow/dags/JobCuratedChurn_0.2/lib/commons-collections-3.2.2.jar took 0.116 seconds
[2022-03-26 00:58:00,269] {scheduler_job.py:182} INFO - Started process (PID=1349) to work on /opt/airflow/dags/JobCuratedChurn_0.2/lib/commons-collections-3.2.2.jar
[2022-03-26 00:58:00,280] {scheduler_job.py:629} INFO - Processing file /opt/airflow/dags/JobCuratedChurn_0.2/lib/commons-collections-3.2.2.jar for tasks to queue
[2022-03-26 00:58:00,295] {logging_mixin.py:104} INFO - [2022-03-26 00:58:00,295] {dagbag.py:448} INFO - Filling up the DagBag from /opt/airflow/dags/JobCuratedChurn_0.2/lib/commons-collections-3.2.2.jar
[2022-03-26 00:58:00,352] {scheduler_job.py:641} WARNING - No viable dags retrieved from /opt/airflow/dags/JobCuratedChurn_0.2/lib/commons-collections-3.2.2.jar
[2022-03-26 00:58:00,393] {scheduler_job.py:190} INFO - Processing /opt/airflow/dags/JobCuratedChurn_0.2/lib/commons-collections-3.2.2.jar took 0.139 seconds
[2022-03-26 00:58:32,763] {scheduler_job.py:182} INFO - Started process (PID=1391) to work on /opt/airflow/dags/JobCuratedChurn_0.2/lib/commons-collections-3.2.2.jar
[2022-03-26 00:58:33,194] {scheduler_job.py:629} INFO - Processing file /opt/airflow/dags/JobCuratedChurn_0.2/lib/commons-collections-3.2.2.jar for tasks to queue
[2022-03-26 00:58:33,225] {logging_mixin.py:104} INFO - [2022-03-26 00:58:33,220] {dagbag.py:448} INFO - Filling up the DagBag from /opt/airflow/dags/JobCuratedChurn_0.2/lib/commons-collections-3.2.2.jar
[2022-03-26 00:58:33,985] {scheduler_job.py:641} WARNING - No viable dags retrieved from /opt/airflow/dags/JobCuratedChurn_0.2/lib/commons-collections-3.2.2.jar
[2022-03-26 00:58:34,280] {scheduler_job.py:190} INFO - Processing /opt/airflow/dags/JobCuratedChurn_0.2/lib/commons-collections-3.2.2.jar took 1.822 seconds
[2022-03-26 00:59:17,342] {scheduler_job.py:182} INFO - Started process (PID=1435) to work on /opt/airflow/dags/JobCuratedChurn_0.2/lib/commons-collections-3.2.2.jar
[2022-03-26 00:59:17,360] {scheduler_job.py:629} INFO - Processing file /opt/airflow/dags/JobCuratedChurn_0.2/lib/commons-collections-3.2.2.jar for tasks to queue
[2022-03-26 00:59:17,401] {logging_mixin.py:104} INFO - [2022-03-26 00:59:17,401] {dagbag.py:448} INFO - Filling up the DagBag from /opt/airflow/dags/JobCuratedChurn_0.2/lib/commons-collections-3.2.2.jar
[2022-03-26 00:59:17,558] {scheduler_job.py:641} WARNING - No viable dags retrieved from /opt/airflow/dags/JobCuratedChurn_0.2/lib/commons-collections-3.2.2.jar
[2022-03-26 00:59:17,709] {scheduler_job.py:190} INFO - Processing /opt/airflow/dags/JobCuratedChurn_0.2/lib/commons-collections-3.2.2.jar took 0.403 seconds
[2022-03-26 00:59:47,925] {scheduler_job.py:182} INFO - Started process (PID=1476) to work on /opt/airflow/dags/JobCuratedChurn_0.2/lib/commons-collections-3.2.2.jar
[2022-03-26 00:59:47,938] {scheduler_job.py:629} INFO - Processing file /opt/airflow/dags/JobCuratedChurn_0.2/lib/commons-collections-3.2.2.jar for tasks to queue
[2022-03-26 00:59:47,956] {logging_mixin.py:104} INFO - [2022-03-26 00:59:47,956] {dagbag.py:448} INFO - Filling up the DagBag from /opt/airflow/dags/JobCuratedChurn_0.2/lib/commons-collections-3.2.2.jar
[2022-03-26 00:59:48,026] {scheduler_job.py:641} WARNING - No viable dags retrieved from /opt/airflow/dags/JobCuratedChurn_0.2/lib/commons-collections-3.2.2.jar
[2022-03-26 00:59:48,079] {scheduler_job.py:190} INFO - Processing /opt/airflow/dags/JobCuratedChurn_0.2/lib/commons-collections-3.2.2.jar took 0.188 seconds
[2022-03-26 01:00:19,547] {scheduler_job.py:182} INFO - Started process (PID=1518) to work on /opt/airflow/dags/JobCuratedChurn_0.2/lib/commons-collections-3.2.2.jar
[2022-03-26 01:00:19,556] {scheduler_job.py:629} INFO - Processing file /opt/airflow/dags/JobCuratedChurn_0.2/lib/commons-collections-3.2.2.jar for tasks to queue
[2022-03-26 01:00:19,565] {logging_mixin.py:104} INFO - [2022-03-26 01:00:19,565] {dagbag.py:448} INFO - Filling up the DagBag from /opt/airflow/dags/JobCuratedChurn_0.2/lib/commons-collections-3.2.2.jar
[2022-03-26 01:00:19,622] {scheduler_job.py:641} WARNING - No viable dags retrieved from /opt/airflow/dags/JobCuratedChurn_0.2/lib/commons-collections-3.2.2.jar
[2022-03-26 01:00:19,673] {scheduler_job.py:190} INFO - Processing /opt/airflow/dags/JobCuratedChurn_0.2/lib/commons-collections-3.2.2.jar took 0.167 seconds
[2022-03-26 01:00:43,223] {scheduler_job.py:182} INFO - Started process (PID=1258) to work on /opt/airflow/dags/JobCuratedChurn_0.2/lib/commons-collections-3.2.2.jar
[2022-03-26 01:00:43,448] {scheduler_job.py:629} INFO - Processing file /opt/airflow/dags/JobCuratedChurn_0.2/lib/commons-collections-3.2.2.jar for tasks to queue
[2022-03-26 01:00:43,558] {logging_mixin.py:104} INFO - [2022-03-26 01:00:43,557] {dagbag.py:448} INFO - Filling up the DagBag from /opt/airflow/dags/JobCuratedChurn_0.2/lib/commons-collections-3.2.2.jar
[2022-03-26 01:00:45,575] {scheduler_job.py:641} WARNING - No viable dags retrieved from /opt/airflow/dags/JobCuratedChurn_0.2/lib/commons-collections-3.2.2.jar
[2022-03-26 01:00:46,331] {scheduler_job.py:190} INFO - Processing /opt/airflow/dags/JobCuratedChurn_0.2/lib/commons-collections-3.2.2.jar took 3.598 seconds
[2022-03-26 01:01:13,758] {scheduler_job.py:182} INFO - Started process (PID=1563) to work on /opt/airflow/dags/JobCuratedChurn_0.2/lib/commons-collections-3.2.2.jar
[2022-03-26 01:01:13,791] {scheduler_job.py:629} INFO - Processing file /opt/airflow/dags/JobCuratedChurn_0.2/lib/commons-collections-3.2.2.jar for tasks to queue
[2022-03-26 01:01:13,857] {logging_mixin.py:104} INFO - [2022-03-26 01:01:13,856] {dagbag.py:448} INFO - Filling up the DagBag from /opt/airflow/dags/JobCuratedChurn_0.2/lib/commons-collections-3.2.2.jar
[2022-03-26 01:01:14,187] {scheduler_job.py:641} WARNING - No viable dags retrieved from /opt/airflow/dags/JobCuratedChurn_0.2/lib/commons-collections-3.2.2.jar
[2022-03-26 01:01:14,448] {scheduler_job.py:190} INFO - Processing /opt/airflow/dags/JobCuratedChurn_0.2/lib/commons-collections-3.2.2.jar took 0.800 seconds
[2022-03-26 01:01:26,578] {scheduler_job.py:182} INFO - Started process (PID=1331) to work on /opt/airflow/dags/JobCuratedChurn_0.2/lib/commons-collections-3.2.2.jar
[2022-03-26 01:01:26,598] {scheduler_job.py:629} INFO - Processing file /opt/airflow/dags/JobCuratedChurn_0.2/lib/commons-collections-3.2.2.jar for tasks to queue
[2022-03-26 01:01:26,601] {logging_mixin.py:104} INFO - [2022-03-26 01:01:26,601] {dagbag.py:448} INFO - Filling up the DagBag from /opt/airflow/dags/JobCuratedChurn_0.2/lib/commons-collections-3.2.2.jar
[2022-03-26 01:01:26,732] {scheduler_job.py:641} WARNING - No viable dags retrieved from /opt/airflow/dags/JobCuratedChurn_0.2/lib/commons-collections-3.2.2.jar
[2022-03-26 01:01:26,847] {scheduler_job.py:190} INFO - Processing /opt/airflow/dags/JobCuratedChurn_0.2/lib/commons-collections-3.2.2.jar took 0.295 seconds
[2022-03-26 01:01:44,961] {scheduler_job.py:182} INFO - Started process (PID=1605) to work on /opt/airflow/dags/JobCuratedChurn_0.2/lib/commons-collections-3.2.2.jar
[2022-03-26 01:01:44,987] {scheduler_job.py:629} INFO - Processing file /opt/airflow/dags/JobCuratedChurn_0.2/lib/commons-collections-3.2.2.jar for tasks to queue
[2022-03-26 01:01:45,003] {logging_mixin.py:104} INFO - [2022-03-26 01:01:45,003] {dagbag.py:448} INFO - Filling up the DagBag from /opt/airflow/dags/JobCuratedChurn_0.2/lib/commons-collections-3.2.2.jar
[2022-03-26 01:01:45,133] {scheduler_job.py:641} WARNING - No viable dags retrieved from /opt/airflow/dags/JobCuratedChurn_0.2/lib/commons-collections-3.2.2.jar
[2022-03-26 01:01:45,245] {scheduler_job.py:190} INFO - Processing /opt/airflow/dags/JobCuratedChurn_0.2/lib/commons-collections-3.2.2.jar took 0.307 seconds
[2022-03-26 01:02:06,990] {scheduler_job.py:182} INFO - Started process (PID=1401) to work on /opt/airflow/dags/JobCuratedChurn_0.2/lib/commons-collections-3.2.2.jar
[2022-03-26 01:02:06,998] {scheduler_job.py:629} INFO - Processing file /opt/airflow/dags/JobCuratedChurn_0.2/lib/commons-collections-3.2.2.jar for tasks to queue
[2022-03-26 01:02:07,019] {logging_mixin.py:104} INFO - [2022-03-26 01:02:07,018] {dagbag.py:448} INFO - Filling up the DagBag from /opt/airflow/dags/JobCuratedChurn_0.2/lib/commons-collections-3.2.2.jar
[2022-03-26 01:02:07,163] {scheduler_job.py:641} WARNING - No viable dags retrieved from /opt/airflow/dags/JobCuratedChurn_0.2/lib/commons-collections-3.2.2.jar
[2022-03-26 01:02:07,321] {scheduler_job.py:190} INFO - Processing /opt/airflow/dags/JobCuratedChurn_0.2/lib/commons-collections-3.2.2.jar took 0.391 seconds
[2022-03-26 01:02:15,867] {scheduler_job.py:182} INFO - Started process (PID=1646) to work on /opt/airflow/dags/JobCuratedChurn_0.2/lib/commons-collections-3.2.2.jar
[2022-03-26 01:02:15,918] {scheduler_job.py:629} INFO - Processing file /opt/airflow/dags/JobCuratedChurn_0.2/lib/commons-collections-3.2.2.jar for tasks to queue
[2022-03-26 01:02:15,985] {logging_mixin.py:104} INFO - [2022-03-26 01:02:15,985] {dagbag.py:448} INFO - Filling up the DagBag from /opt/airflow/dags/JobCuratedChurn_0.2/lib/commons-collections-3.2.2.jar
[2022-03-26 01:02:16,230] {scheduler_job.py:641} WARNING - No viable dags retrieved from /opt/airflow/dags/JobCuratedChurn_0.2/lib/commons-collections-3.2.2.jar
[2022-03-26 01:02:16,350] {scheduler_job.py:190} INFO - Processing /opt/airflow/dags/JobCuratedChurn_0.2/lib/commons-collections-3.2.2.jar took 0.615 seconds
[2022-03-26 01:02:40,432] {scheduler_job.py:182} INFO - Started process (PID=1466) to work on /opt/airflow/dags/JobCuratedChurn_0.2/lib/commons-collections-3.2.2.jar
[2022-03-26 01:02:40,444] {scheduler_job.py:629} INFO - Processing file /opt/airflow/dags/JobCuratedChurn_0.2/lib/commons-collections-3.2.2.jar for tasks to queue
[2022-03-26 01:02:40,451] {logging_mixin.py:104} INFO - [2022-03-26 01:02:40,450] {dagbag.py:448} INFO - Filling up the DagBag from /opt/airflow/dags/JobCuratedChurn_0.2/lib/commons-collections-3.2.2.jar
[2022-03-26 01:02:40,536] {scheduler_job.py:641} WARNING - No viable dags retrieved from /opt/airflow/dags/JobCuratedChurn_0.2/lib/commons-collections-3.2.2.jar
[2022-03-26 01:02:40,622] {scheduler_job.py:190} INFO - Processing /opt/airflow/dags/JobCuratedChurn_0.2/lib/commons-collections-3.2.2.jar took 0.226 seconds
[2022-03-26 01:02:49,319] {scheduler_job.py:182} INFO - Started process (PID=1686) to work on /opt/airflow/dags/JobCuratedChurn_0.2/lib/commons-collections-3.2.2.jar
[2022-03-26 01:02:49,378] {scheduler_job.py:629} INFO - Processing file /opt/airflow/dags/JobCuratedChurn_0.2/lib/commons-collections-3.2.2.jar for tasks to queue
[2022-03-26 01:02:49,525] {logging_mixin.py:104} INFO - [2022-03-26 01:02:49,503] {dagbag.py:448} INFO - Filling up the DagBag from /opt/airflow/dags/JobCuratedChurn_0.2/lib/commons-collections-3.2.2.jar
[2022-03-26 01:02:50,965] {scheduler_job.py:641} WARNING - No viable dags retrieved from /opt/airflow/dags/JobCuratedChurn_0.2/lib/commons-collections-3.2.2.jar
[2022-03-26 01:02:53,354] {scheduler_job.py:190} INFO - Processing /opt/airflow/dags/JobCuratedChurn_0.2/lib/commons-collections-3.2.2.jar took 4.374 seconds
[2022-03-26 01:03:48,831] {scheduler_job.py:182} INFO - Started process (PID=1734) to work on /opt/airflow/dags/JobCuratedChurn_0.2/lib/commons-collections-3.2.2.jar
[2022-03-26 01:03:48,903] {scheduler_job.py:629} INFO - Processing file /opt/airflow/dags/JobCuratedChurn_0.2/lib/commons-collections-3.2.2.jar for tasks to queue
[2022-03-26 01:03:48,934] {logging_mixin.py:104} INFO - [2022-03-26 01:03:48,933] {dagbag.py:448} INFO - Filling up the DagBag from /opt/airflow/dags/JobCuratedChurn_0.2/lib/commons-collections-3.2.2.jar
[2022-03-26 01:03:49,300] {scheduler_job.py:641} WARNING - No viable dags retrieved from /opt/airflow/dags/JobCuratedChurn_0.2/lib/commons-collections-3.2.2.jar
[2022-03-26 01:03:49,654] {scheduler_job.py:190} INFO - Processing /opt/airflow/dags/JobCuratedChurn_0.2/lib/commons-collections-3.2.2.jar took 0.956 seconds
[2022-03-26 01:03:55,447] {scheduler_job.py:182} INFO - Started process (PID=1561) to work on /opt/airflow/dags/JobCuratedChurn_0.2/lib/commons-collections-3.2.2.jar
[2022-03-26 01:03:55,482] {scheduler_job.py:629} INFO - Processing file /opt/airflow/dags/JobCuratedChurn_0.2/lib/commons-collections-3.2.2.jar for tasks to queue
[2022-03-26 01:03:55,511] {logging_mixin.py:104} INFO - [2022-03-26 01:03:55,511] {dagbag.py:448} INFO - Filling up the DagBag from /opt/airflow/dags/JobCuratedChurn_0.2/lib/commons-collections-3.2.2.jar
[2022-03-26 01:03:55,785] {scheduler_job.py:641} WARNING - No viable dags retrieved from /opt/airflow/dags/JobCuratedChurn_0.2/lib/commons-collections-3.2.2.jar
[2022-03-26 01:03:56,597] {scheduler_job.py:190} INFO - Processing /opt/airflow/dags/JobCuratedChurn_0.2/lib/commons-collections-3.2.2.jar took 1.295 seconds
[2022-03-26 01:04:22,587] {scheduler_job.py:182} INFO - Started process (PID=1777) to work on /opt/airflow/dags/JobCuratedChurn_0.2/lib/commons-collections-3.2.2.jar
[2022-03-26 01:04:22,618] {scheduler_job.py:629} INFO - Processing file /opt/airflow/dags/JobCuratedChurn_0.2/lib/commons-collections-3.2.2.jar for tasks to queue
[2022-03-26 01:04:22,627] {logging_mixin.py:104} INFO - [2022-03-26 01:04:22,626] {dagbag.py:448} INFO - Filling up the DagBag from /opt/airflow/dags/JobCuratedChurn_0.2/lib/commons-collections-3.2.2.jar
[2022-03-26 01:04:23,154] {scheduler_job.py:641} WARNING - No viable dags retrieved from /opt/airflow/dags/JobCuratedChurn_0.2/lib/commons-collections-3.2.2.jar
[2022-03-26 01:04:23,707] {scheduler_job.py:190} INFO - Processing /opt/airflow/dags/JobCuratedChurn_0.2/lib/commons-collections-3.2.2.jar took 1.186 seconds
[2022-03-26 01:04:48,122] {scheduler_job.py:182} INFO - Started process (PID=1643) to work on /opt/airflow/dags/JobCuratedChurn_0.2/lib/commons-collections-3.2.2.jar
[2022-03-26 01:04:48,137] {scheduler_job.py:629} INFO - Processing file /opt/airflow/dags/JobCuratedChurn_0.2/lib/commons-collections-3.2.2.jar for tasks to queue
[2022-03-26 01:04:48,149] {logging_mixin.py:104} INFO - [2022-03-26 01:04:48,148] {dagbag.py:448} INFO - Filling up the DagBag from /opt/airflow/dags/JobCuratedChurn_0.2/lib/commons-collections-3.2.2.jar
[2022-03-26 01:04:48,471] {scheduler_job.py:641} WARNING - No viable dags retrieved from /opt/airflow/dags/JobCuratedChurn_0.2/lib/commons-collections-3.2.2.jar
[2022-03-26 01:04:48,755] {scheduler_job.py:190} INFO - Processing /opt/airflow/dags/JobCuratedChurn_0.2/lib/commons-collections-3.2.2.jar took 0.693 seconds
[2022-03-26 01:04:54,632] {scheduler_job.py:182} INFO - Started process (PID=1818) to work on /opt/airflow/dags/JobCuratedChurn_0.2/lib/commons-collections-3.2.2.jar
[2022-03-26 01:04:54,656] {scheduler_job.py:629} INFO - Processing file /opt/airflow/dags/JobCuratedChurn_0.2/lib/commons-collections-3.2.2.jar for tasks to queue
[2022-03-26 01:04:54,681] {logging_mixin.py:104} INFO - [2022-03-26 01:04:54,680] {dagbag.py:448} INFO - Filling up the DagBag from /opt/airflow/dags/JobCuratedChurn_0.2/lib/commons-collections-3.2.2.jar
[2022-03-26 01:04:54,807] {scheduler_job.py:641} WARNING - No viable dags retrieved from /opt/airflow/dags/JobCuratedChurn_0.2/lib/commons-collections-3.2.2.jar
[2022-03-26 01:04:54,917] {scheduler_job.py:190} INFO - Processing /opt/airflow/dags/JobCuratedChurn_0.2/lib/commons-collections-3.2.2.jar took 0.321 seconds
[2022-03-26 01:05:32,787] {scheduler_job.py:182} INFO - Started process (PID=1865) to work on /opt/airflow/dags/JobCuratedChurn_0.2/lib/commons-collections-3.2.2.jar
[2022-03-26 01:05:32,806] {scheduler_job.py:629} INFO - Processing file /opt/airflow/dags/JobCuratedChurn_0.2/lib/commons-collections-3.2.2.jar for tasks to queue
[2022-03-26 01:05:32,816] {logging_mixin.py:104} INFO - [2022-03-26 01:05:32,814] {dagbag.py:448} INFO - Filling up the DagBag from /opt/airflow/dags/JobCuratedChurn_0.2/lib/commons-collections-3.2.2.jar
[2022-03-26 01:05:33,058] {scheduler_job.py:641} WARNING - No viable dags retrieved from /opt/airflow/dags/JobCuratedChurn_0.2/lib/commons-collections-3.2.2.jar
[2022-03-26 01:05:33,218] {scheduler_job.py:190} INFO - Processing /opt/airflow/dags/JobCuratedChurn_0.2/lib/commons-collections-3.2.2.jar took 0.471 seconds
[2022-03-26 01:05:36,388] {scheduler_job.py:182} INFO - Started process (PID=1721) to work on /opt/airflow/dags/JobCuratedChurn_0.2/lib/commons-collections-3.2.2.jar
[2022-03-26 01:05:36,402] {scheduler_job.py:629} INFO - Processing file /opt/airflow/dags/JobCuratedChurn_0.2/lib/commons-collections-3.2.2.jar for tasks to queue
[2022-03-26 01:05:36,416] {logging_mixin.py:104} INFO - [2022-03-26 01:05:36,406] {dagbag.py:448} INFO - Filling up the DagBag from /opt/airflow/dags/JobCuratedChurn_0.2/lib/commons-collections-3.2.2.jar
[2022-03-26 01:05:36,513] {scheduler_job.py:641} WARNING - No viable dags retrieved from /opt/airflow/dags/JobCuratedChurn_0.2/lib/commons-collections-3.2.2.jar
[2022-03-26 01:05:36,654] {scheduler_job.py:190} INFO - Processing /opt/airflow/dags/JobCuratedChurn_0.2/lib/commons-collections-3.2.2.jar took 0.315 seconds
[2022-03-26 01:06:48,088] {scheduler_job.py:182} INFO - Started process (PID=1858) to work on /opt/airflow/dags/JobCuratedChurn_0.2/lib/commons-collections-3.2.2.jar
[2022-03-26 01:06:48,103] {scheduler_job.py:629} INFO - Processing file /opt/airflow/dags/JobCuratedChurn_0.2/lib/commons-collections-3.2.2.jar for tasks to queue
[2022-03-26 01:06:48,113] {logging_mixin.py:104} INFO - [2022-03-26 01:06:48,112] {dagbag.py:448} INFO - Filling up the DagBag from /opt/airflow/dags/JobCuratedChurn_0.2/lib/commons-collections-3.2.2.jar
[2022-03-26 01:06:48,233] {scheduler_job.py:641} WARNING - No viable dags retrieved from /opt/airflow/dags/JobCuratedChurn_0.2/lib/commons-collections-3.2.2.jar
[2022-03-26 01:06:48,375] {scheduler_job.py:190} INFO - Processing /opt/airflow/dags/JobCuratedChurn_0.2/lib/commons-collections-3.2.2.jar took 0.349 seconds
[2022-03-26 01:06:48,997] {scheduler_job.py:182} INFO - Started process (PID=1967) to work on /opt/airflow/dags/JobCuratedChurn_0.2/lib/commons-collections-3.2.2.jar
[2022-03-26 01:06:49,019] {scheduler_job.py:629} INFO - Processing file /opt/airflow/dags/JobCuratedChurn_0.2/lib/commons-collections-3.2.2.jar for tasks to queue
[2022-03-26 01:06:49,037] {logging_mixin.py:104} INFO - [2022-03-26 01:06:49,037] {dagbag.py:448} INFO - Filling up the DagBag from /opt/airflow/dags/JobCuratedChurn_0.2/lib/commons-collections-3.2.2.jar
[2022-03-26 01:06:49,204] {scheduler_job.py:641} WARNING - No viable dags retrieved from /opt/airflow/dags/JobCuratedChurn_0.2/lib/commons-collections-3.2.2.jar
[2022-03-26 01:06:49,299] {scheduler_job.py:190} INFO - Processing /opt/airflow/dags/JobCuratedChurn_0.2/lib/commons-collections-3.2.2.jar took 0.349 seconds
[2022-03-26 01:07:45,105] {scheduler_job.py:182} INFO - Started process (PID=2082) to work on /opt/airflow/dags/JobCuratedChurn_0.2/lib/commons-collections-3.2.2.jar
[2022-03-26 01:07:45,122] {scheduler_job.py:629} INFO - Processing file /opt/airflow/dags/JobCuratedChurn_0.2/lib/commons-collections-3.2.2.jar for tasks to queue
[2022-03-26 01:07:45,136] {logging_mixin.py:104} INFO - [2022-03-26 01:07:45,135] {dagbag.py:448} INFO - Filling up the DagBag from /opt/airflow/dags/JobCuratedChurn_0.2/lib/commons-collections-3.2.2.jar
[2022-03-26 01:07:45,303] {scheduler_job.py:641} WARNING - No viable dags retrieved from /opt/airflow/dags/JobCuratedChurn_0.2/lib/commons-collections-3.2.2.jar
[2022-03-26 01:07:45,413] {scheduler_job.py:190} INFO - Processing /opt/airflow/dags/JobCuratedChurn_0.2/lib/commons-collections-3.2.2.jar took 0.464 seconds
[2022-03-26 01:08:11,478] {scheduler_job.py:182} INFO - Started process (PID=2014) to work on /opt/airflow/dags/JobCuratedChurn_0.2/lib/commons-collections-3.2.2.jar
[2022-03-26 01:08:11,490] {scheduler_job.py:629} INFO - Processing file /opt/airflow/dags/JobCuratedChurn_0.2/lib/commons-collections-3.2.2.jar for tasks to queue
[2022-03-26 01:08:11,494] {logging_mixin.py:104} INFO - [2022-03-26 01:08:11,494] {dagbag.py:448} INFO - Filling up the DagBag from /opt/airflow/dags/JobCuratedChurn_0.2/lib/commons-collections-3.2.2.jar
[2022-03-26 01:08:11,632] {scheduler_job.py:641} WARNING - No viable dags retrieved from /opt/airflow/dags/JobCuratedChurn_0.2/lib/commons-collections-3.2.2.jar
[2022-03-26 01:08:11,965] {scheduler_job.py:190} INFO - Processing /opt/airflow/dags/JobCuratedChurn_0.2/lib/commons-collections-3.2.2.jar took 0.548 seconds
[2022-03-26 01:08:39,112] {scheduler_job.py:182} INFO - Started process (PID=2179) to work on /opt/airflow/dags/JobCuratedChurn_0.2/lib/commons-collections-3.2.2.jar
[2022-03-26 01:08:39,149] {scheduler_job.py:629} INFO - Processing file /opt/airflow/dags/JobCuratedChurn_0.2/lib/commons-collections-3.2.2.jar for tasks to queue
[2022-03-26 01:08:39,165] {logging_mixin.py:104} INFO - [2022-03-26 01:08:39,160] {dagbag.py:448} INFO - Filling up the DagBag from /opt/airflow/dags/JobCuratedChurn_0.2/lib/commons-collections-3.2.2.jar
[2022-03-26 01:08:39,252] {scheduler_job.py:641} WARNING - No viable dags retrieved from /opt/airflow/dags/JobCuratedChurn_0.2/lib/commons-collections-3.2.2.jar
[2022-03-26 01:08:39,345] {scheduler_job.py:190} INFO - Processing /opt/airflow/dags/JobCuratedChurn_0.2/lib/commons-collections-3.2.2.jar took 0.273 seconds
[2022-03-26 01:09:23,589] {scheduler_job.py:182} INFO - Started process (PID=2157) to work on /opt/airflow/dags/JobCuratedChurn_0.2/lib/commons-collections-3.2.2.jar
[2022-03-26 01:09:23,600] {scheduler_job.py:629} INFO - Processing file /opt/airflow/dags/JobCuratedChurn_0.2/lib/commons-collections-3.2.2.jar for tasks to queue
[2022-03-26 01:09:23,612] {logging_mixin.py:104} INFO - [2022-03-26 01:09:23,612] {dagbag.py:448} INFO - Filling up the DagBag from /opt/airflow/dags/JobCuratedChurn_0.2/lib/commons-collections-3.2.2.jar
[2022-03-26 01:09:23,724] {scheduler_job.py:641} WARNING - No viable dags retrieved from /opt/airflow/dags/JobCuratedChurn_0.2/lib/commons-collections-3.2.2.jar
[2022-03-26 01:09:23,802] {scheduler_job.py:190} INFO - Processing /opt/airflow/dags/JobCuratedChurn_0.2/lib/commons-collections-3.2.2.jar took 0.320 seconds
[2022-03-26 01:09:26,744] {scheduler_job.py:182} INFO - Started process (PID=2276) to work on /opt/airflow/dags/JobCuratedChurn_0.2/lib/commons-collections-3.2.2.jar
[2022-03-26 01:09:26,789] {scheduler_job.py:629} INFO - Processing file /opt/airflow/dags/JobCuratedChurn_0.2/lib/commons-collections-3.2.2.jar for tasks to queue
[2022-03-26 01:09:26,800] {logging_mixin.py:104} INFO - [2022-03-26 01:09:26,799] {dagbag.py:448} INFO - Filling up the DagBag from /opt/airflow/dags/JobCuratedChurn_0.2/lib/commons-collections-3.2.2.jar
[2022-03-26 01:09:26,971] {scheduler_job.py:641} WARNING - No viable dags retrieved from /opt/airflow/dags/JobCuratedChurn_0.2/lib/commons-collections-3.2.2.jar
[2022-03-26 01:09:27,310] {scheduler_job.py:190} INFO - Processing /opt/airflow/dags/JobCuratedChurn_0.2/lib/commons-collections-3.2.2.jar took 0.633 seconds
[2022-03-26 01:10:12,581] {scheduler_job.py:182} INFO - Started process (PID=2348) to work on /opt/airflow/dags/JobCuratedChurn_0.2/lib/commons-collections-3.2.2.jar
[2022-03-26 01:10:12,597] {scheduler_job.py:629} INFO - Processing file /opt/airflow/dags/JobCuratedChurn_0.2/lib/commons-collections-3.2.2.jar for tasks to queue
[2022-03-26 01:10:12,601] {logging_mixin.py:104} INFO - [2022-03-26 01:10:12,601] {dagbag.py:448} INFO - Filling up the DagBag from /opt/airflow/dags/JobCuratedChurn_0.2/lib/commons-collections-3.2.2.jar
[2022-03-26 01:10:12,769] {scheduler_job.py:641} WARNING - No viable dags retrieved from /opt/airflow/dags/JobCuratedChurn_0.2/lib/commons-collections-3.2.2.jar
[2022-03-26 01:10:13,052] {scheduler_job.py:190} INFO - Processing /opt/airflow/dags/JobCuratedChurn_0.2/lib/commons-collections-3.2.2.jar took 0.510 seconds
[2022-03-26 01:11:10,623] {scheduler_job.py:182} INFO - Started process (PID=2335) to work on /opt/airflow/dags/JobCuratedChurn_0.2/lib/commons-collections-3.2.2.jar
[2022-03-26 01:11:10,631] {scheduler_job.py:629} INFO - Processing file /opt/airflow/dags/JobCuratedChurn_0.2/lib/commons-collections-3.2.2.jar for tasks to queue
[2022-03-26 01:11:10,681] {logging_mixin.py:104} INFO - [2022-03-26 01:11:10,680] {dagbag.py:448} INFO - Filling up the DagBag from /opt/airflow/dags/JobCuratedChurn_0.2/lib/commons-collections-3.2.2.jar
[2022-03-26 01:11:11,372] {scheduler_job.py:641} WARNING - No viable dags retrieved from /opt/airflow/dags/JobCuratedChurn_0.2/lib/commons-collections-3.2.2.jar
[2022-03-26 01:11:12,427] {scheduler_job.py:190} INFO - Processing /opt/airflow/dags/JobCuratedChurn_0.2/lib/commons-collections-3.2.2.jar took 1.931 seconds
[2022-03-26 01:11:28,885] {scheduler_job.py:182} INFO - Started process (PID=2465) to work on /opt/airflow/dags/JobCuratedChurn_0.2/lib/commons-collections-3.2.2.jar
[2022-03-26 01:11:28,901] {scheduler_job.py:629} INFO - Processing file /opt/airflow/dags/JobCuratedChurn_0.2/lib/commons-collections-3.2.2.jar for tasks to queue
[2022-03-26 01:11:28,905] {logging_mixin.py:104} INFO - [2022-03-26 01:11:28,905] {dagbag.py:448} INFO - Filling up the DagBag from /opt/airflow/dags/JobCuratedChurn_0.2/lib/commons-collections-3.2.2.jar
[2022-03-26 01:11:28,997] {scheduler_job.py:641} WARNING - No viable dags retrieved from /opt/airflow/dags/JobCuratedChurn_0.2/lib/commons-collections-3.2.2.jar
[2022-03-26 01:11:29,072] {scheduler_job.py:190} INFO - Processing /opt/airflow/dags/JobCuratedChurn_0.2/lib/commons-collections-3.2.2.jar took 0.220 seconds
[2022-03-26 01:12:17,331] {scheduler_job.py:182} INFO - Started process (PID=2556) to work on /opt/airflow/dags/JobCuratedChurn_0.2/lib/commons-collections-3.2.2.jar
[2022-03-26 01:12:17,345] {scheduler_job.py:629} INFO - Processing file /opt/airflow/dags/JobCuratedChurn_0.2/lib/commons-collections-3.2.2.jar for tasks to queue
[2022-03-26 01:12:17,361] {logging_mixin.py:104} INFO - [2022-03-26 01:12:17,361] {dagbag.py:448} INFO - Filling up the DagBag from /opt/airflow/dags/JobCuratedChurn_0.2/lib/commons-collections-3.2.2.jar
[2022-03-26 01:12:17,552] {scheduler_job.py:641} WARNING - No viable dags retrieved from /opt/airflow/dags/JobCuratedChurn_0.2/lib/commons-collections-3.2.2.jar
[2022-03-26 01:12:17,840] {scheduler_job.py:190} INFO - Processing /opt/airflow/dags/JobCuratedChurn_0.2/lib/commons-collections-3.2.2.jar took 0.539 seconds
[2022-03-26 01:12:31,706] {scheduler_job.py:182} INFO - Started process (PID=2483) to work on /opt/airflow/dags/JobCuratedChurn_0.2/lib/commons-collections-3.2.2.jar
[2022-03-26 01:12:31,765] {scheduler_job.py:629} INFO - Processing file /opt/airflow/dags/JobCuratedChurn_0.2/lib/commons-collections-3.2.2.jar for tasks to queue
[2022-03-26 01:12:31,786] {logging_mixin.py:104} INFO - [2022-03-26 01:12:31,786] {dagbag.py:448} INFO - Filling up the DagBag from /opt/airflow/dags/JobCuratedChurn_0.2/lib/commons-collections-3.2.2.jar
[2022-03-26 01:12:32,109] {scheduler_job.py:641} WARNING - No viable dags retrieved from /opt/airflow/dags/JobCuratedChurn_0.2/lib/commons-collections-3.2.2.jar
[2022-03-26 01:12:32,621] {scheduler_job.py:190} INFO - Processing /opt/airflow/dags/JobCuratedChurn_0.2/lib/commons-collections-3.2.2.jar took 1.049 seconds
[2022-03-26 01:13:15,957] {scheduler_job.py:182} INFO - Started process (PID=2663) to work on /opt/airflow/dags/JobCuratedChurn_0.2/lib/commons-collections-3.2.2.jar
[2022-03-26 01:13:15,976] {scheduler_job.py:629} INFO - Processing file /opt/airflow/dags/JobCuratedChurn_0.2/lib/commons-collections-3.2.2.jar for tasks to queue
[2022-03-26 01:13:15,988] {logging_mixin.py:104} INFO - [2022-03-26 01:13:15,986] {dagbag.py:448} INFO - Filling up the DagBag from /opt/airflow/dags/JobCuratedChurn_0.2/lib/commons-collections-3.2.2.jar
[2022-03-26 01:13:16,156] {scheduler_job.py:641} WARNING - No viable dags retrieved from /opt/airflow/dags/JobCuratedChurn_0.2/lib/commons-collections-3.2.2.jar
[2022-03-26 01:13:16,265] {scheduler_job.py:190} INFO - Processing /opt/airflow/dags/JobCuratedChurn_0.2/lib/commons-collections-3.2.2.jar took 0.347 seconds
[2022-03-26 01:13:55,806] {scheduler_job.py:182} INFO - Started process (PID=2641) to work on /opt/airflow/dags/JobCuratedChurn_0.2/lib/commons-collections-3.2.2.jar
[2022-03-26 01:13:55,830] {scheduler_job.py:629} INFO - Processing file /opt/airflow/dags/JobCuratedChurn_0.2/lib/commons-collections-3.2.2.jar for tasks to queue
[2022-03-26 01:13:55,840] {logging_mixin.py:104} INFO - [2022-03-26 01:13:55,840] {dagbag.py:448} INFO - Filling up the DagBag from /opt/airflow/dags/JobCuratedChurn_0.2/lib/commons-collections-3.2.2.jar
[2022-03-26 01:13:56,134] {scheduler_job.py:641} WARNING - No viable dags retrieved from /opt/airflow/dags/JobCuratedChurn_0.2/lib/commons-collections-3.2.2.jar
[2022-03-26 01:13:56,546] {scheduler_job.py:190} INFO - Processing /opt/airflow/dags/JobCuratedChurn_0.2/lib/commons-collections-3.2.2.jar took 0.816 seconds
[2022-03-26 01:14:11,460] {scheduler_job.py:182} INFO - Started process (PID=2759) to work on /opt/airflow/dags/JobCuratedChurn_0.2/lib/commons-collections-3.2.2.jar
[2022-03-26 01:14:11,493] {scheduler_job.py:629} INFO - Processing file /opt/airflow/dags/JobCuratedChurn_0.2/lib/commons-collections-3.2.2.jar for tasks to queue
[2022-03-26 01:14:11,541] {logging_mixin.py:104} INFO - [2022-03-26 01:14:11,540] {dagbag.py:448} INFO - Filling up the DagBag from /opt/airflow/dags/JobCuratedChurn_0.2/lib/commons-collections-3.2.2.jar
[2022-03-26 01:14:12,210] {scheduler_job.py:641} WARNING - No viable dags retrieved from /opt/airflow/dags/JobCuratedChurn_0.2/lib/commons-collections-3.2.2.jar
[2022-03-26 01:14:12,727] {scheduler_job.py:190} INFO - Processing /opt/airflow/dags/JobCuratedChurn_0.2/lib/commons-collections-3.2.2.jar took 1.319 seconds
