[2022-03-26 00:50:45,972] {scheduler_job.py:182} INFO - Started process (PID=786) to work on /opt/airflow/dags/JobCuratedChurn_0.2/lib/dom4j-2.1.3.jar
[2022-03-26 00:50:45,976] {scheduler_job.py:629} INFO - Processing file /opt/airflow/dags/JobCuratedChurn_0.2/lib/dom4j-2.1.3.jar for tasks to queue
[2022-03-26 00:50:45,981] {logging_mixin.py:104} INFO - [2022-03-26 00:50:45,980] {dagbag.py:448} INFO - Filling up the DagBag from /opt/airflow/dags/JobCuratedChurn_0.2/lib/dom4j-2.1.3.jar
[2022-03-26 00:50:46,024] {scheduler_job.py:641} WARNING - No viable dags retrieved from /opt/airflow/dags/JobCuratedChurn_0.2/lib/dom4j-2.1.3.jar
[2022-03-26 00:50:46,077] {scheduler_job.py:190} INFO - Processing /opt/airflow/dags/JobCuratedChurn_0.2/lib/dom4j-2.1.3.jar took 0.113 seconds
[2022-03-26 00:51:16,675] {scheduler_job.py:182} INFO - Started process (PID=827) to work on /opt/airflow/dags/JobCuratedChurn_0.2/lib/dom4j-2.1.3.jar
[2022-03-26 00:51:16,697] {scheduler_job.py:629} INFO - Processing file /opt/airflow/dags/JobCuratedChurn_0.2/lib/dom4j-2.1.3.jar for tasks to queue
[2022-03-26 00:51:16,702] {logging_mixin.py:104} INFO - [2022-03-26 00:51:16,702] {dagbag.py:448} INFO - Filling up the DagBag from /opt/airflow/dags/JobCuratedChurn_0.2/lib/dom4j-2.1.3.jar
[2022-03-26 00:51:16,766] {scheduler_job.py:641} WARNING - No viable dags retrieved from /opt/airflow/dags/JobCuratedChurn_0.2/lib/dom4j-2.1.3.jar
[2022-03-26 00:51:16,839] {scheduler_job.py:190} INFO - Processing /opt/airflow/dags/JobCuratedChurn_0.2/lib/dom4j-2.1.3.jar took 0.191 seconds
[2022-03-26 00:51:47,108] {scheduler_job.py:182} INFO - Started process (PID=869) to work on /opt/airflow/dags/JobCuratedChurn_0.2/lib/dom4j-2.1.3.jar
[2022-03-26 00:51:47,124] {scheduler_job.py:629} INFO - Processing file /opt/airflow/dags/JobCuratedChurn_0.2/lib/dom4j-2.1.3.jar for tasks to queue
[2022-03-26 00:51:47,151] {logging_mixin.py:104} INFO - [2022-03-26 00:51:47,151] {dagbag.py:448} INFO - Filling up the DagBag from /opt/airflow/dags/JobCuratedChurn_0.2/lib/dom4j-2.1.3.jar
[2022-03-26 00:51:47,236] {scheduler_job.py:641} WARNING - No viable dags retrieved from /opt/airflow/dags/JobCuratedChurn_0.2/lib/dom4j-2.1.3.jar
[2022-03-26 00:51:47,416] {scheduler_job.py:190} INFO - Processing /opt/airflow/dags/JobCuratedChurn_0.2/lib/dom4j-2.1.3.jar took 0.339 seconds
[2022-03-26 00:52:18,170] {scheduler_job.py:182} INFO - Started process (PID=911) to work on /opt/airflow/dags/JobCuratedChurn_0.2/lib/dom4j-2.1.3.jar
[2022-03-26 00:52:18,243] {scheduler_job.py:629} INFO - Processing file /opt/airflow/dags/JobCuratedChurn_0.2/lib/dom4j-2.1.3.jar for tasks to queue
[2022-03-26 00:52:18,256] {logging_mixin.py:104} INFO - [2022-03-26 00:52:18,255] {dagbag.py:448} INFO - Filling up the DagBag from /opt/airflow/dags/JobCuratedChurn_0.2/lib/dom4j-2.1.3.jar
[2022-03-26 00:52:18,334] {scheduler_job.py:641} WARNING - No viable dags retrieved from /opt/airflow/dags/JobCuratedChurn_0.2/lib/dom4j-2.1.3.jar
[2022-03-26 00:52:18,557] {scheduler_job.py:190} INFO - Processing /opt/airflow/dags/JobCuratedChurn_0.2/lib/dom4j-2.1.3.jar took 0.485 seconds
[2022-03-26 00:53:02,922] {scheduler_job.py:182} INFO - Started process (PID=953) to work on /opt/airflow/dags/JobCuratedChurn_0.2/lib/dom4j-2.1.3.jar
[2022-03-26 00:53:02,996] {scheduler_job.py:629} INFO - Processing file /opt/airflow/dags/JobCuratedChurn_0.2/lib/dom4j-2.1.3.jar for tasks to queue
[2022-03-26 00:53:03,142] {logging_mixin.py:104} INFO - [2022-03-26 00:53:03,142] {dagbag.py:448} INFO - Filling up the DagBag from /opt/airflow/dags/JobCuratedChurn_0.2/lib/dom4j-2.1.3.jar
[2022-03-26 00:53:03,351] {scheduler_job.py:641} WARNING - No viable dags retrieved from /opt/airflow/dags/JobCuratedChurn_0.2/lib/dom4j-2.1.3.jar
[2022-03-26 00:53:03,668] {scheduler_job.py:190} INFO - Processing /opt/airflow/dags/JobCuratedChurn_0.2/lib/dom4j-2.1.3.jar took 0.908 seconds
[2022-03-26 00:53:37,231] {scheduler_job.py:182} INFO - Started process (PID=994) to work on /opt/airflow/dags/JobCuratedChurn_0.2/lib/dom4j-2.1.3.jar
[2022-03-26 00:53:37,258] {scheduler_job.py:629} INFO - Processing file /opt/airflow/dags/JobCuratedChurn_0.2/lib/dom4j-2.1.3.jar for tasks to queue
[2022-03-26 00:53:37,307] {logging_mixin.py:104} INFO - [2022-03-26 00:53:37,307] {dagbag.py:448} INFO - Filling up the DagBag from /opt/airflow/dags/JobCuratedChurn_0.2/lib/dom4j-2.1.3.jar
[2022-03-26 00:53:37,425] {scheduler_job.py:641} WARNING - No viable dags retrieved from /opt/airflow/dags/JobCuratedChurn_0.2/lib/dom4j-2.1.3.jar
[2022-03-26 00:53:37,654] {scheduler_job.py:190} INFO - Processing /opt/airflow/dags/JobCuratedChurn_0.2/lib/dom4j-2.1.3.jar took 0.461 seconds
[2022-03-26 00:54:08,263] {scheduler_job.py:182} INFO - Started process (PID=1035) to work on /opt/airflow/dags/JobCuratedChurn_0.2/lib/dom4j-2.1.3.jar
[2022-03-26 00:54:08,277] {scheduler_job.py:629} INFO - Processing file /opt/airflow/dags/JobCuratedChurn_0.2/lib/dom4j-2.1.3.jar for tasks to queue
[2022-03-26 00:54:08,284] {logging_mixin.py:104} INFO - [2022-03-26 00:54:08,284] {dagbag.py:448} INFO - Filling up the DagBag from /opt/airflow/dags/JobCuratedChurn_0.2/lib/dom4j-2.1.3.jar
[2022-03-26 00:54:08,340] {scheduler_job.py:641} WARNING - No viable dags retrieved from /opt/airflow/dags/JobCuratedChurn_0.2/lib/dom4j-2.1.3.jar
[2022-03-26 00:54:08,416] {scheduler_job.py:190} INFO - Processing /opt/airflow/dags/JobCuratedChurn_0.2/lib/dom4j-2.1.3.jar took 0.198 seconds
[2022-03-26 00:54:39,099] {scheduler_job.py:182} INFO - Started process (PID=1077) to work on /opt/airflow/dags/JobCuratedChurn_0.2/lib/dom4j-2.1.3.jar
[2022-03-26 00:54:39,114] {scheduler_job.py:629} INFO - Processing file /opt/airflow/dags/JobCuratedChurn_0.2/lib/dom4j-2.1.3.jar for tasks to queue
[2022-03-26 00:54:39,126] {logging_mixin.py:104} INFO - [2022-03-26 00:54:39,125] {dagbag.py:448} INFO - Filling up the DagBag from /opt/airflow/dags/JobCuratedChurn_0.2/lib/dom4j-2.1.3.jar
[2022-03-26 00:54:39,180] {scheduler_job.py:641} WARNING - No viable dags retrieved from /opt/airflow/dags/JobCuratedChurn_0.2/lib/dom4j-2.1.3.jar
[2022-03-26 00:54:39,230] {scheduler_job.py:190} INFO - Processing /opt/airflow/dags/JobCuratedChurn_0.2/lib/dom4j-2.1.3.jar took 0.152 seconds
[2022-03-26 00:55:10,107] {scheduler_job.py:182} INFO - Started process (PID=1118) to work on /opt/airflow/dags/JobCuratedChurn_0.2/lib/dom4j-2.1.3.jar
[2022-03-26 00:55:10,115] {scheduler_job.py:629} INFO - Processing file /opt/airflow/dags/JobCuratedChurn_0.2/lib/dom4j-2.1.3.jar for tasks to queue
[2022-03-26 00:55:10,128] {logging_mixin.py:104} INFO - [2022-03-26 00:55:10,127] {dagbag.py:448} INFO - Filling up the DagBag from /opt/airflow/dags/JobCuratedChurn_0.2/lib/dom4j-2.1.3.jar
[2022-03-26 00:55:10,172] {scheduler_job.py:641} WARNING - No viable dags retrieved from /opt/airflow/dags/JobCuratedChurn_0.2/lib/dom4j-2.1.3.jar
[2022-03-26 00:55:10,262] {scheduler_job.py:190} INFO - Processing /opt/airflow/dags/JobCuratedChurn_0.2/lib/dom4j-2.1.3.jar took 0.223 seconds
[2022-03-26 00:55:40,507] {scheduler_job.py:182} INFO - Started process (PID=1158) to work on /opt/airflow/dags/JobCuratedChurn_0.2/lib/dom4j-2.1.3.jar
[2022-03-26 00:55:40,528] {scheduler_job.py:629} INFO - Processing file /opt/airflow/dags/JobCuratedChurn_0.2/lib/dom4j-2.1.3.jar for tasks to queue
[2022-03-26 00:55:40,549] {logging_mixin.py:104} INFO - [2022-03-26 00:55:40,548] {dagbag.py:448} INFO - Filling up the DagBag from /opt/airflow/dags/JobCuratedChurn_0.2/lib/dom4j-2.1.3.jar
[2022-03-26 00:55:40,627] {scheduler_job.py:641} WARNING - No viable dags retrieved from /opt/airflow/dags/JobCuratedChurn_0.2/lib/dom4j-2.1.3.jar
[2022-03-26 00:55:40,748] {scheduler_job.py:190} INFO - Processing /opt/airflow/dags/JobCuratedChurn_0.2/lib/dom4j-2.1.3.jar took 0.260 seconds
[2022-03-26 00:56:11,585] {scheduler_job.py:182} INFO - Started process (PID=1200) to work on /opt/airflow/dags/JobCuratedChurn_0.2/lib/dom4j-2.1.3.jar
[2022-03-26 00:56:11,591] {scheduler_job.py:629} INFO - Processing file /opt/airflow/dags/JobCuratedChurn_0.2/lib/dom4j-2.1.3.jar for tasks to queue
[2022-03-26 00:56:11,596] {logging_mixin.py:104} INFO - [2022-03-26 00:56:11,596] {dagbag.py:448} INFO - Filling up the DagBag from /opt/airflow/dags/JobCuratedChurn_0.2/lib/dom4j-2.1.3.jar
[2022-03-26 00:56:11,660] {scheduler_job.py:641} WARNING - No viable dags retrieved from /opt/airflow/dags/JobCuratedChurn_0.2/lib/dom4j-2.1.3.jar
[2022-03-26 00:56:11,861] {scheduler_job.py:190} INFO - Processing /opt/airflow/dags/JobCuratedChurn_0.2/lib/dom4j-2.1.3.jar took 0.315 seconds
[2022-03-26 00:56:42,613] {scheduler_job.py:182} INFO - Started process (PID=1243) to work on /opt/airflow/dags/JobCuratedChurn_0.2/lib/dom4j-2.1.3.jar
[2022-03-26 00:56:42,623] {scheduler_job.py:629} INFO - Processing file /opt/airflow/dags/JobCuratedChurn_0.2/lib/dom4j-2.1.3.jar for tasks to queue
[2022-03-26 00:56:42,629] {logging_mixin.py:104} INFO - [2022-03-26 00:56:42,628] {dagbag.py:448} INFO - Filling up the DagBag from /opt/airflow/dags/JobCuratedChurn_0.2/lib/dom4j-2.1.3.jar
[2022-03-26 00:56:42,744] {scheduler_job.py:641} WARNING - No viable dags retrieved from /opt/airflow/dags/JobCuratedChurn_0.2/lib/dom4j-2.1.3.jar
[2022-03-26 00:56:42,859] {scheduler_job.py:190} INFO - Processing /opt/airflow/dags/JobCuratedChurn_0.2/lib/dom4j-2.1.3.jar took 0.277 seconds
[2022-03-26 00:57:13,209] {scheduler_job.py:182} INFO - Started process (PID=1285) to work on /opt/airflow/dags/JobCuratedChurn_0.2/lib/dom4j-2.1.3.jar
[2022-03-26 00:57:13,230] {scheduler_job.py:629} INFO - Processing file /opt/airflow/dags/JobCuratedChurn_0.2/lib/dom4j-2.1.3.jar for tasks to queue
[2022-03-26 00:57:13,256] {logging_mixin.py:104} INFO - [2022-03-26 00:57:13,244] {dagbag.py:448} INFO - Filling up the DagBag from /opt/airflow/dags/JobCuratedChurn_0.2/lib/dom4j-2.1.3.jar
[2022-03-26 00:57:13,344] {scheduler_job.py:641} WARNING - No viable dags retrieved from /opt/airflow/dags/JobCuratedChurn_0.2/lib/dom4j-2.1.3.jar
[2022-03-26 00:57:13,448] {scheduler_job.py:190} INFO - Processing /opt/airflow/dags/JobCuratedChurn_0.2/lib/dom4j-2.1.3.jar took 0.274 seconds
[2022-03-26 00:57:44,006] {scheduler_job.py:182} INFO - Started process (PID=1325) to work on /opt/airflow/dags/JobCuratedChurn_0.2/lib/dom4j-2.1.3.jar
[2022-03-26 00:57:44,037] {scheduler_job.py:629} INFO - Processing file /opt/airflow/dags/JobCuratedChurn_0.2/lib/dom4j-2.1.3.jar for tasks to queue
[2022-03-26 00:57:44,051] {logging_mixin.py:104} INFO - [2022-03-26 00:57:44,050] {dagbag.py:448} INFO - Filling up the DagBag from /opt/airflow/dags/JobCuratedChurn_0.2/lib/dom4j-2.1.3.jar
[2022-03-26 00:57:44,106] {scheduler_job.py:641} WARNING - No viable dags retrieved from /opt/airflow/dags/JobCuratedChurn_0.2/lib/dom4j-2.1.3.jar
[2022-03-26 00:57:44,181] {scheduler_job.py:190} INFO - Processing /opt/airflow/dags/JobCuratedChurn_0.2/lib/dom4j-2.1.3.jar took 0.189 seconds
[2022-03-26 00:58:14,414] {scheduler_job.py:182} INFO - Started process (PID=1367) to work on /opt/airflow/dags/JobCuratedChurn_0.2/lib/dom4j-2.1.3.jar
[2022-03-26 00:58:14,428] {scheduler_job.py:629} INFO - Processing file /opt/airflow/dags/JobCuratedChurn_0.2/lib/dom4j-2.1.3.jar for tasks to queue
[2022-03-26 00:58:14,437] {logging_mixin.py:104} INFO - [2022-03-26 00:58:14,436] {dagbag.py:448} INFO - Filling up the DagBag from /opt/airflow/dags/JobCuratedChurn_0.2/lib/dom4j-2.1.3.jar
[2022-03-26 00:58:14,481] {scheduler_job.py:641} WARNING - No viable dags retrieved from /opt/airflow/dags/JobCuratedChurn_0.2/lib/dom4j-2.1.3.jar
[2022-03-26 00:58:14,578] {scheduler_job.py:190} INFO - Processing /opt/airflow/dags/JobCuratedChurn_0.2/lib/dom4j-2.1.3.jar took 0.181 seconds
[2022-03-26 00:58:50,950] {scheduler_job.py:182} INFO - Started process (PID=1404) to work on /opt/airflow/dags/JobCuratedChurn_0.2/lib/dom4j-2.1.3.jar
[2022-03-26 00:58:50,977] {scheduler_job.py:629} INFO - Processing file /opt/airflow/dags/JobCuratedChurn_0.2/lib/dom4j-2.1.3.jar for tasks to queue
[2022-03-26 00:58:50,992] {logging_mixin.py:104} INFO - [2022-03-26 00:58:50,991] {dagbag.py:448} INFO - Filling up the DagBag from /opt/airflow/dags/JobCuratedChurn_0.2/lib/dom4j-2.1.3.jar
[2022-03-26 00:58:51,062] {scheduler_job.py:641} WARNING - No viable dags retrieved from /opt/airflow/dags/JobCuratedChurn_0.2/lib/dom4j-2.1.3.jar
[2022-03-26 00:58:51,150] {scheduler_job.py:190} INFO - Processing /opt/airflow/dags/JobCuratedChurn_0.2/lib/dom4j-2.1.3.jar took 0.261 seconds
[2022-03-26 00:59:21,469] {scheduler_job.py:182} INFO - Started process (PID=1444) to work on /opt/airflow/dags/JobCuratedChurn_0.2/lib/dom4j-2.1.3.jar
[2022-03-26 00:59:21,486] {scheduler_job.py:629} INFO - Processing file /opt/airflow/dags/JobCuratedChurn_0.2/lib/dom4j-2.1.3.jar for tasks to queue
[2022-03-26 00:59:21,501] {logging_mixin.py:104} INFO - [2022-03-26 00:59:21,500] {dagbag.py:448} INFO - Filling up the DagBag from /opt/airflow/dags/JobCuratedChurn_0.2/lib/dom4j-2.1.3.jar
[2022-03-26 00:59:21,589] {scheduler_job.py:641} WARNING - No viable dags retrieved from /opt/airflow/dags/JobCuratedChurn_0.2/lib/dom4j-2.1.3.jar
[2022-03-26 00:59:21,677] {scheduler_job.py:190} INFO - Processing /opt/airflow/dags/JobCuratedChurn_0.2/lib/dom4j-2.1.3.jar took 0.244 seconds
[2022-03-26 00:59:52,179] {scheduler_job.py:182} INFO - Started process (PID=1485) to work on /opt/airflow/dags/JobCuratedChurn_0.2/lib/dom4j-2.1.3.jar
[2022-03-26 00:59:52,187] {scheduler_job.py:629} INFO - Processing file /opt/airflow/dags/JobCuratedChurn_0.2/lib/dom4j-2.1.3.jar for tasks to queue
[2022-03-26 00:59:52,191] {logging_mixin.py:104} INFO - [2022-03-26 00:59:52,191] {dagbag.py:448} INFO - Filling up the DagBag from /opt/airflow/dags/JobCuratedChurn_0.2/lib/dom4j-2.1.3.jar
[2022-03-26 00:59:52,214] {scheduler_job.py:641} WARNING - No viable dags retrieved from /opt/airflow/dags/JobCuratedChurn_0.2/lib/dom4j-2.1.3.jar
[2022-03-26 00:59:52,262] {scheduler_job.py:190} INFO - Processing /opt/airflow/dags/JobCuratedChurn_0.2/lib/dom4j-2.1.3.jar took 0.098 seconds
[2022-03-26 01:00:23,586] {scheduler_job.py:182} INFO - Started process (PID=1527) to work on /opt/airflow/dags/JobCuratedChurn_0.2/lib/dom4j-2.1.3.jar
[2022-03-26 01:00:23,596] {scheduler_job.py:629} INFO - Processing file /opt/airflow/dags/JobCuratedChurn_0.2/lib/dom4j-2.1.3.jar for tasks to queue
[2022-03-26 01:00:23,604] {logging_mixin.py:104} INFO - [2022-03-26 01:00:23,604] {dagbag.py:448} INFO - Filling up the DagBag from /opt/airflow/dags/JobCuratedChurn_0.2/lib/dom4j-2.1.3.jar
[2022-03-26 01:00:23,660] {scheduler_job.py:641} WARNING - No viable dags retrieved from /opt/airflow/dags/JobCuratedChurn_0.2/lib/dom4j-2.1.3.jar
[2022-03-26 01:00:23,804] {scheduler_job.py:190} INFO - Processing /opt/airflow/dags/JobCuratedChurn_0.2/lib/dom4j-2.1.3.jar took 0.297 seconds
[2022-03-26 01:00:25,600] {scheduler_job.py:182} INFO - Started process (PID=1231) to work on /opt/airflow/dags/JobCuratedChurn_0.2/lib/dom4j-2.1.3.jar
[2022-03-26 01:00:25,633] {scheduler_job.py:629} INFO - Processing file /opt/airflow/dags/JobCuratedChurn_0.2/lib/dom4j-2.1.3.jar for tasks to queue
[2022-03-26 01:00:25,640] {logging_mixin.py:104} INFO - [2022-03-26 01:00:25,639] {dagbag.py:448} INFO - Filling up the DagBag from /opt/airflow/dags/JobCuratedChurn_0.2/lib/dom4j-2.1.3.jar
[2022-03-26 01:00:25,728] {scheduler_job.py:641} WARNING - No viable dags retrieved from /opt/airflow/dags/JobCuratedChurn_0.2/lib/dom4j-2.1.3.jar
[2022-03-26 01:00:25,853] {scheduler_job.py:190} INFO - Processing /opt/airflow/dags/JobCuratedChurn_0.2/lib/dom4j-2.1.3.jar took 0.277 seconds
[2022-03-26 01:01:17,605] {scheduler_job.py:182} INFO - Started process (PID=1571) to work on /opt/airflow/dags/JobCuratedChurn_0.2/lib/dom4j-2.1.3.jar
[2022-03-26 01:01:17,631] {scheduler_job.py:629} INFO - Processing file /opt/airflow/dags/JobCuratedChurn_0.2/lib/dom4j-2.1.3.jar for tasks to queue
[2022-03-26 01:01:17,638] {logging_mixin.py:104} INFO - [2022-03-26 01:01:17,636] {dagbag.py:448} INFO - Filling up the DagBag from /opt/airflow/dags/JobCuratedChurn_0.2/lib/dom4j-2.1.3.jar
[2022-03-26 01:01:17,695] {scheduler_job.py:641} WARNING - No viable dags retrieved from /opt/airflow/dags/JobCuratedChurn_0.2/lib/dom4j-2.1.3.jar
[2022-03-26 01:01:17,817] {scheduler_job.py:190} INFO - Processing /opt/airflow/dags/JobCuratedChurn_0.2/lib/dom4j-2.1.3.jar took 0.270 seconds
[2022-03-26 01:01:18,910] {scheduler_job.py:182} INFO - Started process (PID=1303) to work on /opt/airflow/dags/JobCuratedChurn_0.2/lib/dom4j-2.1.3.jar
[2022-03-26 01:01:18,954] {scheduler_job.py:629} INFO - Processing file /opt/airflow/dags/JobCuratedChurn_0.2/lib/dom4j-2.1.3.jar for tasks to queue
[2022-03-26 01:01:18,979] {logging_mixin.py:104} INFO - [2022-03-26 01:01:18,974] {dagbag.py:448} INFO - Filling up the DagBag from /opt/airflow/dags/JobCuratedChurn_0.2/lib/dom4j-2.1.3.jar
[2022-03-26 01:01:19,065] {scheduler_job.py:641} WARNING - No viable dags retrieved from /opt/airflow/dags/JobCuratedChurn_0.2/lib/dom4j-2.1.3.jar
[2022-03-26 01:01:19,167] {scheduler_job.py:190} INFO - Processing /opt/airflow/dags/JobCuratedChurn_0.2/lib/dom4j-2.1.3.jar took 0.354 seconds
[2022-03-26 01:01:51,515] {scheduler_job.py:182} INFO - Started process (PID=1614) to work on /opt/airflow/dags/JobCuratedChurn_0.2/lib/dom4j-2.1.3.jar
[2022-03-26 01:01:51,538] {scheduler_job.py:182} INFO - Started process (PID=1366) to work on /opt/airflow/dags/JobCuratedChurn_0.2/lib/dom4j-2.1.3.jar
[2022-03-26 01:01:51,557] {scheduler_job.py:629} INFO - Processing file /opt/airflow/dags/JobCuratedChurn_0.2/lib/dom4j-2.1.3.jar for tasks to queue
[2022-03-26 01:01:51,591] {logging_mixin.py:104} INFO - [2022-03-26 01:01:51,590] {dagbag.py:448} INFO - Filling up the DagBag from /opt/airflow/dags/JobCuratedChurn_0.2/lib/dom4j-2.1.3.jar
[2022-03-26 01:01:51,672] {scheduler_job.py:629} INFO - Processing file /opt/airflow/dags/JobCuratedChurn_0.2/lib/dom4j-2.1.3.jar for tasks to queue
[2022-03-26 01:01:51,687] {logging_mixin.py:104} INFO - [2022-03-26 01:01:51,687] {dagbag.py:448} INFO - Filling up the DagBag from /opt/airflow/dags/JobCuratedChurn_0.2/lib/dom4j-2.1.3.jar
[2022-03-26 01:01:51,732] {scheduler_job.py:641} WARNING - No viable dags retrieved from /opt/airflow/dags/JobCuratedChurn_0.2/lib/dom4j-2.1.3.jar
[2022-03-26 01:01:51,873] {scheduler_job.py:641} WARNING - No viable dags retrieved from /opt/airflow/dags/JobCuratedChurn_0.2/lib/dom4j-2.1.3.jar
[2022-03-26 01:01:52,001] {scheduler_job.py:190} INFO - Processing /opt/airflow/dags/JobCuratedChurn_0.2/lib/dom4j-2.1.3.jar took 0.554 seconds
[2022-03-26 01:01:52,258] {scheduler_job.py:190} INFO - Processing /opt/airflow/dags/JobCuratedChurn_0.2/lib/dom4j-2.1.3.jar took 0.920 seconds
[2022-03-26 01:02:22,425] {scheduler_job.py:182} INFO - Started process (PID=1657) to work on /opt/airflow/dags/JobCuratedChurn_0.2/lib/dom4j-2.1.3.jar
[2022-03-26 01:02:22,435] {scheduler_job.py:629} INFO - Processing file /opt/airflow/dags/JobCuratedChurn_0.2/lib/dom4j-2.1.3.jar for tasks to queue
[2022-03-26 01:02:22,445] {logging_mixin.py:104} INFO - [2022-03-26 01:02:22,444] {dagbag.py:448} INFO - Filling up the DagBag from /opt/airflow/dags/JobCuratedChurn_0.2/lib/dom4j-2.1.3.jar
[2022-03-26 01:02:22,481] {scheduler_job.py:641} WARNING - No viable dags retrieved from /opt/airflow/dags/JobCuratedChurn_0.2/lib/dom4j-2.1.3.jar
[2022-03-26 01:02:22,604] {scheduler_job.py:190} INFO - Processing /opt/airflow/dags/JobCuratedChurn_0.2/lib/dom4j-2.1.3.jar took 0.193 seconds
[2022-03-26 01:02:23,069] {scheduler_job.py:182} INFO - Started process (PID=1432) to work on /opt/airflow/dags/JobCuratedChurn_0.2/lib/dom4j-2.1.3.jar
[2022-03-26 01:02:23,084] {scheduler_job.py:629} INFO - Processing file /opt/airflow/dags/JobCuratedChurn_0.2/lib/dom4j-2.1.3.jar for tasks to queue
[2022-03-26 01:02:23,093] {logging_mixin.py:104} INFO - [2022-03-26 01:02:23,090] {dagbag.py:448} INFO - Filling up the DagBag from /opt/airflow/dags/JobCuratedChurn_0.2/lib/dom4j-2.1.3.jar
[2022-03-26 01:02:23,140] {scheduler_job.py:641} WARNING - No viable dags retrieved from /opt/airflow/dags/JobCuratedChurn_0.2/lib/dom4j-2.1.3.jar
[2022-03-26 01:02:23,234] {scheduler_job.py:190} INFO - Processing /opt/airflow/dags/JobCuratedChurn_0.2/lib/dom4j-2.1.3.jar took 0.203 seconds
[2022-03-26 01:03:05,381] {scheduler_job.py:182} INFO - Started process (PID=1494) to work on /opt/airflow/dags/JobCuratedChurn_0.2/lib/dom4j-2.1.3.jar
[2022-03-26 01:03:05,391] {scheduler_job.py:629} INFO - Processing file /opt/airflow/dags/JobCuratedChurn_0.2/lib/dom4j-2.1.3.jar for tasks to queue
[2022-03-26 01:03:05,406] {logging_mixin.py:104} INFO - [2022-03-26 01:03:05,406] {dagbag.py:448} INFO - Filling up the DagBag from /opt/airflow/dags/JobCuratedChurn_0.2/lib/dom4j-2.1.3.jar
[2022-03-26 01:03:05,599] {scheduler_job.py:641} WARNING - No viable dags retrieved from /opt/airflow/dags/JobCuratedChurn_0.2/lib/dom4j-2.1.3.jar
[2022-03-26 01:03:06,862] {scheduler_job.py:190} INFO - Processing /opt/airflow/dags/JobCuratedChurn_0.2/lib/dom4j-2.1.3.jar took 1.625 seconds
[2022-03-26 01:03:08,937] {scheduler_job.py:182} INFO - Started process (PID=1694) to work on /opt/airflow/dags/JobCuratedChurn_0.2/lib/dom4j-2.1.3.jar
[2022-03-26 01:03:09,050] {scheduler_job.py:629} INFO - Processing file /opt/airflow/dags/JobCuratedChurn_0.2/lib/dom4j-2.1.3.jar for tasks to queue
[2022-03-26 01:03:09,068] {logging_mixin.py:104} INFO - [2022-03-26 01:03:09,067] {dagbag.py:448} INFO - Filling up the DagBag from /opt/airflow/dags/JobCuratedChurn_0.2/lib/dom4j-2.1.3.jar
[2022-03-26 01:03:09,229] {scheduler_job.py:641} WARNING - No viable dags retrieved from /opt/airflow/dags/JobCuratedChurn_0.2/lib/dom4j-2.1.3.jar
[2022-03-26 01:03:09,772] {scheduler_job.py:190} INFO - Processing /opt/airflow/dags/JobCuratedChurn_0.2/lib/dom4j-2.1.3.jar took 0.861 seconds
[2022-03-26 01:03:55,296] {scheduler_job.py:182} INFO - Started process (PID=1562) to work on /opt/airflow/dags/JobCuratedChurn_0.2/lib/dom4j-2.1.3.jar
[2022-03-26 01:03:55,308] {scheduler_job.py:629} INFO - Processing file /opt/airflow/dags/JobCuratedChurn_0.2/lib/dom4j-2.1.3.jar for tasks to queue
[2022-03-26 01:03:55,324] {scheduler_job.py:182} INFO - Started process (PID=1743) to work on /opt/airflow/dags/JobCuratedChurn_0.2/lib/dom4j-2.1.3.jar
[2022-03-26 01:03:55,327] {logging_mixin.py:104} INFO - [2022-03-26 01:03:55,317] {dagbag.py:448} INFO - Filling up the DagBag from /opt/airflow/dags/JobCuratedChurn_0.2/lib/dom4j-2.1.3.jar
[2022-03-26 01:03:55,332] {scheduler_job.py:629} INFO - Processing file /opt/airflow/dags/JobCuratedChurn_0.2/lib/dom4j-2.1.3.jar for tasks to queue
[2022-03-26 01:03:55,346] {logging_mixin.py:104} INFO - [2022-03-26 01:03:55,345] {dagbag.py:448} INFO - Filling up the DagBag from /opt/airflow/dags/JobCuratedChurn_0.2/lib/dom4j-2.1.3.jar
[2022-03-26 01:03:55,520] {scheduler_job.py:641} WARNING - No viable dags retrieved from /opt/airflow/dags/JobCuratedChurn_0.2/lib/dom4j-2.1.3.jar
[2022-03-26 01:03:55,532] {scheduler_job.py:641} WARNING - No viable dags retrieved from /opt/airflow/dags/JobCuratedChurn_0.2/lib/dom4j-2.1.3.jar
[2022-03-26 01:03:55,817] {scheduler_job.py:190} INFO - Processing /opt/airflow/dags/JobCuratedChurn_0.2/lib/dom4j-2.1.3.jar took 0.571 seconds
[2022-03-26 01:03:55,846] {scheduler_job.py:190} INFO - Processing /opt/airflow/dags/JobCuratedChurn_0.2/lib/dom4j-2.1.3.jar took 0.654 seconds
[2022-03-26 01:04:27,921] {scheduler_job.py:182} INFO - Started process (PID=1782) to work on /opt/airflow/dags/JobCuratedChurn_0.2/lib/dom4j-2.1.3.jar
[2022-03-26 01:04:28,020] {scheduler_job.py:629} INFO - Processing file /opt/airflow/dags/JobCuratedChurn_0.2/lib/dom4j-2.1.3.jar for tasks to queue
[2022-03-26 01:04:28,026] {logging_mixin.py:104} INFO - [2022-03-26 01:04:28,025] {dagbag.py:448} INFO - Filling up the DagBag from /opt/airflow/dags/JobCuratedChurn_0.2/lib/dom4j-2.1.3.jar
[2022-03-26 01:04:28,141] {scheduler_job.py:641} WARNING - No viable dags retrieved from /opt/airflow/dags/JobCuratedChurn_0.2/lib/dom4j-2.1.3.jar
[2022-03-26 01:04:28,436] {scheduler_job.py:190} INFO - Processing /opt/airflow/dags/JobCuratedChurn_0.2/lib/dom4j-2.1.3.jar took 0.574 seconds
[2022-03-26 01:04:34,901] {scheduler_job.py:182} INFO - Started process (PID=1620) to work on /opt/airflow/dags/JobCuratedChurn_0.2/lib/dom4j-2.1.3.jar
[2022-03-26 01:04:34,922] {scheduler_job.py:629} INFO - Processing file /opt/airflow/dags/JobCuratedChurn_0.2/lib/dom4j-2.1.3.jar for tasks to queue
[2022-03-26 01:04:34,959] {logging_mixin.py:104} INFO - [2022-03-26 01:04:34,958] {dagbag.py:448} INFO - Filling up the DagBag from /opt/airflow/dags/JobCuratedChurn_0.2/lib/dom4j-2.1.3.jar
[2022-03-26 01:04:35,283] {scheduler_job.py:641} WARNING - No viable dags retrieved from /opt/airflow/dags/JobCuratedChurn_0.2/lib/dom4j-2.1.3.jar
[2022-03-26 01:04:35,852] {scheduler_job.py:190} INFO - Processing /opt/airflow/dags/JobCuratedChurn_0.2/lib/dom4j-2.1.3.jar took 1.086 seconds
[2022-03-26 01:05:00,084] {scheduler_job.py:182} INFO - Started process (PID=1824) to work on /opt/airflow/dags/JobCuratedChurn_0.2/lib/dom4j-2.1.3.jar
[2022-03-26 01:05:00,220] {scheduler_job.py:629} INFO - Processing file /opt/airflow/dags/JobCuratedChurn_0.2/lib/dom4j-2.1.3.jar for tasks to queue
[2022-03-26 01:05:00,567] {logging_mixin.py:104} INFO - [2022-03-26 01:05:00,302] {dagbag.py:448} INFO - Filling up the DagBag from /opt/airflow/dags/JobCuratedChurn_0.2/lib/dom4j-2.1.3.jar
[2022-03-26 01:05:02,440] {scheduler_job.py:641} WARNING - No viable dags retrieved from /opt/airflow/dags/JobCuratedChurn_0.2/lib/dom4j-2.1.3.jar
[2022-03-26 01:05:03,752] {scheduler_job.py:190} INFO - Processing /opt/airflow/dags/JobCuratedChurn_0.2/lib/dom4j-2.1.3.jar took 3.899 seconds
[2022-03-26 01:05:10,660] {scheduler_job.py:182} INFO - Started process (PID=1675) to work on /opt/airflow/dags/JobCuratedChurn_0.2/lib/dom4j-2.1.3.jar
[2022-03-26 01:05:10,669] {scheduler_job.py:629} INFO - Processing file /opt/airflow/dags/JobCuratedChurn_0.2/lib/dom4j-2.1.3.jar for tasks to queue
[2022-03-26 01:05:10,677] {logging_mixin.py:104} INFO - [2022-03-26 01:05:10,677] {dagbag.py:448} INFO - Filling up the DagBag from /opt/airflow/dags/JobCuratedChurn_0.2/lib/dom4j-2.1.3.jar
[2022-03-26 01:05:10,738] {scheduler_job.py:641} WARNING - No viable dags retrieved from /opt/airflow/dags/JobCuratedChurn_0.2/lib/dom4j-2.1.3.jar
[2022-03-26 01:05:10,896] {scheduler_job.py:190} INFO - Processing /opt/airflow/dags/JobCuratedChurn_0.2/lib/dom4j-2.1.3.jar took 0.295 seconds
[2022-03-26 01:05:34,254] {scheduler_job.py:182} INFO - Started process (PID=1867) to work on /opt/airflow/dags/JobCuratedChurn_0.2/lib/dom4j-2.1.3.jar
[2022-03-26 01:05:34,265] {scheduler_job.py:629} INFO - Processing file /opt/airflow/dags/JobCuratedChurn_0.2/lib/dom4j-2.1.3.jar for tasks to queue
[2022-03-26 01:05:34,272] {logging_mixin.py:104} INFO - [2022-03-26 01:05:34,271] {dagbag.py:448} INFO - Filling up the DagBag from /opt/airflow/dags/JobCuratedChurn_0.2/lib/dom4j-2.1.3.jar
[2022-03-26 01:05:34,313] {scheduler_job.py:641} WARNING - No viable dags retrieved from /opt/airflow/dags/JobCuratedChurn_0.2/lib/dom4j-2.1.3.jar
[2022-03-26 01:05:34,360] {scheduler_job.py:190} INFO - Processing /opt/airflow/dags/JobCuratedChurn_0.2/lib/dom4j-2.1.3.jar took 0.133 seconds
[2022-03-26 01:06:12,512] {scheduler_job.py:182} INFO - Started process (PID=1799) to work on /opt/airflow/dags/JobCuratedChurn_0.2/lib/dom4j-2.1.3.jar
[2022-03-26 01:06:12,533] {scheduler_job.py:629} INFO - Processing file /opt/airflow/dags/JobCuratedChurn_0.2/lib/dom4j-2.1.3.jar for tasks to queue
[2022-03-26 01:06:12,538] {logging_mixin.py:104} INFO - [2022-03-26 01:06:12,537] {dagbag.py:448} INFO - Filling up the DagBag from /opt/airflow/dags/JobCuratedChurn_0.2/lib/dom4j-2.1.3.jar
[2022-03-26 01:06:12,701] {scheduler_job.py:641} WARNING - No viable dags retrieved from /opt/airflow/dags/JobCuratedChurn_0.2/lib/dom4j-2.1.3.jar
[2022-03-26 01:06:12,953] {scheduler_job.py:190} INFO - Processing /opt/airflow/dags/JobCuratedChurn_0.2/lib/dom4j-2.1.3.jar took 0.504 seconds
[2022-03-26 01:06:35,884] {scheduler_job.py:182} INFO - Started process (PID=1956) to work on /opt/airflow/dags/JobCuratedChurn_0.2/lib/dom4j-2.1.3.jar
[2022-03-26 01:06:35,918] {scheduler_job.py:629} INFO - Processing file /opt/airflow/dags/JobCuratedChurn_0.2/lib/dom4j-2.1.3.jar for tasks to queue
[2022-03-26 01:06:35,990] {logging_mixin.py:104} INFO - [2022-03-26 01:06:35,951] {dagbag.py:448} INFO - Filling up the DagBag from /opt/airflow/dags/JobCuratedChurn_0.2/lib/dom4j-2.1.3.jar
[2022-03-26 01:06:36,085] {scheduler_job.py:641} WARNING - No viable dags retrieved from /opt/airflow/dags/JobCuratedChurn_0.2/lib/dom4j-2.1.3.jar
[2022-03-26 01:06:36,504] {scheduler_job.py:190} INFO - Processing /opt/airflow/dags/JobCuratedChurn_0.2/lib/dom4j-2.1.3.jar took 0.672 seconds
[2022-03-26 01:07:04,184] {scheduler_job.py:182} INFO - Started process (PID=1883) to work on /opt/airflow/dags/JobCuratedChurn_0.2/lib/dom4j-2.1.3.jar
[2022-03-26 01:07:04,242] {scheduler_job.py:629} INFO - Processing file /opt/airflow/dags/JobCuratedChurn_0.2/lib/dom4j-2.1.3.jar for tasks to queue
[2022-03-26 01:07:04,277] {logging_mixin.py:104} INFO - [2022-03-26 01:07:04,277] {dagbag.py:448} INFO - Filling up the DagBag from /opt/airflow/dags/JobCuratedChurn_0.2/lib/dom4j-2.1.3.jar
[2022-03-26 01:07:04,531] {scheduler_job.py:641} WARNING - No viable dags retrieved from /opt/airflow/dags/JobCuratedChurn_0.2/lib/dom4j-2.1.3.jar
[2022-03-26 01:07:04,868] {scheduler_job.py:190} INFO - Processing /opt/airflow/dags/JobCuratedChurn_0.2/lib/dom4j-2.1.3.jar took 0.833 seconds
[2022-03-26 01:07:17,607] {scheduler_job.py:182} INFO - Started process (PID=2029) to work on /opt/airflow/dags/JobCuratedChurn_0.2/lib/dom4j-2.1.3.jar
[2022-03-26 01:07:17,622] {scheduler_job.py:629} INFO - Processing file /opt/airflow/dags/JobCuratedChurn_0.2/lib/dom4j-2.1.3.jar for tasks to queue
[2022-03-26 01:07:17,630] {logging_mixin.py:104} INFO - [2022-03-26 01:07:17,630] {dagbag.py:448} INFO - Filling up the DagBag from /opt/airflow/dags/JobCuratedChurn_0.2/lib/dom4j-2.1.3.jar
[2022-03-26 01:07:17,728] {scheduler_job.py:641} WARNING - No viable dags retrieved from /opt/airflow/dags/JobCuratedChurn_0.2/lib/dom4j-2.1.3.jar
[2022-03-26 01:07:17,915] {scheduler_job.py:190} INFO - Processing /opt/airflow/dags/JobCuratedChurn_0.2/lib/dom4j-2.1.3.jar took 0.343 seconds
[2022-03-26 01:07:46,265] {scheduler_job.py:182} INFO - Started process (PID=1971) to work on /opt/airflow/dags/JobCuratedChurn_0.2/lib/dom4j-2.1.3.jar
[2022-03-26 01:07:46,293] {scheduler_job.py:629} INFO - Processing file /opt/airflow/dags/JobCuratedChurn_0.2/lib/dom4j-2.1.3.jar for tasks to queue
[2022-03-26 01:07:46,312] {logging_mixin.py:104} INFO - [2022-03-26 01:07:46,309] {dagbag.py:448} INFO - Filling up the DagBag from /opt/airflow/dags/JobCuratedChurn_0.2/lib/dom4j-2.1.3.jar
[2022-03-26 01:07:46,559] {scheduler_job.py:641} WARNING - No viable dags retrieved from /opt/airflow/dags/JobCuratedChurn_0.2/lib/dom4j-2.1.3.jar
[2022-03-26 01:07:46,910] {scheduler_job.py:190} INFO - Processing /opt/airflow/dags/JobCuratedChurn_0.2/lib/dom4j-2.1.3.jar took 0.722 seconds
[2022-03-26 01:08:16,536] {scheduler_job.py:182} INFO - Started process (PID=2137) to work on /opt/airflow/dags/JobCuratedChurn_0.2/lib/dom4j-2.1.3.jar
[2022-03-26 01:08:16,584] {scheduler_job.py:629} INFO - Processing file /opt/airflow/dags/JobCuratedChurn_0.2/lib/dom4j-2.1.3.jar for tasks to queue
[2022-03-26 01:08:16,703] {logging_mixin.py:104} INFO - [2022-03-26 01:08:16,702] {dagbag.py:448} INFO - Filling up the DagBag from /opt/airflow/dags/JobCuratedChurn_0.2/lib/dom4j-2.1.3.jar
[2022-03-26 01:08:16,875] {scheduler_job.py:641} WARNING - No viable dags retrieved from /opt/airflow/dags/JobCuratedChurn_0.2/lib/dom4j-2.1.3.jar
[2022-03-26 01:08:17,359] {scheduler_job.py:190} INFO - Processing /opt/airflow/dags/JobCuratedChurn_0.2/lib/dom4j-2.1.3.jar took 0.976 seconds
[2022-03-26 01:08:28,359] {scheduler_job.py:182} INFO - Started process (PID=2040) to work on /opt/airflow/dags/JobCuratedChurn_0.2/lib/dom4j-2.1.3.jar
[2022-03-26 01:08:28,405] {scheduler_job.py:629} INFO - Processing file /opt/airflow/dags/JobCuratedChurn_0.2/lib/dom4j-2.1.3.jar for tasks to queue
[2022-03-26 01:08:28,448] {logging_mixin.py:104} INFO - [2022-03-26 01:08:28,428] {dagbag.py:448} INFO - Filling up the DagBag from /opt/airflow/dags/JobCuratedChurn_0.2/lib/dom4j-2.1.3.jar
[2022-03-26 01:08:28,646] {scheduler_job.py:641} WARNING - No viable dags retrieved from /opt/airflow/dags/JobCuratedChurn_0.2/lib/dom4j-2.1.3.jar
[2022-03-26 01:08:29,249] {scheduler_job.py:190} INFO - Processing /opt/airflow/dags/JobCuratedChurn_0.2/lib/dom4j-2.1.3.jar took 0.969 seconds
[2022-03-26 01:09:06,591] {scheduler_job.py:182} INFO - Started process (PID=2125) to work on /opt/airflow/dags/JobCuratedChurn_0.2/lib/dom4j-2.1.3.jar
[2022-03-26 01:09:06,608] {scheduler_job.py:629} INFO - Processing file /opt/airflow/dags/JobCuratedChurn_0.2/lib/dom4j-2.1.3.jar for tasks to queue
[2022-03-26 01:09:06,631] {logging_mixin.py:104} INFO - [2022-03-26 01:09:06,626] {dagbag.py:448} INFO - Filling up the DagBag from /opt/airflow/dags/JobCuratedChurn_0.2/lib/dom4j-2.1.3.jar
[2022-03-26 01:09:06,733] {scheduler_job.py:641} WARNING - No viable dags retrieved from /opt/airflow/dags/JobCuratedChurn_0.2/lib/dom4j-2.1.3.jar
[2022-03-26 01:09:06,897] {scheduler_job.py:190} INFO - Processing /opt/airflow/dags/JobCuratedChurn_0.2/lib/dom4j-2.1.3.jar took 0.342 seconds
[2022-03-26 01:09:12,300] {scheduler_job.py:182} INFO - Started process (PID=2242) to work on /opt/airflow/dags/JobCuratedChurn_0.2/lib/dom4j-2.1.3.jar
[2022-03-26 01:09:12,314] {scheduler_job.py:629} INFO - Processing file /opt/airflow/dags/JobCuratedChurn_0.2/lib/dom4j-2.1.3.jar for tasks to queue
[2022-03-26 01:09:12,332] {logging_mixin.py:104} INFO - [2022-03-26 01:09:12,331] {dagbag.py:448} INFO - Filling up the DagBag from /opt/airflow/dags/JobCuratedChurn_0.2/lib/dom4j-2.1.3.jar
[2022-03-26 01:09:12,471] {scheduler_job.py:641} WARNING - No viable dags retrieved from /opt/airflow/dags/JobCuratedChurn_0.2/lib/dom4j-2.1.3.jar
[2022-03-26 01:09:12,663] {scheduler_job.py:190} INFO - Processing /opt/airflow/dags/JobCuratedChurn_0.2/lib/dom4j-2.1.3.jar took 0.405 seconds
[2022-03-26 01:09:44,503] {scheduler_job.py:182} INFO - Started process (PID=2191) to work on /opt/airflow/dags/JobCuratedChurn_0.2/lib/dom4j-2.1.3.jar
[2022-03-26 01:09:44,510] {scheduler_job.py:629} INFO - Processing file /opt/airflow/dags/JobCuratedChurn_0.2/lib/dom4j-2.1.3.jar for tasks to queue
[2022-03-26 01:09:44,523] {logging_mixin.py:104} INFO - [2022-03-26 01:09:44,523] {dagbag.py:448} INFO - Filling up the DagBag from /opt/airflow/dags/JobCuratedChurn_0.2/lib/dom4j-2.1.3.jar
[2022-03-26 01:09:44,668] {scheduler_job.py:641} WARNING - No viable dags retrieved from /opt/airflow/dags/JobCuratedChurn_0.2/lib/dom4j-2.1.3.jar
[2022-03-26 01:09:44,903] {scheduler_job.py:190} INFO - Processing /opt/airflow/dags/JobCuratedChurn_0.2/lib/dom4j-2.1.3.jar took 0.934 seconds
[2022-03-26 01:10:03,649] {scheduler_job.py:182} INFO - Started process (PID=2327) to work on /opt/airflow/dags/JobCuratedChurn_0.2/lib/dom4j-2.1.3.jar
[2022-03-26 01:10:03,668] {scheduler_job.py:629} INFO - Processing file /opt/airflow/dags/JobCuratedChurn_0.2/lib/dom4j-2.1.3.jar for tasks to queue
[2022-03-26 01:10:03,674] {logging_mixin.py:104} INFO - [2022-03-26 01:10:03,673] {dagbag.py:448} INFO - Filling up the DagBag from /opt/airflow/dags/JobCuratedChurn_0.2/lib/dom4j-2.1.3.jar
[2022-03-26 01:10:03,744] {scheduler_job.py:641} WARNING - No viable dags retrieved from /opt/airflow/dags/JobCuratedChurn_0.2/lib/dom4j-2.1.3.jar
[2022-03-26 01:10:03,897] {scheduler_job.py:190} INFO - Processing /opt/airflow/dags/JobCuratedChurn_0.2/lib/dom4j-2.1.3.jar took 0.326 seconds
[2022-03-26 01:10:34,585] {scheduler_job.py:182} INFO - Started process (PID=2279) to work on /opt/airflow/dags/JobCuratedChurn_0.2/lib/dom4j-2.1.3.jar
[2022-03-26 01:10:34,623] {scheduler_job.py:629} INFO - Processing file /opt/airflow/dags/JobCuratedChurn_0.2/lib/dom4j-2.1.3.jar for tasks to queue
[2022-03-26 01:10:34,638] {logging_mixin.py:104} INFO - [2022-03-26 01:10:34,638] {dagbag.py:448} INFO - Filling up the DagBag from /opt/airflow/dags/JobCuratedChurn_0.2/lib/dom4j-2.1.3.jar
[2022-03-26 01:10:34,828] {scheduler_job.py:641} WARNING - No viable dags retrieved from /opt/airflow/dags/JobCuratedChurn_0.2/lib/dom4j-2.1.3.jar
[2022-03-26 01:10:34,947] {scheduler_job.py:190} INFO - Processing /opt/airflow/dags/JobCuratedChurn_0.2/lib/dom4j-2.1.3.jar took 0.419 seconds
[2022-03-26 01:10:58,785] {scheduler_job.py:182} INFO - Started process (PID=2409) to work on /opt/airflow/dags/JobCuratedChurn_0.2/lib/dom4j-2.1.3.jar
[2022-03-26 01:10:58,831] {scheduler_job.py:629} INFO - Processing file /opt/airflow/dags/JobCuratedChurn_0.2/lib/dom4j-2.1.3.jar for tasks to queue
[2022-03-26 01:10:58,858] {logging_mixin.py:104} INFO - [2022-03-26 01:10:58,857] {dagbag.py:448} INFO - Filling up the DagBag from /opt/airflow/dags/JobCuratedChurn_0.2/lib/dom4j-2.1.3.jar
[2022-03-26 01:10:58,968] {scheduler_job.py:641} WARNING - No viable dags retrieved from /opt/airflow/dags/JobCuratedChurn_0.2/lib/dom4j-2.1.3.jar
[2022-03-26 01:10:59,105] {scheduler_job.py:190} INFO - Processing /opt/airflow/dags/JobCuratedChurn_0.2/lib/dom4j-2.1.3.jar took 0.405 seconds
[2022-03-26 01:11:27,773] {scheduler_job.py:182} INFO - Started process (PID=2361) to work on /opt/airflow/dags/JobCuratedChurn_0.2/lib/dom4j-2.1.3.jar
[2022-03-26 01:11:27,844] {scheduler_job.py:629} INFO - Processing file /opt/airflow/dags/JobCuratedChurn_0.2/lib/dom4j-2.1.3.jar for tasks to queue
[2022-03-26 01:11:27,857] {logging_mixin.py:104} INFO - [2022-03-26 01:11:27,856] {dagbag.py:448} INFO - Filling up the DagBag from /opt/airflow/dags/JobCuratedChurn_0.2/lib/dom4j-2.1.3.jar
[2022-03-26 01:11:27,957] {scheduler_job.py:641} WARNING - No viable dags retrieved from /opt/airflow/dags/JobCuratedChurn_0.2/lib/dom4j-2.1.3.jar
[2022-03-26 01:11:28,175] {scheduler_job.py:190} INFO - Processing /opt/airflow/dags/JobCuratedChurn_0.2/lib/dom4j-2.1.3.jar took 0.482 seconds
[2022-03-26 01:12:04,898] {scheduler_job.py:182} INFO - Started process (PID=2528) to work on /opt/airflow/dags/JobCuratedChurn_0.2/lib/dom4j-2.1.3.jar
[2022-03-26 01:12:04,930] {scheduler_job.py:629} INFO - Processing file /opt/airflow/dags/JobCuratedChurn_0.2/lib/dom4j-2.1.3.jar for tasks to queue
[2022-03-26 01:12:04,935] {logging_mixin.py:104} INFO - [2022-03-26 01:12:04,935] {dagbag.py:448} INFO - Filling up the DagBag from /opt/airflow/dags/JobCuratedChurn_0.2/lib/dom4j-2.1.3.jar
[2022-03-26 01:12:05,016] {scheduler_job.py:641} WARNING - No viable dags retrieved from /opt/airflow/dags/JobCuratedChurn_0.2/lib/dom4j-2.1.3.jar
[2022-03-26 01:12:05,105] {scheduler_job.py:190} INFO - Processing /opt/airflow/dags/JobCuratedChurn_0.2/lib/dom4j-2.1.3.jar took 0.268 seconds
[2022-03-26 01:12:09,463] {scheduler_job.py:182} INFO - Started process (PID=2444) to work on /opt/airflow/dags/JobCuratedChurn_0.2/lib/dom4j-2.1.3.jar
[2022-03-26 01:12:09,503] {scheduler_job.py:629} INFO - Processing file /opt/airflow/dags/JobCuratedChurn_0.2/lib/dom4j-2.1.3.jar for tasks to queue
[2022-03-26 01:12:09,534] {logging_mixin.py:104} INFO - [2022-03-26 01:12:09,525] {dagbag.py:448} INFO - Filling up the DagBag from /opt/airflow/dags/JobCuratedChurn_0.2/lib/dom4j-2.1.3.jar
[2022-03-26 01:12:10,080] {scheduler_job.py:641} WARNING - No viable dags retrieved from /opt/airflow/dags/JobCuratedChurn_0.2/lib/dom4j-2.1.3.jar
[2022-03-26 01:12:10,444] {scheduler_job.py:190} INFO - Processing /opt/airflow/dags/JobCuratedChurn_0.2/lib/dom4j-2.1.3.jar took 1.395 seconds
[2022-03-26 01:12:47,940] {scheduler_job.py:182} INFO - Started process (PID=2520) to work on /opt/airflow/dags/JobCuratedChurn_0.2/lib/dom4j-2.1.3.jar
[2022-03-26 01:12:48,027] {scheduler_job.py:629} INFO - Processing file /opt/airflow/dags/JobCuratedChurn_0.2/lib/dom4j-2.1.3.jar for tasks to queue
[2022-03-26 01:12:48,061] {logging_mixin.py:104} INFO - [2022-03-26 01:12:48,060] {dagbag.py:448} INFO - Filling up the DagBag from /opt/airflow/dags/JobCuratedChurn_0.2/lib/dom4j-2.1.3.jar
[2022-03-26 01:12:48,220] {scheduler_job.py:641} WARNING - No viable dags retrieved from /opt/airflow/dags/JobCuratedChurn_0.2/lib/dom4j-2.1.3.jar
[2022-03-26 01:12:48,883] {scheduler_job.py:190} INFO - Processing /opt/airflow/dags/JobCuratedChurn_0.2/lib/dom4j-2.1.3.jar took 1.020 seconds
[2022-03-26 01:12:51,079] {scheduler_job.py:182} INFO - Started process (PID=2619) to work on /opt/airflow/dags/JobCuratedChurn_0.2/lib/dom4j-2.1.3.jar
[2022-03-26 01:12:51,085] {scheduler_job.py:629} INFO - Processing file /opt/airflow/dags/JobCuratedChurn_0.2/lib/dom4j-2.1.3.jar for tasks to queue
[2022-03-26 01:12:51,104] {logging_mixin.py:104} INFO - [2022-03-26 01:12:51,099] {dagbag.py:448} INFO - Filling up the DagBag from /opt/airflow/dags/JobCuratedChurn_0.2/lib/dom4j-2.1.3.jar
[2022-03-26 01:12:51,225] {scheduler_job.py:641} WARNING - No viable dags retrieved from /opt/airflow/dags/JobCuratedChurn_0.2/lib/dom4j-2.1.3.jar
[2022-03-26 01:12:51,506] {scheduler_job.py:190} INFO - Processing /opt/airflow/dags/JobCuratedChurn_0.2/lib/dom4j-2.1.3.jar took 0.487 seconds
[2022-03-26 01:13:27,445] {scheduler_job.py:182} INFO - Started process (PID=2595) to work on /opt/airflow/dags/JobCuratedChurn_0.2/lib/dom4j-2.1.3.jar
[2022-03-26 01:13:27,463] {scheduler_job.py:629} INFO - Processing file /opt/airflow/dags/JobCuratedChurn_0.2/lib/dom4j-2.1.3.jar for tasks to queue
[2022-03-26 01:13:27,476] {logging_mixin.py:104} INFO - [2022-03-26 01:13:27,475] {dagbag.py:448} INFO - Filling up the DagBag from /opt/airflow/dags/JobCuratedChurn_0.2/lib/dom4j-2.1.3.jar
[2022-03-26 01:13:27,636] {scheduler_job.py:641} WARNING - No viable dags retrieved from /opt/airflow/dags/JobCuratedChurn_0.2/lib/dom4j-2.1.3.jar
[2022-03-26 01:13:27,837] {scheduler_job.py:190} INFO - Processing /opt/airflow/dags/JobCuratedChurn_0.2/lib/dom4j-2.1.3.jar took 0.410 seconds
[2022-03-26 01:13:49,328] {scheduler_job.py:182} INFO - Started process (PID=2726) to work on /opt/airflow/dags/JobCuratedChurn_0.2/lib/dom4j-2.1.3.jar
[2022-03-26 01:13:49,422] {scheduler_job.py:629} INFO - Processing file /opt/airflow/dags/JobCuratedChurn_0.2/lib/dom4j-2.1.3.jar for tasks to queue
[2022-03-26 01:13:49,438] {logging_mixin.py:104} INFO - [2022-03-26 01:13:49,437] {dagbag.py:448} INFO - Filling up the DagBag from /opt/airflow/dags/JobCuratedChurn_0.2/lib/dom4j-2.1.3.jar
[2022-03-26 01:13:49,722] {scheduler_job.py:641} WARNING - No viable dags retrieved from /opt/airflow/dags/JobCuratedChurn_0.2/lib/dom4j-2.1.3.jar
[2022-03-26 01:13:49,921] {scheduler_job.py:190} INFO - Processing /opt/airflow/dags/JobCuratedChurn_0.2/lib/dom4j-2.1.3.jar took 0.955 seconds
[2022-03-26 01:14:36,017] {scheduler_job.py:182} INFO - Started process (PID=2809) to work on /opt/airflow/dags/JobCuratedChurn_0.2/lib/dom4j-2.1.3.jar
[2022-03-26 01:14:36,027] {scheduler_job.py:629} INFO - Processing file /opt/airflow/dags/JobCuratedChurn_0.2/lib/dom4j-2.1.3.jar for tasks to queue
[2022-03-26 01:14:36,034] {logging_mixin.py:104} INFO - [2022-03-26 01:14:36,033] {dagbag.py:448} INFO - Filling up the DagBag from /opt/airflow/dags/JobCuratedChurn_0.2/lib/dom4j-2.1.3.jar
[2022-03-26 01:14:36,151] {scheduler_job.py:641} WARNING - No viable dags retrieved from /opt/airflow/dags/JobCuratedChurn_0.2/lib/dom4j-2.1.3.jar
[2022-03-26 01:14:36,369] {scheduler_job.py:190} INFO - Processing /opt/airflow/dags/JobCuratedChurn_0.2/lib/dom4j-2.1.3.jar took 0.408 seconds
[2022-03-26 01:14:38,232] {scheduler_job.py:182} INFO - Started process (PID=2725) to work on /opt/airflow/dags/JobCuratedChurn_0.2/lib/dom4j-2.1.3.jar
[2022-03-26 01:14:38,265] {scheduler_job.py:629} INFO - Processing file /opt/airflow/dags/JobCuratedChurn_0.2/lib/dom4j-2.1.3.jar for tasks to queue
[2022-03-26 01:14:38,296] {logging_mixin.py:104} INFO - [2022-03-26 01:14:38,296] {dagbag.py:448} INFO - Filling up the DagBag from /opt/airflow/dags/JobCuratedChurn_0.2/lib/dom4j-2.1.3.jar
[2022-03-26 01:14:38,410] {scheduler_job.py:641} WARNING - No viable dags retrieved from /opt/airflow/dags/JobCuratedChurn_0.2/lib/dom4j-2.1.3.jar
[2022-03-26 01:14:38,588] {scheduler_job.py:190} INFO - Processing /opt/airflow/dags/JobCuratedChurn_0.2/lib/dom4j-2.1.3.jar took 0.428 seconds
