[2022-03-26 00:50:47,461] {scheduler_job.py:182} INFO - Started process (PID=795) to work on /opt/airflow/dags/JobCuratedChurn_0.2/lib/slf4j-api-1.7.29.jar
[2022-03-26 00:50:47,469] {scheduler_job.py:629} INFO - Processing file /opt/airflow/dags/JobCuratedChurn_0.2/lib/slf4j-api-1.7.29.jar for tasks to queue
[2022-03-26 00:50:47,475] {logging_mixin.py:104} INFO - [2022-03-26 00:50:47,474] {dagbag.py:448} INFO - Filling up the DagBag from /opt/airflow/dags/JobCuratedChurn_0.2/lib/slf4j-api-1.7.29.jar
[2022-03-26 00:50:47,523] {scheduler_job.py:641} WARNING - No viable dags retrieved from /opt/airflow/dags/JobCuratedChurn_0.2/lib/slf4j-api-1.7.29.jar
[2022-03-26 00:50:47,595] {scheduler_job.py:190} INFO - Processing /opt/airflow/dags/JobCuratedChurn_0.2/lib/slf4j-api-1.7.29.jar took 0.195 seconds
[2022-03-26 00:51:17,988] {scheduler_job.py:182} INFO - Started process (PID=834) to work on /opt/airflow/dags/JobCuratedChurn_0.2/lib/slf4j-api-1.7.29.jar
[2022-03-26 00:51:17,999] {scheduler_job.py:629} INFO - Processing file /opt/airflow/dags/JobCuratedChurn_0.2/lib/slf4j-api-1.7.29.jar for tasks to queue
[2022-03-26 00:51:18,017] {logging_mixin.py:104} INFO - [2022-03-26 00:51:18,017] {dagbag.py:448} INFO - Filling up the DagBag from /opt/airflow/dags/JobCuratedChurn_0.2/lib/slf4j-api-1.7.29.jar
[2022-03-26 00:51:18,044] {scheduler_job.py:641} WARNING - No viable dags retrieved from /opt/airflow/dags/JobCuratedChurn_0.2/lib/slf4j-api-1.7.29.jar
[2022-03-26 00:51:18,111] {scheduler_job.py:190} INFO - Processing /opt/airflow/dags/JobCuratedChurn_0.2/lib/slf4j-api-1.7.29.jar took 0.170 seconds
[2022-03-26 00:51:48,634] {scheduler_job.py:182} INFO - Started process (PID=876) to work on /opt/airflow/dags/JobCuratedChurn_0.2/lib/slf4j-api-1.7.29.jar
[2022-03-26 00:51:48,656] {scheduler_job.py:629} INFO - Processing file /opt/airflow/dags/JobCuratedChurn_0.2/lib/slf4j-api-1.7.29.jar for tasks to queue
[2022-03-26 00:51:48,674] {logging_mixin.py:104} INFO - [2022-03-26 00:51:48,673] {dagbag.py:448} INFO - Filling up the DagBag from /opt/airflow/dags/JobCuratedChurn_0.2/lib/slf4j-api-1.7.29.jar
[2022-03-26 00:51:48,758] {scheduler_job.py:641} WARNING - No viable dags retrieved from /opt/airflow/dags/JobCuratedChurn_0.2/lib/slf4j-api-1.7.29.jar
[2022-03-26 00:51:48,925] {scheduler_job.py:190} INFO - Processing /opt/airflow/dags/JobCuratedChurn_0.2/lib/slf4j-api-1.7.29.jar took 0.367 seconds
[2022-03-26 00:52:21,752] {scheduler_job.py:182} INFO - Started process (PID=920) to work on /opt/airflow/dags/JobCuratedChurn_0.2/lib/slf4j-api-1.7.29.jar
[2022-03-26 00:52:21,886] {scheduler_job.py:629} INFO - Processing file /opt/airflow/dags/JobCuratedChurn_0.2/lib/slf4j-api-1.7.29.jar for tasks to queue
[2022-03-26 00:52:21,897] {logging_mixin.py:104} INFO - [2022-03-26 00:52:21,897] {dagbag.py:448} INFO - Filling up the DagBag from /opt/airflow/dags/JobCuratedChurn_0.2/lib/slf4j-api-1.7.29.jar
[2022-03-26 00:52:21,974] {scheduler_job.py:641} WARNING - No viable dags retrieved from /opt/airflow/dags/JobCuratedChurn_0.2/lib/slf4j-api-1.7.29.jar
[2022-03-26 00:52:22,311] {scheduler_job.py:190} INFO - Processing /opt/airflow/dags/JobCuratedChurn_0.2/lib/slf4j-api-1.7.29.jar took 0.629 seconds
[2022-03-26 00:53:21,348] {scheduler_job.py:182} INFO - Started process (PID=971) to work on /opt/airflow/dags/JobCuratedChurn_0.2/lib/slf4j-api-1.7.29.jar
[2022-03-26 00:53:21,383] {scheduler_job.py:629} INFO - Processing file /opt/airflow/dags/JobCuratedChurn_0.2/lib/slf4j-api-1.7.29.jar for tasks to queue
[2022-03-26 00:53:21,423] {logging_mixin.py:104} INFO - [2022-03-26 00:53:21,418] {dagbag.py:448} INFO - Filling up the DagBag from /opt/airflow/dags/JobCuratedChurn_0.2/lib/slf4j-api-1.7.29.jar
[2022-03-26 00:53:21,619] {scheduler_job.py:641} WARNING - No viable dags retrieved from /opt/airflow/dags/JobCuratedChurn_0.2/lib/slf4j-api-1.7.29.jar
[2022-03-26 00:53:22,165] {scheduler_job.py:190} INFO - Processing /opt/airflow/dags/JobCuratedChurn_0.2/lib/slf4j-api-1.7.29.jar took 0.906 seconds
[2022-03-26 00:53:52,579] {scheduler_job.py:182} INFO - Started process (PID=1013) to work on /opt/airflow/dags/JobCuratedChurn_0.2/lib/slf4j-api-1.7.29.jar
[2022-03-26 00:53:52,604] {scheduler_job.py:629} INFO - Processing file /opt/airflow/dags/JobCuratedChurn_0.2/lib/slf4j-api-1.7.29.jar for tasks to queue
[2022-03-26 00:53:52,632] {logging_mixin.py:104} INFO - [2022-03-26 00:53:52,632] {dagbag.py:448} INFO - Filling up the DagBag from /opt/airflow/dags/JobCuratedChurn_0.2/lib/slf4j-api-1.7.29.jar
[2022-03-26 00:53:52,801] {scheduler_job.py:641} WARNING - No viable dags retrieved from /opt/airflow/dags/JobCuratedChurn_0.2/lib/slf4j-api-1.7.29.jar
[2022-03-26 00:53:52,865] {scheduler_job.py:190} INFO - Processing /opt/airflow/dags/JobCuratedChurn_0.2/lib/slf4j-api-1.7.29.jar took 0.345 seconds
[2022-03-26 00:54:23,716] {scheduler_job.py:182} INFO - Started process (PID=1055) to work on /opt/airflow/dags/JobCuratedChurn_0.2/lib/slf4j-api-1.7.29.jar
[2022-03-26 00:54:23,743] {scheduler_job.py:629} INFO - Processing file /opt/airflow/dags/JobCuratedChurn_0.2/lib/slf4j-api-1.7.29.jar for tasks to queue
[2022-03-26 00:54:23,749] {logging_mixin.py:104} INFO - [2022-03-26 00:54:23,749] {dagbag.py:448} INFO - Filling up the DagBag from /opt/airflow/dags/JobCuratedChurn_0.2/lib/slf4j-api-1.7.29.jar
[2022-03-26 00:54:23,806] {scheduler_job.py:641} WARNING - No viable dags retrieved from /opt/airflow/dags/JobCuratedChurn_0.2/lib/slf4j-api-1.7.29.jar
[2022-03-26 00:54:23,912] {scheduler_job.py:190} INFO - Processing /opt/airflow/dags/JobCuratedChurn_0.2/lib/slf4j-api-1.7.29.jar took 0.234 seconds
[2022-03-26 00:54:54,105] {scheduler_job.py:182} INFO - Started process (PID=1098) to work on /opt/airflow/dags/JobCuratedChurn_0.2/lib/slf4j-api-1.7.29.jar
[2022-03-26 00:54:54,111] {scheduler_job.py:629} INFO - Processing file /opt/airflow/dags/JobCuratedChurn_0.2/lib/slf4j-api-1.7.29.jar for tasks to queue
[2022-03-26 00:54:54,116] {logging_mixin.py:104} INFO - [2022-03-26 00:54:54,115] {dagbag.py:448} INFO - Filling up the DagBag from /opt/airflow/dags/JobCuratedChurn_0.2/lib/slf4j-api-1.7.29.jar
[2022-03-26 00:54:54,147] {scheduler_job.py:641} WARNING - No viable dags retrieved from /opt/airflow/dags/JobCuratedChurn_0.2/lib/slf4j-api-1.7.29.jar
[2022-03-26 00:54:54,249] {scheduler_job.py:190} INFO - Processing /opt/airflow/dags/JobCuratedChurn_0.2/lib/slf4j-api-1.7.29.jar took 0.176 seconds
[2022-03-26 00:55:25,042] {scheduler_job.py:182} INFO - Started process (PID=1139) to work on /opt/airflow/dags/JobCuratedChurn_0.2/lib/slf4j-api-1.7.29.jar
[2022-03-26 00:55:25,060] {scheduler_job.py:629} INFO - Processing file /opt/airflow/dags/JobCuratedChurn_0.2/lib/slf4j-api-1.7.29.jar for tasks to queue
[2022-03-26 00:55:25,064] {logging_mixin.py:104} INFO - [2022-03-26 00:55:25,063] {dagbag.py:448} INFO - Filling up the DagBag from /opt/airflow/dags/JobCuratedChurn_0.2/lib/slf4j-api-1.7.29.jar
[2022-03-26 00:55:25,106] {scheduler_job.py:641} WARNING - No viable dags retrieved from /opt/airflow/dags/JobCuratedChurn_0.2/lib/slf4j-api-1.7.29.jar
[2022-03-26 00:55:25,192] {scheduler_job.py:190} INFO - Processing /opt/airflow/dags/JobCuratedChurn_0.2/lib/slf4j-api-1.7.29.jar took 0.172 seconds
[2022-03-26 00:55:57,385] {scheduler_job.py:182} INFO - Started process (PID=1182) to work on /opt/airflow/dags/JobCuratedChurn_0.2/lib/slf4j-api-1.7.29.jar
[2022-03-26 00:55:57,394] {scheduler_job.py:629} INFO - Processing file /opt/airflow/dags/JobCuratedChurn_0.2/lib/slf4j-api-1.7.29.jar for tasks to queue
[2022-03-26 00:55:57,401] {logging_mixin.py:104} INFO - [2022-03-26 00:55:57,401] {dagbag.py:448} INFO - Filling up the DagBag from /opt/airflow/dags/JobCuratedChurn_0.2/lib/slf4j-api-1.7.29.jar
[2022-03-26 00:55:57,440] {scheduler_job.py:641} WARNING - No viable dags retrieved from /opt/airflow/dags/JobCuratedChurn_0.2/lib/slf4j-api-1.7.29.jar
[2022-03-26 00:55:57,540] {scheduler_job.py:190} INFO - Processing /opt/airflow/dags/JobCuratedChurn_0.2/lib/slf4j-api-1.7.29.jar took 0.197 seconds
[2022-03-26 00:56:27,919] {scheduler_job.py:182} INFO - Started process (PID=1224) to work on /opt/airflow/dags/JobCuratedChurn_0.2/lib/slf4j-api-1.7.29.jar
[2022-03-26 00:56:27,928] {scheduler_job.py:629} INFO - Processing file /opt/airflow/dags/JobCuratedChurn_0.2/lib/slf4j-api-1.7.29.jar for tasks to queue
[2022-03-26 00:56:27,932] {logging_mixin.py:104} INFO - [2022-03-26 00:56:27,931] {dagbag.py:448} INFO - Filling up the DagBag from /opt/airflow/dags/JobCuratedChurn_0.2/lib/slf4j-api-1.7.29.jar
[2022-03-26 00:56:27,970] {scheduler_job.py:641} WARNING - No viable dags retrieved from /opt/airflow/dags/JobCuratedChurn_0.2/lib/slf4j-api-1.7.29.jar
[2022-03-26 00:56:28,047] {scheduler_job.py:190} INFO - Processing /opt/airflow/dags/JobCuratedChurn_0.2/lib/slf4j-api-1.7.29.jar took 0.165 seconds
[2022-03-26 00:56:59,329] {scheduler_job.py:182} INFO - Started process (PID=1267) to work on /opt/airflow/dags/JobCuratedChurn_0.2/lib/slf4j-api-1.7.29.jar
[2022-03-26 00:56:59,354] {scheduler_job.py:629} INFO - Processing file /opt/airflow/dags/JobCuratedChurn_0.2/lib/slf4j-api-1.7.29.jar for tasks to queue
[2022-03-26 00:56:59,378] {logging_mixin.py:104} INFO - [2022-03-26 00:56:59,378] {dagbag.py:448} INFO - Filling up the DagBag from /opt/airflow/dags/JobCuratedChurn_0.2/lib/slf4j-api-1.7.29.jar
[2022-03-26 00:56:59,426] {scheduler_job.py:641} WARNING - No viable dags retrieved from /opt/airflow/dags/JobCuratedChurn_0.2/lib/slf4j-api-1.7.29.jar
[2022-03-26 00:56:59,503] {scheduler_job.py:190} INFO - Processing /opt/airflow/dags/JobCuratedChurn_0.2/lib/slf4j-api-1.7.29.jar took 0.200 seconds
[2022-03-26 00:57:29,973] {scheduler_job.py:182} INFO - Started process (PID=1309) to work on /opt/airflow/dags/JobCuratedChurn_0.2/lib/slf4j-api-1.7.29.jar
[2022-03-26 00:57:29,983] {scheduler_job.py:629} INFO - Processing file /opt/airflow/dags/JobCuratedChurn_0.2/lib/slf4j-api-1.7.29.jar for tasks to queue
[2022-03-26 00:57:29,987] {logging_mixin.py:104} INFO - [2022-03-26 00:57:29,986] {dagbag.py:448} INFO - Filling up the DagBag from /opt/airflow/dags/JobCuratedChurn_0.2/lib/slf4j-api-1.7.29.jar
[2022-03-26 00:57:30,016] {scheduler_job.py:641} WARNING - No viable dags retrieved from /opt/airflow/dags/JobCuratedChurn_0.2/lib/slf4j-api-1.7.29.jar
[2022-03-26 00:57:30,065] {scheduler_job.py:190} INFO - Processing /opt/airflow/dags/JobCuratedChurn_0.2/lib/slf4j-api-1.7.29.jar took 0.103 seconds
[2022-03-26 00:58:00,500] {scheduler_job.py:182} INFO - Started process (PID=1351) to work on /opt/airflow/dags/JobCuratedChurn_0.2/lib/slf4j-api-1.7.29.jar
[2022-03-26 00:58:00,512] {scheduler_job.py:629} INFO - Processing file /opt/airflow/dags/JobCuratedChurn_0.2/lib/slf4j-api-1.7.29.jar for tasks to queue
[2022-03-26 00:58:00,516] {logging_mixin.py:104} INFO - [2022-03-26 00:58:00,515] {dagbag.py:448} INFO - Filling up the DagBag from /opt/airflow/dags/JobCuratedChurn_0.2/lib/slf4j-api-1.7.29.jar
[2022-03-26 00:58:00,543] {scheduler_job.py:641} WARNING - No viable dags retrieved from /opt/airflow/dags/JobCuratedChurn_0.2/lib/slf4j-api-1.7.29.jar
[2022-03-26 00:58:00,598] {scheduler_job.py:190} INFO - Processing /opt/airflow/dags/JobCuratedChurn_0.2/lib/slf4j-api-1.7.29.jar took 0.112 seconds
[2022-03-26 00:58:36,101] {scheduler_job.py:182} INFO - Started process (PID=1393) to work on /opt/airflow/dags/JobCuratedChurn_0.2/lib/slf4j-api-1.7.29.jar
[2022-03-26 00:58:36,116] {scheduler_job.py:629} INFO - Processing file /opt/airflow/dags/JobCuratedChurn_0.2/lib/slf4j-api-1.7.29.jar for tasks to queue
[2022-03-26 00:58:36,195] {logging_mixin.py:104} INFO - [2022-03-26 00:58:36,194] {dagbag.py:448} INFO - Filling up the DagBag from /opt/airflow/dags/JobCuratedChurn_0.2/lib/slf4j-api-1.7.29.jar
[2022-03-26 00:58:36,618] {scheduler_job.py:641} WARNING - No viable dags retrieved from /opt/airflow/dags/JobCuratedChurn_0.2/lib/slf4j-api-1.7.29.jar
[2022-03-26 00:58:37,290] {scheduler_job.py:190} INFO - Processing /opt/airflow/dags/JobCuratedChurn_0.2/lib/slf4j-api-1.7.29.jar took 1.299 seconds
[2022-03-26 00:59:18,035] {scheduler_job.py:182} INFO - Started process (PID=1437) to work on /opt/airflow/dags/JobCuratedChurn_0.2/lib/slf4j-api-1.7.29.jar
[2022-03-26 00:59:18,078] {scheduler_job.py:629} INFO - Processing file /opt/airflow/dags/JobCuratedChurn_0.2/lib/slf4j-api-1.7.29.jar for tasks to queue
[2022-03-26 00:59:18,102] {logging_mixin.py:104} INFO - [2022-03-26 00:59:18,102] {dagbag.py:448} INFO - Filling up the DagBag from /opt/airflow/dags/JobCuratedChurn_0.2/lib/slf4j-api-1.7.29.jar
[2022-03-26 00:59:18,171] {scheduler_job.py:641} WARNING - No viable dags retrieved from /opt/airflow/dags/JobCuratedChurn_0.2/lib/slf4j-api-1.7.29.jar
[2022-03-26 00:59:18,374] {scheduler_job.py:190} INFO - Processing /opt/airflow/dags/JobCuratedChurn_0.2/lib/slf4j-api-1.7.29.jar took 0.369 seconds
[2022-03-26 00:59:48,647] {scheduler_job.py:182} INFO - Started process (PID=1478) to work on /opt/airflow/dags/JobCuratedChurn_0.2/lib/slf4j-api-1.7.29.jar
[2022-03-26 00:59:48,658] {scheduler_job.py:629} INFO - Processing file /opt/airflow/dags/JobCuratedChurn_0.2/lib/slf4j-api-1.7.29.jar for tasks to queue
[2022-03-26 00:59:48,669] {logging_mixin.py:104} INFO - [2022-03-26 00:59:48,666] {dagbag.py:448} INFO - Filling up the DagBag from /opt/airflow/dags/JobCuratedChurn_0.2/lib/slf4j-api-1.7.29.jar
[2022-03-26 00:59:48,713] {scheduler_job.py:641} WARNING - No viable dags retrieved from /opt/airflow/dags/JobCuratedChurn_0.2/lib/slf4j-api-1.7.29.jar
[2022-03-26 00:59:48,767] {scheduler_job.py:190} INFO - Processing /opt/airflow/dags/JobCuratedChurn_0.2/lib/slf4j-api-1.7.29.jar took 0.132 seconds
[2022-03-26 01:00:19,823] {scheduler_job.py:182} INFO - Started process (PID=1519) to work on /opt/airflow/dags/JobCuratedChurn_0.2/lib/slf4j-api-1.7.29.jar
[2022-03-26 01:00:19,832] {scheduler_job.py:629} INFO - Processing file /opt/airflow/dags/JobCuratedChurn_0.2/lib/slf4j-api-1.7.29.jar for tasks to queue
[2022-03-26 01:00:19,838] {logging_mixin.py:104} INFO - [2022-03-26 01:00:19,838] {dagbag.py:448} INFO - Filling up the DagBag from /opt/airflow/dags/JobCuratedChurn_0.2/lib/slf4j-api-1.7.29.jar
[2022-03-26 01:00:19,900] {scheduler_job.py:641} WARNING - No viable dags retrieved from /opt/airflow/dags/JobCuratedChurn_0.2/lib/slf4j-api-1.7.29.jar
[2022-03-26 01:00:19,999] {scheduler_job.py:190} INFO - Processing /opt/airflow/dags/JobCuratedChurn_0.2/lib/slf4j-api-1.7.29.jar took 0.201 seconds
[2022-03-26 01:00:39,423] {scheduler_job.py:182} INFO - Started process (PID=1256) to work on /opt/airflow/dags/JobCuratedChurn_0.2/lib/slf4j-api-1.7.29.jar
[2022-03-26 01:00:39,455] {scheduler_job.py:629} INFO - Processing file /opt/airflow/dags/JobCuratedChurn_0.2/lib/slf4j-api-1.7.29.jar for tasks to queue
[2022-03-26 01:00:39,487] {logging_mixin.py:104} INFO - [2022-03-26 01:00:39,485] {dagbag.py:448} INFO - Filling up the DagBag from /opt/airflow/dags/JobCuratedChurn_0.2/lib/slf4j-api-1.7.29.jar
[2022-03-26 01:00:39,757] {scheduler_job.py:641} WARNING - No viable dags retrieved from /opt/airflow/dags/JobCuratedChurn_0.2/lib/slf4j-api-1.7.29.jar
[2022-03-26 01:00:41,902] {scheduler_job.py:190} INFO - Processing /opt/airflow/dags/JobCuratedChurn_0.2/lib/slf4j-api-1.7.29.jar took 2.527 seconds
[2022-03-26 01:01:12,789] {scheduler_job.py:182} INFO - Started process (PID=1561) to work on /opt/airflow/dags/JobCuratedChurn_0.2/lib/slf4j-api-1.7.29.jar
[2022-03-26 01:01:12,820] {scheduler_job.py:629} INFO - Processing file /opt/airflow/dags/JobCuratedChurn_0.2/lib/slf4j-api-1.7.29.jar for tasks to queue
[2022-03-26 01:01:12,826] {logging_mixin.py:104} INFO - [2022-03-26 01:01:12,825] {dagbag.py:448} INFO - Filling up the DagBag from /opt/airflow/dags/JobCuratedChurn_0.2/lib/slf4j-api-1.7.29.jar
[2022-03-26 01:01:12,981] {scheduler_job.py:641} WARNING - No viable dags retrieved from /opt/airflow/dags/JobCuratedChurn_0.2/lib/slf4j-api-1.7.29.jar
[2022-03-26 01:01:13,157] {scheduler_job.py:190} INFO - Processing /opt/airflow/dags/JobCuratedChurn_0.2/lib/slf4j-api-1.7.29.jar took 0.404 seconds
[2022-03-26 01:01:25,938] {scheduler_job.py:182} INFO - Started process (PID=1322) to work on /opt/airflow/dags/JobCuratedChurn_0.2/lib/slf4j-api-1.7.29.jar
[2022-03-26 01:01:25,956] {scheduler_job.py:629} INFO - Processing file /opt/airflow/dags/JobCuratedChurn_0.2/lib/slf4j-api-1.7.29.jar for tasks to queue
[2022-03-26 01:01:25,970] {logging_mixin.py:104} INFO - [2022-03-26 01:01:25,970] {dagbag.py:448} INFO - Filling up the DagBag from /opt/airflow/dags/JobCuratedChurn_0.2/lib/slf4j-api-1.7.29.jar
[2022-03-26 01:01:26,057] {scheduler_job.py:641} WARNING - No viable dags retrieved from /opt/airflow/dags/JobCuratedChurn_0.2/lib/slf4j-api-1.7.29.jar
[2022-03-26 01:01:26,211] {scheduler_job.py:190} INFO - Processing /opt/airflow/dags/JobCuratedChurn_0.2/lib/slf4j-api-1.7.29.jar took 0.297 seconds
[2022-03-26 01:01:44,804] {scheduler_job.py:182} INFO - Started process (PID=1604) to work on /opt/airflow/dags/JobCuratedChurn_0.2/lib/slf4j-api-1.7.29.jar
[2022-03-26 01:01:44,824] {scheduler_job.py:629} INFO - Processing file /opt/airflow/dags/JobCuratedChurn_0.2/lib/slf4j-api-1.7.29.jar for tasks to queue
[2022-03-26 01:01:44,833] {logging_mixin.py:104} INFO - [2022-03-26 01:01:44,833] {dagbag.py:448} INFO - Filling up the DagBag from /opt/airflow/dags/JobCuratedChurn_0.2/lib/slf4j-api-1.7.29.jar
[2022-03-26 01:01:44,865] {scheduler_job.py:641} WARNING - No viable dags retrieved from /opt/airflow/dags/JobCuratedChurn_0.2/lib/slf4j-api-1.7.29.jar
[2022-03-26 01:01:44,957] {scheduler_job.py:190} INFO - Processing /opt/airflow/dags/JobCuratedChurn_0.2/lib/slf4j-api-1.7.29.jar took 0.189 seconds
[2022-03-26 01:02:06,420] {scheduler_job.py:182} INFO - Started process (PID=1399) to work on /opt/airflow/dags/JobCuratedChurn_0.2/lib/slf4j-api-1.7.29.jar
[2022-03-26 01:02:06,428] {scheduler_job.py:629} INFO - Processing file /opt/airflow/dags/JobCuratedChurn_0.2/lib/slf4j-api-1.7.29.jar for tasks to queue
[2022-03-26 01:02:06,449] {logging_mixin.py:104} INFO - [2022-03-26 01:02:06,448] {dagbag.py:448} INFO - Filling up the DagBag from /opt/airflow/dags/JobCuratedChurn_0.2/lib/slf4j-api-1.7.29.jar
[2022-03-26 01:02:06,561] {scheduler_job.py:641} WARNING - No viable dags retrieved from /opt/airflow/dags/JobCuratedChurn_0.2/lib/slf4j-api-1.7.29.jar
[2022-03-26 01:02:06,728] {scheduler_job.py:190} INFO - Processing /opt/airflow/dags/JobCuratedChurn_0.2/lib/slf4j-api-1.7.29.jar took 0.414 seconds
[2022-03-26 01:02:16,455] {scheduler_job.py:182} INFO - Started process (PID=1647) to work on /opt/airflow/dags/JobCuratedChurn_0.2/lib/slf4j-api-1.7.29.jar
[2022-03-26 01:02:16,468] {scheduler_job.py:629} INFO - Processing file /opt/airflow/dags/JobCuratedChurn_0.2/lib/slf4j-api-1.7.29.jar for tasks to queue
[2022-03-26 01:02:16,483] {logging_mixin.py:104} INFO - [2022-03-26 01:02:16,483] {dagbag.py:448} INFO - Filling up the DagBag from /opt/airflow/dags/JobCuratedChurn_0.2/lib/slf4j-api-1.7.29.jar
[2022-03-26 01:02:16,551] {scheduler_job.py:641} WARNING - No viable dags retrieved from /opt/airflow/dags/JobCuratedChurn_0.2/lib/slf4j-api-1.7.29.jar
[2022-03-26 01:02:16,724] {scheduler_job.py:190} INFO - Processing /opt/airflow/dags/JobCuratedChurn_0.2/lib/slf4j-api-1.7.29.jar took 0.303 seconds
[2022-03-26 01:02:40,064] {scheduler_job.py:182} INFO - Started process (PID=1464) to work on /opt/airflow/dags/JobCuratedChurn_0.2/lib/slf4j-api-1.7.29.jar
[2022-03-26 01:02:40,085] {scheduler_job.py:629} INFO - Processing file /opt/airflow/dags/JobCuratedChurn_0.2/lib/slf4j-api-1.7.29.jar for tasks to queue
[2022-03-26 01:02:40,101] {logging_mixin.py:104} INFO - [2022-03-26 01:02:40,099] {dagbag.py:448} INFO - Filling up the DagBag from /opt/airflow/dags/JobCuratedChurn_0.2/lib/slf4j-api-1.7.29.jar
[2022-03-26 01:02:40,210] {scheduler_job.py:641} WARNING - No viable dags retrieved from /opt/airflow/dags/JobCuratedChurn_0.2/lib/slf4j-api-1.7.29.jar
[2022-03-26 01:02:40,302] {scheduler_job.py:190} INFO - Processing /opt/airflow/dags/JobCuratedChurn_0.2/lib/slf4j-api-1.7.29.jar took 0.315 seconds
[2022-03-26 01:03:17,770] {scheduler_job.py:182} INFO - Started process (PID=1703) to work on /opt/airflow/dags/JobCuratedChurn_0.2/lib/slf4j-api-1.7.29.jar
[2022-03-26 01:03:17,792] {scheduler_job.py:629} INFO - Processing file /opt/airflow/dags/JobCuratedChurn_0.2/lib/slf4j-api-1.7.29.jar for tasks to queue
[2022-03-26 01:03:17,813] {logging_mixin.py:104} INFO - [2022-03-26 01:03:17,811] {dagbag.py:448} INFO - Filling up the DagBag from /opt/airflow/dags/JobCuratedChurn_0.2/lib/slf4j-api-1.7.29.jar
[2022-03-26 01:03:17,903] {scheduler_job.py:641} WARNING - No viable dags retrieved from /opt/airflow/dags/JobCuratedChurn_0.2/lib/slf4j-api-1.7.29.jar
[2022-03-26 01:03:18,141] {scheduler_job.py:190} INFO - Processing /opt/airflow/dags/JobCuratedChurn_0.2/lib/slf4j-api-1.7.29.jar took 0.429 seconds
[2022-03-26 01:03:53,951] {scheduler_job.py:182} INFO - Started process (PID=1741) to work on /opt/airflow/dags/JobCuratedChurn_0.2/lib/slf4j-api-1.7.29.jar
[2022-03-26 01:03:53,962] {scheduler_job.py:629} INFO - Processing file /opt/airflow/dags/JobCuratedChurn_0.2/lib/slf4j-api-1.7.29.jar for tasks to queue
[2022-03-26 01:03:53,991] {logging_mixin.py:104} INFO - [2022-03-26 01:03:53,982] {dagbag.py:448} INFO - Filling up the DagBag from /opt/airflow/dags/JobCuratedChurn_0.2/lib/slf4j-api-1.7.29.jar
[2022-03-26 01:03:54,000] {scheduler_job.py:182} INFO - Started process (PID=1559) to work on /opt/airflow/dags/JobCuratedChurn_0.2/lib/slf4j-api-1.7.29.jar
[2022-03-26 01:03:54,026] {scheduler_job.py:629} INFO - Processing file /opt/airflow/dags/JobCuratedChurn_0.2/lib/slf4j-api-1.7.29.jar for tasks to queue
[2022-03-26 01:03:54,037] {logging_mixin.py:104} INFO - [2022-03-26 01:03:54,031] {dagbag.py:448} INFO - Filling up the DagBag from /opt/airflow/dags/JobCuratedChurn_0.2/lib/slf4j-api-1.7.29.jar
[2022-03-26 01:03:54,092] {scheduler_job.py:641} WARNING - No viable dags retrieved from /opt/airflow/dags/JobCuratedChurn_0.2/lib/slf4j-api-1.7.29.jar
[2022-03-26 01:03:54,161] {scheduler_job.py:641} WARNING - No viable dags retrieved from /opt/airflow/dags/JobCuratedChurn_0.2/lib/slf4j-api-1.7.29.jar
[2022-03-26 01:03:54,284] {scheduler_job.py:190} INFO - Processing /opt/airflow/dags/JobCuratedChurn_0.2/lib/slf4j-api-1.7.29.jar took 0.377 seconds
[2022-03-26 01:03:54,407] {scheduler_job.py:190} INFO - Processing /opt/airflow/dags/JobCuratedChurn_0.2/lib/slf4j-api-1.7.29.jar took 0.527 seconds
[2022-03-26 01:04:31,174] {scheduler_job.py:182} INFO - Started process (PID=1785) to work on /opt/airflow/dags/JobCuratedChurn_0.2/lib/slf4j-api-1.7.29.jar
[2022-03-26 01:04:31,236] {scheduler_job.py:629} INFO - Processing file /opt/airflow/dags/JobCuratedChurn_0.2/lib/slf4j-api-1.7.29.jar for tasks to queue
[2022-03-26 01:04:31,261] {logging_mixin.py:104} INFO - [2022-03-26 01:04:31,261] {dagbag.py:448} INFO - Filling up the DagBag from /opt/airflow/dags/JobCuratedChurn_0.2/lib/slf4j-api-1.7.29.jar
[2022-03-26 01:04:31,394] {scheduler_job.py:641} WARNING - No viable dags retrieved from /opt/airflow/dags/JobCuratedChurn_0.2/lib/slf4j-api-1.7.29.jar
[2022-03-26 01:04:31,586] {scheduler_job.py:190} INFO - Processing /opt/airflow/dags/JobCuratedChurn_0.2/lib/slf4j-api-1.7.29.jar took 0.564 seconds
[2022-03-26 01:04:46,963] {scheduler_job.py:182} INFO - Started process (PID=1641) to work on /opt/airflow/dags/JobCuratedChurn_0.2/lib/slf4j-api-1.7.29.jar
[2022-03-26 01:04:46,998] {scheduler_job.py:629} INFO - Processing file /opt/airflow/dags/JobCuratedChurn_0.2/lib/slf4j-api-1.7.29.jar for tasks to queue
[2022-03-26 01:04:47,018] {logging_mixin.py:104} INFO - [2022-03-26 01:04:47,017] {dagbag.py:448} INFO - Filling up the DagBag from /opt/airflow/dags/JobCuratedChurn_0.2/lib/slf4j-api-1.7.29.jar
[2022-03-26 01:04:47,092] {scheduler_job.py:641} WARNING - No viable dags retrieved from /opt/airflow/dags/JobCuratedChurn_0.2/lib/slf4j-api-1.7.29.jar
[2022-03-26 01:04:47,325] {scheduler_job.py:190} INFO - Processing /opt/airflow/dags/JobCuratedChurn_0.2/lib/slf4j-api-1.7.29.jar took 0.408 seconds
[2022-03-26 01:05:08,233] {scheduler_job.py:182} INFO - Started process (PID=1828) to work on /opt/airflow/dags/JobCuratedChurn_0.2/lib/slf4j-api-1.7.29.jar
[2022-03-26 01:05:08,279] {scheduler_job.py:629} INFO - Processing file /opt/airflow/dags/JobCuratedChurn_0.2/lib/slf4j-api-1.7.29.jar for tasks to queue
[2022-03-26 01:05:08,359] {logging_mixin.py:104} INFO - [2022-03-26 01:05:08,342] {dagbag.py:448} INFO - Filling up the DagBag from /opt/airflow/dags/JobCuratedChurn_0.2/lib/slf4j-api-1.7.29.jar
[2022-03-26 01:05:08,512] {scheduler_job.py:641} WARNING - No viable dags retrieved from /opt/airflow/dags/JobCuratedChurn_0.2/lib/slf4j-api-1.7.29.jar
[2022-03-26 01:05:08,946] {scheduler_job.py:190} INFO - Processing /opt/airflow/dags/JobCuratedChurn_0.2/lib/slf4j-api-1.7.29.jar took 0.832 seconds
[2022-03-26 01:05:35,977] {scheduler_job.py:182} INFO - Started process (PID=1719) to work on /opt/airflow/dags/JobCuratedChurn_0.2/lib/slf4j-api-1.7.29.jar
[2022-03-26 01:05:35,990] {scheduler_job.py:629} INFO - Processing file /opt/airflow/dags/JobCuratedChurn_0.2/lib/slf4j-api-1.7.29.jar for tasks to queue
[2022-03-26 01:05:36,004] {logging_mixin.py:104} INFO - [2022-03-26 01:05:36,001] {dagbag.py:448} INFO - Filling up the DagBag from /opt/airflow/dags/JobCuratedChurn_0.2/lib/slf4j-api-1.7.29.jar
[2022-03-26 01:05:36,052] {scheduler_job.py:641} WARNING - No viable dags retrieved from /opt/airflow/dags/JobCuratedChurn_0.2/lib/slf4j-api-1.7.29.jar
[2022-03-26 01:05:36,137] {scheduler_job.py:190} INFO - Processing /opt/airflow/dags/JobCuratedChurn_0.2/lib/slf4j-api-1.7.29.jar took 0.180 seconds
[2022-03-26 01:05:39,448] {scheduler_job.py:182} INFO - Started process (PID=1871) to work on /opt/airflow/dags/JobCuratedChurn_0.2/lib/slf4j-api-1.7.29.jar
[2022-03-26 01:05:39,462] {scheduler_job.py:629} INFO - Processing file /opt/airflow/dags/JobCuratedChurn_0.2/lib/slf4j-api-1.7.29.jar for tasks to queue
[2022-03-26 01:05:39,470] {logging_mixin.py:104} INFO - [2022-03-26 01:05:39,470] {dagbag.py:448} INFO - Filling up the DagBag from /opt/airflow/dags/JobCuratedChurn_0.2/lib/slf4j-api-1.7.29.jar
[2022-03-26 01:05:39,517] {scheduler_job.py:641} WARNING - No viable dags retrieved from /opt/airflow/dags/JobCuratedChurn_0.2/lib/slf4j-api-1.7.29.jar
[2022-03-26 01:05:39,717] {scheduler_job.py:190} INFO - Processing /opt/airflow/dags/JobCuratedChurn_0.2/lib/slf4j-api-1.7.29.jar took 0.317 seconds
[2022-03-26 01:06:32,336] {scheduler_job.py:182} INFO - Started process (PID=1948) to work on /opt/airflow/dags/JobCuratedChurn_0.2/lib/slf4j-api-1.7.29.jar
[2022-03-26 01:06:32,353] {scheduler_job.py:629} INFO - Processing file /opt/airflow/dags/JobCuratedChurn_0.2/lib/slf4j-api-1.7.29.jar for tasks to queue
[2022-03-26 01:06:32,362] {logging_mixin.py:104} INFO - [2022-03-26 01:06:32,361] {dagbag.py:448} INFO - Filling up the DagBag from /opt/airflow/dags/JobCuratedChurn_0.2/lib/slf4j-api-1.7.29.jar
[2022-03-26 01:06:32,808] {scheduler_job.py:641} WARNING - No viable dags retrieved from /opt/airflow/dags/JobCuratedChurn_0.2/lib/slf4j-api-1.7.29.jar
[2022-03-26 01:06:33,015] {scheduler_job.py:190} INFO - Processing /opt/airflow/dags/JobCuratedChurn_0.2/lib/slf4j-api-1.7.29.jar took 1.056 seconds
[2022-03-26 01:06:46,833] {scheduler_job.py:182} INFO - Started process (PID=1856) to work on /opt/airflow/dags/JobCuratedChurn_0.2/lib/slf4j-api-1.7.29.jar
[2022-03-26 01:06:46,894] {scheduler_job.py:629} INFO - Processing file /opt/airflow/dags/JobCuratedChurn_0.2/lib/slf4j-api-1.7.29.jar for tasks to queue
[2022-03-26 01:06:46,922] {logging_mixin.py:104} INFO - [2022-03-26 01:06:46,917] {dagbag.py:448} INFO - Filling up the DagBag from /opt/airflow/dags/JobCuratedChurn_0.2/lib/slf4j-api-1.7.29.jar
[2022-03-26 01:06:47,125] {scheduler_job.py:641} WARNING - No viable dags retrieved from /opt/airflow/dags/JobCuratedChurn_0.2/lib/slf4j-api-1.7.29.jar
[2022-03-26 01:06:47,431] {scheduler_job.py:190} INFO - Processing /opt/airflow/dags/JobCuratedChurn_0.2/lib/slf4j-api-1.7.29.jar took 0.922 seconds
[2022-03-26 01:07:26,252] {scheduler_job.py:182} INFO - Started process (PID=2043) to work on /opt/airflow/dags/JobCuratedChurn_0.2/lib/slf4j-api-1.7.29.jar
[2022-03-26 01:07:26,271] {scheduler_job.py:629} INFO - Processing file /opt/airflow/dags/JobCuratedChurn_0.2/lib/slf4j-api-1.7.29.jar for tasks to queue
[2022-03-26 01:07:26,278] {logging_mixin.py:104} INFO - [2022-03-26 01:07:26,277] {dagbag.py:448} INFO - Filling up the DagBag from /opt/airflow/dags/JobCuratedChurn_0.2/lib/slf4j-api-1.7.29.jar
[2022-03-26 01:07:26,354] {scheduler_job.py:641} WARNING - No viable dags retrieved from /opt/airflow/dags/JobCuratedChurn_0.2/lib/slf4j-api-1.7.29.jar
[2022-03-26 01:07:26,601] {scheduler_job.py:190} INFO - Processing /opt/airflow/dags/JobCuratedChurn_0.2/lib/slf4j-api-1.7.29.jar took 0.535 seconds
[2022-03-26 01:08:10,537] {scheduler_job.py:182} INFO - Started process (PID=2012) to work on /opt/airflow/dags/JobCuratedChurn_0.2/lib/slf4j-api-1.7.29.jar
[2022-03-26 01:08:10,650] {scheduler_job.py:629} INFO - Processing file /opt/airflow/dags/JobCuratedChurn_0.2/lib/slf4j-api-1.7.29.jar for tasks to queue
[2022-03-26 01:08:10,671] {logging_mixin.py:104} INFO - [2022-03-26 01:08:10,670] {dagbag.py:448} INFO - Filling up the DagBag from /opt/airflow/dags/JobCuratedChurn_0.2/lib/slf4j-api-1.7.29.jar
[2022-03-26 01:08:10,809] {scheduler_job.py:641} WARNING - No viable dags retrieved from /opt/airflow/dags/JobCuratedChurn_0.2/lib/slf4j-api-1.7.29.jar
[2022-03-26 01:08:11,074] {scheduler_job.py:190} INFO - Processing /opt/airflow/dags/JobCuratedChurn_0.2/lib/slf4j-api-1.7.29.jar took 0.599 seconds
[2022-03-26 01:08:12,358] {scheduler_job.py:182} INFO - Started process (PID=2130) to work on /opt/airflow/dags/JobCuratedChurn_0.2/lib/slf4j-api-1.7.29.jar
[2022-03-26 01:08:12,372] {scheduler_job.py:629} INFO - Processing file /opt/airflow/dags/JobCuratedChurn_0.2/lib/slf4j-api-1.7.29.jar for tasks to queue
[2022-03-26 01:08:12,399] {logging_mixin.py:104} INFO - [2022-03-26 01:08:12,391] {dagbag.py:448} INFO - Filling up the DagBag from /opt/airflow/dags/JobCuratedChurn_0.2/lib/slf4j-api-1.7.29.jar
[2022-03-26 01:08:12,477] {scheduler_job.py:641} WARNING - No viable dags retrieved from /opt/airflow/dags/JobCuratedChurn_0.2/lib/slf4j-api-1.7.29.jar
[2022-03-26 01:08:12,580] {scheduler_job.py:190} INFO - Processing /opt/airflow/dags/JobCuratedChurn_0.2/lib/slf4j-api-1.7.29.jar took 0.311 seconds
[2022-03-26 01:09:07,592] {scheduler_job.py:182} INFO - Started process (PID=2234) to work on /opt/airflow/dags/JobCuratedChurn_0.2/lib/slf4j-api-1.7.29.jar
[2022-03-26 01:09:07,616] {scheduler_job.py:629} INFO - Processing file /opt/airflow/dags/JobCuratedChurn_0.2/lib/slf4j-api-1.7.29.jar for tasks to queue
[2022-03-26 01:09:07,620] {logging_mixin.py:104} INFO - [2022-03-26 01:09:07,620] {dagbag.py:448} INFO - Filling up the DagBag from /opt/airflow/dags/JobCuratedChurn_0.2/lib/slf4j-api-1.7.29.jar
[2022-03-26 01:09:07,926] {scheduler_job.py:641} WARNING - No viable dags retrieved from /opt/airflow/dags/JobCuratedChurn_0.2/lib/slf4j-api-1.7.29.jar
[2022-03-26 01:09:08,232] {scheduler_job.py:190} INFO - Processing /opt/airflow/dags/JobCuratedChurn_0.2/lib/slf4j-api-1.7.29.jar took 0.669 seconds
[2022-03-26 01:09:22,945] {scheduler_job.py:182} INFO - Started process (PID=2155) to work on /opt/airflow/dags/JobCuratedChurn_0.2/lib/slf4j-api-1.7.29.jar
[2022-03-26 01:09:22,974] {scheduler_job.py:629} INFO - Processing file /opt/airflow/dags/JobCuratedChurn_0.2/lib/slf4j-api-1.7.29.jar for tasks to queue
[2022-03-26 01:09:22,993] {logging_mixin.py:104} INFO - [2022-03-26 01:09:22,991] {dagbag.py:448} INFO - Filling up the DagBag from /opt/airflow/dags/JobCuratedChurn_0.2/lib/slf4j-api-1.7.29.jar
[2022-03-26 01:09:23,094] {scheduler_job.py:641} WARNING - No viable dags retrieved from /opt/airflow/dags/JobCuratedChurn_0.2/lib/slf4j-api-1.7.29.jar
[2022-03-26 01:09:23,216] {scheduler_job.py:190} INFO - Processing /opt/airflow/dags/JobCuratedChurn_0.2/lib/slf4j-api-1.7.29.jar took 0.340 seconds
[2022-03-26 01:09:59,665] {scheduler_job.py:182} INFO - Started process (PID=2319) to work on /opt/airflow/dags/JobCuratedChurn_0.2/lib/slf4j-api-1.7.29.jar
[2022-03-26 01:09:59,704] {scheduler_job.py:629} INFO - Processing file /opt/airflow/dags/JobCuratedChurn_0.2/lib/slf4j-api-1.7.29.jar for tasks to queue
[2022-03-26 01:09:59,717] {logging_mixin.py:104} INFO - [2022-03-26 01:09:59,717] {dagbag.py:448} INFO - Filling up the DagBag from /opt/airflow/dags/JobCuratedChurn_0.2/lib/slf4j-api-1.7.29.jar
[2022-03-26 01:09:59,852] {scheduler_job.py:641} WARNING - No viable dags retrieved from /opt/airflow/dags/JobCuratedChurn_0.2/lib/slf4j-api-1.7.29.jar
[2022-03-26 01:10:00,045] {scheduler_job.py:190} INFO - Processing /opt/airflow/dags/JobCuratedChurn_0.2/lib/slf4j-api-1.7.29.jar took 0.457 seconds
[2022-03-26 01:10:53,553] {scheduler_job.py:182} INFO - Started process (PID=2397) to work on /opt/airflow/dags/JobCuratedChurn_0.2/lib/slf4j-api-1.7.29.jar
[2022-03-26 01:10:53,570] {scheduler_job.py:629} INFO - Processing file /opt/airflow/dags/JobCuratedChurn_0.2/lib/slf4j-api-1.7.29.jar for tasks to queue
[2022-03-26 01:10:53,581] {logging_mixin.py:104} INFO - [2022-03-26 01:10:53,580] {dagbag.py:448} INFO - Filling up the DagBag from /opt/airflow/dags/JobCuratedChurn_0.2/lib/slf4j-api-1.7.29.jar
[2022-03-26 01:10:53,654] {scheduler_job.py:641} WARNING - No viable dags retrieved from /opt/airflow/dags/JobCuratedChurn_0.2/lib/slf4j-api-1.7.29.jar
[2022-03-26 01:10:53,804] {scheduler_job.py:190} INFO - Processing /opt/airflow/dags/JobCuratedChurn_0.2/lib/slf4j-api-1.7.29.jar took 0.272 seconds
[2022-03-26 01:11:09,532] {scheduler_job.py:182} INFO - Started process (PID=2333) to work on /opt/airflow/dags/JobCuratedChurn_0.2/lib/slf4j-api-1.7.29.jar
[2022-03-26 01:11:09,573] {scheduler_job.py:629} INFO - Processing file /opt/airflow/dags/JobCuratedChurn_0.2/lib/slf4j-api-1.7.29.jar for tasks to queue
[2022-03-26 01:11:09,607] {logging_mixin.py:104} INFO - [2022-03-26 01:11:09,606] {dagbag.py:448} INFO - Filling up the DagBag from /opt/airflow/dags/JobCuratedChurn_0.2/lib/slf4j-api-1.7.29.jar
[2022-03-26 01:11:09,807] {scheduler_job.py:641} WARNING - No viable dags retrieved from /opt/airflow/dags/JobCuratedChurn_0.2/lib/slf4j-api-1.7.29.jar
[2022-03-26 01:11:10,138] {scheduler_job.py:190} INFO - Processing /opt/airflow/dags/JobCuratedChurn_0.2/lib/slf4j-api-1.7.29.jar took 0.704 seconds
[2022-03-26 01:11:39,605] {scheduler_job.py:182} INFO - Started process (PID=2486) to work on /opt/airflow/dags/JobCuratedChurn_0.2/lib/slf4j-api-1.7.29.jar
[2022-03-26 01:11:39,626] {scheduler_job.py:629} INFO - Processing file /opt/airflow/dags/JobCuratedChurn_0.2/lib/slf4j-api-1.7.29.jar for tasks to queue
[2022-03-26 01:11:39,645] {logging_mixin.py:104} INFO - [2022-03-26 01:11:39,643] {dagbag.py:448} INFO - Filling up the DagBag from /opt/airflow/dags/JobCuratedChurn_0.2/lib/slf4j-api-1.7.29.jar
[2022-03-26 01:11:39,692] {scheduler_job.py:641} WARNING - No viable dags retrieved from /opt/airflow/dags/JobCuratedChurn_0.2/lib/slf4j-api-1.7.29.jar
[2022-03-26 01:11:39,819] {scheduler_job.py:190} INFO - Processing /opt/airflow/dags/JobCuratedChurn_0.2/lib/slf4j-api-1.7.29.jar took 0.283 seconds
[2022-03-26 01:12:30,547] {scheduler_job.py:182} INFO - Started process (PID=2481) to work on /opt/airflow/dags/JobCuratedChurn_0.2/lib/slf4j-api-1.7.29.jar
[2022-03-26 01:12:30,589] {scheduler_job.py:629} INFO - Processing file /opt/airflow/dags/JobCuratedChurn_0.2/lib/slf4j-api-1.7.29.jar for tasks to queue
[2022-03-26 01:12:30,624] {logging_mixin.py:104} INFO - [2022-03-26 01:12:30,606] {dagbag.py:448} INFO - Filling up the DagBag from /opt/airflow/dags/JobCuratedChurn_0.2/lib/slf4j-api-1.7.29.jar
[2022-03-26 01:12:30,819] {scheduler_job.py:641} WARNING - No viable dags retrieved from /opt/airflow/dags/JobCuratedChurn_0.2/lib/slf4j-api-1.7.29.jar
[2022-03-26 01:12:31,027] {scheduler_job.py:190} INFO - Processing /opt/airflow/dags/JobCuratedChurn_0.2/lib/slf4j-api-1.7.29.jar took 0.690 seconds
[2022-03-26 01:12:35,305] {scheduler_job.py:182} INFO - Started process (PID=2593) to work on /opt/airflow/dags/JobCuratedChurn_0.2/lib/slf4j-api-1.7.29.jar
[2022-03-26 01:12:35,329] {scheduler_job.py:629} INFO - Processing file /opt/airflow/dags/JobCuratedChurn_0.2/lib/slf4j-api-1.7.29.jar for tasks to queue
[2022-03-26 01:12:35,371] {logging_mixin.py:104} INFO - [2022-03-26 01:12:35,362] {dagbag.py:448} INFO - Filling up the DagBag from /opt/airflow/dags/JobCuratedChurn_0.2/lib/slf4j-api-1.7.29.jar
[2022-03-26 01:12:35,434] {scheduler_job.py:641} WARNING - No viable dags retrieved from /opt/airflow/dags/JobCuratedChurn_0.2/lib/slf4j-api-1.7.29.jar
[2022-03-26 01:12:35,566] {scheduler_job.py:190} INFO - Processing /opt/airflow/dags/JobCuratedChurn_0.2/lib/slf4j-api-1.7.29.jar took 0.321 seconds
[2022-03-26 01:13:22,432] {scheduler_job.py:182} INFO - Started process (PID=2678) to work on /opt/airflow/dags/JobCuratedChurn_0.2/lib/slf4j-api-1.7.29.jar
[2022-03-26 01:13:22,454] {scheduler_job.py:629} INFO - Processing file /opt/airflow/dags/JobCuratedChurn_0.2/lib/slf4j-api-1.7.29.jar for tasks to queue
[2022-03-26 01:13:22,469] {logging_mixin.py:104} INFO - [2022-03-26 01:13:22,465] {dagbag.py:448} INFO - Filling up the DagBag from /opt/airflow/dags/JobCuratedChurn_0.2/lib/slf4j-api-1.7.29.jar
[2022-03-26 01:13:22,581] {scheduler_job.py:641} WARNING - No viable dags retrieved from /opt/airflow/dags/JobCuratedChurn_0.2/lib/slf4j-api-1.7.29.jar
[2022-03-26 01:13:22,741] {scheduler_job.py:190} INFO - Processing /opt/airflow/dags/JobCuratedChurn_0.2/lib/slf4j-api-1.7.29.jar took 0.331 seconds
[2022-03-26 01:13:53,977] {scheduler_job.py:182} INFO - Started process (PID=2639) to work on /opt/airflow/dags/JobCuratedChurn_0.2/lib/slf4j-api-1.7.29.jar
[2022-03-26 01:13:54,038] {scheduler_job.py:629} INFO - Processing file /opt/airflow/dags/JobCuratedChurn_0.2/lib/slf4j-api-1.7.29.jar for tasks to queue
[2022-03-26 01:13:54,105] {logging_mixin.py:104} INFO - [2022-03-26 01:13:54,082] {dagbag.py:448} INFO - Filling up the DagBag from /opt/airflow/dags/JobCuratedChurn_0.2/lib/slf4j-api-1.7.29.jar
[2022-03-26 01:13:54,473] {scheduler_job.py:641} WARNING - No viable dags retrieved from /opt/airflow/dags/JobCuratedChurn_0.2/lib/slf4j-api-1.7.29.jar
[2022-03-26 01:13:55,188] {scheduler_job.py:190} INFO - Processing /opt/airflow/dags/JobCuratedChurn_0.2/lib/slf4j-api-1.7.29.jar took 1.394 seconds
[2022-03-26 01:14:10,121] {scheduler_job.py:182} INFO - Started process (PID=2758) to work on /opt/airflow/dags/JobCuratedChurn_0.2/lib/slf4j-api-1.7.29.jar
[2022-03-26 01:14:10,147] {scheduler_job.py:629} INFO - Processing file /opt/airflow/dags/JobCuratedChurn_0.2/lib/slf4j-api-1.7.29.jar for tasks to queue
[2022-03-26 01:14:10,152] {logging_mixin.py:104} INFO - [2022-03-26 01:14:10,151] {dagbag.py:448} INFO - Filling up the DagBag from /opt/airflow/dags/JobCuratedChurn_0.2/lib/slf4j-api-1.7.29.jar
[2022-03-26 01:14:10,282] {scheduler_job.py:641} WARNING - No viable dags retrieved from /opt/airflow/dags/JobCuratedChurn_0.2/lib/slf4j-api-1.7.29.jar
[2022-03-26 01:14:10,767] {scheduler_job.py:190} INFO - Processing /opt/airflow/dags/JobCuratedChurn_0.2/lib/slf4j-api-1.7.29.jar took 0.714 seconds
[2022-03-26 01:14:57,168] {scheduler_job.py:182} INFO - Started process (PID=2849) to work on /opt/airflow/dags/JobCuratedChurn_0.2/lib/slf4j-api-1.7.29.jar
[2022-03-26 01:14:57,187] {scheduler_job.py:629} INFO - Processing file /opt/airflow/dags/JobCuratedChurn_0.2/lib/slf4j-api-1.7.29.jar for tasks to queue
[2022-03-26 01:14:57,204] {logging_mixin.py:104} INFO - [2022-03-26 01:14:57,198] {dagbag.py:448} INFO - Filling up the DagBag from /opt/airflow/dags/JobCuratedChurn_0.2/lib/slf4j-api-1.7.29.jar
[2022-03-26 01:14:57,255] {scheduler_job.py:641} WARNING - No viable dags retrieved from /opt/airflow/dags/JobCuratedChurn_0.2/lib/slf4j-api-1.7.29.jar
[2022-03-26 01:14:57,358] {scheduler_job.py:190} INFO - Processing /opt/airflow/dags/JobCuratedChurn_0.2/lib/slf4j-api-1.7.29.jar took 0.258 seconds
